[2025-11-11 10:06:34,609] INFO: 🎮 Game Server started on port 10102
[2025-11-11 10:06:34,609] INFO:    Room: 25, Players: [1, 2]
[2025-11-11 10:06:34,609] INFO:    Seed: 1890203249
[2025-11-11 10:06:36,759] INFO: 📥 Player 1 connected from ('127.0.0.1', 57708)
[2025-11-11 10:06:36,762] INFO: [PROTOCOL] 準備發送 121 bytes
[2025-11-11 10:06:36,762] INFO: [PROTOCOL] 已發送 125/125 bytes
[2025-11-11 10:06:36,762] INFO: [PROTOCOL] ✅ 完整發送 125 bytes
[2025-11-11 10:06:36,763] INFO: ✅ Player 1 (P1) ready
[2025-11-11 10:06:36,763] INFO: 📥 Player 2 connected from ('127.0.0.1', 57709)
[2025-11-11 10:06:36,763] INFO: [PROTOCOL] 準備發送 121 bytes
[2025-11-11 10:06:36,763] INFO: [PROTOCOL] 已發送 125/125 bytes
[2025-11-11 10:06:36,763] INFO: [PROTOCOL] ✅ 完整發送 125 bytes
[2025-11-11 10:06:36,763] INFO: ✅ Player 2 (P2) ready
[2025-11-11 10:06:36,764] INFO: ✅ Both players connected, starting game...
[2025-11-11 10:06:36,764] INFO: 🎮 Starting input handler for player 1
[2025-11-11 10:06:36,764] INFO: 🎮 Starting input handler for player 2
[2025-11-11 10:06:36,872] INFO: [PROTOCOL] 準備發送 262 bytes
[2025-11-11 10:06:36,874] INFO: [PROTOCOL] 已發送 266/266 bytes
[2025-11-11 10:06:36,874] INFO: [PROTOCOL] ✅ 完整發送 266 bytes
[2025-11-11 10:06:36,875] INFO: [PROTOCOL] 準備發送 262 bytes
[2025-11-11 10:06:36,875] INFO: [PROTOCOL] 已發送 266/266 bytes
[2025-11-11 10:06:36,878] INFO: [PROTOCOL] ✅ 完整發送 266 bytes
[2025-11-11 10:06:36,878] INFO: [PROTOCOL] 準備發送 262 bytes
[2025-11-11 10:06:36,879] INFO: [PROTOCOL] 已發送 266/266 bytes
[2025-11-11 10:06:36,879] INFO: [PROTOCOL] ✅ 完整發送 266 bytes
[2025-11-11 10:06:36,879] INFO: [PROTOCOL] 準備發送 262 bytes
[2025-11-11 10:06:36,879] INFO: [PROTOCOL] 已發送 266/266 bytes
[2025-11-11 10:06:36,879] INFO: [PROTOCOL] ✅ 完整發送 266 bytes
[2025-11-11 10:06:36,983] INFO: [PROTOCOL] 準備發送 262 bytes
[2025-11-11 10:06:36,983] INFO: [PROTOCOL] 已發送 266/266 bytes
[2025-11-11 10:06:36,983] INFO: [PROTOCOL] ✅ 完整發送 266 bytes
[2025-11-11 10:06:36,983] INFO: [PROTOCOL] 準備發送 262 bytes
[2025-11-11 10:06:36,983] INFO: [PROTOCOL] 已發送 266/266 bytes
[2025-11-11 10:06:36,983] INFO: [PROTOCOL] ✅ 完整發送 266 bytes
[2025-11-11 10:06:36,984] INFO: [PROTOCOL] 準備發送 262 bytes
[2025-11-11 10:06:36,984] INFO: [PROTOCOL] 已發送 266/266 bytes
[2025-11-11 10:06:36,984] INFO: [PROTOCOL] ✅ 完整發送 266 bytes
[2025-11-11 10:06:36,984] INFO: [PROTOCOL] 準備發送 262 bytes
[2025-11-11 10:06:36,984] INFO: [PROTOCOL] 已發送 266/266 bytes
[2025-11-11 10:06:36,984] INFO: [PROTOCOL] ✅ 完整發送 266 bytes
[2025-11-11 10:06:37,089] INFO: [PROTOCOL] 準備發送 262 bytes
[2025-11-11 10:06:37,089] INFO: [PROTOCOL] 已發送 266/266 bytes
[2025-11-11 10:06:37,089] INFO: [PROTOCOL] ✅ 完整發送 266 bytes
[2025-11-11 10:06:37,089] INFO: [PROTOCOL] 準備發送 262 bytes
[2025-11-11 10:06:37,089] INFO: [PROTOCOL] 已發送 266/266 bytes
[2025-11-11 10:06:37,089] INFO: [PROTOCOL] ✅ 完整發送 266 bytes
[2025-11-11 10:06:37,089] INFO: [PROTOCOL] 準備發送 262 bytes
[2025-11-11 10:06:37,089] INFO: [PROTOCOL] 已發送 266/266 bytes
[2025-11-11 10:06:37,089] INFO: [PROTOCOL] ✅ 完整發送 266 bytes
[2025-11-11 10:06:37,089] INFO: [PROTOCOL] 準備發送 262 bytes
[2025-11-11 10:06:37,090] INFO: [PROTOCOL] 已發送 266/266 bytes
[2025-11-11 10:06:37,090] INFO: [PROTOCOL] ✅ 完整發送 266 bytes
[2025-11-11 10:06:37,194] INFO: [PROTOCOL] 準備發送 262 bytes
[2025-11-11 10:06:37,195] INFO: [PROTOCOL] 已發送 266/266 bytes
[2025-11-11 10:06:37,195] INFO: [PROTOCOL] ✅ 完整發送 266 bytes
[2025-11-11 10:06:37,195] INFO: [PROTOCOL] 準備發送 262 bytes
[2025-11-11 10:06:37,195] INFO: [PROTOCOL] 已發送 266/266 bytes
[2025-11-11 10:06:37,195] INFO: [PROTOCOL] ✅ 完整發送 266 bytes
[2025-11-11 10:06:37,195] INFO: [PROTOCOL] 準備發送 262 bytes
[2025-11-11 10:06:37,195] INFO: [PROTOCOL] 已發送 266/266 bytes
[2025-11-11 10:06:37,196] INFO: [PROTOCOL] ✅ 完整發送 266 bytes
[2025-11-11 10:06:37,196] INFO: [PROTOCOL] 準備發送 262 bytes
[2025-11-11 10:06:37,196] INFO: [PROTOCOL] 已發送 266/266 bytes
[2025-11-11 10:06:37,196] INFO: [PROTOCOL] ✅ 完整發送 266 bytes
[2025-11-11 10:06:37,300] INFO: [PROTOCOL] 準備發送 263 bytes
[2025-11-11 10:06:37,301] INFO: [PROTOCOL] 已發送 267/267 bytes
[2025-11-11 10:06:37,301] INFO: [PROTOCOL] ✅ 完整發送 267 bytes
[2025-11-11 10:06:37,302] INFO: [PROTOCOL] 準備發送 263 bytes
[2025-11-11 10:06:37,302] INFO: [PROTOCOL] 已發送 267/267 bytes
[2025-11-11 10:06:37,302] INFO: [PROTOCOL] ✅ 完整發送 267 bytes
[2025-11-11 10:06:37,302] INFO: [PROTOCOL] 準備發送 263 bytes
[2025-11-11 10:06:37,302] INFO: [PROTOCOL] 已發送 267/267 bytes
[2025-11-11 10:06:37,302] INFO: [PROTOCOL] ✅ 完整發送 267 bytes
[2025-11-11 10:06:37,302] INFO: [PROTOCOL] 準備發送 263 bytes
[2025-11-11 10:06:37,302] INFO: [PROTOCOL] 已發送 267/267 bytes
[2025-11-11 10:06:37,302] INFO: [PROTOCOL] ✅ 完整發送 267 bytes
[2025-11-11 10:06:37,404] INFO: [PROTOCOL] 準備發送 263 bytes
[2025-11-11 10:06:37,404] INFO: [PROTOCOL] 已發送 267/267 bytes
[2025-11-11 10:06:37,404] INFO: [PROTOCOL] ✅ 完整發送 267 bytes
[2025-11-11 10:06:37,404] INFO: [PROTOCOL] 準備發送 263 bytes
[2025-11-11 10:06:37,404] INFO: [PROTOCOL] 已發送 267/267 bytes
[2025-11-11 10:06:37,405] INFO: [PROTOCOL] ✅ 完整發送 267 bytes
[2025-11-11 10:06:37,405] INFO: [PROTOCOL] 準備發送 263 bytes
[2025-11-11 10:06:37,405] INFO: [PROTOCOL] 已發送 267/267 bytes
[2025-11-11 10:06:37,405] INFO: [PROTOCOL] ✅ 完整發送 267 bytes
[2025-11-11 10:06:37,405] INFO: [PROTOCOL] 準備發送 263 bytes
[2025-11-11 10:06:37,405] INFO: [PROTOCOL] 已發送 267/267 bytes
[2025-11-11 10:06:37,405] INFO: [PROTOCOL] ✅ 完整發送 267 bytes
[2025-11-11 10:06:37,510] INFO: [PROTOCOL] 準備發送 263 bytes
[2025-11-11 10:06:37,511] INFO: [PROTOCOL] 已發送 267/267 bytes
[2025-11-11 10:06:37,511] INFO: [PROTOCOL] ✅ 完整發送 267 bytes
[2025-11-11 10:06:37,511] INFO: [PROTOCOL] 準備發送 263 bytes
[2025-11-11 10:06:37,511] INFO: [PROTOCOL] 已發送 267/267 bytes
[2025-11-11 10:06:37,511] INFO: [PROTOCOL] ✅ 完整發送 267 bytes
[2025-11-11 10:06:37,511] INFO: [PROTOCOL] 準備發送 263 bytes
[2025-11-11 10:06:37,511] INFO: [PROTOCOL] 已發送 267/267 bytes
[2025-11-11 10:06:37,511] INFO: [PROTOCOL] ✅ 完整發送 267 bytes
[2025-11-11 10:06:37,511] INFO: [PROTOCOL] 準備發送 263 bytes
[2025-11-11 10:06:37,511] INFO: [PROTOCOL] 已發送 267/267 bytes
[2025-11-11 10:06:37,511] INFO: [PROTOCOL] ✅ 完整發送 267 bytes
[2025-11-11 10:06:37,612] INFO: [PROTOCOL] 準備發送 263 bytes
[2025-11-11 10:06:37,612] INFO: [PROTOCOL] 已發送 267/267 bytes
[2025-11-11 10:06:37,612] INFO: [PROTOCOL] ✅ 完整發送 267 bytes
[2025-11-11 10:06:37,612] INFO: [PROTOCOL] 準備發送 263 bytes
[2025-11-11 10:06:37,612] INFO: [PROTOCOL] 已發送 267/267 bytes
[2025-11-11 10:06:37,612] INFO: [PROTOCOL] ✅ 完整發送 267 bytes
[2025-11-11 10:06:37,612] INFO: [PROTOCOL] 準備發送 263 bytes
[2025-11-11 10:06:37,612] INFO: [PROTOCOL] 已發送 267/267 bytes
[2025-11-11 10:06:37,612] INFO: [PROTOCOL] ✅ 完整發送 267 bytes
[2025-11-11 10:06:37,612] INFO: [PROTOCOL] 準備發送 263 bytes
[2025-11-11 10:06:37,612] INFO: [PROTOCOL] 已發送 267/267 bytes
[2025-11-11 10:06:37,612] INFO: [PROTOCOL] ✅ 完整發送 267 bytes
[2025-11-11 10:06:37,715] INFO: [PROTOCOL] 準備發送 263 bytes
[2025-11-11 10:06:37,716] INFO: [PROTOCOL] 已發送 267/267 bytes
[2025-11-11 10:06:37,716] INFO: [PROTOCOL] ✅ 完整發送 267 bytes
[2025-11-11 10:06:37,716] INFO: [PROTOCOL] 準備發送 263 bytes
[2025-11-11 10:06:37,716] INFO: [PROTOCOL] 已發送 267/267 bytes
[2025-11-11 10:06:37,716] INFO: [PROTOCOL] ✅ 完整發送 267 bytes
[2025-11-11 10:06:37,716] INFO: [PROTOCOL] 準備發送 263 bytes
[2025-11-11 10:06:37,716] INFO: [PROTOCOL] 已發送 267/267 bytes
[2025-11-11 10:06:37,716] INFO: [PROTOCOL] ✅ 完整發送 267 bytes
[2025-11-11 10:06:37,716] INFO: [PROTOCOL] 準備發送 263 bytes
[2025-11-11 10:06:37,716] INFO: [PROTOCOL] 已發送 267/267 bytes
[2025-11-11 10:06:37,716] INFO: [PROTOCOL] ✅ 完整發送 267 bytes
[2025-11-11 10:06:37,821] INFO: [PROTOCOL] 準備發送 264 bytes
[2025-11-11 10:06:37,822] INFO: [PROTOCOL] 已發送 268/268 bytes
[2025-11-11 10:06:37,822] INFO: [PROTOCOL] ✅ 完整發送 268 bytes
[2025-11-11 10:06:37,822] INFO: [PROTOCOL] 準備發送 264 bytes
[2025-11-11 10:06:37,822] INFO: [PROTOCOL] 已發送 268/268 bytes
[2025-11-11 10:06:37,822] INFO: [PROTOCOL] ✅ 完整發送 268 bytes
[2025-11-11 10:06:37,822] INFO: [PROTOCOL] 準備發送 264 bytes
[2025-11-11 10:06:37,822] INFO: [PROTOCOL] 已發送 268/268 bytes
[2025-11-11 10:06:37,822] INFO: [PROTOCOL] ✅ 完整發送 268 bytes
[2025-11-11 10:06:37,822] INFO: [PROTOCOL] 準備發送 264 bytes
[2025-11-11 10:06:37,822] INFO: [PROTOCOL] 已發送 268/268 bytes
[2025-11-11 10:06:37,822] INFO: [PROTOCOL] ✅ 完整發送 268 bytes
[2025-11-11 10:06:37,924] INFO: [PROTOCOL] 準備發送 264 bytes
[2025-11-11 10:06:37,924] INFO: [PROTOCOL] 已發送 268/268 bytes
[2025-11-11 10:06:37,924] INFO: [PROTOCOL] ✅ 完整發送 268 bytes
[2025-11-11 10:06:37,924] INFO: [PROTOCOL] 準備發送 264 bytes
[2025-11-11 10:06:37,924] INFO: [PROTOCOL] 已發送 268/268 bytes
[2025-11-11 10:06:37,924] INFO: [PROTOCOL] ✅ 完整發送 268 bytes
[2025-11-11 10:06:37,924] INFO: [PROTOCOL] 準備發送 264 bytes
[2025-11-11 10:06:37,924] INFO: [PROTOCOL] 已發送 268/268 bytes
[2025-11-11 10:06:37,924] INFO: [PROTOCOL] ✅ 完整發送 268 bytes
[2025-11-11 10:06:37,924] INFO: [PROTOCOL] 準備發送 264 bytes
[2025-11-11 10:06:37,924] INFO: [PROTOCOL] 已發送 268/268 bytes
[2025-11-11 10:06:37,924] INFO: [PROTOCOL] ✅ 完整發送 268 bytes
[2025-11-11 10:06:38,030] INFO: [PROTOCOL] 準備發送 264 bytes
[2025-11-11 10:06:38,030] INFO: [PROTOCOL] 已發送 268/268 bytes
[2025-11-11 10:06:38,030] INFO: [PROTOCOL] ✅ 完整發送 268 bytes
[2025-11-11 10:06:38,030] INFO: [PROTOCOL] 準備發送 264 bytes
[2025-11-11 10:06:38,030] INFO: [PROTOCOL] 已發送 268/268 bytes
[2025-11-11 10:06:38,030] INFO: [PROTOCOL] ✅ 完整發送 268 bytes
[2025-11-11 10:06:38,030] INFO: [PROTOCOL] 準備發送 264 bytes
[2025-11-11 10:06:38,030] INFO: [PROTOCOL] 已發送 268/268 bytes
[2025-11-11 10:06:38,030] INFO: [PROTOCOL] ✅ 完整發送 268 bytes
[2025-11-11 10:06:38,030] INFO: [PROTOCOL] 準備發送 264 bytes
[2025-11-11 10:06:38,030] INFO: [PROTOCOL] 已發送 268/268 bytes
[2025-11-11 10:06:38,030] INFO: [PROTOCOL] ✅ 完整發送 268 bytes
[2025-11-11 10:06:38,135] INFO: [PROTOCOL] 準備發送 264 bytes
[2025-11-11 10:06:38,136] INFO: [PROTOCOL] 已發送 268/268 bytes
[2025-11-11 10:06:38,136] INFO: [PROTOCOL] ✅ 完整發送 268 bytes
[2025-11-11 10:06:38,136] INFO: [PROTOCOL] 準備發送 264 bytes
[2025-11-11 10:06:38,136] INFO: [PROTOCOL] 已發送 268/268 bytes
[2025-11-11 10:06:38,136] INFO: [PROTOCOL] ✅ 完整發送 268 bytes
[2025-11-11 10:06:38,136] INFO: [PROTOCOL] 準備發送 264 bytes
[2025-11-11 10:06:38,136] INFO: [PROTOCOL] 已發送 268/268 bytes
[2025-11-11 10:06:38,136] INFO: [PROTOCOL] ✅ 完整發送 268 bytes
[2025-11-11 10:06:38,136] INFO: [PROTOCOL] 準備發送 264 bytes
[2025-11-11 10:06:38,136] INFO: [PROTOCOL] 已發送 268/268 bytes
[2025-11-11 10:06:38,136] INFO: [PROTOCOL] ✅ 完整發送 268 bytes
[2025-11-11 10:06:38,241] INFO: [PROTOCOL] 準備發送 264 bytes
[2025-11-11 10:06:38,241] INFO: [PROTOCOL] 已發送 268/268 bytes
[2025-11-11 10:06:38,241] INFO: [PROTOCOL] ✅ 完整發送 268 bytes
[2025-11-11 10:06:38,241] INFO: [PROTOCOL] 準備發送 264 bytes
[2025-11-11 10:06:38,241] INFO: [PROTOCOL] 已發送 268/268 bytes
[2025-11-11 10:06:38,241] INFO: [PROTOCOL] ✅ 完整發送 268 bytes
[2025-11-11 10:06:38,241] INFO: [PROTOCOL] 準備發送 264 bytes
[2025-11-11 10:06:38,241] INFO: [PROTOCOL] 已發送 268/268 bytes
[2025-11-11 10:06:38,241] INFO: [PROTOCOL] ✅ 完整發送 268 bytes
[2025-11-11 10:06:38,241] INFO: [PROTOCOL] 準備發送 264 bytes
[2025-11-11 10:06:38,242] INFO: [PROTOCOL] 已發送 268/268 bytes
[2025-11-11 10:06:38,242] INFO: [PROTOCOL] ✅ 完整發送 268 bytes
[2025-11-11 10:06:38,347] INFO: [PROTOCOL] 準備發送 264 bytes
[2025-11-11 10:06:38,349] INFO: [PROTOCOL] 已發送 268/268 bytes
[2025-11-11 10:06:38,349] INFO: [PROTOCOL] ✅ 完整發送 268 bytes
[2025-11-11 10:06:38,349] INFO: [PROTOCOL] 準備發送 264 bytes
[2025-11-11 10:06:38,349] INFO: [PROTOCOL] 已發送 268/268 bytes
[2025-11-11 10:06:38,349] INFO: [PROTOCOL] ✅ 完整發送 268 bytes
[2025-11-11 10:06:38,349] INFO: [PROTOCOL] 準備發送 264 bytes
[2025-11-11 10:06:38,349] INFO: [PROTOCOL] 已發送 268/268 bytes
[2025-11-11 10:06:38,349] INFO: [PROTOCOL] ✅ 完整發送 268 bytes
[2025-11-11 10:06:38,349] INFO: [PROTOCOL] 準備發送 264 bytes
[2025-11-11 10:06:38,349] INFO: [PROTOCOL] 已發送 268/268 bytes
[2025-11-11 10:06:38,349] INFO: [PROTOCOL] ✅ 完整發送 268 bytes
[2025-11-11 10:06:38,454] INFO: [PROTOCOL] 準備發送 264 bytes
[2025-11-11 10:06:38,455] INFO: [PROTOCOL] 已發送 268/268 bytes
[2025-11-11 10:06:38,455] INFO: [PROTOCOL] ✅ 完整發送 268 bytes
[2025-11-11 10:06:38,455] INFO: [PROTOCOL] 準備發送 264 bytes
[2025-11-11 10:06:38,455] INFO: [PROTOCOL] 已發送 268/268 bytes
[2025-11-11 10:06:38,455] INFO: [PROTOCOL] ✅ 完整發送 268 bytes
[2025-11-11 10:06:38,455] INFO: [PROTOCOL] 準備發送 264 bytes
[2025-11-11 10:06:38,455] INFO: [PROTOCOL] 已發送 268/268 bytes
[2025-11-11 10:06:38,455] INFO: [PROTOCOL] ✅ 完整發送 268 bytes
[2025-11-11 10:06:38,455] INFO: [PROTOCOL] 準備發送 264 bytes
[2025-11-11 10:06:38,455] INFO: [PROTOCOL] 已發送 268/268 bytes
[2025-11-11 10:06:38,455] INFO: [PROTOCOL] ✅ 完整發送 268 bytes
[2025-11-11 10:06:38,556] INFO: [PROTOCOL] 準備發送 264 bytes
[2025-11-11 10:06:38,557] INFO: [PROTOCOL] 已發送 268/268 bytes
[2025-11-11 10:06:38,557] INFO: [PROTOCOL] ✅ 完整發送 268 bytes
[2025-11-11 10:06:38,557] INFO: [PROTOCOL] 準備發送 264 bytes
[2025-11-11 10:06:38,557] INFO: [PROTOCOL] 已發送 268/268 bytes
[2025-11-11 10:06:38,557] INFO: [PROTOCOL] ✅ 完整發送 268 bytes
[2025-11-11 10:06:38,557] INFO: [PROTOCOL] 準備發送 264 bytes
[2025-11-11 10:06:38,557] INFO: [PROTOCOL] 已發送 268/268 bytes
[2025-11-11 10:06:38,557] INFO: [PROTOCOL] ✅ 完整發送 268 bytes
[2025-11-11 10:06:38,557] INFO: [PROTOCOL] 準備發送 264 bytes
[2025-11-11 10:06:38,557] INFO: [PROTOCOL] 已發送 268/268 bytes
[2025-11-11 10:06:38,558] INFO: [PROTOCOL] ✅ 完整發送 268 bytes
[2025-11-11 10:06:38,658] INFO: [PROTOCOL] 準備發送 264 bytes
[2025-11-11 10:06:38,658] INFO: [PROTOCOL] 已發送 268/268 bytes
[2025-11-11 10:06:38,658] INFO: [PROTOCOL] ✅ 完整發送 268 bytes
[2025-11-11 10:06:38,658] INFO: [PROTOCOL] 準備發送 264 bytes
[2025-11-11 10:06:38,658] INFO: [PROTOCOL] 已發送 268/268 bytes
[2025-11-11 10:06:38,658] INFO: [PROTOCOL] ✅ 完整發送 268 bytes
[2025-11-11 10:06:38,658] INFO: [PROTOCOL] 準備發送 264 bytes
[2025-11-11 10:06:38,658] INFO: [PROTOCOL] 已發送 268/268 bytes
[2025-11-11 10:06:38,658] INFO: [PROTOCOL] ✅ 完整發送 268 bytes
[2025-11-11 10:06:38,658] INFO: [PROTOCOL] 準備發送 264 bytes
[2025-11-11 10:06:38,658] INFO: [PROTOCOL] 已發送 268/268 bytes
[2025-11-11 10:06:38,658] INFO: [PROTOCOL] ✅ 完整發送 268 bytes
[2025-11-11 10:06:38,764] INFO: [PROTOCOL] 準備發送 264 bytes
[2025-11-11 10:06:38,764] INFO: [PROTOCOL] 已發送 268/268 bytes
[2025-11-11 10:06:38,764] INFO: [PROTOCOL] ✅ 完整發送 268 bytes
[2025-11-11 10:06:38,764] INFO: [PROTOCOL] 準備發送 264 bytes
[2025-11-11 10:06:38,764] INFO: [PROTOCOL] 已發送 268/268 bytes
[2025-11-11 10:06:38,764] INFO: [PROTOCOL] ✅ 完整發送 268 bytes
[2025-11-11 10:06:38,764] INFO: [PROTOCOL] 準備發送 264 bytes
[2025-11-11 10:06:38,764] INFO: [PROTOCOL] 已發送 268/268 bytes
[2025-11-11 10:06:38,764] INFO: [PROTOCOL] ✅ 完整發送 268 bytes
[2025-11-11 10:06:38,764] INFO: [PROTOCOL] 準備發送 264 bytes
[2025-11-11 10:06:38,764] INFO: [PROTOCOL] 已發送 268/268 bytes
[2025-11-11 10:06:38,764] INFO: [PROTOCOL] ✅ 完整發送 268 bytes
[2025-11-11 10:06:38,870] INFO: [PROTOCOL] 準備發送 264 bytes
[2025-11-11 10:06:38,870] INFO: [PROTOCOL] 已發送 268/268 bytes
[2025-11-11 10:06:38,870] INFO: [PROTOCOL] ✅ 完整發送 268 bytes
[2025-11-11 10:06:38,870] INFO: [PROTOCOL] 準備發送 264 bytes
[2025-11-11 10:06:38,871] INFO: [PROTOCOL] 已發送 268/268 bytes
[2025-11-11 10:06:38,871] INFO: [PROTOCOL] ✅ 完整發送 268 bytes
[2025-11-11 10:06:38,871] INFO: [PROTOCOL] 準備發送 264 bytes
[2025-11-11 10:06:38,871] INFO: [PROTOCOL] 已發送 268/268 bytes
[2025-11-11 10:06:38,871] INFO: [PROTOCOL] ✅ 完整發送 268 bytes
[2025-11-11 10:06:38,871] INFO: [PROTOCOL] 準備發送 264 bytes
[2025-11-11 10:06:38,871] INFO: [PROTOCOL] 已發送 268/268 bytes
[2025-11-11 10:06:38,871] INFO: [PROTOCOL] ✅ 完整發送 268 bytes
[2025-11-11 10:06:38,974] INFO: [PROTOCOL] 準備發送 264 bytes
[2025-11-11 10:06:38,974] INFO: [PROTOCOL] 已發送 268/268 bytes
[2025-11-11 10:06:38,974] INFO: [PROTOCOL] ✅ 完整發送 268 bytes
[2025-11-11 10:06:38,974] INFO: [PROTOCOL] 準備發送 264 bytes
[2025-11-11 10:06:38,974] INFO: [PROTOCOL] 已發送 268/268 bytes
[2025-11-11 10:06:38,974] INFO: [PROTOCOL] ✅ 完整發送 268 bytes
[2025-11-11 10:06:38,974] INFO: [PROTOCOL] 準備發送 264 bytes
[2025-11-11 10:06:38,975] INFO: [PROTOCOL] 已發送 268/268 bytes
[2025-11-11 10:06:38,975] INFO: [PROTOCOL] ✅ 完整發送 268 bytes
[2025-11-11 10:06:38,975] INFO: [PROTOCOL] 準備發送 264 bytes
[2025-11-11 10:06:38,975] INFO: [PROTOCOL] 已發送 268/268 bytes
[2025-11-11 10:06:38,975] INFO: [PROTOCOL] ✅ 完整發送 268 bytes
[2025-11-11 10:06:39,077] INFO: [PROTOCOL] 準備發送 264 bytes
[2025-11-11 10:06:39,077] INFO: [PROTOCOL] 已發送 268/268 bytes
[2025-11-11 10:06:39,077] INFO: [PROTOCOL] ✅ 完整發送 268 bytes
[2025-11-11 10:06:39,077] INFO: [PROTOCOL] 準備發送 264 bytes
[2025-11-11 10:06:39,077] INFO: [PROTOCOL] 已發送 268/268 bytes
[2025-11-11 10:06:39,077] INFO: [PROTOCOL] ✅ 完整發送 268 bytes
[2025-11-11 10:06:39,077] INFO: [PROTOCOL] 準備發送 264 bytes
[2025-11-11 10:06:39,077] INFO: [PROTOCOL] 已發送 268/268 bytes
[2025-11-11 10:06:39,077] INFO: [PROTOCOL] ✅ 完整發送 268 bytes
[2025-11-11 10:06:39,077] INFO: [PROTOCOL] 準備發送 264 bytes
[2025-11-11 10:06:39,077] INFO: [PROTOCOL] 已發送 268/268 bytes
[2025-11-11 10:06:39,077] INFO: [PROTOCOL] ✅ 完整發送 268 bytes
[2025-11-11 10:06:39,182] INFO: [PROTOCOL] 準備發送 264 bytes
[2025-11-11 10:06:39,183] INFO: [PROTOCOL] 已發送 268/268 bytes
[2025-11-11 10:06:39,183] INFO: [PROTOCOL] ✅ 完整發送 268 bytes
[2025-11-11 10:06:39,183] INFO: [PROTOCOL] 準備發送 264 bytes
[2025-11-11 10:06:39,183] INFO: [PROTOCOL] 已發送 268/268 bytes
[2025-11-11 10:06:39,183] INFO: [PROTOCOL] ✅ 完整發送 268 bytes
[2025-11-11 10:06:39,183] INFO: [PROTOCOL] 準備發送 264 bytes
[2025-11-11 10:06:39,183] INFO: [PROTOCOL] 已發送 268/268 bytes
[2025-11-11 10:06:39,183] INFO: [PROTOCOL] ✅ 完整發送 268 bytes
[2025-11-11 10:06:39,183] INFO: [PROTOCOL] 準備發送 264 bytes
[2025-11-11 10:06:39,183] INFO: [PROTOCOL] 已發送 268/268 bytes
[2025-11-11 10:06:39,183] INFO: [PROTOCOL] ✅ 完整發送 268 bytes
[2025-11-11 10:06:39,288] INFO: [PROTOCOL] 準備發送 264 bytes
[2025-11-11 10:06:39,288] INFO: [PROTOCOL] 已發送 268/268 bytes
[2025-11-11 10:06:39,288] INFO: [PROTOCOL] ✅ 完整發送 268 bytes
[2025-11-11 10:06:39,288] INFO: [PROTOCOL] 準備發送 264 bytes
[2025-11-11 10:06:39,288] INFO: [PROTOCOL] 已發送 268/268 bytes
[2025-11-11 10:06:39,288] INFO: [PROTOCOL] ✅ 完整發送 268 bytes
[2025-11-11 10:06:39,288] INFO: [PROTOCOL] 準備發送 264 bytes
[2025-11-11 10:06:39,288] INFO: [PROTOCOL] 已發送 268/268 bytes
[2025-11-11 10:06:39,288] INFO: [PROTOCOL] ✅ 完整發送 268 bytes
[2025-11-11 10:06:39,288] INFO: [PROTOCOL] 準備發送 264 bytes
[2025-11-11 10:06:39,288] INFO: [PROTOCOL] 已發送 268/268 bytes
[2025-11-11 10:06:39,288] INFO: [PROTOCOL] ✅ 完整發送 268 bytes
[2025-11-11 10:06:39,394] INFO: [PROTOCOL] 準備發送 264 bytes
[2025-11-11 10:06:39,394] INFO: [PROTOCOL] 已發送 268/268 bytes
[2025-11-11 10:06:39,394] INFO: [PROTOCOL] ✅ 完整發送 268 bytes
[2025-11-11 10:06:39,394] INFO: [PROTOCOL] 準備發送 264 bytes
[2025-11-11 10:06:39,394] INFO: [PROTOCOL] 已發送 268/268 bytes
[2025-11-11 10:06:39,394] INFO: [PROTOCOL] ✅ 完整發送 268 bytes
[2025-11-11 10:06:39,394] INFO: [PROTOCOL] 準備發送 264 bytes
[2025-11-11 10:06:39,394] INFO: [PROTOCOL] 已發送 268/268 bytes
[2025-11-11 10:06:39,394] INFO: [PROTOCOL] ✅ 完整發送 268 bytes
[2025-11-11 10:06:39,394] INFO: [PROTOCOL] 準備發送 264 bytes
[2025-11-11 10:06:39,394] INFO: [PROTOCOL] 已發送 268/268 bytes
[2025-11-11 10:06:39,394] INFO: [PROTOCOL] ✅ 完整發送 268 bytes
[2025-11-11 10:06:39,499] INFO: [PROTOCOL] 準備發送 264 bytes
[2025-11-11 10:06:39,499] INFO: [PROTOCOL] 已發送 268/268 bytes
[2025-11-11 10:06:39,499] INFO: [PROTOCOL] ✅ 完整發送 268 bytes
[2025-11-11 10:06:39,499] INFO: [PROTOCOL] 準備發送 264 bytes
[2025-11-11 10:06:39,499] INFO: [PROTOCOL] 已發送 268/268 bytes
[2025-11-11 10:06:39,499] INFO: [PROTOCOL] ✅ 完整發送 268 bytes
[2025-11-11 10:06:39,499] INFO: [PROTOCOL] 準備發送 264 bytes
[2025-11-11 10:06:39,499] INFO: [PROTOCOL] 已發送 268/268 bytes
[2025-11-11 10:06:39,499] INFO: [PROTOCOL] ✅ 完整發送 268 bytes
[2025-11-11 10:06:39,499] INFO: [PROTOCOL] 準備發送 264 bytes
[2025-11-11 10:06:39,499] INFO: [PROTOCOL] 已發送 268/268 bytes
[2025-11-11 10:06:39,499] INFO: [PROTOCOL] ✅ 完整發送 268 bytes
[2025-11-11 10:06:39,602] INFO: [PROTOCOL] 準備發送 264 bytes
[2025-11-11 10:06:39,602] INFO: [PROTOCOL] 已發送 268/268 bytes
[2025-11-11 10:06:39,602] INFO: [PROTOCOL] ✅ 完整發送 268 bytes
[2025-11-11 10:06:39,602] INFO: [PROTOCOL] 準備發送 264 bytes
[2025-11-11 10:06:39,602] INFO: [PROTOCOL] 已發送 268/268 bytes
[2025-11-11 10:06:39,602] INFO: [PROTOCOL] ✅ 完整發送 268 bytes
[2025-11-11 10:06:39,602] INFO: [PROTOCOL] 準備發送 264 bytes
[2025-11-11 10:06:39,602] INFO: [PROTOCOL] 已發送 268/268 bytes
[2025-11-11 10:06:39,602] INFO: [PROTOCOL] ✅ 完整發送 268 bytes
[2025-11-11 10:06:39,602] INFO: [PROTOCOL] 準備發送 264 bytes
[2025-11-11 10:06:39,602] INFO: [PROTOCOL] 已發送 268/268 bytes
[2025-11-11 10:06:39,602] INFO: [PROTOCOL] ✅ 完整發送 268 bytes
[2025-11-11 10:06:39,705] INFO: [PROTOCOL] 準備發送 264 bytes
[2025-11-11 10:06:39,705] INFO: [PROTOCOL] 已發送 268/268 bytes
[2025-11-11 10:06:39,705] INFO: [PROTOCOL] ✅ 完整發送 268 bytes
[2025-11-11 10:06:39,705] INFO: [PROTOCOL] 準備發送 264 bytes
[2025-11-11 10:06:39,706] INFO: [PROTOCOL] 已發送 268/268 bytes
[2025-11-11 10:06:39,706] INFO: [PROTOCOL] ✅ 完整發送 268 bytes
[2025-11-11 10:06:39,706] INFO: [PROTOCOL] 準備發送 264 bytes
[2025-11-11 10:06:39,706] INFO: [PROTOCOL] 已發送 268/268 bytes
[2025-11-11 10:06:39,706] INFO: [PROTOCOL] ✅ 完整發送 268 bytes
[2025-11-11 10:06:39,706] INFO: [PROTOCOL] 準備發送 264 bytes
[2025-11-11 10:06:39,706] INFO: [PROTOCOL] 已發送 268/268 bytes
[2025-11-11 10:06:39,706] INFO: [PROTOCOL] ✅ 完整發送 268 bytes
[2025-11-11 10:06:39,811] INFO: [PROTOCOL] 準備發送 264 bytes
[2025-11-11 10:06:39,811] INFO: [PROTOCOL] 已發送 268/268 bytes
[2025-11-11 10:06:39,811] INFO: [PROTOCOL] ✅ 完整發送 268 bytes
[2025-11-11 10:06:39,811] INFO: [PROTOCOL] 準備發送 264 bytes
[2025-11-11 10:06:39,811] INFO: [PROTOCOL] 已發送 268/268 bytes
[2025-11-11 10:06:39,811] INFO: [PROTOCOL] ✅ 完整發送 268 bytes
[2025-11-11 10:06:39,811] INFO: [PROTOCOL] 準備發送 264 bytes
[2025-11-11 10:06:39,811] INFO: [PROTOCOL] 已發送 268/268 bytes
[2025-11-11 10:06:39,811] INFO: [PROTOCOL] ✅ 完整發送 268 bytes
[2025-11-11 10:06:39,811] INFO: [PROTOCOL] 準備發送 264 bytes
[2025-11-11 10:06:39,811] INFO: [PROTOCOL] 已發送 268/268 bytes
[2025-11-11 10:06:39,812] INFO: [PROTOCOL] ✅ 完整發送 268 bytes
[2025-11-11 10:06:39,916] INFO: [PROTOCOL] 準備發送 264 bytes
[2025-11-11 10:06:39,916] INFO: [PROTOCOL] 已發送 268/268 bytes
[2025-11-11 10:06:39,916] INFO: [PROTOCOL] ✅ 完整發送 268 bytes
[2025-11-11 10:06:39,917] INFO: [PROTOCOL] 準備發送 264 bytes
[2025-11-11 10:06:39,917] INFO: [PROTOCOL] 已發送 268/268 bytes
[2025-11-11 10:06:39,917] INFO: [PROTOCOL] ✅ 完整發送 268 bytes
[2025-11-11 10:06:39,917] INFO: [PROTOCOL] 準備發送 264 bytes
[2025-11-11 10:06:39,917] INFO: [PROTOCOL] 已發送 268/268 bytes
[2025-11-11 10:06:39,917] INFO: [PROTOCOL] ✅ 完整發送 268 bytes
[2025-11-11 10:06:39,917] INFO: [PROTOCOL] 準備發送 264 bytes
[2025-11-11 10:06:39,917] INFO: [PROTOCOL] 已發送 268/268 bytes
[2025-11-11 10:06:39,917] INFO: [PROTOCOL] ✅ 完整發送 268 bytes
[2025-11-11 10:06:40,018] INFO: [PROTOCOL] 準備發送 264 bytes
[2025-11-11 10:06:40,018] INFO: [PROTOCOL] 已發送 268/268 bytes
[2025-11-11 10:06:40,018] INFO: [PROTOCOL] ✅ 完整發送 268 bytes
[2025-11-11 10:06:40,018] INFO: [PROTOCOL] 準備發送 264 bytes
[2025-11-11 10:06:40,018] INFO: [PROTOCOL] 已發送 268/268 bytes
[2025-11-11 10:06:40,018] INFO: [PROTOCOL] ✅ 完整發送 268 bytes
[2025-11-11 10:06:40,018] INFO: [PROTOCOL] 準備發送 264 bytes
[2025-11-11 10:06:40,018] INFO: [PROTOCOL] 已發送 268/268 bytes
[2025-11-11 10:06:40,018] INFO: [PROTOCOL] ✅ 完整發送 268 bytes
[2025-11-11 10:06:40,018] INFO: [PROTOCOL] 準備發送 264 bytes
[2025-11-11 10:06:40,018] INFO: [PROTOCOL] 已發送 268/268 bytes
[2025-11-11 10:06:40,018] INFO: [PROTOCOL] ✅ 完整發送 268 bytes
[2025-11-11 10:06:40,123] INFO: [PROTOCOL] 準備發送 264 bytes
[2025-11-11 10:06:40,124] INFO: [PROTOCOL] 已發送 268/268 bytes
[2025-11-11 10:06:40,124] INFO: [PROTOCOL] ✅ 完整發送 268 bytes
[2025-11-11 10:06:40,124] INFO: [PROTOCOL] 準備發送 264 bytes
[2025-11-11 10:06:40,124] INFO: [PROTOCOL] 已發送 268/268 bytes
[2025-11-11 10:06:40,124] INFO: [PROTOCOL] ✅ 完整發送 268 bytes
[2025-11-11 10:06:40,124] INFO: [PROTOCOL] 準備發送 264 bytes
[2025-11-11 10:06:40,124] INFO: [PROTOCOL] 已發送 268/268 bytes
[2025-11-11 10:06:40,124] INFO: [PROTOCOL] ✅ 完整發送 268 bytes
[2025-11-11 10:06:40,124] INFO: [PROTOCOL] 準備發送 264 bytes
[2025-11-11 10:06:40,124] INFO: [PROTOCOL] 已發送 268/268 bytes
[2025-11-11 10:06:40,124] INFO: [PROTOCOL] ✅ 完整發送 268 bytes
[2025-11-11 10:06:40,227] INFO: [PROTOCOL] 準備發送 264 bytes
[2025-11-11 10:06:40,227] INFO: [PROTOCOL] 已發送 268/268 bytes
[2025-11-11 10:06:40,227] INFO: [PROTOCOL] ✅ 完整發送 268 bytes
[2025-11-11 10:06:40,227] INFO: [PROTOCOL] 準備發送 264 bytes
[2025-11-11 10:06:40,227] INFO: [PROTOCOL] 已發送 268/268 bytes
[2025-11-11 10:06:40,228] INFO: [PROTOCOL] ✅ 完整發送 268 bytes
[2025-11-11 10:06:40,228] INFO: [PROTOCOL] 準備發送 264 bytes
[2025-11-11 10:06:40,228] INFO: [PROTOCOL] 已發送 268/268 bytes
[2025-11-11 10:06:40,228] INFO: [PROTOCOL] ✅ 完整發送 268 bytes
[2025-11-11 10:06:40,228] INFO: [PROTOCOL] 準備發送 264 bytes
[2025-11-11 10:06:40,228] INFO: [PROTOCOL] 已發送 268/268 bytes
[2025-11-11 10:06:40,228] INFO: [PROTOCOL] ✅ 完整發送 268 bytes
[2025-11-11 10:06:40,332] INFO: [PROTOCOL] 準備發送 264 bytes
[2025-11-11 10:06:40,332] INFO: [PROTOCOL] 已發送 268/268 bytes
[2025-11-11 10:06:40,332] INFO: [PROTOCOL] ✅ 完整發送 268 bytes
[2025-11-11 10:06:40,332] INFO: [PROTOCOL] 準備發送 264 bytes
[2025-11-11 10:06:40,332] INFO: [PROTOCOL] 已發送 268/268 bytes
[2025-11-11 10:06:40,332] INFO: [PROTOCOL] ✅ 完整發送 268 bytes
[2025-11-11 10:06:40,332] INFO: [PROTOCOL] 準備發送 264 bytes
[2025-11-11 10:06:40,332] INFO: [PROTOCOL] 已發送 268/268 bytes
[2025-11-11 10:06:40,332] INFO: [PROTOCOL] ✅ 完整發送 268 bytes
[2025-11-11 10:06:40,332] INFO: [PROTOCOL] 準備發送 264 bytes
[2025-11-11 10:06:40,332] INFO: [PROTOCOL] 已發送 268/268 bytes
[2025-11-11 10:06:40,332] INFO: [PROTOCOL] ✅ 完整發送 268 bytes
[2025-11-11 10:06:40,433] INFO: [PROTOCOL] 準備發送 264 bytes
[2025-11-11 10:06:40,433] INFO: [PROTOCOL] 已發送 268/268 bytes
[2025-11-11 10:06:40,434] INFO: [PROTOCOL] ✅ 完整發送 268 bytes
[2025-11-11 10:06:40,434] INFO: [PROTOCOL] 準備發送 264 bytes
[2025-11-11 10:06:40,434] INFO: [PROTOCOL] 已發送 268/268 bytes
[2025-11-11 10:06:40,434] INFO: [PROTOCOL] ✅ 完整發送 268 bytes
[2025-11-11 10:06:40,434] INFO: [PROTOCOL] 準備發送 264 bytes
[2025-11-11 10:06:40,434] INFO: [PROTOCOL] 已發送 268/268 bytes
[2025-11-11 10:06:40,434] INFO: [PROTOCOL] ✅ 完整發送 268 bytes
[2025-11-11 10:06:40,434] INFO: [PROTOCOL] 準備發送 264 bytes
[2025-11-11 10:06:40,434] INFO: [PROTOCOL] 已發送 268/268 bytes
[2025-11-11 10:06:40,434] INFO: [PROTOCOL] ✅ 完整發送 268 bytes
[2025-11-11 10:06:40,539] INFO: [PROTOCOL] 準備發送 264 bytes
[2025-11-11 10:06:40,539] INFO: [PROTOCOL] 已發送 268/268 bytes
[2025-11-11 10:06:40,539] INFO: [PROTOCOL] ✅ 完整發送 268 bytes
[2025-11-11 10:06:40,539] INFO: [PROTOCOL] 準備發送 264 bytes
[2025-11-11 10:06:40,539] INFO: [PROTOCOL] 已發送 268/268 bytes
[2025-11-11 10:06:40,539] INFO: [PROTOCOL] ✅ 完整發送 268 bytes
[2025-11-11 10:06:40,540] INFO: [PROTOCOL] 準備發送 264 bytes
[2025-11-11 10:06:40,540] INFO: [PROTOCOL] 已發送 268/268 bytes
[2025-11-11 10:06:40,540] INFO: [PROTOCOL] ✅ 完整發送 268 bytes
[2025-11-11 10:06:40,540] INFO: [PROTOCOL] 準備發送 264 bytes
[2025-11-11 10:06:40,540] INFO: [PROTOCOL] 已發送 268/268 bytes
[2025-11-11 10:06:40,540] INFO: [PROTOCOL] ✅ 完整發送 268 bytes
[2025-11-11 10:06:40,642] INFO: [PROTOCOL] 準備發送 264 bytes
[2025-11-11 10:06:40,642] INFO: [PROTOCOL] 已發送 268/268 bytes
[2025-11-11 10:06:40,642] INFO: [PROTOCOL] ✅ 完整發送 268 bytes
[2025-11-11 10:06:40,642] INFO: [PROTOCOL] 準備發送 264 bytes
[2025-11-11 10:06:40,642] INFO: [PROTOCOL] 已發送 268/268 bytes
[2025-11-11 10:06:40,642] INFO: [PROTOCOL] ✅ 完整發送 268 bytes
[2025-11-11 10:06:40,642] INFO: [PROTOCOL] 準備發送 264 bytes
[2025-11-11 10:06:40,643] INFO: [PROTOCOL] 已發送 268/268 bytes
[2025-11-11 10:06:40,643] INFO: [PROTOCOL] ✅ 完整發送 268 bytes
[2025-11-11 10:06:40,643] INFO: [PROTOCOL] 準備發送 264 bytes
[2025-11-11 10:06:40,643] INFO: [PROTOCOL] 已發送 268/268 bytes
[2025-11-11 10:06:40,643] INFO: [PROTOCOL] ✅ 完整發送 268 bytes
[2025-11-11 10:06:40,748] INFO: [PROTOCOL] 準備發送 264 bytes
[2025-11-11 10:06:40,749] INFO: [PROTOCOL] 已發送 268/268 bytes
[2025-11-11 10:06:40,749] INFO: [PROTOCOL] ✅ 完整發送 268 bytes
[2025-11-11 10:06:40,749] INFO: [PROTOCOL] 準備發送 264 bytes
[2025-11-11 10:06:40,749] INFO: [PROTOCOL] 已發送 268/268 bytes
[2025-11-11 10:06:40,749] INFO: [PROTOCOL] ✅ 完整發送 268 bytes
[2025-11-11 10:06:40,749] INFO: [PROTOCOL] 準備發送 264 bytes
[2025-11-11 10:06:40,749] INFO: [PROTOCOL] 已發送 268/268 bytes
[2025-11-11 10:06:40,749] INFO: [PROTOCOL] ✅ 完整發送 268 bytes
[2025-11-11 10:06:40,749] INFO: [PROTOCOL] 準備發送 264 bytes
[2025-11-11 10:06:40,749] INFO: [PROTOCOL] 已發送 268/268 bytes
[2025-11-11 10:06:40,749] INFO: [PROTOCOL] ✅ 完整發送 268 bytes
[2025-11-11 10:06:40,854] INFO: [PROTOCOL] 準備發送 264 bytes
[2025-11-11 10:06:40,855] INFO: [PROTOCOL] 已發送 268/268 bytes
[2025-11-11 10:06:40,855] INFO: [PROTOCOL] ✅ 完整發送 268 bytes
[2025-11-11 10:06:40,855] INFO: [PROTOCOL] 準備發送 264 bytes
[2025-11-11 10:06:40,855] INFO: [PROTOCOL] 已發送 268/268 bytes
[2025-11-11 10:06:40,855] INFO: [PROTOCOL] ✅ 完整發送 268 bytes
[2025-11-11 10:06:40,855] INFO: [PROTOCOL] 準備發送 264 bytes
[2025-11-11 10:06:40,855] INFO: [PROTOCOL] 已發送 268/268 bytes
[2025-11-11 10:06:40,855] INFO: [PROTOCOL] ✅ 完整發送 268 bytes
[2025-11-11 10:06:40,855] INFO: [PROTOCOL] 準備發送 264 bytes
[2025-11-11 10:06:40,855] INFO: [PROTOCOL] 已發送 268/268 bytes
[2025-11-11 10:06:40,855] INFO: [PROTOCOL] ✅ 完整發送 268 bytes
[2025-11-11 10:06:40,957] INFO: [PROTOCOL] 準備發送 264 bytes
[2025-11-11 10:06:40,957] INFO: [PROTOCOL] 已發送 268/268 bytes
[2025-11-11 10:06:40,957] INFO: [PROTOCOL] ✅ 完整發送 268 bytes
[2025-11-11 10:06:40,957] INFO: [PROTOCOL] 準備發送 264 bytes
[2025-11-11 10:06:40,957] INFO: [PROTOCOL] 已發送 268/268 bytes
[2025-11-11 10:06:40,957] INFO: [PROTOCOL] ✅ 完整發送 268 bytes
[2025-11-11 10:06:40,957] INFO: [PROTOCOL] 準備發送 264 bytes
[2025-11-11 10:06:40,957] INFO: [PROTOCOL] 已發送 268/268 bytes
[2025-11-11 10:06:40,957] INFO: [PROTOCOL] ✅ 完整發送 268 bytes
[2025-11-11 10:06:40,957] INFO: [PROTOCOL] 準備發送 264 bytes
[2025-11-11 10:06:40,957] INFO: [PROTOCOL] 已發送 268/268 bytes
[2025-11-11 10:06:40,957] INFO: [PROTOCOL] ✅ 完整發送 268 bytes
[2025-11-11 10:06:41,060] INFO: [PROTOCOL] 準備發送 264 bytes
[2025-11-11 10:06:41,060] INFO: [PROTOCOL] 已發送 268/268 bytes
[2025-11-11 10:06:41,060] INFO: [PROTOCOL] ✅ 完整發送 268 bytes
[2025-11-11 10:06:41,060] INFO: [PROTOCOL] 準備發送 264 bytes
[2025-11-11 10:06:41,060] INFO: [PROTOCOL] 已發送 268/268 bytes
[2025-11-11 10:06:41,060] INFO: [PROTOCOL] ✅ 完整發送 268 bytes
[2025-11-11 10:06:41,060] INFO: [PROTOCOL] 準備發送 264 bytes
[2025-11-11 10:06:41,060] INFO: [PROTOCOL] 已發送 268/268 bytes
[2025-11-11 10:06:41,060] INFO: [PROTOCOL] ✅ 完整發送 268 bytes
[2025-11-11 10:06:41,060] INFO: [PROTOCOL] 準備發送 264 bytes
[2025-11-11 10:06:41,060] INFO: [PROTOCOL] 已發送 268/268 bytes
[2025-11-11 10:06:41,060] INFO: [PROTOCOL] ✅ 完整發送 268 bytes
[2025-11-11 10:06:41,166] INFO: [PROTOCOL] 準備發送 264 bytes
[2025-11-11 10:06:41,166] INFO: [PROTOCOL] 已發送 268/268 bytes
[2025-11-11 10:06:41,166] INFO: [PROTOCOL] ✅ 完整發送 268 bytes
[2025-11-11 10:06:41,166] INFO: [PROTOCOL] 準備發送 264 bytes
[2025-11-11 10:06:41,166] INFO: [PROTOCOL] 已發送 268/268 bytes
[2025-11-11 10:06:41,166] INFO: [PROTOCOL] ✅ 完整發送 268 bytes
[2025-11-11 10:06:41,166] INFO: [PROTOCOL] 準備發送 264 bytes
[2025-11-11 10:06:41,166] INFO: [PROTOCOL] 已發送 268/268 bytes
[2025-11-11 10:06:41,166] INFO: [PROTOCOL] ✅ 完整發送 268 bytes
[2025-11-11 10:06:41,166] INFO: [PROTOCOL] 準備發送 264 bytes
[2025-11-11 10:06:41,166] INFO: [PROTOCOL] 已發送 268/268 bytes
[2025-11-11 10:06:41,166] INFO: [PROTOCOL] ✅ 完整發送 268 bytes
[2025-11-11 10:06:41,271] INFO: [PROTOCOL] 準備發送 264 bytes
[2025-11-11 10:06:41,271] INFO: [PROTOCOL] 已發送 268/268 bytes
[2025-11-11 10:06:41,271] INFO: [PROTOCOL] ✅ 完整發送 268 bytes
[2025-11-11 10:06:41,272] INFO: [PROTOCOL] 準備發送 264 bytes
[2025-11-11 10:06:41,272] INFO: [PROTOCOL] 已發送 268/268 bytes
[2025-11-11 10:06:41,272] INFO: [PROTOCOL] ✅ 完整發送 268 bytes
[2025-11-11 10:06:41,272] INFO: [PROTOCOL] 準備發送 264 bytes
[2025-11-11 10:06:41,272] INFO: [PROTOCOL] 已發送 268/268 bytes
[2025-11-11 10:06:41,272] INFO: [PROTOCOL] ✅ 完整發送 268 bytes
[2025-11-11 10:06:41,272] INFO: [PROTOCOL] 準備發送 264 bytes
[2025-11-11 10:06:41,272] INFO: [PROTOCOL] 已發送 268/268 bytes
[2025-11-11 10:06:41,272] INFO: [PROTOCOL] ✅ 完整發送 268 bytes
[2025-11-11 10:06:41,376] INFO: [PROTOCOL] 準備發送 263 bytes
[2025-11-11 10:06:41,377] INFO: [PROTOCOL] 已發送 267/267 bytes
[2025-11-11 10:06:41,377] INFO: [PROTOCOL] ✅ 完整發送 267 bytes
[2025-11-11 10:06:41,377] INFO: [PROTOCOL] 準備發送 263 bytes
[2025-11-11 10:06:41,377] INFO: [PROTOCOL] 已發送 267/267 bytes
[2025-11-11 10:06:41,377] INFO: [PROTOCOL] ✅ 完整發送 267 bytes
[2025-11-11 10:06:41,377] INFO: [PROTOCOL] 準備發送 263 bytes
[2025-11-11 10:06:41,377] INFO: [PROTOCOL] 已發送 267/267 bytes
[2025-11-11 10:06:41,377] INFO: [PROTOCOL] ✅ 完整發送 267 bytes
[2025-11-11 10:06:41,377] INFO: [PROTOCOL] 準備發送 263 bytes
[2025-11-11 10:06:41,377] INFO: [PROTOCOL] 已發送 267/267 bytes
[2025-11-11 10:06:41,377] INFO: [PROTOCOL] ✅ 完整發送 267 bytes
[2025-11-11 10:06:41,482] INFO: [PROTOCOL] 準備發送 263 bytes
[2025-11-11 10:06:41,482] INFO: [PROTOCOL] 已發送 267/267 bytes
[2025-11-11 10:06:41,483] INFO: [PROTOCOL] ✅ 完整發送 267 bytes
[2025-11-11 10:06:41,483] INFO: [PROTOCOL] 準備發送 263 bytes
[2025-11-11 10:06:41,483] INFO: [PROTOCOL] 已發送 267/267 bytes
[2025-11-11 10:06:41,483] INFO: [PROTOCOL] ✅ 完整發送 267 bytes
[2025-11-11 10:06:41,483] INFO: [PROTOCOL] 準備發送 263 bytes
[2025-11-11 10:06:41,483] INFO: [PROTOCOL] 已發送 267/267 bytes
[2025-11-11 10:06:41,483] INFO: [PROTOCOL] ✅ 完整發送 267 bytes
[2025-11-11 10:06:41,483] INFO: [PROTOCOL] 準備發送 263 bytes
[2025-11-11 10:06:41,483] INFO: [PROTOCOL] 已發送 267/267 bytes
[2025-11-11 10:06:41,483] INFO: [PROTOCOL] ✅ 完整發送 267 bytes
[2025-11-11 10:06:41,584] INFO: [PROTOCOL] 準備發送 263 bytes
[2025-11-11 10:06:41,584] INFO: [PROTOCOL] 已發送 267/267 bytes
[2025-11-11 10:06:41,584] INFO: [PROTOCOL] ✅ 完整發送 267 bytes
[2025-11-11 10:06:41,585] INFO: [PROTOCOL] 準備發送 263 bytes
[2025-11-11 10:06:41,585] INFO: [PROTOCOL] 已發送 267/267 bytes
[2025-11-11 10:06:41,585] INFO: [PROTOCOL] ✅ 完整發送 267 bytes
[2025-11-11 10:06:41,585] INFO: [PROTOCOL] 準備發送 263 bytes
[2025-11-11 10:06:41,585] INFO: [PROTOCOL] 已發送 267/267 bytes
[2025-11-11 10:06:41,585] INFO: [PROTOCOL] ✅ 完整發送 267 bytes
[2025-11-11 10:06:41,585] INFO: [PROTOCOL] 準備發送 263 bytes
[2025-11-11 10:06:41,585] INFO: [PROTOCOL] 已發送 267/267 bytes
[2025-11-11 10:06:41,585] INFO: [PROTOCOL] ✅ 完整發送 267 bytes
[2025-11-11 10:06:41,690] INFO: [PROTOCOL] 準備發送 263 bytes
[2025-11-11 10:06:41,690] INFO: [PROTOCOL] 已發送 267/267 bytes
[2025-11-11 10:06:41,690] INFO: [PROTOCOL] ✅ 完整發送 267 bytes
[2025-11-11 10:06:41,690] INFO: [PROTOCOL] 準備發送 263 bytes
[2025-11-11 10:06:41,690] INFO: [PROTOCOL] 已發送 267/267 bytes
[2025-11-11 10:06:41,690] INFO: [PROTOCOL] ✅ 完整發送 267 bytes
[2025-11-11 10:06:41,690] INFO: [PROTOCOL] 準備發送 263 bytes
[2025-11-11 10:06:41,690] INFO: [PROTOCOL] 已發送 267/267 bytes
[2025-11-11 10:06:41,690] INFO: [PROTOCOL] ✅ 完整發送 267 bytes
[2025-11-11 10:06:41,690] INFO: [PROTOCOL] 準備發送 263 bytes
[2025-11-11 10:06:41,690] INFO: [PROTOCOL] 已發送 267/267 bytes
[2025-11-11 10:06:41,690] INFO: [PROTOCOL] ✅ 完整發送 267 bytes
[2025-11-11 10:06:41,791] INFO: [PROTOCOL] 準備發送 263 bytes
[2025-11-11 10:06:41,791] INFO: [PROTOCOL] 已發送 267/267 bytes
[2025-11-11 10:06:41,791] INFO: [PROTOCOL] ✅ 完整發送 267 bytes
[2025-11-11 10:06:41,791] INFO: [PROTOCOL] 準備發送 263 bytes
[2025-11-11 10:06:41,791] INFO: [PROTOCOL] 已發送 267/267 bytes
[2025-11-11 10:06:41,791] INFO: [PROTOCOL] ✅ 完整發送 267 bytes
[2025-11-11 10:06:41,791] INFO: [PROTOCOL] 準備發送 263 bytes
[2025-11-11 10:06:41,791] INFO: [PROTOCOL] 已發送 267/267 bytes
[2025-11-11 10:06:41,791] INFO: [PROTOCOL] ✅ 完整發送 267 bytes
[2025-11-11 10:06:41,791] INFO: [PROTOCOL] 準備發送 263 bytes
[2025-11-11 10:06:41,791] INFO: [PROTOCOL] 已發送 267/267 bytes
[2025-11-11 10:06:41,791] INFO: [PROTOCOL] ✅ 完整發送 267 bytes
[2025-11-11 10:06:41,894] INFO: [PROTOCOL] 準備發送 265 bytes
[2025-11-11 10:06:41,894] INFO: [PROTOCOL] 已發送 269/269 bytes
[2025-11-11 10:06:41,894] INFO: [PROTOCOL] ✅ 完整發送 269 bytes
[2025-11-11 10:06:41,894] INFO: [PROTOCOL] 準備發送 265 bytes
[2025-11-11 10:06:41,895] INFO: [PROTOCOL] 已發送 269/269 bytes
[2025-11-11 10:06:41,895] INFO: [PROTOCOL] ✅ 完整發送 269 bytes
[2025-11-11 10:06:41,895] INFO: [PROTOCOL] 準備發送 265 bytes
[2025-11-11 10:06:41,895] INFO: [PROTOCOL] 已發送 269/269 bytes
[2025-11-11 10:06:41,895] INFO: [PROTOCOL] ✅ 完整發送 269 bytes
[2025-11-11 10:06:41,895] INFO: [PROTOCOL] 準備發送 265 bytes
[2025-11-11 10:06:41,895] INFO: [PROTOCOL] 已發送 269/269 bytes
[2025-11-11 10:06:41,895] INFO: [PROTOCOL] ✅ 完整發送 269 bytes
[2025-11-11 10:06:41,995] INFO: [PROTOCOL] 準備發送 265 bytes
[2025-11-11 10:06:41,995] INFO: [PROTOCOL] 已發送 269/269 bytes
[2025-11-11 10:06:41,995] INFO: [PROTOCOL] ✅ 完整發送 269 bytes
[2025-11-11 10:06:41,995] INFO: [PROTOCOL] 準備發送 265 bytes
[2025-11-11 10:06:41,995] INFO: [PROTOCOL] 已發送 269/269 bytes
[2025-11-11 10:06:41,996] INFO: [PROTOCOL] ✅ 完整發送 269 bytes
[2025-11-11 10:06:41,996] INFO: [PROTOCOL] 準備發送 265 bytes
[2025-11-11 10:06:41,996] INFO: [PROTOCOL] 已發送 269/269 bytes
[2025-11-11 10:06:41,996] INFO: [PROTOCOL] ✅ 完整發送 269 bytes
[2025-11-11 10:06:41,996] INFO: [PROTOCOL] 準備發送 265 bytes
[2025-11-11 10:06:41,996] INFO: [PROTOCOL] 已發送 269/269 bytes
[2025-11-11 10:06:41,996] INFO: [PROTOCOL] ✅ 完整發送 269 bytes
[2025-11-11 10:06:42,096] INFO: [PROTOCOL] 準備發送 265 bytes
[2025-11-11 10:06:42,097] INFO: [PROTOCOL] 已發送 269/269 bytes
[2025-11-11 10:06:42,097] INFO: [PROTOCOL] ✅ 完整發送 269 bytes
[2025-11-11 10:06:42,097] INFO: [PROTOCOL] 準備發送 265 bytes
[2025-11-11 10:06:42,097] INFO: [PROTOCOL] 已發送 269/269 bytes
[2025-11-11 10:06:42,097] INFO: [PROTOCOL] ✅ 完整發送 269 bytes
[2025-11-11 10:06:42,097] INFO: [PROTOCOL] 準備發送 265 bytes
[2025-11-11 10:06:42,097] INFO: [PROTOCOL] 已發送 269/269 bytes
[2025-11-11 10:06:42,097] INFO: [PROTOCOL] ✅ 完整發送 269 bytes
[2025-11-11 10:06:42,097] INFO: [PROTOCOL] 準備發送 265 bytes
[2025-11-11 10:06:42,097] INFO: [PROTOCOL] 已發送 269/269 bytes
[2025-11-11 10:06:42,097] INFO: [PROTOCOL] ✅ 完整發送 269 bytes
[2025-11-11 10:06:42,198] INFO: [PROTOCOL] 準備發送 265 bytes
[2025-11-11 10:06:42,198] INFO: [PROTOCOL] 已發送 269/269 bytes
[2025-11-11 10:06:42,198] INFO: [PROTOCOL] ✅ 完整發送 269 bytes
[2025-11-11 10:06:42,198] INFO: [PROTOCOL] 準備發送 265 bytes
[2025-11-11 10:06:42,198] INFO: [PROTOCOL] 已發送 269/269 bytes
[2025-11-11 10:06:42,198] INFO: [PROTOCOL] ✅ 完整發送 269 bytes
[2025-11-11 10:06:42,198] INFO: [PROTOCOL] 準備發送 265 bytes
[2025-11-11 10:06:42,198] INFO: [PROTOCOL] 已發送 269/269 bytes
[2025-11-11 10:06:42,198] INFO: [PROTOCOL] ✅ 完整發送 269 bytes
[2025-11-11 10:06:42,198] INFO: [PROTOCOL] 準備發送 265 bytes
[2025-11-11 10:06:42,198] INFO: [PROTOCOL] 已發送 269/269 bytes
[2025-11-11 10:06:42,198] INFO: [PROTOCOL] ✅ 完整發送 269 bytes
[2025-11-11 10:06:42,304] INFO: [PROTOCOL] 準備發送 265 bytes
[2025-11-11 10:06:42,304] INFO: [PROTOCOL] 已發送 269/269 bytes
[2025-11-11 10:06:42,304] INFO: [PROTOCOL] ✅ 完整發送 269 bytes
[2025-11-11 10:06:42,304] INFO: [PROTOCOL] 準備發送 265 bytes
[2025-11-11 10:06:42,304] INFO: [PROTOCOL] 已發送 269/269 bytes
[2025-11-11 10:06:42,304] INFO: [PROTOCOL] ✅ 完整發送 269 bytes
[2025-11-11 10:06:42,304] INFO: [PROTOCOL] 準備發送 265 bytes
[2025-11-11 10:06:42,304] INFO: [PROTOCOL] 已發送 269/269 bytes
[2025-11-11 10:06:42,304] INFO: [PROTOCOL] ✅ 完整發送 269 bytes
[2025-11-11 10:06:42,304] INFO: [PROTOCOL] 準備發送 265 bytes
[2025-11-11 10:06:42,304] INFO: [PROTOCOL] 已發送 269/269 bytes
[2025-11-11 10:06:42,304] INFO: [PROTOCOL] ✅ 完整發送 269 bytes
[2025-11-11 10:06:42,409] INFO: [PROTOCOL] 準備發送 265 bytes
[2025-11-11 10:06:42,409] INFO: [PROTOCOL] 已發送 269/269 bytes
[2025-11-11 10:06:42,409] INFO: [PROTOCOL] ✅ 完整發送 269 bytes
[2025-11-11 10:06:42,409] INFO: [PROTOCOL] 準備發送 265 bytes
[2025-11-11 10:06:42,409] INFO: [PROTOCOL] 已發送 269/269 bytes
[2025-11-11 10:06:42,409] INFO: [PROTOCOL] ✅ 完整發送 269 bytes
[2025-11-11 10:06:42,409] INFO: [PROTOCOL] 準備發送 265 bytes
[2025-11-11 10:06:42,410] INFO: [PROTOCOL] 已發送 269/269 bytes
[2025-11-11 10:06:42,410] INFO: [PROTOCOL] ✅ 完整發送 269 bytes
[2025-11-11 10:06:42,410] INFO: [PROTOCOL] 準備發送 265 bytes
[2025-11-11 10:06:42,410] INFO: [PROTOCOL] 已發送 269/269 bytes
[2025-11-11 10:06:42,410] INFO: [PROTOCOL] ✅ 完整發送 269 bytes
[2025-11-11 10:06:42,515] INFO: [PROTOCOL] 準備發送 265 bytes
[2025-11-11 10:06:42,515] INFO: [PROTOCOL] 已發送 269/269 bytes
[2025-11-11 10:06:42,515] INFO: [PROTOCOL] ✅ 完整發送 269 bytes
[2025-11-11 10:06:42,515] INFO: [PROTOCOL] 準備發送 265 bytes
[2025-11-11 10:06:42,516] INFO: [PROTOCOL] 已發送 269/269 bytes
[2025-11-11 10:06:42,516] INFO: [PROTOCOL] ✅ 完整發送 269 bytes
[2025-11-11 10:06:42,516] INFO: [PROTOCOL] 準備發送 265 bytes
[2025-11-11 10:06:42,516] INFO: [PROTOCOL] 已發送 269/269 bytes
[2025-11-11 10:06:42,516] INFO: [PROTOCOL] ✅ 完整發送 269 bytes
[2025-11-11 10:06:42,516] INFO: [PROTOCOL] 準備發送 265 bytes
[2025-11-11 10:06:42,516] INFO: [PROTOCOL] 已發送 269/269 bytes
[2025-11-11 10:06:42,516] INFO: [PROTOCOL] ✅ 完整發送 269 bytes
[2025-11-11 10:06:42,617] INFO: [PROTOCOL] 準備發送 265 bytes
[2025-11-11 10:06:42,617] INFO: [PROTOCOL] 已發送 269/269 bytes
[2025-11-11 10:06:42,617] INFO: [PROTOCOL] ✅ 完整發送 269 bytes
[2025-11-11 10:06:42,617] INFO: [PROTOCOL] 準備發送 265 bytes
[2025-11-11 10:06:42,617] INFO: [PROTOCOL] 已發送 269/269 bytes
[2025-11-11 10:06:42,617] INFO: [PROTOCOL] ✅ 完整發送 269 bytes
[2025-11-11 10:06:42,617] INFO: [PROTOCOL] 準備發送 265 bytes
[2025-11-11 10:06:42,617] INFO: [PROTOCOL] 已發送 269/269 bytes
[2025-11-11 10:06:42,617] INFO: [PROTOCOL] ✅ 完整發送 269 bytes
[2025-11-11 10:06:42,617] INFO: [PROTOCOL] 準備發送 265 bytes
[2025-11-11 10:06:42,617] INFO: [PROTOCOL] 已發送 269/269 bytes
[2025-11-11 10:06:42,617] INFO: [PROTOCOL] ✅ 完整發送 269 bytes
[2025-11-11 10:06:42,723] INFO: [PROTOCOL] 準備發送 265 bytes
[2025-11-11 10:06:42,723] INFO: [PROTOCOL] 已發送 269/269 bytes
[2025-11-11 10:06:42,724] INFO: [PROTOCOL] ✅ 完整發送 269 bytes
[2025-11-11 10:06:42,724] INFO: [PROTOCOL] 準備發送 265 bytes
[2025-11-11 10:06:42,724] INFO: [PROTOCOL] 已發送 269/269 bytes
[2025-11-11 10:06:42,724] INFO: [PROTOCOL] ✅ 完整發送 269 bytes
[2025-11-11 10:06:42,724] INFO: [PROTOCOL] 準備發送 265 bytes
[2025-11-11 10:06:42,724] INFO: [PROTOCOL] 已發送 269/269 bytes
[2025-11-11 10:06:42,724] INFO: [PROTOCOL] ✅ 完整發送 269 bytes
[2025-11-11 10:06:42,724] INFO: [PROTOCOL] 準備發送 265 bytes
[2025-11-11 10:06:42,725] INFO: [PROTOCOL] 已發送 269/269 bytes
[2025-11-11 10:06:42,725] INFO: [PROTOCOL] ✅ 完整發送 269 bytes
[2025-11-11 10:06:42,829] INFO: [PROTOCOL] 準備發送 265 bytes
[2025-11-11 10:06:42,829] INFO: [PROTOCOL] 已發送 269/269 bytes
[2025-11-11 10:06:42,830] INFO: [PROTOCOL] ✅ 完整發送 269 bytes
[2025-11-11 10:06:42,830] INFO: [PROTOCOL] 準備發送 265 bytes
[2025-11-11 10:06:42,830] INFO: [PROTOCOL] 已發送 269/269 bytes
[2025-11-11 10:06:42,830] INFO: [PROTOCOL] ✅ 完整發送 269 bytes
[2025-11-11 10:06:42,830] INFO: [PROTOCOL] 準備發送 265 bytes
[2025-11-11 10:06:42,830] INFO: [PROTOCOL] 已發送 269/269 bytes
[2025-11-11 10:06:42,831] INFO: [PROTOCOL] ✅ 完整發送 269 bytes
[2025-11-11 10:06:42,831] INFO: [PROTOCOL] 準備發送 265 bytes
[2025-11-11 10:06:42,831] INFO: [PROTOCOL] 已發送 269/269 bytes
[2025-11-11 10:06:42,831] INFO: [PROTOCOL] ✅ 完整發送 269 bytes
[2025-11-11 10:06:42,936] INFO: [PROTOCOL] 準備發送 265 bytes
[2025-11-11 10:06:42,936] INFO: [PROTOCOL] 已發送 269/269 bytes
[2025-11-11 10:06:42,936] INFO: [PROTOCOL] ✅ 完整發送 269 bytes
[2025-11-11 10:06:42,936] INFO: [PROTOCOL] 準備發送 265 bytes
[2025-11-11 10:06:42,936] INFO: [PROTOCOL] 已發送 269/269 bytes
[2025-11-11 10:06:42,936] INFO: [PROTOCOL] ✅ 完整發送 269 bytes
[2025-11-11 10:06:42,936] INFO: [PROTOCOL] 準備發送 265 bytes
[2025-11-11 10:06:42,936] INFO: [PROTOCOL] 已發送 269/269 bytes
[2025-11-11 10:06:42,936] INFO: [PROTOCOL] ✅ 完整發送 269 bytes
[2025-11-11 10:06:42,936] INFO: [PROTOCOL] 準備發送 265 bytes
[2025-11-11 10:06:42,936] INFO: [PROTOCOL] 已發送 269/269 bytes
[2025-11-11 10:06:42,936] INFO: [PROTOCOL] ✅ 完整發送 269 bytes
[2025-11-11 10:06:43,041] INFO: [PROTOCOL] 準備發送 265 bytes
[2025-11-11 10:06:43,041] INFO: [PROTOCOL] 已發送 269/269 bytes
[2025-11-11 10:06:43,041] INFO: [PROTOCOL] ✅ 完整發送 269 bytes
[2025-11-11 10:06:43,041] INFO: [PROTOCOL] 準備發送 265 bytes
[2025-11-11 10:06:43,041] INFO: [PROTOCOL] 已發送 269/269 bytes
[2025-11-11 10:06:43,041] INFO: [PROTOCOL] ✅ 完整發送 269 bytes
[2025-11-11 10:06:43,042] INFO: [PROTOCOL] 準備發送 265 bytes
[2025-11-11 10:06:43,042] INFO: [PROTOCOL] 已發送 269/269 bytes
[2025-11-11 10:06:43,042] INFO: [PROTOCOL] ✅ 完整發送 269 bytes
[2025-11-11 10:06:43,042] INFO: [PROTOCOL] 準備發送 265 bytes
[2025-11-11 10:06:43,042] INFO: [PROTOCOL] 已發送 269/269 bytes
[2025-11-11 10:06:43,042] INFO: [PROTOCOL] ✅ 完整發送 269 bytes
[2025-11-11 10:06:43,147] INFO: [PROTOCOL] 準備發送 265 bytes
[2025-11-11 10:06:43,148] INFO: [PROTOCOL] 已發送 269/269 bytes
[2025-11-11 10:06:43,148] INFO: [PROTOCOL] ✅ 完整發送 269 bytes
[2025-11-11 10:06:43,148] INFO: [PROTOCOL] 準備發送 265 bytes
[2025-11-11 10:06:43,148] INFO: [PROTOCOL] 已發送 269/269 bytes
[2025-11-11 10:06:43,148] INFO: [PROTOCOL] ✅ 完整發送 269 bytes
[2025-11-11 10:06:43,148] INFO: [PROTOCOL] 準備發送 265 bytes
[2025-11-11 10:06:43,148] INFO: [PROTOCOL] 已發送 269/269 bytes
[2025-11-11 10:06:43,148] INFO: [PROTOCOL] ✅ 完整發送 269 bytes
[2025-11-11 10:06:43,148] INFO: [PROTOCOL] 準備發送 265 bytes
[2025-11-11 10:06:43,148] INFO: [PROTOCOL] 已發送 269/269 bytes
[2025-11-11 10:06:43,148] INFO: [PROTOCOL] ✅ 完整發送 269 bytes
[2025-11-11 10:06:43,254] INFO: [PROTOCOL] 準備發送 265 bytes
[2025-11-11 10:06:43,254] INFO: [PROTOCOL] 已發送 269/269 bytes
[2025-11-11 10:06:43,254] INFO: [PROTOCOL] ✅ 完整發送 269 bytes
[2025-11-11 10:06:43,254] INFO: [PROTOCOL] 準備發送 265 bytes
[2025-11-11 10:06:43,254] INFO: [PROTOCOL] 已發送 269/269 bytes
[2025-11-11 10:06:43,254] INFO: [PROTOCOL] ✅ 完整發送 269 bytes
[2025-11-11 10:06:43,254] INFO: [PROTOCOL] 準備發送 265 bytes
[2025-11-11 10:06:43,254] INFO: [PROTOCOL] 已發送 269/269 bytes
[2025-11-11 10:06:43,254] INFO: [PROTOCOL] ✅ 完整發送 269 bytes
[2025-11-11 10:06:43,254] INFO: [PROTOCOL] 準備發送 265 bytes
[2025-11-11 10:06:43,254] INFO: [PROTOCOL] 已發送 269/269 bytes
[2025-11-11 10:06:43,254] INFO: [PROTOCOL] ✅ 完整發送 269 bytes
[2025-11-11 10:06:43,360] INFO: [PROTOCOL] 準備發送 265 bytes
[2025-11-11 10:06:43,360] INFO: [PROTOCOL] 已發送 269/269 bytes
[2025-11-11 10:06:43,360] INFO: [PROTOCOL] ✅ 完整發送 269 bytes
[2025-11-11 10:06:43,360] INFO: [PROTOCOL] 準備發送 265 bytes
[2025-11-11 10:06:43,360] INFO: [PROTOCOL] 已發送 269/269 bytes
[2025-11-11 10:06:43,360] INFO: [PROTOCOL] ✅ 完整發送 269 bytes
[2025-11-11 10:06:43,360] INFO: [PROTOCOL] 準備發送 265 bytes
[2025-11-11 10:06:43,360] INFO: [PROTOCOL] 已發送 269/269 bytes
[2025-11-11 10:06:43,360] INFO: [PROTOCOL] ✅ 完整發送 269 bytes
[2025-11-11 10:06:43,360] INFO: [PROTOCOL] 準備發送 265 bytes
[2025-11-11 10:06:43,360] INFO: [PROTOCOL] 已發送 269/269 bytes
[2025-11-11 10:06:43,360] INFO: [PROTOCOL] ✅ 完整發送 269 bytes
[2025-11-11 10:06:43,466] INFO: [PROTOCOL] 準備發送 265 bytes
[2025-11-11 10:06:43,466] INFO: [PROTOCOL] 已發送 269/269 bytes
[2025-11-11 10:06:43,466] INFO: [PROTOCOL] ✅ 完整發送 269 bytes
[2025-11-11 10:06:43,466] INFO: [PROTOCOL] 準備發送 265 bytes
[2025-11-11 10:06:43,467] INFO: [PROTOCOL] 已發送 269/269 bytes
[2025-11-11 10:06:43,467] INFO: [PROTOCOL] ✅ 完整發送 269 bytes
[2025-11-11 10:06:43,467] INFO: [PROTOCOL] 準備發送 265 bytes
[2025-11-11 10:06:43,467] INFO: [PROTOCOL] 已發送 269/269 bytes
[2025-11-11 10:06:43,467] INFO: [PROTOCOL] ✅ 完整發送 269 bytes
[2025-11-11 10:06:43,467] INFO: [PROTOCOL] 準備發送 265 bytes
[2025-11-11 10:06:43,468] INFO: [PROTOCOL] 已發送 269/269 bytes
[2025-11-11 10:06:43,469] INFO: [PROTOCOL] ✅ 完整發送 269 bytes
[2025-11-11 10:06:43,573] INFO: [PROTOCOL] 準備發送 265 bytes
[2025-11-11 10:06:43,573] INFO: [PROTOCOL] 已發送 269/269 bytes
[2025-11-11 10:06:43,573] INFO: [PROTOCOL] ✅ 完整發送 269 bytes
[2025-11-11 10:06:43,573] INFO: [PROTOCOL] 準備發送 265 bytes
[2025-11-11 10:06:43,573] INFO: [PROTOCOL] 已發送 269/269 bytes
[2025-11-11 10:06:43,573] INFO: [PROTOCOL] ✅ 完整發送 269 bytes
[2025-11-11 10:06:43,573] INFO: [PROTOCOL] 準備發送 265 bytes
[2025-11-11 10:06:43,573] INFO: [PROTOCOL] 已發送 269/269 bytes
[2025-11-11 10:06:43,573] INFO: [PROTOCOL] ✅ 完整發送 269 bytes
[2025-11-11 10:06:43,573] INFO: [PROTOCOL] 準備發送 265 bytes
[2025-11-11 10:06:43,573] INFO: [PROTOCOL] 已發送 269/269 bytes
[2025-11-11 10:06:43,573] INFO: [PROTOCOL] ✅ 完整發送 269 bytes
[2025-11-11 10:06:43,674] INFO: [PROTOCOL] 準備發送 265 bytes
[2025-11-11 10:06:43,675] INFO: [PROTOCOL] 已發送 269/269 bytes
[2025-11-11 10:06:43,675] INFO: [PROTOCOL] ✅ 完整發送 269 bytes
[2025-11-11 10:06:43,675] INFO: [PROTOCOL] 準備發送 265 bytes
[2025-11-11 10:06:43,675] INFO: [PROTOCOL] 已發送 269/269 bytes
[2025-11-11 10:06:43,675] INFO: [PROTOCOL] ✅ 完整發送 269 bytes
[2025-11-11 10:06:43,675] INFO: [PROTOCOL] 準備發送 265 bytes
[2025-11-11 10:06:43,675] INFO: [PROTOCOL] 已發送 269/269 bytes
[2025-11-11 10:06:43,675] INFO: [PROTOCOL] ✅ 完整發送 269 bytes
[2025-11-11 10:06:43,675] INFO: [PROTOCOL] 準備發送 265 bytes
[2025-11-11 10:06:43,676] INFO: [PROTOCOL] 已發送 269/269 bytes
[2025-11-11 10:06:43,676] INFO: [PROTOCOL] ✅ 完整發送 269 bytes
[2025-11-11 10:06:43,777] INFO: [PROTOCOL] 準備發送 265 bytes
[2025-11-11 10:06:43,778] INFO: [PROTOCOL] 已發送 269/269 bytes
[2025-11-11 10:06:43,778] INFO: [PROTOCOL] ✅ 完整發送 269 bytes
[2025-11-11 10:06:43,778] INFO: [PROTOCOL] 準備發送 265 bytes
[2025-11-11 10:06:43,778] INFO: [PROTOCOL] 已發送 269/269 bytes
[2025-11-11 10:06:43,778] INFO: [PROTOCOL] ✅ 完整發送 269 bytes
[2025-11-11 10:06:43,778] INFO: [PROTOCOL] 準備發送 265 bytes
[2025-11-11 10:06:43,778] INFO: [PROTOCOL] 已發送 269/269 bytes
[2025-11-11 10:06:43,778] INFO: [PROTOCOL] ✅ 完整發送 269 bytes
[2025-11-11 10:06:43,778] INFO: [PROTOCOL] 準備發送 265 bytes
[2025-11-11 10:06:43,778] INFO: [PROTOCOL] 已發送 269/269 bytes
[2025-11-11 10:06:43,778] INFO: [PROTOCOL] ✅ 完整發送 269 bytes
[2025-11-11 10:06:43,885] INFO: [PROTOCOL] 準備發送 265 bytes
[2025-11-11 10:06:43,885] INFO: [PROTOCOL] 已發送 269/269 bytes
[2025-11-11 10:06:43,885] INFO: [PROTOCOL] ✅ 完整發送 269 bytes
[2025-11-11 10:06:43,885] INFO: [PROTOCOL] 準備發送 265 bytes
[2025-11-11 10:06:43,885] INFO: [PROTOCOL] 已發送 269/269 bytes
[2025-11-11 10:06:43,885] INFO: [PROTOCOL] ✅ 完整發送 269 bytes
[2025-11-11 10:06:43,885] INFO: [PROTOCOL] 準備發送 265 bytes
[2025-11-11 10:06:43,885] INFO: [PROTOCOL] 已發送 269/269 bytes
[2025-11-11 10:06:43,885] INFO: [PROTOCOL] ✅ 完整發送 269 bytes
[2025-11-11 10:06:43,886] INFO: [PROTOCOL] 準備發送 265 bytes
[2025-11-11 10:06:43,886] INFO: [PROTOCOL] 已發送 269/269 bytes
[2025-11-11 10:06:43,886] INFO: [PROTOCOL] ✅ 完整發送 269 bytes
[2025-11-11 10:06:43,929] ERROR: ❌ ProtocolError for 2: 接收失敗: [Errno 54] Connection reset by peer
[2025-11-11 10:06:43,929] WARNING: ⚠️ Player 2 disconnected during game!
[2025-11-11 10:06:43,930] INFO: [PROTOCOL] 準備發送 126 bytes
[2025-11-11 10:06:43,930] INFO: [PROTOCOL] 已發送 130/130 bytes
[2025-11-11 10:06:43,930] INFO: [PROTOCOL] ✅ 完整發送 130 bytes
[2025-11-11 10:06:43,930] INFO: [PROTOCOL] 準備發送 126 bytes
[2025-11-11 10:06:43,930] ERROR: [PROTOCOL] ❌ 發送訊息失敗: 發送失敗: [Errno 32] Broken pipe
[2025-11-11 10:06:43,930] INFO: 📊 Attempting to report game result to lobby: room=25, results={'P1': {'user_id': 1, 'score': 0, 'lines_cleared': 0}, 'P2': {'user_id': 2, 'score': 0, 'lines_cleared': 0}}
[2025-11-11 10:06:43,930] INFO: 📡 Connecting to lobby server at localhost:10002...
[2025-11-11 10:06:43,933] INFO: ✅ Connected to lobby server
[2025-11-11 10:06:43,933] INFO: 🏆 Winner: None
[2025-11-11 10:06:43,933] INFO: 📤 Sending report: {'action': 'report_game_result', 'data': {'room_id': 25, 'winner': None, 'results': {'P1': {'user_id': 1, 'score': 0, 'lines_cleared': 0}, 'P2': {'user_id': 2, 'score': 0, 'lines_cleared': 0}}}}
[2025-11-11 10:06:43,933] INFO: [PROTOCOL] 準備發送 194 bytes
[2025-11-11 10:06:43,933] INFO: [PROTOCOL] 已發送 198/198 bytes
[2025-11-11 10:06:43,933] INFO: [PROTOCOL] ✅ 完整發送 198 bytes
[2025-11-11 10:06:43,933] INFO: ✅ Report sent, waiting for response...
[2025-11-11 10:06:43,944] INFO: 📥 Received response: {'status': 'success', 'message': '遊戲結果已記錄'}
[2025-11-11 10:06:43,944] INFO: ✅ Game result reported to Lobby Server successfully
[2025-11-11 10:06:43,944] INFO: 🏁 Game ended due to player 2 disconnection
[2025-11-11 10:06:43,944] INFO: 🔌 Player 2 input handler stopped
[2025-11-11 10:06:44,020] INFO: 🎮 Game Over! Winner: None
[2025-11-11 10:06:44,020] INFO: [PROTOCOL] 準備發送 158 bytes
[2025-11-11 10:06:44,020] INFO: [PROTOCOL] 已發送 162/162 bytes
[2025-11-11 10:06:44,020] INFO: [PROTOCOL] ✅ 完整發送 162 bytes
[2025-11-11 10:06:44,020] INFO: [PROTOCOL] 準備發送 158 bytes
[2025-11-11 10:06:44,021] ERROR: [PROTOCOL] ❌ 發送訊息失敗: 發送失敗: [Errno 32] Broken pipe
[2025-11-11 10:06:44,021] INFO: 📊 Attempting to report game result to lobby: room=25, results={'P1': {'user_id': 1, 'score': 0, 'lines_cleared': 0, 'max_combo': 0}, 'P2': {'user_id': 2, 'score': 0, 'lines_cleared': 0, 'max_combo': 0}}
[2025-11-11 10:06:44,021] INFO: 📡 Connecting to lobby server at localhost:10002...
[2025-11-11 10:06:44,022] INFO: ✅ Connected to lobby server
[2025-11-11 10:06:44,022] INFO: 🏆 Winner: None
[2025-11-11 10:06:44,022] INFO: 📤 Sending report: {'action': 'report_game_result', 'data': {'room_id': 25, 'winner': None, 'results': {'P1': {'user_id': 1, 'score': 0, 'lines_cleared': 0, 'max_combo': 0}, 'P2': {'user_id': 2, 'score': 0, 'lines_cleared': 0, 'max_combo': 0}}}}
[2025-11-11 10:06:44,022] INFO: [PROTOCOL] 準備發送 226 bytes
[2025-11-11 10:06:44,022] INFO: [PROTOCOL] 已發送 230/230 bytes
[2025-11-11 10:06:44,022] INFO: [PROTOCOL] ✅ 完整發送 230 bytes
[2025-11-11 10:06:44,022] INFO: ✅ Report sent, waiting for response...
[2025-11-11 10:06:44,027] INFO: 📥 Received response: {'status': 'success', 'message': '遊戲結果已記錄'}
[2025-11-11 10:06:44,027] INFO: ✅ Game result reported to Lobby Server successfully
[2025-11-11 10:06:44,027] INFO: 📊 Final results: {'P1': {'user_id': 1, 'score': 0, 'lines_cleared': 0, 'max_combo': 0}, 'P2': {'user_id': 2, 'score': 0, 'lines_cleared': 0, 'max_combo': 0}}
[2025-11-11 10:06:44,772] INFO: 🔌 Player 1 input handler stopped
[2025-11-11 10:06:46,032] INFO: 🛑 Shutting down Game Server...
[2025-11-11 10:06:46,032] INFO: ✅ Game Server shut down
[2025-11-11 10:06:46,032] INFO: 🛑 Shutting down Game Server...
[2025-11-11 10:06:46,032] INFO: ✅ Game Server shut down
