[2025-11-11 09:55:27,941] INFO: 🎮 Game Server started on port 10102
[2025-11-11 09:55:27,941] INFO:    Room: 22, Players: [1, 2]
[2025-11-11 09:55:27,941] INFO:    Seed: 1889536581
[2025-11-11 09:55:29,684] INFO: 📥 Player 1 connected from ('127.0.0.1', 57263)
[2025-11-11 09:55:29,688] INFO: [PROTOCOL] 準備發送 121 bytes
[2025-11-11 09:55:29,688] INFO: [PROTOCOL] 已發送 125/125 bytes
[2025-11-11 09:55:29,689] INFO: [PROTOCOL] ✅ 完整發送 125 bytes
[2025-11-11 09:55:29,689] INFO: ✅ Player 1 (P1) ready
[2025-11-11 09:55:29,689] INFO: 📥 Player 2 connected from ('127.0.0.1', 57264)
[2025-11-11 09:55:29,690] INFO: [PROTOCOL] 準備發送 121 bytes
[2025-11-11 09:55:29,692] INFO: [PROTOCOL] 已發送 125/125 bytes
[2025-11-11 09:55:29,693] INFO: [PROTOCOL] ✅ 完整發送 125 bytes
[2025-11-11 09:55:29,694] INFO: ✅ Player 2 (P2) ready
[2025-11-11 09:55:29,695] INFO: ✅ Both players connected, starting game...
[2025-11-11 09:55:29,696] INFO: 🎮 Starting input handler for player 1
[2025-11-11 09:55:29,697] INFO: 🎮 Starting input handler for player 2
[2025-11-11 09:55:29,801] INFO: [PROTOCOL] 準備發送 262 bytes
[2025-11-11 09:55:29,801] INFO: [PROTOCOL] 已發送 266/266 bytes
[2025-11-11 09:55:29,801] INFO: [PROTOCOL] ✅ 完整發送 266 bytes
[2025-11-11 09:55:29,801] INFO: [PROTOCOL] 準備發送 262 bytes
[2025-11-11 09:55:29,801] INFO: [PROTOCOL] 已發送 266/266 bytes
[2025-11-11 09:55:29,801] INFO: [PROTOCOL] ✅ 完整發送 266 bytes
[2025-11-11 09:55:29,801] INFO: [PROTOCOL] 準備發送 262 bytes
[2025-11-11 09:55:29,802] INFO: [PROTOCOL] 已發送 266/266 bytes
[2025-11-11 09:55:29,802] INFO: [PROTOCOL] ✅ 完整發送 266 bytes
[2025-11-11 09:55:29,802] INFO: [PROTOCOL] 準備發送 262 bytes
[2025-11-11 09:55:29,802] INFO: [PROTOCOL] 已發送 266/266 bytes
[2025-11-11 09:55:29,802] INFO: [PROTOCOL] ✅ 完整發送 266 bytes
[2025-11-11 09:55:29,903] INFO: [PROTOCOL] 準備發送 262 bytes
[2025-11-11 09:55:29,903] INFO: [PROTOCOL] 已發送 266/266 bytes
[2025-11-11 09:55:29,903] INFO: [PROTOCOL] ✅ 完整發送 266 bytes
[2025-11-11 09:55:29,903] INFO: [PROTOCOL] 準備發送 262 bytes
[2025-11-11 09:55:29,903] INFO: [PROTOCOL] 已發送 266/266 bytes
[2025-11-11 09:55:29,903] INFO: [PROTOCOL] ✅ 完整發送 266 bytes
[2025-11-11 09:55:29,903] INFO: [PROTOCOL] 準備發送 262 bytes
[2025-11-11 09:55:29,903] INFO: [PROTOCOL] 已發送 266/266 bytes
[2025-11-11 09:55:29,904] INFO: [PROTOCOL] ✅ 完整發送 266 bytes
[2025-11-11 09:55:29,904] INFO: [PROTOCOL] 準備發送 262 bytes
[2025-11-11 09:55:29,904] INFO: [PROTOCOL] 已發送 266/266 bytes
[2025-11-11 09:55:29,904] INFO: [PROTOCOL] ✅ 完整發送 266 bytes
[2025-11-11 09:55:30,008] INFO: [PROTOCOL] 準備發送 262 bytes
[2025-11-11 09:55:30,009] INFO: [PROTOCOL] 已發送 266/266 bytes
[2025-11-11 09:55:30,009] INFO: [PROTOCOL] ✅ 完整發送 266 bytes
[2025-11-11 09:55:30,009] INFO: [PROTOCOL] 準備發送 262 bytes
[2025-11-11 09:55:30,009] INFO: [PROTOCOL] 已發送 266/266 bytes
[2025-11-11 09:55:30,009] INFO: [PROTOCOL] ✅ 完整發送 266 bytes
[2025-11-11 09:55:30,009] INFO: [PROTOCOL] 準備發送 262 bytes
[2025-11-11 09:55:30,009] INFO: [PROTOCOL] 已發送 266/266 bytes
[2025-11-11 09:55:30,009] INFO: [PROTOCOL] ✅ 完整發送 266 bytes
[2025-11-11 09:55:30,009] INFO: [PROTOCOL] 準備發送 262 bytes
[2025-11-11 09:55:30,009] INFO: [PROTOCOL] 已發送 266/266 bytes
[2025-11-11 09:55:30,009] INFO: [PROTOCOL] ✅ 完整發送 266 bytes
[2025-11-11 09:55:30,114] INFO: [PROTOCOL] 準備發送 262 bytes
[2025-11-11 09:55:30,114] INFO: [PROTOCOL] 已發送 266/266 bytes
[2025-11-11 09:55:30,114] INFO: [PROTOCOL] ✅ 完整發送 266 bytes
[2025-11-11 09:55:30,114] INFO: [PROTOCOL] 準備發送 262 bytes
[2025-11-11 09:55:30,114] INFO: [PROTOCOL] 已發送 266/266 bytes
[2025-11-11 09:55:30,114] INFO: [PROTOCOL] ✅ 完整發送 266 bytes
[2025-11-11 09:55:30,114] INFO: [PROTOCOL] 準備發送 262 bytes
[2025-11-11 09:55:30,114] INFO: [PROTOCOL] 已發送 266/266 bytes
[2025-11-11 09:55:30,114] INFO: [PROTOCOL] ✅ 完整發送 266 bytes
[2025-11-11 09:55:30,114] INFO: [PROTOCOL] 準備發送 262 bytes
[2025-11-11 09:55:30,115] INFO: [PROTOCOL] 已發送 266/266 bytes
[2025-11-11 09:55:30,115] INFO: [PROTOCOL] ✅ 完整發送 266 bytes
[2025-11-11 09:55:30,220] INFO: [PROTOCOL] 準備發送 263 bytes
[2025-11-11 09:55:30,220] INFO: [PROTOCOL] 已發送 267/267 bytes
[2025-11-11 09:55:30,220] INFO: [PROTOCOL] ✅ 完整發送 267 bytes
[2025-11-11 09:55:30,220] INFO: [PROTOCOL] 準備發送 263 bytes
[2025-11-11 09:55:30,220] INFO: [PROTOCOL] 已發送 267/267 bytes
[2025-11-11 09:55:30,220] INFO: [PROTOCOL] ✅ 完整發送 267 bytes
[2025-11-11 09:55:30,220] INFO: [PROTOCOL] 準備發送 263 bytes
[2025-11-11 09:55:30,220] INFO: [PROTOCOL] 已發送 267/267 bytes
[2025-11-11 09:55:30,221] INFO: [PROTOCOL] ✅ 完整發送 267 bytes
[2025-11-11 09:55:30,221] INFO: [PROTOCOL] 準備發送 263 bytes
[2025-11-11 09:55:30,221] INFO: [PROTOCOL] 已發送 267/267 bytes
[2025-11-11 09:55:30,221] INFO: [PROTOCOL] ✅ 完整發送 267 bytes
[2025-11-11 09:55:30,326] INFO: [PROTOCOL] 準備發送 263 bytes
[2025-11-11 09:55:30,326] INFO: [PROTOCOL] 已發送 267/267 bytes
[2025-11-11 09:55:30,326] INFO: [PROTOCOL] ✅ 完整發送 267 bytes
[2025-11-11 09:55:30,327] INFO: [PROTOCOL] 準備發送 263 bytes
[2025-11-11 09:55:30,327] INFO: [PROTOCOL] 已發送 267/267 bytes
[2025-11-11 09:55:30,327] INFO: [PROTOCOL] ✅ 完整發送 267 bytes
[2025-11-11 09:55:30,327] INFO: [PROTOCOL] 準備發送 263 bytes
[2025-11-11 09:55:30,327] INFO: [PROTOCOL] 已發送 267/267 bytes
[2025-11-11 09:55:30,327] INFO: [PROTOCOL] ✅ 完整發送 267 bytes
[2025-11-11 09:55:30,327] INFO: [PROTOCOL] 準備發送 263 bytes
[2025-11-11 09:55:30,327] INFO: [PROTOCOL] 已發送 267/267 bytes
[2025-11-11 09:55:30,327] INFO: [PROTOCOL] ✅ 完整發送 267 bytes
[2025-11-11 09:55:30,430] INFO: [PROTOCOL] 準備發送 263 bytes
[2025-11-11 09:55:30,430] INFO: [PROTOCOL] 已發送 267/267 bytes
[2025-11-11 09:55:30,431] INFO: [PROTOCOL] ✅ 完整發送 267 bytes
[2025-11-11 09:55:30,431] INFO: [PROTOCOL] 準備發送 263 bytes
[2025-11-11 09:55:30,431] INFO: [PROTOCOL] 已發送 267/267 bytes
[2025-11-11 09:55:30,431] INFO: [PROTOCOL] ✅ 完整發送 267 bytes
[2025-11-11 09:55:30,431] INFO: [PROTOCOL] 準備發送 263 bytes
[2025-11-11 09:55:30,431] INFO: [PROTOCOL] 已發送 267/267 bytes
[2025-11-11 09:55:30,431] INFO: [PROTOCOL] ✅ 完整發送 267 bytes
[2025-11-11 09:55:30,431] INFO: [PROTOCOL] 準備發送 263 bytes
[2025-11-11 09:55:30,431] INFO: [PROTOCOL] 已發送 267/267 bytes
[2025-11-11 09:55:30,431] INFO: [PROTOCOL] ✅ 完整發送 267 bytes
[2025-11-11 09:55:30,535] INFO: [PROTOCOL] 準備發送 263 bytes
[2025-11-11 09:55:30,536] INFO: [PROTOCOL] 已發送 267/267 bytes
[2025-11-11 09:55:30,536] INFO: [PROTOCOL] ✅ 完整發送 267 bytes
[2025-11-11 09:55:30,536] INFO: [PROTOCOL] 準備發送 263 bytes
[2025-11-11 09:55:30,536] INFO: [PROTOCOL] 已發送 267/267 bytes
[2025-11-11 09:55:30,536] INFO: [PROTOCOL] ✅ 完整發送 267 bytes
[2025-11-11 09:55:30,536] INFO: [PROTOCOL] 準備發送 263 bytes
[2025-11-11 09:55:30,536] INFO: [PROTOCOL] 已發送 267/267 bytes
[2025-11-11 09:55:30,536] INFO: [PROTOCOL] ✅ 完整發送 267 bytes
[2025-11-11 09:55:30,536] INFO: [PROTOCOL] 準備發送 263 bytes
[2025-11-11 09:55:30,536] INFO: [PROTOCOL] 已發送 267/267 bytes
[2025-11-11 09:55:30,536] INFO: [PROTOCOL] ✅ 完整發送 267 bytes
[2025-11-11 09:55:30,642] INFO: [PROTOCOL] 準備發送 263 bytes
[2025-11-11 09:55:30,642] INFO: [PROTOCOL] 已發送 267/267 bytes
[2025-11-11 09:55:30,642] INFO: [PROTOCOL] ✅ 完整發送 267 bytes
[2025-11-11 09:55:30,642] INFO: [PROTOCOL] 準備發送 263 bytes
[2025-11-11 09:55:30,642] INFO: [PROTOCOL] 已發送 267/267 bytes
[2025-11-11 09:55:30,642] INFO: [PROTOCOL] ✅ 完整發送 267 bytes
[2025-11-11 09:55:30,642] INFO: [PROTOCOL] 準備發送 263 bytes
[2025-11-11 09:55:30,642] INFO: [PROTOCOL] 已發送 267/267 bytes
[2025-11-11 09:55:30,642] INFO: [PROTOCOL] ✅ 完整發送 267 bytes
[2025-11-11 09:55:30,642] INFO: [PROTOCOL] 準備發送 263 bytes
[2025-11-11 09:55:30,642] INFO: [PROTOCOL] 已發送 267/267 bytes
[2025-11-11 09:55:30,642] INFO: [PROTOCOL] ✅ 完整發送 267 bytes
[2025-11-11 09:55:30,747] INFO: [PROTOCOL] 準備發送 264 bytes
[2025-11-11 09:55:30,747] INFO: [PROTOCOL] 已發送 268/268 bytes
[2025-11-11 09:55:30,747] INFO: [PROTOCOL] ✅ 完整發送 268 bytes
[2025-11-11 09:55:30,747] INFO: [PROTOCOL] 準備發送 264 bytes
[2025-11-11 09:55:30,747] INFO: [PROTOCOL] 已發送 268/268 bytes
[2025-11-11 09:55:30,747] INFO: [PROTOCOL] ✅ 完整發送 268 bytes
[2025-11-11 09:55:30,747] INFO: [PROTOCOL] 準備發送 264 bytes
[2025-11-11 09:55:30,747] INFO: [PROTOCOL] 已發送 268/268 bytes
[2025-11-11 09:55:30,747] INFO: [PROTOCOL] ✅ 完整發送 268 bytes
[2025-11-11 09:55:30,747] INFO: [PROTOCOL] 準備發送 264 bytes
[2025-11-11 09:55:30,747] INFO: [PROTOCOL] 已發送 268/268 bytes
[2025-11-11 09:55:30,747] INFO: [PROTOCOL] ✅ 完整發送 268 bytes
[2025-11-11 09:55:30,853] INFO: [PROTOCOL] 準備發送 264 bytes
[2025-11-11 09:55:30,853] INFO: [PROTOCOL] 已發送 268/268 bytes
[2025-11-11 09:55:30,853] INFO: [PROTOCOL] ✅ 完整發送 268 bytes
[2025-11-11 09:55:30,853] INFO: [PROTOCOL] 準備發送 264 bytes
[2025-11-11 09:55:30,853] INFO: [PROTOCOL] 已發送 268/268 bytes
[2025-11-11 09:55:30,853] INFO: [PROTOCOL] ✅ 完整發送 268 bytes
[2025-11-11 09:55:30,853] INFO: [PROTOCOL] 準備發送 264 bytes
[2025-11-11 09:55:30,853] INFO: [PROTOCOL] 已發送 268/268 bytes
[2025-11-11 09:55:30,853] INFO: [PROTOCOL] ✅ 完整發送 268 bytes
[2025-11-11 09:55:30,853] INFO: [PROTOCOL] 準備發送 264 bytes
[2025-11-11 09:55:30,853] INFO: [PROTOCOL] 已發送 268/268 bytes
[2025-11-11 09:55:30,853] INFO: [PROTOCOL] ✅ 完整發送 268 bytes
[2025-11-11 09:55:30,958] INFO: [PROTOCOL] 準備發送 264 bytes
[2025-11-11 09:55:30,958] INFO: [PROTOCOL] 已發送 268/268 bytes
[2025-11-11 09:55:30,958] INFO: [PROTOCOL] ✅ 完整發送 268 bytes
[2025-11-11 09:55:30,958] INFO: [PROTOCOL] 準備發送 264 bytes
[2025-11-11 09:55:30,958] INFO: [PROTOCOL] 已發送 268/268 bytes
[2025-11-11 09:55:30,959] INFO: [PROTOCOL] ✅ 完整發送 268 bytes
[2025-11-11 09:55:30,959] INFO: [PROTOCOL] 準備發送 264 bytes
[2025-11-11 09:55:30,959] INFO: [PROTOCOL] 已發送 268/268 bytes
[2025-11-11 09:55:30,959] INFO: [PROTOCOL] ✅ 完整發送 268 bytes
[2025-11-11 09:55:30,959] INFO: [PROTOCOL] 準備發送 264 bytes
[2025-11-11 09:55:30,959] INFO: [PROTOCOL] 已發送 268/268 bytes
[2025-11-11 09:55:30,959] INFO: [PROTOCOL] ✅ 完整發送 268 bytes
[2025-11-11 09:55:31,064] INFO: [PROTOCOL] 準備發送 264 bytes
[2025-11-11 09:55:31,064] INFO: [PROTOCOL] 已發送 268/268 bytes
[2025-11-11 09:55:31,064] INFO: [PROTOCOL] ✅ 完整發送 268 bytes
[2025-11-11 09:55:31,064] INFO: [PROTOCOL] 準備發送 264 bytes
[2025-11-11 09:55:31,064] INFO: [PROTOCOL] 已發送 268/268 bytes
[2025-11-11 09:55:31,064] INFO: [PROTOCOL] ✅ 完整發送 268 bytes
[2025-11-11 09:55:31,065] INFO: [PROTOCOL] 準備發送 264 bytes
[2025-11-11 09:55:31,065] INFO: [PROTOCOL] 已發送 268/268 bytes
[2025-11-11 09:55:31,065] INFO: [PROTOCOL] ✅ 完整發送 268 bytes
[2025-11-11 09:55:31,065] INFO: [PROTOCOL] 準備發送 264 bytes
[2025-11-11 09:55:31,065] INFO: [PROTOCOL] 已發送 268/268 bytes
[2025-11-11 09:55:31,065] INFO: [PROTOCOL] ✅ 完整發送 268 bytes
[2025-11-11 09:55:31,170] INFO: [PROTOCOL] 準備發送 264 bytes
[2025-11-11 09:55:31,170] INFO: [PROTOCOL] 已發送 268/268 bytes
[2025-11-11 09:55:31,170] INFO: [PROTOCOL] ✅ 完整發送 268 bytes
[2025-11-11 09:55:31,170] INFO: [PROTOCOL] 準備發送 264 bytes
[2025-11-11 09:55:31,171] INFO: [PROTOCOL] 已發送 268/268 bytes
[2025-11-11 09:55:31,171] INFO: [PROTOCOL] ✅ 完整發送 268 bytes
[2025-11-11 09:55:31,171] INFO: [PROTOCOL] 準備發送 264 bytes
[2025-11-11 09:55:31,171] INFO: [PROTOCOL] 已發送 268/268 bytes
[2025-11-11 09:55:31,171] INFO: [PROTOCOL] ✅ 完整發送 268 bytes
[2025-11-11 09:55:31,171] INFO: [PROTOCOL] 準備發送 264 bytes
[2025-11-11 09:55:31,171] INFO: [PROTOCOL] 已發送 268/268 bytes
[2025-11-11 09:55:31,171] INFO: [PROTOCOL] ✅ 完整發送 268 bytes
[2025-11-11 09:55:31,272] INFO: [PROTOCOL] 準備發送 264 bytes
[2025-11-11 09:55:31,272] INFO: [PROTOCOL] 已發送 268/268 bytes
[2025-11-11 09:55:31,272] INFO: [PROTOCOL] ✅ 完整發送 268 bytes
[2025-11-11 09:55:31,272] INFO: [PROTOCOL] 準備發送 264 bytes
[2025-11-11 09:55:31,272] INFO: [PROTOCOL] 已發送 268/268 bytes
[2025-11-11 09:55:31,272] INFO: [PROTOCOL] ✅ 完整發送 268 bytes
[2025-11-11 09:55:31,272] INFO: [PROTOCOL] 準備發送 264 bytes
[2025-11-11 09:55:31,272] INFO: [PROTOCOL] 已發送 268/268 bytes
[2025-11-11 09:55:31,272] INFO: [PROTOCOL] ✅ 完整發送 268 bytes
[2025-11-11 09:55:31,272] INFO: [PROTOCOL] 準備發送 264 bytes
[2025-11-11 09:55:31,272] INFO: [PROTOCOL] 已發送 268/268 bytes
[2025-11-11 09:55:31,272] INFO: [PROTOCOL] ✅ 完整發送 268 bytes
[2025-11-11 09:55:31,378] INFO: [PROTOCOL] 準備發送 264 bytes
[2025-11-11 09:55:31,378] INFO: [PROTOCOL] 已發送 268/268 bytes
[2025-11-11 09:55:31,378] INFO: [PROTOCOL] ✅ 完整發送 268 bytes
[2025-11-11 09:55:31,378] INFO: [PROTOCOL] 準備發送 264 bytes
[2025-11-11 09:55:31,378] INFO: [PROTOCOL] 已發送 268/268 bytes
[2025-11-11 09:55:31,378] INFO: [PROTOCOL] ✅ 完整發送 268 bytes
[2025-11-11 09:55:31,378] INFO: [PROTOCOL] 準備發送 264 bytes
[2025-11-11 09:55:31,378] INFO: [PROTOCOL] 已發送 268/268 bytes
[2025-11-11 09:55:31,379] INFO: [PROTOCOL] ✅ 完整發送 268 bytes
[2025-11-11 09:55:31,379] INFO: [PROTOCOL] 準備發送 264 bytes
[2025-11-11 09:55:31,379] INFO: [PROTOCOL] 已發送 268/268 bytes
[2025-11-11 09:55:31,379] INFO: [PROTOCOL] ✅ 完整發送 268 bytes
[2025-11-11 09:55:31,484] INFO: [PROTOCOL] 準備發送 264 bytes
[2025-11-11 09:55:31,484] INFO: [PROTOCOL] 已發送 268/268 bytes
[2025-11-11 09:55:31,484] INFO: [PROTOCOL] ✅ 完整發送 268 bytes
[2025-11-11 09:55:31,485] INFO: [PROTOCOL] 準備發送 264 bytes
[2025-11-11 09:55:31,485] INFO: [PROTOCOL] 已發送 268/268 bytes
[2025-11-11 09:55:31,485] INFO: [PROTOCOL] ✅ 完整發送 268 bytes
[2025-11-11 09:55:31,485] INFO: [PROTOCOL] 準備發送 264 bytes
[2025-11-11 09:55:31,486] INFO: [PROTOCOL] 已發送 268/268 bytes
[2025-11-11 09:55:31,486] INFO: [PROTOCOL] ✅ 完整發送 268 bytes
[2025-11-11 09:55:31,486] INFO: [PROTOCOL] 準備發送 264 bytes
[2025-11-11 09:55:31,486] INFO: [PROTOCOL] 已發送 268/268 bytes
[2025-11-11 09:55:31,487] INFO: [PROTOCOL] ✅ 完整發送 268 bytes
[2025-11-11 09:55:31,588] INFO: [PROTOCOL] 準備發送 264 bytes
[2025-11-11 09:55:31,588] INFO: [PROTOCOL] 已發送 268/268 bytes
[2025-11-11 09:55:31,588] INFO: [PROTOCOL] ✅ 完整發送 268 bytes
[2025-11-11 09:55:31,588] INFO: [PROTOCOL] 準備發送 264 bytes
[2025-11-11 09:55:31,588] INFO: [PROTOCOL] 已發送 268/268 bytes
[2025-11-11 09:55:31,588] INFO: [PROTOCOL] ✅ 完整發送 268 bytes
[2025-11-11 09:55:31,588] INFO: [PROTOCOL] 準備發送 264 bytes
[2025-11-11 09:55:31,588] INFO: [PROTOCOL] 已發送 268/268 bytes
[2025-11-11 09:55:31,588] INFO: [PROTOCOL] ✅ 完整發送 268 bytes
[2025-11-11 09:55:31,588] INFO: [PROTOCOL] 準備發送 264 bytes
[2025-11-11 09:55:31,588] INFO: [PROTOCOL] 已發送 268/268 bytes
[2025-11-11 09:55:31,588] INFO: [PROTOCOL] ✅ 完整發送 268 bytes
[2025-11-11 09:55:31,694] INFO: [PROTOCOL] 準備發送 264 bytes
[2025-11-11 09:55:31,694] INFO: [PROTOCOL] 已發送 268/268 bytes
[2025-11-11 09:55:31,694] INFO: [PROTOCOL] ✅ 完整發送 268 bytes
[2025-11-11 09:55:31,694] INFO: [PROTOCOL] 準備發送 264 bytes
[2025-11-11 09:55:31,694] INFO: [PROTOCOL] 已發送 268/268 bytes
[2025-11-11 09:55:31,694] INFO: [PROTOCOL] ✅ 完整發送 268 bytes
[2025-11-11 09:55:31,694] INFO: [PROTOCOL] 準備發送 264 bytes
[2025-11-11 09:55:31,694] INFO: [PROTOCOL] 已發送 268/268 bytes
[2025-11-11 09:55:31,694] INFO: [PROTOCOL] ✅ 完整發送 268 bytes
[2025-11-11 09:55:31,694] INFO: [PROTOCOL] 準備發送 264 bytes
[2025-11-11 09:55:31,694] INFO: [PROTOCOL] 已發送 268/268 bytes
[2025-11-11 09:55:31,694] INFO: [PROTOCOL] ✅ 完整發送 268 bytes
[2025-11-11 09:55:31,799] INFO: [PROTOCOL] 準備發送 264 bytes
[2025-11-11 09:55:31,800] INFO: [PROTOCOL] 已發送 268/268 bytes
[2025-11-11 09:55:31,800] INFO: [PROTOCOL] ✅ 完整發送 268 bytes
[2025-11-11 09:55:31,800] INFO: [PROTOCOL] 準備發送 264 bytes
[2025-11-11 09:55:31,800] INFO: [PROTOCOL] 已發送 268/268 bytes
[2025-11-11 09:55:31,800] INFO: [PROTOCOL] ✅ 完整發送 268 bytes
[2025-11-11 09:55:31,800] INFO: [PROTOCOL] 準備發送 264 bytes
[2025-11-11 09:55:31,800] INFO: [PROTOCOL] 已發送 268/268 bytes
[2025-11-11 09:55:31,800] INFO: [PROTOCOL] ✅ 完整發送 268 bytes
[2025-11-11 09:55:31,800] INFO: [PROTOCOL] 準備發送 264 bytes
[2025-11-11 09:55:31,800] INFO: [PROTOCOL] 已發送 268/268 bytes
[2025-11-11 09:55:31,800] INFO: [PROTOCOL] ✅ 完整發送 268 bytes
[2025-11-11 09:55:31,902] INFO: [PROTOCOL] 準備發送 264 bytes
[2025-11-11 09:55:31,902] INFO: [PROTOCOL] 已發送 268/268 bytes
[2025-11-11 09:55:31,902] INFO: [PROTOCOL] ✅ 完整發送 268 bytes
[2025-11-11 09:55:31,902] INFO: [PROTOCOL] 準備發送 264 bytes
[2025-11-11 09:55:31,903] INFO: [PROTOCOL] 已發送 268/268 bytes
[2025-11-11 09:55:31,903] INFO: [PROTOCOL] ✅ 完整發送 268 bytes
[2025-11-11 09:55:31,903] INFO: [PROTOCOL] 準備發送 264 bytes
[2025-11-11 09:55:31,903] INFO: [PROTOCOL] 已發送 268/268 bytes
[2025-11-11 09:55:31,903] INFO: [PROTOCOL] ✅ 完整發送 268 bytes
[2025-11-11 09:55:31,903] INFO: [PROTOCOL] 準備發送 264 bytes
[2025-11-11 09:55:31,903] INFO: [PROTOCOL] 已發送 268/268 bytes
[2025-11-11 09:55:31,903] INFO: [PROTOCOL] ✅ 完整發送 268 bytes
[2025-11-11 09:55:32,008] INFO: [PROTOCOL] 準備發送 264 bytes
[2025-11-11 09:55:32,009] INFO: [PROTOCOL] 已發送 268/268 bytes
[2025-11-11 09:55:32,009] INFO: [PROTOCOL] ✅ 完整發送 268 bytes
[2025-11-11 09:55:32,009] INFO: [PROTOCOL] 準備發送 264 bytes
[2025-11-11 09:55:32,009] INFO: [PROTOCOL] 已發送 268/268 bytes
[2025-11-11 09:55:32,009] INFO: [PROTOCOL] ✅ 完整發送 268 bytes
[2025-11-11 09:55:32,009] INFO: [PROTOCOL] 準備發送 264 bytes
[2025-11-11 09:55:32,009] INFO: [PROTOCOL] 已發送 268/268 bytes
[2025-11-11 09:55:32,009] INFO: [PROTOCOL] ✅ 完整發送 268 bytes
[2025-11-11 09:55:32,009] INFO: [PROTOCOL] 準備發送 264 bytes
[2025-11-11 09:55:32,009] INFO: [PROTOCOL] 已發送 268/268 bytes
[2025-11-11 09:55:32,009] INFO: [PROTOCOL] ✅ 完整發送 268 bytes
[2025-11-11 09:55:32,114] INFO: [PROTOCOL] 準備發送 264 bytes
[2025-11-11 09:55:32,114] INFO: [PROTOCOL] 已發送 268/268 bytes
[2025-11-11 09:55:32,115] INFO: [PROTOCOL] ✅ 完整發送 268 bytes
[2025-11-11 09:55:32,115] INFO: [PROTOCOL] 準備發送 264 bytes
[2025-11-11 09:55:32,115] INFO: [PROTOCOL] 已發送 268/268 bytes
[2025-11-11 09:55:32,115] INFO: [PROTOCOL] ✅ 完整發送 268 bytes
[2025-11-11 09:55:32,115] INFO: [PROTOCOL] 準備發送 264 bytes
[2025-11-11 09:55:32,115] INFO: [PROTOCOL] 已發送 268/268 bytes
[2025-11-11 09:55:32,115] INFO: [PROTOCOL] ✅ 完整發送 268 bytes
[2025-11-11 09:55:32,115] INFO: [PROTOCOL] 準備發送 264 bytes
[2025-11-11 09:55:32,115] INFO: [PROTOCOL] 已發送 268/268 bytes
[2025-11-11 09:55:32,115] INFO: [PROTOCOL] ✅ 完整發送 268 bytes
[2025-11-11 09:55:32,219] INFO: [PROTOCOL] 準備發送 264 bytes
[2025-11-11 09:55:32,219] INFO: [PROTOCOL] 已發送 268/268 bytes
[2025-11-11 09:55:32,220] INFO: [PROTOCOL] ✅ 完整發送 268 bytes
[2025-11-11 09:55:32,220] INFO: [PROTOCOL] 準備發送 264 bytes
[2025-11-11 09:55:32,220] INFO: [PROTOCOL] 已發送 268/268 bytes
[2025-11-11 09:55:32,220] INFO: [PROTOCOL] ✅ 完整發送 268 bytes
[2025-11-11 09:55:32,220] INFO: [PROTOCOL] 準備發送 264 bytes
[2025-11-11 09:55:32,220] INFO: [PROTOCOL] 已發送 268/268 bytes
[2025-11-11 09:55:32,220] INFO: [PROTOCOL] ✅ 完整發送 268 bytes
[2025-11-11 09:55:32,221] INFO: [PROTOCOL] 準備發送 264 bytes
[2025-11-11 09:55:32,221] INFO: [PROTOCOL] 已發送 268/268 bytes
[2025-11-11 09:55:32,221] INFO: [PROTOCOL] ✅ 完整發送 268 bytes
[2025-11-11 09:55:32,322] INFO: [PROTOCOL] 準備發送 264 bytes
[2025-11-11 09:55:32,322] INFO: [PROTOCOL] 已發送 268/268 bytes
[2025-11-11 09:55:32,322] INFO: [PROTOCOL] ✅ 完整發送 268 bytes
[2025-11-11 09:55:32,322] INFO: [PROTOCOL] 準備發送 264 bytes
[2025-11-11 09:55:32,323] INFO: [PROTOCOL] 已發送 268/268 bytes
[2025-11-11 09:55:32,323] INFO: [PROTOCOL] ✅ 完整發送 268 bytes
[2025-11-11 09:55:32,323] INFO: [PROTOCOL] 準備發送 264 bytes
[2025-11-11 09:55:32,323] INFO: [PROTOCOL] 已發送 268/268 bytes
[2025-11-11 09:55:32,323] INFO: [PROTOCOL] ✅ 完整發送 268 bytes
[2025-11-11 09:55:32,323] INFO: [PROTOCOL] 準備發送 264 bytes
[2025-11-11 09:55:32,323] INFO: [PROTOCOL] 已發送 268/268 bytes
[2025-11-11 09:55:32,323] INFO: [PROTOCOL] ✅ 完整發送 268 bytes
[2025-11-11 09:55:32,428] INFO: [PROTOCOL] 準備發送 264 bytes
[2025-11-11 09:55:32,428] INFO: [PROTOCOL] 已發送 268/268 bytes
[2025-11-11 09:55:32,429] INFO: [PROTOCOL] ✅ 完整發送 268 bytes
[2025-11-11 09:55:32,429] INFO: [PROTOCOL] 準備發送 264 bytes
[2025-11-11 09:55:32,429] INFO: [PROTOCOL] 已發送 268/268 bytes
[2025-11-11 09:55:32,429] INFO: [PROTOCOL] ✅ 完整發送 268 bytes
[2025-11-11 09:55:32,429] INFO: [PROTOCOL] 準備發送 264 bytes
[2025-11-11 09:55:32,429] INFO: [PROTOCOL] 已發送 268/268 bytes
[2025-11-11 09:55:32,429] INFO: [PROTOCOL] ✅ 完整發送 268 bytes
[2025-11-11 09:55:32,429] INFO: [PROTOCOL] 準備發送 264 bytes
[2025-11-11 09:55:32,429] INFO: [PROTOCOL] 已發送 268/268 bytes
[2025-11-11 09:55:32,430] INFO: [PROTOCOL] ✅ 完整發送 268 bytes
[2025-11-11 09:55:32,532] INFO: [PROTOCOL] 準備發送 264 bytes
[2025-11-11 09:55:32,533] INFO: [PROTOCOL] 已發送 268/268 bytes
[2025-11-11 09:55:32,533] INFO: [PROTOCOL] ✅ 完整發送 268 bytes
[2025-11-11 09:55:32,533] INFO: [PROTOCOL] 準備發送 264 bytes
[2025-11-11 09:55:32,533] INFO: [PROTOCOL] 已發送 268/268 bytes
[2025-11-11 09:55:32,534] INFO: [PROTOCOL] ✅ 完整發送 268 bytes
[2025-11-11 09:55:32,534] INFO: [PROTOCOL] 準備發送 264 bytes
[2025-11-11 09:55:32,534] INFO: [PROTOCOL] 已發送 268/268 bytes
[2025-11-11 09:55:32,534] INFO: [PROTOCOL] ✅ 完整發送 268 bytes
[2025-11-11 09:55:32,534] INFO: [PROTOCOL] 準備發送 264 bytes
[2025-11-11 09:55:32,534] INFO: [PROTOCOL] 已發送 268/268 bytes
[2025-11-11 09:55:32,534] INFO: [PROTOCOL] ✅ 完整發送 268 bytes
[2025-11-11 09:55:32,635] INFO: [PROTOCOL] 準備發送 264 bytes
[2025-11-11 09:55:32,636] INFO: [PROTOCOL] 已發送 268/268 bytes
[2025-11-11 09:55:32,636] INFO: [PROTOCOL] ✅ 完整發送 268 bytes
[2025-11-11 09:55:32,636] INFO: [PROTOCOL] 準備發送 264 bytes
[2025-11-11 09:55:32,636] INFO: [PROTOCOL] 已發送 268/268 bytes
[2025-11-11 09:55:32,637] INFO: [PROTOCOL] ✅ 完整發送 268 bytes
[2025-11-11 09:55:32,637] INFO: [PROTOCOL] 準備發送 264 bytes
[2025-11-11 09:55:32,637] INFO: [PROTOCOL] 已發送 268/268 bytes
[2025-11-11 09:55:32,637] INFO: [PROTOCOL] ✅ 完整發送 268 bytes
[2025-11-11 09:55:32,637] INFO: [PROTOCOL] 準備發送 264 bytes
[2025-11-11 09:55:32,638] INFO: [PROTOCOL] 已發送 268/268 bytes
[2025-11-11 09:55:32,638] INFO: [PROTOCOL] ✅ 完整發送 268 bytes
[2025-11-11 09:55:32,742] INFO: [PROTOCOL] 準備發送 264 bytes
[2025-11-11 09:55:32,742] INFO: [PROTOCOL] 已發送 268/268 bytes
[2025-11-11 09:55:32,742] INFO: [PROTOCOL] ✅ 完整發送 268 bytes
[2025-11-11 09:55:32,743] INFO: [PROTOCOL] 準備發送 264 bytes
[2025-11-11 09:55:32,743] INFO: [PROTOCOL] 已發送 268/268 bytes
[2025-11-11 09:55:32,743] INFO: [PROTOCOL] ✅ 完整發送 268 bytes
[2025-11-11 09:55:32,743] INFO: [PROTOCOL] 準備發送 264 bytes
[2025-11-11 09:55:32,743] INFO: [PROTOCOL] 已發送 268/268 bytes
[2025-11-11 09:55:32,743] INFO: [PROTOCOL] ✅ 完整發送 268 bytes
[2025-11-11 09:55:32,743] INFO: [PROTOCOL] 準備發送 264 bytes
[2025-11-11 09:55:32,743] INFO: [PROTOCOL] 已發送 268/268 bytes
[2025-11-11 09:55:32,743] INFO: [PROTOCOL] ✅ 完整發送 268 bytes
[2025-11-11 09:55:32,848] INFO: [PROTOCOL] 準備發送 264 bytes
[2025-11-11 09:55:32,849] INFO: [PROTOCOL] 已發送 268/268 bytes
[2025-11-11 09:55:32,849] INFO: [PROTOCOL] ✅ 完整發送 268 bytes
[2025-11-11 09:55:32,849] INFO: [PROTOCOL] 準備發送 264 bytes
[2025-11-11 09:55:32,850] INFO: [PROTOCOL] 已發送 268/268 bytes
[2025-11-11 09:55:32,850] INFO: [PROTOCOL] ✅ 完整發送 268 bytes
[2025-11-11 09:55:32,850] INFO: [PROTOCOL] 準備發送 264 bytes
[2025-11-11 09:55:32,850] INFO: [PROTOCOL] 已發送 268/268 bytes
[2025-11-11 09:55:32,851] INFO: [PROTOCOL] ✅ 完整發送 268 bytes
[2025-11-11 09:55:32,851] INFO: [PROTOCOL] 準備發送 264 bytes
[2025-11-11 09:55:32,851] INFO: [PROTOCOL] 已發送 268/268 bytes
[2025-11-11 09:55:32,851] INFO: [PROTOCOL] ✅ 完整發送 268 bytes
[2025-11-11 09:55:32,954] INFO: [PROTOCOL] 準備發送 264 bytes
[2025-11-11 09:55:32,955] INFO: [PROTOCOL] 已發送 268/268 bytes
[2025-11-11 09:55:32,955] INFO: [PROTOCOL] ✅ 完整發送 268 bytes
[2025-11-11 09:55:32,955] INFO: [PROTOCOL] 準備發送 264 bytes
[2025-11-11 09:55:32,955] INFO: [PROTOCOL] 已發送 268/268 bytes
[2025-11-11 09:55:32,955] INFO: [PROTOCOL] ✅ 完整發送 268 bytes
[2025-11-11 09:55:32,955] INFO: [PROTOCOL] 準備發送 264 bytes
[2025-11-11 09:55:32,955] INFO: [PROTOCOL] 已發送 268/268 bytes
[2025-11-11 09:55:32,955] INFO: [PROTOCOL] ✅ 完整發送 268 bytes
[2025-11-11 09:55:32,955] INFO: [PROTOCOL] 準備發送 264 bytes
[2025-11-11 09:55:32,956] INFO: [PROTOCOL] 已發送 268/268 bytes
[2025-11-11 09:55:32,956] INFO: [PROTOCOL] ✅ 完整發送 268 bytes
[2025-11-11 09:55:32,962] INFO: 🛑 Shutting down Game Server...
[2025-11-11 09:55:32,963] INFO: ✅ Game Server shut down
[2025-11-11 09:55:32,963] INFO: 
⚠️ Interrupted
[2025-11-11 09:55:32,963] INFO: 🛑 Shutting down Game Server...
[2025-11-11 09:55:32,963] INFO: ✅ Game Server shut down
