[2025-11-11 10:19:57,580] INFO: 🎮 Game Server started on port 10102
[2025-11-11 10:19:57,580] INFO:    Room: 27, Players: [1, 2]
[2025-11-11 10:19:57,580] INFO:    Seed: 1891006220
[2025-11-11 10:19:59,849] INFO: 📥 Player 1 connected from ('127.0.0.1', 58673)
[2025-11-11 10:19:59,852] INFO: [PROTOCOL] 準備發送 121 bytes
[2025-11-11 10:19:59,853] INFO: [PROTOCOL] 已發送 125/125 bytes
[2025-11-11 10:19:59,853] INFO: [PROTOCOL] ✅ 完整發送 125 bytes
[2025-11-11 10:19:59,853] INFO: ✅ Player 1 (P1) ready
[2025-11-11 10:19:59,853] INFO: 📥 Player 2 connected from ('127.0.0.1', 58674)
[2025-11-11 10:19:59,853] INFO: [PROTOCOL] 準備發送 121 bytes
[2025-11-11 10:19:59,853] INFO: [PROTOCOL] 已發送 125/125 bytes
[2025-11-11 10:19:59,853] INFO: [PROTOCOL] ✅ 完整發送 125 bytes
[2025-11-11 10:19:59,853] INFO: ✅ Player 2 (P2) ready
[2025-11-11 10:19:59,853] INFO: ✅ Both players connected, starting game...
[2025-11-11 10:19:59,854] INFO: 🎮 Starting input handler for player 1
[2025-11-11 10:19:59,854] INFO: 🎮 Starting input handler for player 2
[2025-11-11 10:19:59,963] INFO: [PROTOCOL] 準備發送 255 bytes
[2025-11-11 10:19:59,968] INFO: [PROTOCOL] 已發送 259/259 bytes
[2025-11-11 10:19:59,968] INFO: [PROTOCOL] ✅ 完整發送 259 bytes
[2025-11-11 10:19:59,968] INFO: [PROTOCOL] 準備發送 255 bytes
[2025-11-11 10:19:59,968] INFO: [PROTOCOL] 已發送 259/259 bytes
[2025-11-11 10:19:59,969] INFO: [PROTOCOL] ✅ 完整發送 259 bytes
[2025-11-11 10:19:59,969] INFO: [PROTOCOL] 準備發送 255 bytes
[2025-11-11 10:19:59,969] INFO: [PROTOCOL] 已發送 259/259 bytes
[2025-11-11 10:19:59,969] INFO: [PROTOCOL] ✅ 完整發送 259 bytes
[2025-11-11 10:19:59,969] INFO: [PROTOCOL] 準備發送 255 bytes
[2025-11-11 10:19:59,969] INFO: [PROTOCOL] 已發送 259/259 bytes
[2025-11-11 10:19:59,969] INFO: [PROTOCOL] ✅ 完整發送 259 bytes
[2025-11-11 10:20:00,074] INFO: [PROTOCOL] 準備發送 255 bytes
[2025-11-11 10:20:00,076] INFO: [PROTOCOL] 已發送 259/259 bytes
[2025-11-11 10:20:00,076] INFO: [PROTOCOL] ✅ 完整發送 259 bytes
[2025-11-11 10:20:00,076] INFO: [PROTOCOL] 準備發送 255 bytes
[2025-11-11 10:20:00,076] INFO: [PROTOCOL] 已發送 259/259 bytes
[2025-11-11 10:20:00,076] INFO: [PROTOCOL] ✅ 完整發送 259 bytes
[2025-11-11 10:20:00,076] INFO: [PROTOCOL] 準備發送 255 bytes
[2025-11-11 10:20:00,076] INFO: [PROTOCOL] 已發送 259/259 bytes
[2025-11-11 10:20:00,076] INFO: [PROTOCOL] ✅ 完整發送 259 bytes
[2025-11-11 10:20:00,076] INFO: [PROTOCOL] 準備發送 255 bytes
[2025-11-11 10:20:00,076] INFO: [PROTOCOL] 已發送 259/259 bytes
[2025-11-11 10:20:00,076] INFO: [PROTOCOL] ✅ 完整發送 259 bytes
[2025-11-11 10:20:00,183] INFO: [PROTOCOL] 準備發送 255 bytes
[2025-11-11 10:20:00,184] INFO: [PROTOCOL] 已發送 259/259 bytes
[2025-11-11 10:20:00,186] INFO: [PROTOCOL] ✅ 完整發送 259 bytes
[2025-11-11 10:20:00,186] INFO: [PROTOCOL] 準備發送 255 bytes
[2025-11-11 10:20:00,186] INFO: [PROTOCOL] 已發送 259/259 bytes
[2025-11-11 10:20:00,186] INFO: [PROTOCOL] ✅ 完整發送 259 bytes
[2025-11-11 10:20:00,186] INFO: [PROTOCOL] 準備發送 255 bytes
[2025-11-11 10:20:00,186] INFO: [PROTOCOL] 已發送 259/259 bytes
[2025-11-11 10:20:00,186] INFO: [PROTOCOL] ✅ 完整發送 259 bytes
[2025-11-11 10:20:00,186] INFO: [PROTOCOL] 準備發送 255 bytes
[2025-11-11 10:20:00,186] INFO: [PROTOCOL] 已發送 259/259 bytes
[2025-11-11 10:20:00,186] INFO: [PROTOCOL] ✅ 完整發送 259 bytes
[2025-11-11 10:20:00,303] INFO: [PROTOCOL] 準備發送 255 bytes
[2025-11-11 10:20:00,303] INFO: [PROTOCOL] 已發送 259/259 bytes
[2025-11-11 10:20:00,303] INFO: [PROTOCOL] ✅ 完整發送 259 bytes
[2025-11-11 10:20:00,303] INFO: [PROTOCOL] 準備發送 255 bytes
[2025-11-11 10:20:00,304] INFO: [PROTOCOL] 已發送 259/259 bytes
[2025-11-11 10:20:00,304] INFO: [PROTOCOL] ✅ 完整發送 259 bytes
[2025-11-11 10:20:00,304] INFO: [PROTOCOL] 準備發送 255 bytes
[2025-11-11 10:20:00,304] INFO: [PROTOCOL] 已發送 259/259 bytes
[2025-11-11 10:20:00,304] INFO: [PROTOCOL] ✅ 完整發送 259 bytes
[2025-11-11 10:20:00,304] INFO: [PROTOCOL] 準備發送 255 bytes
[2025-11-11 10:20:00,304] INFO: [PROTOCOL] 已發送 259/259 bytes
[2025-11-11 10:20:00,304] INFO: [PROTOCOL] ✅ 完整發送 259 bytes
[2025-11-11 10:20:00,409] INFO: [PROTOCOL] 準備發送 255 bytes
[2025-11-11 10:20:00,422] INFO: [PROTOCOL] 已發送 259/259 bytes
[2025-11-11 10:20:00,422] INFO: [PROTOCOL] ✅ 完整發送 259 bytes
[2025-11-11 10:20:00,422] INFO: [PROTOCOL] 準備發送 255 bytes
[2025-11-11 10:20:00,422] INFO: [PROTOCOL] 已發送 259/259 bytes
[2025-11-11 10:20:00,422] INFO: [PROTOCOL] ✅ 完整發送 259 bytes
[2025-11-11 10:20:00,422] INFO: [PROTOCOL] 準備發送 255 bytes
[2025-11-11 10:20:00,422] INFO: [PROTOCOL] 已發送 259/259 bytes
[2025-11-11 10:20:00,422] INFO: [PROTOCOL] ✅ 完整發送 259 bytes
[2025-11-11 10:20:00,423] INFO: [PROTOCOL] 準備發送 255 bytes
[2025-11-11 10:20:00,423] INFO: [PROTOCOL] 已發送 259/259 bytes
[2025-11-11 10:20:00,423] INFO: [PROTOCOL] ✅ 完整發送 259 bytes
[2025-11-11 10:20:00,527] INFO: [PROTOCOL] 準備發送 255 bytes
[2025-11-11 10:20:00,544] INFO: [PROTOCOL] 已發送 259/259 bytes
[2025-11-11 10:20:00,544] INFO: [PROTOCOL] ✅ 完整發送 259 bytes
[2025-11-11 10:20:00,544] INFO: [PROTOCOL] 準備發送 255 bytes
[2025-11-11 10:20:00,544] INFO: [PROTOCOL] 已發送 259/259 bytes
[2025-11-11 10:20:00,544] INFO: [PROTOCOL] ✅ 完整發送 259 bytes
[2025-11-11 10:20:00,545] INFO: [PROTOCOL] 準備發送 255 bytes
[2025-11-11 10:20:00,545] INFO: [PROTOCOL] 已發送 259/259 bytes
[2025-11-11 10:20:00,545] INFO: [PROTOCOL] ✅ 完整發送 259 bytes
[2025-11-11 10:20:00,545] INFO: [PROTOCOL] 準備發送 255 bytes
[2025-11-11 10:20:00,545] INFO: [PROTOCOL] 已發送 259/259 bytes
[2025-11-11 10:20:00,545] INFO: [PROTOCOL] ✅ 完整發送 259 bytes
[2025-11-11 10:20:00,650] INFO: [PROTOCOL] 準備發送 255 bytes
[2025-11-11 10:20:00,650] INFO: [PROTOCOL] 已發送 259/259 bytes
[2025-11-11 10:20:00,651] INFO: [PROTOCOL] ✅ 完整發送 259 bytes
[2025-11-11 10:20:00,651] INFO: [PROTOCOL] 準備發送 255 bytes
[2025-11-11 10:20:00,651] INFO: [PROTOCOL] 已發送 259/259 bytes
[2025-11-11 10:20:00,651] INFO: [PROTOCOL] ✅ 完整發送 259 bytes
[2025-11-11 10:20:00,651] INFO: [PROTOCOL] 準備發送 255 bytes
[2025-11-11 10:20:00,651] INFO: [PROTOCOL] 已發送 259/259 bytes
[2025-11-11 10:20:00,651] INFO: [PROTOCOL] ✅ 完整發送 259 bytes
[2025-11-11 10:20:00,651] INFO: [PROTOCOL] 準備發送 255 bytes
[2025-11-11 10:20:00,651] INFO: [PROTOCOL] 已發送 259/259 bytes
[2025-11-11 10:20:00,651] INFO: [PROTOCOL] ✅ 完整發送 259 bytes
[2025-11-11 10:20:00,756] INFO: [PROTOCOL] 準備發送 255 bytes
[2025-11-11 10:20:00,757] INFO: [PROTOCOL] 已發送 259/259 bytes
[2025-11-11 10:20:00,757] INFO: [PROTOCOL] ✅ 完整發送 259 bytes
[2025-11-11 10:20:00,757] INFO: [PROTOCOL] 準備發送 255 bytes
[2025-11-11 10:20:00,757] INFO: [PROTOCOL] 已發送 259/259 bytes
[2025-11-11 10:20:00,757] INFO: [PROTOCOL] ✅ 完整發送 259 bytes
[2025-11-11 10:20:00,757] INFO: [PROTOCOL] 準備發送 255 bytes
[2025-11-11 10:20:00,757] INFO: [PROTOCOL] 已發送 259/259 bytes
[2025-11-11 10:20:00,757] INFO: [PROTOCOL] ✅ 完整發送 259 bytes
[2025-11-11 10:20:00,757] INFO: [PROTOCOL] 準備發送 255 bytes
[2025-11-11 10:20:00,757] INFO: [PROTOCOL] 已發送 259/259 bytes
[2025-11-11 10:20:00,757] INFO: [PROTOCOL] ✅ 完整發送 259 bytes
[2025-11-11 10:20:00,859] INFO: [PROTOCOL] 準備發送 255 bytes
[2025-11-11 10:20:00,859] INFO: [PROTOCOL] 已發送 259/259 bytes
[2025-11-11 10:20:00,859] INFO: [PROTOCOL] ✅ 完整發送 259 bytes
[2025-11-11 10:20:00,859] INFO: [PROTOCOL] 準備發送 255 bytes
[2025-11-11 10:20:00,859] INFO: [PROTOCOL] 已發送 259/259 bytes
[2025-11-11 10:20:00,859] INFO: [PROTOCOL] ✅ 完整發送 259 bytes
[2025-11-11 10:20:00,859] INFO: [PROTOCOL] 準備發送 255 bytes
[2025-11-11 10:20:00,859] INFO: [PROTOCOL] 已發送 259/259 bytes
[2025-11-11 10:20:00,859] INFO: [PROTOCOL] ✅ 完整發送 259 bytes
[2025-11-11 10:20:00,859] INFO: [PROTOCOL] 準備發送 255 bytes
[2025-11-11 10:20:00,859] INFO: [PROTOCOL] 已發送 259/259 bytes
[2025-11-11 10:20:00,859] INFO: [PROTOCOL] ✅ 完整發送 259 bytes
[2025-11-11 10:20:00,963] INFO: [PROTOCOL] 準備發送 256 bytes
[2025-11-11 10:20:00,964] INFO: [PROTOCOL] 已發送 260/260 bytes
[2025-11-11 10:20:00,964] INFO: [PROTOCOL] ✅ 完整發送 260 bytes
[2025-11-11 10:20:00,964] INFO: [PROTOCOL] 準備發送 256 bytes
[2025-11-11 10:20:00,964] INFO: [PROTOCOL] 已發送 260/260 bytes
[2025-11-11 10:20:00,964] INFO: [PROTOCOL] ✅ 完整發送 260 bytes
[2025-11-11 10:20:00,964] INFO: [PROTOCOL] 準備發送 256 bytes
[2025-11-11 10:20:00,964] INFO: [PROTOCOL] 已發送 260/260 bytes
[2025-11-11 10:20:00,964] INFO: [PROTOCOL] ✅ 完整發送 260 bytes
[2025-11-11 10:20:00,964] INFO: [PROTOCOL] 準備發送 256 bytes
[2025-11-11 10:20:00,964] INFO: [PROTOCOL] 已發送 260/260 bytes
[2025-11-11 10:20:00,964] INFO: [PROTOCOL] ✅ 完整發送 260 bytes
[2025-11-11 10:20:01,065] INFO: [PROTOCOL] 準備發送 256 bytes
[2025-11-11 10:20:01,065] INFO: [PROTOCOL] 已發送 260/260 bytes
[2025-11-11 10:20:01,065] INFO: [PROTOCOL] ✅ 完整發送 260 bytes
[2025-11-11 10:20:01,065] INFO: [PROTOCOL] 準備發送 256 bytes
[2025-11-11 10:20:01,065] INFO: [PROTOCOL] 已發送 260/260 bytes
[2025-11-11 10:20:01,065] INFO: [PROTOCOL] ✅ 完整發送 260 bytes
[2025-11-11 10:20:01,065] INFO: [PROTOCOL] 準備發送 256 bytes
[2025-11-11 10:20:01,065] INFO: [PROTOCOL] 已發送 260/260 bytes
[2025-11-11 10:20:01,065] INFO: [PROTOCOL] ✅ 完整發送 260 bytes
[2025-11-11 10:20:01,065] INFO: [PROTOCOL] 準備發送 256 bytes
[2025-11-11 10:20:01,065] INFO: [PROTOCOL] 已發送 260/260 bytes
[2025-11-11 10:20:01,065] INFO: [PROTOCOL] ✅ 完整發送 260 bytes
[2025-11-11 10:20:01,170] INFO: [PROTOCOL] 準備發送 256 bytes
[2025-11-11 10:20:01,170] INFO: [PROTOCOL] 已發送 260/260 bytes
[2025-11-11 10:20:01,171] INFO: [PROTOCOL] ✅ 完整發送 260 bytes
[2025-11-11 10:20:01,171] INFO: [PROTOCOL] 準備發送 256 bytes
[2025-11-11 10:20:01,171] INFO: [PROTOCOL] 已發送 260/260 bytes
[2025-11-11 10:20:01,171] INFO: [PROTOCOL] ✅ 完整發送 260 bytes
[2025-11-11 10:20:01,171] INFO: [PROTOCOL] 準備發送 256 bytes
[2025-11-11 10:20:01,171] INFO: [PROTOCOL] 已發送 260/260 bytes
[2025-11-11 10:20:01,171] INFO: [PROTOCOL] ✅ 完整發送 260 bytes
[2025-11-11 10:20:01,171] INFO: [PROTOCOL] 準備發送 256 bytes
[2025-11-11 10:20:01,171] INFO: [PROTOCOL] 已發送 260/260 bytes
[2025-11-11 10:20:01,171] INFO: [PROTOCOL] ✅ 完整發送 260 bytes
[2025-11-11 10:20:01,276] INFO: [PROTOCOL] 準備發送 256 bytes
[2025-11-11 10:20:01,276] INFO: [PROTOCOL] 已發送 260/260 bytes
[2025-11-11 10:20:01,276] INFO: [PROTOCOL] ✅ 完整發送 260 bytes
[2025-11-11 10:20:01,276] INFO: [PROTOCOL] 準備發送 256 bytes
[2025-11-11 10:20:01,276] INFO: [PROTOCOL] 已發送 260/260 bytes
[2025-11-11 10:20:01,276] INFO: [PROTOCOL] ✅ 完整發送 260 bytes
[2025-11-11 10:20:01,276] INFO: [PROTOCOL] 準備發送 256 bytes
[2025-11-11 10:20:01,276] INFO: [PROTOCOL] 已發送 260/260 bytes
[2025-11-11 10:20:01,276] INFO: [PROTOCOL] ✅ 完整發送 260 bytes
[2025-11-11 10:20:01,276] INFO: [PROTOCOL] 準備發送 256 bytes
[2025-11-11 10:20:01,276] INFO: [PROTOCOL] 已發送 260/260 bytes
[2025-11-11 10:20:01,277] INFO: [PROTOCOL] ✅ 完整發送 260 bytes
[2025-11-11 10:20:01,382] INFO: [PROTOCOL] 準備發送 256 bytes
[2025-11-11 10:20:01,382] INFO: [PROTOCOL] 已發送 260/260 bytes
[2025-11-11 10:20:01,382] INFO: [PROTOCOL] ✅ 完整發送 260 bytes
[2025-11-11 10:20:01,382] INFO: [PROTOCOL] 準備發送 256 bytes
[2025-11-11 10:20:01,382] INFO: [PROTOCOL] 已發送 260/260 bytes
[2025-11-11 10:20:01,382] INFO: [PROTOCOL] ✅ 完整發送 260 bytes
[2025-11-11 10:20:01,382] INFO: [PROTOCOL] 準備發送 256 bytes
[2025-11-11 10:20:01,382] INFO: [PROTOCOL] 已發送 260/260 bytes
[2025-11-11 10:20:01,382] INFO: [PROTOCOL] ✅ 完整發送 260 bytes
[2025-11-11 10:20:01,382] INFO: [PROTOCOL] 準備發送 256 bytes
[2025-11-11 10:20:01,382] INFO: [PROTOCOL] 已發送 260/260 bytes
[2025-11-11 10:20:01,382] INFO: [PROTOCOL] ✅ 完整發送 260 bytes
[2025-11-11 10:20:01,485] INFO: [PROTOCOL] 準備發送 256 bytes
[2025-11-11 10:20:01,485] INFO: [PROTOCOL] 已發送 260/260 bytes
[2025-11-11 10:20:01,485] INFO: [PROTOCOL] ✅ 完整發送 260 bytes
[2025-11-11 10:20:01,485] INFO: [PROTOCOL] 準備發送 256 bytes
[2025-11-11 10:20:01,485] INFO: [PROTOCOL] 已發送 260/260 bytes
[2025-11-11 10:20:01,485] INFO: [PROTOCOL] ✅ 完整發送 260 bytes
[2025-11-11 10:20:01,485] INFO: [PROTOCOL] 準備發送 256 bytes
[2025-11-11 10:20:01,485] INFO: [PROTOCOL] 已發送 260/260 bytes
[2025-11-11 10:20:01,485] INFO: [PROTOCOL] ✅ 完整發送 260 bytes
[2025-11-11 10:20:01,485] INFO: [PROTOCOL] 準備發送 256 bytes
[2025-11-11 10:20:01,485] INFO: [PROTOCOL] 已發送 260/260 bytes
[2025-11-11 10:20:01,485] INFO: [PROTOCOL] ✅ 完整發送 260 bytes
[2025-11-11 10:20:01,590] INFO: [PROTOCOL] 準備發送 256 bytes
[2025-11-11 10:20:01,590] INFO: [PROTOCOL] 已發送 260/260 bytes
[2025-11-11 10:20:01,590] INFO: [PROTOCOL] ✅ 完整發送 260 bytes
[2025-11-11 10:20:01,590] INFO: [PROTOCOL] 準備發送 256 bytes
[2025-11-11 10:20:01,590] INFO: [PROTOCOL] 已發送 260/260 bytes
[2025-11-11 10:20:01,590] INFO: [PROTOCOL] ✅ 完整發送 260 bytes
[2025-11-11 10:20:01,591] INFO: [PROTOCOL] 準備發送 256 bytes
[2025-11-11 10:20:01,591] INFO: [PROTOCOL] 已發送 260/260 bytes
[2025-11-11 10:20:01,591] INFO: [PROTOCOL] ✅ 完整發送 260 bytes
[2025-11-11 10:20:01,591] INFO: [PROTOCOL] 準備發送 256 bytes
[2025-11-11 10:20:01,591] INFO: [PROTOCOL] 已發送 260/260 bytes
[2025-11-11 10:20:01,591] INFO: [PROTOCOL] ✅ 完整發送 260 bytes
[2025-11-11 10:20:01,696] INFO: [PROTOCOL] 準備發送 256 bytes
[2025-11-11 10:20:01,696] INFO: [PROTOCOL] 已發送 260/260 bytes
[2025-11-11 10:20:01,696] INFO: [PROTOCOL] ✅ 完整發送 260 bytes
[2025-11-11 10:20:01,696] INFO: [PROTOCOL] 準備發送 256 bytes
[2025-11-11 10:20:01,696] INFO: [PROTOCOL] 已發送 260/260 bytes
[2025-11-11 10:20:01,696] INFO: [PROTOCOL] ✅ 完整發送 260 bytes
[2025-11-11 10:20:01,696] INFO: [PROTOCOL] 準備發送 256 bytes
[2025-11-11 10:20:01,696] INFO: [PROTOCOL] 已發送 260/260 bytes
[2025-11-11 10:20:01,696] INFO: [PROTOCOL] ✅ 完整發送 260 bytes
[2025-11-11 10:20:01,696] INFO: [PROTOCOL] 準備發送 256 bytes
[2025-11-11 10:20:01,696] INFO: [PROTOCOL] 已發送 260/260 bytes
[2025-11-11 10:20:01,696] INFO: [PROTOCOL] ✅ 完整發送 260 bytes
[2025-11-11 10:20:01,801] INFO: [PROTOCOL] 準備發送 256 bytes
[2025-11-11 10:20:01,801] INFO: [PROTOCOL] 已發送 260/260 bytes
[2025-11-11 10:20:01,801] INFO: [PROTOCOL] ✅ 完整發送 260 bytes
[2025-11-11 10:20:01,801] INFO: [PROTOCOL] 準備發送 256 bytes
[2025-11-11 10:20:01,801] INFO: [PROTOCOL] 已發送 260/260 bytes
[2025-11-11 10:20:01,801] INFO: [PROTOCOL] ✅ 完整發送 260 bytes
[2025-11-11 10:20:01,801] INFO: [PROTOCOL] 準備發送 256 bytes
[2025-11-11 10:20:01,801] INFO: [PROTOCOL] 已發送 260/260 bytes
[2025-11-11 10:20:01,801] INFO: [PROTOCOL] ✅ 完整發送 260 bytes
[2025-11-11 10:20:01,801] INFO: [PROTOCOL] 準備發送 256 bytes
[2025-11-11 10:20:01,801] INFO: [PROTOCOL] 已發送 260/260 bytes
[2025-11-11 10:20:01,801] INFO: [PROTOCOL] ✅ 完整發送 260 bytes
[2025-11-11 10:20:01,904] INFO: [PROTOCOL] 準備發送 256 bytes
[2025-11-11 10:20:01,904] INFO: [PROTOCOL] 已發送 260/260 bytes
[2025-11-11 10:20:01,904] INFO: [PROTOCOL] ✅ 完整發送 260 bytes
[2025-11-11 10:20:01,904] INFO: [PROTOCOL] 準備發送 256 bytes
[2025-11-11 10:20:01,904] INFO: [PROTOCOL] 已發送 260/260 bytes
[2025-11-11 10:20:01,904] INFO: [PROTOCOL] ✅ 完整發送 260 bytes
[2025-11-11 10:20:01,904] INFO: [PROTOCOL] 準備發送 256 bytes
[2025-11-11 10:20:01,904] INFO: [PROTOCOL] 已發送 260/260 bytes
[2025-11-11 10:20:01,904] INFO: [PROTOCOL] ✅ 完整發送 260 bytes
[2025-11-11 10:20:01,904] INFO: [PROTOCOL] 準備發送 256 bytes
[2025-11-11 10:20:01,904] INFO: [PROTOCOL] 已發送 260/260 bytes
[2025-11-11 10:20:01,904] INFO: [PROTOCOL] ✅ 完整發送 260 bytes
[2025-11-11 10:20:02,009] INFO: [PROTOCOL] 準備發送 256 bytes
[2025-11-11 10:20:02,009] INFO: [PROTOCOL] 已發送 260/260 bytes
[2025-11-11 10:20:02,009] INFO: [PROTOCOL] ✅ 完整發送 260 bytes
[2025-11-11 10:20:02,009] INFO: [PROTOCOL] 準備發送 256 bytes
[2025-11-11 10:20:02,010] INFO: [PROTOCOL] 已發送 260/260 bytes
[2025-11-11 10:20:02,010] INFO: [PROTOCOL] ✅ 完整發送 260 bytes
[2025-11-11 10:20:02,010] INFO: [PROTOCOL] 準備發送 256 bytes
[2025-11-11 10:20:02,010] INFO: [PROTOCOL] 已發送 260/260 bytes
[2025-11-11 10:20:02,010] INFO: [PROTOCOL] ✅ 完整發送 260 bytes
[2025-11-11 10:20:02,010] INFO: [PROTOCOL] 準備發送 256 bytes
[2025-11-11 10:20:02,010] INFO: [PROTOCOL] 已發送 260/260 bytes
[2025-11-11 10:20:02,010] INFO: [PROTOCOL] ✅ 完整發送 260 bytes
[2025-11-11 10:20:02,115] INFO: [PROTOCOL] 準備發送 256 bytes
[2025-11-11 10:20:02,115] INFO: [PROTOCOL] 已發送 260/260 bytes
[2025-11-11 10:20:02,115] INFO: [PROTOCOL] ✅ 完整發送 260 bytes
[2025-11-11 10:20:02,115] INFO: [PROTOCOL] 準備發送 256 bytes
[2025-11-11 10:20:02,115] INFO: [PROTOCOL] 已發送 260/260 bytes
[2025-11-11 10:20:02,115] INFO: [PROTOCOL] ✅ 完整發送 260 bytes
[2025-11-11 10:20:02,116] INFO: [PROTOCOL] 準備發送 256 bytes
[2025-11-11 10:20:02,116] INFO: [PROTOCOL] 已發送 260/260 bytes
[2025-11-11 10:20:02,116] INFO: [PROTOCOL] ✅ 完整發送 260 bytes
[2025-11-11 10:20:02,116] INFO: [PROTOCOL] 準備發送 256 bytes
[2025-11-11 10:20:02,116] INFO: [PROTOCOL] 已發送 260/260 bytes
[2025-11-11 10:20:02,116] INFO: [PROTOCOL] ✅ 完整發送 260 bytes
[2025-11-11 10:20:02,221] INFO: [PROTOCOL] 準備發送 256 bytes
[2025-11-11 10:20:02,221] INFO: [PROTOCOL] 已發送 260/260 bytes
[2025-11-11 10:20:02,221] INFO: [PROTOCOL] ✅ 完整發送 260 bytes
[2025-11-11 10:20:02,221] INFO: [PROTOCOL] 準備發送 256 bytes
[2025-11-11 10:20:02,221] INFO: [PROTOCOL] 已發送 260/260 bytes
[2025-11-11 10:20:02,221] INFO: [PROTOCOL] ✅ 完整發送 260 bytes
[2025-11-11 10:20:02,221] INFO: [PROTOCOL] 準備發送 256 bytes
[2025-11-11 10:20:02,221] INFO: [PROTOCOL] 已發送 260/260 bytes
[2025-11-11 10:20:02,221] INFO: [PROTOCOL] ✅ 完整發送 260 bytes
[2025-11-11 10:20:02,221] INFO: [PROTOCOL] 準備發送 256 bytes
[2025-11-11 10:20:02,221] INFO: [PROTOCOL] 已發送 260/260 bytes
[2025-11-11 10:20:02,221] INFO: [PROTOCOL] ✅ 完整發送 260 bytes
[2025-11-11 10:20:02,322] INFO: [PROTOCOL] 準備發送 256 bytes
[2025-11-11 10:20:02,322] INFO: [PROTOCOL] 已發送 260/260 bytes
[2025-11-11 10:20:02,322] INFO: [PROTOCOL] ✅ 完整發送 260 bytes
[2025-11-11 10:20:02,322] INFO: [PROTOCOL] 準備發送 256 bytes
[2025-11-11 10:20:02,322] INFO: [PROTOCOL] 已發送 260/260 bytes
[2025-11-11 10:20:02,322] INFO: [PROTOCOL] ✅ 完整發送 260 bytes
[2025-11-11 10:20:02,322] INFO: [PROTOCOL] 準備發送 256 bytes
[2025-11-11 10:20:02,322] INFO: [PROTOCOL] 已發送 260/260 bytes
[2025-11-11 10:20:02,322] INFO: [PROTOCOL] ✅ 完整發送 260 bytes
[2025-11-11 10:20:02,322] INFO: [PROTOCOL] 準備發送 256 bytes
[2025-11-11 10:20:02,322] INFO: [PROTOCOL] 已發送 260/260 bytes
[2025-11-11 10:20:02,322] INFO: [PROTOCOL] ✅ 完整發送 260 bytes
[2025-11-11 10:20:02,428] INFO: [PROTOCOL] 準備發送 256 bytes
[2025-11-11 10:20:02,428] INFO: [PROTOCOL] 已發送 260/260 bytes
[2025-11-11 10:20:02,428] INFO: [PROTOCOL] ✅ 完整發送 260 bytes
[2025-11-11 10:20:02,428] INFO: [PROTOCOL] 準備發送 256 bytes
[2025-11-11 10:20:02,428] INFO: [PROTOCOL] 已發送 260/260 bytes
[2025-11-11 10:20:02,428] INFO: [PROTOCOL] ✅ 完整發送 260 bytes
[2025-11-11 10:20:02,428] INFO: [PROTOCOL] 準備發送 256 bytes
[2025-11-11 10:20:02,428] INFO: [PROTOCOL] 已發送 260/260 bytes
[2025-11-11 10:20:02,428] INFO: [PROTOCOL] ✅ 完整發送 260 bytes
[2025-11-11 10:20:02,428] INFO: [PROTOCOL] 準備發送 256 bytes
[2025-11-11 10:20:02,428] INFO: [PROTOCOL] 已發送 260/260 bytes
[2025-11-11 10:20:02,428] INFO: [PROTOCOL] ✅ 完整發送 260 bytes
[2025-11-11 10:20:02,530] INFO: [PROTOCOL] 準備發送 256 bytes
[2025-11-11 10:20:02,531] INFO: [PROTOCOL] 已發送 260/260 bytes
[2025-11-11 10:20:02,531] INFO: [PROTOCOL] ✅ 完整發送 260 bytes
[2025-11-11 10:20:02,531] INFO: [PROTOCOL] 準備發送 256 bytes
[2025-11-11 10:20:02,531] INFO: [PROTOCOL] 已發送 260/260 bytes
[2025-11-11 10:20:02,531] INFO: [PROTOCOL] ✅ 完整發送 260 bytes
[2025-11-11 10:20:02,531] INFO: [PROTOCOL] 準備發送 256 bytes
[2025-11-11 10:20:02,531] INFO: [PROTOCOL] 已發送 260/260 bytes
[2025-11-11 10:20:02,531] INFO: [PROTOCOL] ✅ 完整發送 260 bytes
[2025-11-11 10:20:02,531] INFO: [PROTOCOL] 準備發送 256 bytes
[2025-11-11 10:20:02,531] INFO: [PROTOCOL] 已發送 260/260 bytes
[2025-11-11 10:20:02,531] INFO: [PROTOCOL] ✅ 完整發送 260 bytes
[2025-11-11 10:20:02,634] INFO: [PROTOCOL] 準備發送 256 bytes
[2025-11-11 10:20:02,634] INFO: [PROTOCOL] 已發送 260/260 bytes
[2025-11-11 10:20:02,634] INFO: [PROTOCOL] ✅ 完整發送 260 bytes
[2025-11-11 10:20:02,634] INFO: [PROTOCOL] 準備發送 256 bytes
[2025-11-11 10:20:02,634] INFO: [PROTOCOL] 已發送 260/260 bytes
[2025-11-11 10:20:02,634] INFO: [PROTOCOL] ✅ 完整發送 260 bytes
[2025-11-11 10:20:02,634] INFO: [PROTOCOL] 準備發送 256 bytes
[2025-11-11 10:20:02,634] INFO: [PROTOCOL] 已發送 260/260 bytes
[2025-11-11 10:20:02,634] INFO: [PROTOCOL] ✅ 完整發送 260 bytes
[2025-11-11 10:20:02,635] INFO: [PROTOCOL] 準備發送 256 bytes
[2025-11-11 10:20:02,635] INFO: [PROTOCOL] 已發送 260/260 bytes
[2025-11-11 10:20:02,635] INFO: [PROTOCOL] ✅ 完整發送 260 bytes
[2025-11-11 10:20:02,736] INFO: [PROTOCOL] 準備發送 256 bytes
[2025-11-11 10:20:02,736] INFO: [PROTOCOL] 已發送 260/260 bytes
[2025-11-11 10:20:02,736] INFO: [PROTOCOL] ✅ 完整發送 260 bytes
[2025-11-11 10:20:02,736] INFO: [PROTOCOL] 準備發送 256 bytes
[2025-11-11 10:20:02,736] INFO: [PROTOCOL] 已發送 260/260 bytes
[2025-11-11 10:20:02,736] INFO: [PROTOCOL] ✅ 完整發送 260 bytes
[2025-11-11 10:20:02,736] INFO: [PROTOCOL] 準備發送 256 bytes
[2025-11-11 10:20:02,736] INFO: [PROTOCOL] 已發送 260/260 bytes
[2025-11-11 10:20:02,736] INFO: [PROTOCOL] ✅ 完整發送 260 bytes
[2025-11-11 10:20:02,736] INFO: [PROTOCOL] 準備發送 256 bytes
[2025-11-11 10:20:02,736] INFO: [PROTOCOL] 已發送 260/260 bytes
[2025-11-11 10:20:02,737] INFO: [PROTOCOL] ✅ 完整發送 260 bytes
[2025-11-11 10:20:02,842] INFO: [PROTOCOL] 準備發送 256 bytes
[2025-11-11 10:20:02,842] INFO: [PROTOCOL] 已發送 260/260 bytes
[2025-11-11 10:20:02,842] INFO: [PROTOCOL] ✅ 完整發送 260 bytes
[2025-11-11 10:20:02,842] INFO: [PROTOCOL] 準備發送 256 bytes
[2025-11-11 10:20:02,843] INFO: [PROTOCOL] 已發送 260/260 bytes
[2025-11-11 10:20:02,843] INFO: [PROTOCOL] ✅ 完整發送 260 bytes
[2025-11-11 10:20:02,843] INFO: [PROTOCOL] 準備發送 256 bytes
[2025-11-11 10:20:02,843] INFO: [PROTOCOL] 已發送 260/260 bytes
[2025-11-11 10:20:02,843] INFO: [PROTOCOL] ✅ 完整發送 260 bytes
[2025-11-11 10:20:02,843] INFO: [PROTOCOL] 準備發送 256 bytes
[2025-11-11 10:20:02,843] INFO: [PROTOCOL] 已發送 260/260 bytes
[2025-11-11 10:20:02,843] INFO: [PROTOCOL] ✅ 完整發送 260 bytes
[2025-11-11 10:20:02,948] INFO: [PROTOCOL] 準備發送 256 bytes
[2025-11-11 10:20:02,948] INFO: [PROTOCOL] 已發送 260/260 bytes
[2025-11-11 10:20:02,948] INFO: [PROTOCOL] ✅ 完整發送 260 bytes
[2025-11-11 10:20:02,948] INFO: [PROTOCOL] 準備發送 256 bytes
[2025-11-11 10:20:02,948] INFO: [PROTOCOL] 已發送 260/260 bytes
[2025-11-11 10:20:02,949] INFO: [PROTOCOL] ✅ 完整發送 260 bytes
[2025-11-11 10:20:02,949] INFO: [PROTOCOL] 準備發送 256 bytes
[2025-11-11 10:20:02,949] INFO: [PROTOCOL] 已發送 260/260 bytes
[2025-11-11 10:20:02,949] INFO: [PROTOCOL] ✅ 完整發送 260 bytes
[2025-11-11 10:20:02,949] INFO: [PROTOCOL] 準備發送 256 bytes
[2025-11-11 10:20:02,949] INFO: [PROTOCOL] 已發送 260/260 bytes
[2025-11-11 10:20:02,949] INFO: [PROTOCOL] ✅ 完整發送 260 bytes
[2025-11-11 10:20:03,051] INFO: [PROTOCOL] 準備發送 256 bytes
[2025-11-11 10:20:03,051] INFO: [PROTOCOL] 已發送 260/260 bytes
[2025-11-11 10:20:03,051] INFO: [PROTOCOL] ✅ 完整發送 260 bytes
[2025-11-11 10:20:03,051] INFO: [PROTOCOL] 準備發送 256 bytes
[2025-11-11 10:20:03,051] INFO: [PROTOCOL] 已發送 260/260 bytes
[2025-11-11 10:20:03,051] INFO: [PROTOCOL] ✅ 完整發送 260 bytes
[2025-11-11 10:20:03,052] INFO: [PROTOCOL] 準備發送 256 bytes
[2025-11-11 10:20:03,052] INFO: [PROTOCOL] 已發送 260/260 bytes
[2025-11-11 10:20:03,052] INFO: [PROTOCOL] ✅ 完整發送 260 bytes
[2025-11-11 10:20:03,052] INFO: [PROTOCOL] 準備發送 256 bytes
[2025-11-11 10:20:03,052] INFO: [PROTOCOL] 已發送 260/260 bytes
[2025-11-11 10:20:03,052] INFO: [PROTOCOL] ✅ 完整發送 260 bytes
[2025-11-11 10:20:03,157] INFO: [PROTOCOL] 準備發送 256 bytes
[2025-11-11 10:20:03,157] INFO: [PROTOCOL] 已發送 260/260 bytes
[2025-11-11 10:20:03,157] INFO: [PROTOCOL] ✅ 完整發送 260 bytes
[2025-11-11 10:20:03,157] INFO: [PROTOCOL] 準備發送 256 bytes
[2025-11-11 10:20:03,157] INFO: [PROTOCOL] 已發送 260/260 bytes
[2025-11-11 10:20:03,157] INFO: [PROTOCOL] ✅ 完整發送 260 bytes
[2025-11-11 10:20:03,157] INFO: [PROTOCOL] 準備發送 256 bytes
[2025-11-11 10:20:03,157] INFO: [PROTOCOL] 已發送 260/260 bytes
[2025-11-11 10:20:03,157] INFO: [PROTOCOL] ✅ 完整發送 260 bytes
[2025-11-11 10:20:03,157] INFO: [PROTOCOL] 準備發送 256 bytes
[2025-11-11 10:20:03,157] INFO: [PROTOCOL] 已發送 260/260 bytes
[2025-11-11 10:20:03,157] INFO: [PROTOCOL] ✅ 完整發送 260 bytes
[2025-11-11 10:20:03,259] INFO: [PROTOCOL] 準備發送 256 bytes
[2025-11-11 10:20:03,260] INFO: [PROTOCOL] 已發送 260/260 bytes
[2025-11-11 10:20:03,260] INFO: [PROTOCOL] ✅ 完整發送 260 bytes
[2025-11-11 10:20:03,260] INFO: [PROTOCOL] 準備發送 256 bytes
[2025-11-11 10:20:03,260] INFO: [PROTOCOL] 已發送 260/260 bytes
[2025-11-11 10:20:03,260] INFO: [PROTOCOL] ✅ 完整發送 260 bytes
[2025-11-11 10:20:03,260] INFO: [PROTOCOL] 準備發送 256 bytes
[2025-11-11 10:20:03,260] INFO: [PROTOCOL] 已發送 260/260 bytes
[2025-11-11 10:20:03,260] INFO: [PROTOCOL] ✅ 完整發送 260 bytes
[2025-11-11 10:20:03,260] INFO: [PROTOCOL] 準備發送 256 bytes
[2025-11-11 10:20:03,260] INFO: [PROTOCOL] 已發送 260/260 bytes
[2025-11-11 10:20:03,260] INFO: [PROTOCOL] ✅ 完整發送 260 bytes
[2025-11-11 10:20:03,365] INFO: [PROTOCOL] 準備發送 256 bytes
[2025-11-11 10:20:03,365] INFO: [PROTOCOL] 已發送 260/260 bytes
[2025-11-11 10:20:03,365] INFO: [PROTOCOL] ✅ 完整發送 260 bytes
[2025-11-11 10:20:03,365] INFO: [PROTOCOL] 準備發送 256 bytes
[2025-11-11 10:20:03,365] INFO: [PROTOCOL] 已發送 260/260 bytes
[2025-11-11 10:20:03,365] INFO: [PROTOCOL] ✅ 完整發送 260 bytes
[2025-11-11 10:20:03,365] INFO: [PROTOCOL] 準備發送 256 bytes
[2025-11-11 10:20:03,365] INFO: [PROTOCOL] 已發送 260/260 bytes
[2025-11-11 10:20:03,365] INFO: [PROTOCOL] ✅ 完整發送 260 bytes
[2025-11-11 10:20:03,365] INFO: [PROTOCOL] 準備發送 256 bytes
[2025-11-11 10:20:03,365] INFO: [PROTOCOL] 已發送 260/260 bytes
[2025-11-11 10:20:03,365] INFO: [PROTOCOL] ✅ 完整發送 260 bytes
[2025-11-11 10:20:03,467] INFO: [PROTOCOL] 準備發送 256 bytes
[2025-11-11 10:20:03,467] INFO: [PROTOCOL] 已發送 260/260 bytes
[2025-11-11 10:20:03,467] INFO: [PROTOCOL] ✅ 完整發送 260 bytes
[2025-11-11 10:20:03,467] INFO: [PROTOCOL] 準備發送 256 bytes
[2025-11-11 10:20:03,467] INFO: [PROTOCOL] 已發送 260/260 bytes
[2025-11-11 10:20:03,467] INFO: [PROTOCOL] ✅ 完整發送 260 bytes
[2025-11-11 10:20:03,467] INFO: [PROTOCOL] 準備發送 256 bytes
[2025-11-11 10:20:03,467] INFO: [PROTOCOL] 已發送 260/260 bytes
[2025-11-11 10:20:03,467] INFO: [PROTOCOL] ✅ 完整發送 260 bytes
[2025-11-11 10:20:03,467] INFO: [PROTOCOL] 準備發送 256 bytes
[2025-11-11 10:20:03,467] INFO: [PROTOCOL] 已發送 260/260 bytes
[2025-11-11 10:20:03,467] INFO: [PROTOCOL] ✅ 完整發送 260 bytes
[2025-11-11 10:20:03,573] INFO: [PROTOCOL] 準備發送 256 bytes
[2025-11-11 10:20:03,573] INFO: [PROTOCOL] 已發送 260/260 bytes
[2025-11-11 10:20:03,573] INFO: [PROTOCOL] ✅ 完整發送 260 bytes
[2025-11-11 10:20:03,573] INFO: [PROTOCOL] 準備發送 256 bytes
[2025-11-11 10:20:03,573] INFO: [PROTOCOL] 已發送 260/260 bytes
[2025-11-11 10:20:03,573] INFO: [PROTOCOL] ✅ 完整發送 260 bytes
[2025-11-11 10:20:03,573] INFO: [PROTOCOL] 準備發送 256 bytes
[2025-11-11 10:20:03,573] INFO: [PROTOCOL] 已發送 260/260 bytes
[2025-11-11 10:20:03,573] INFO: [PROTOCOL] ✅ 完整發送 260 bytes
[2025-11-11 10:20:03,573] INFO: [PROTOCOL] 準備發送 256 bytes
[2025-11-11 10:20:03,573] INFO: [PROTOCOL] 已發送 260/260 bytes
[2025-11-11 10:20:03,573] INFO: [PROTOCOL] ✅ 完整發送 260 bytes
[2025-11-11 10:20:03,674] INFO: [PROTOCOL] 準備發送 256 bytes
[2025-11-11 10:20:03,674] INFO: [PROTOCOL] 已發送 260/260 bytes
[2025-11-11 10:20:03,674] INFO: [PROTOCOL] ✅ 完整發送 260 bytes
[2025-11-11 10:20:03,675] INFO: [PROTOCOL] 準備發送 256 bytes
[2025-11-11 10:20:03,675] INFO: [PROTOCOL] 已發送 260/260 bytes
[2025-11-11 10:20:03,675] INFO: [PROTOCOL] ✅ 完整發送 260 bytes
[2025-11-11 10:20:03,675] INFO: [PROTOCOL] 準備發送 256 bytes
[2025-11-11 10:20:03,675] INFO: [PROTOCOL] 已發送 260/260 bytes
[2025-11-11 10:20:03,675] INFO: [PROTOCOL] ✅ 完整發送 260 bytes
[2025-11-11 10:20:03,675] INFO: [PROTOCOL] 準備發送 256 bytes
[2025-11-11 10:20:03,675] INFO: [PROTOCOL] 已發送 260/260 bytes
[2025-11-11 10:20:03,676] INFO: [PROTOCOL] ✅ 完整發送 260 bytes
[2025-11-11 10:20:03,784] INFO: [PROTOCOL] 準備發送 256 bytes
[2025-11-11 10:20:03,784] INFO: [PROTOCOL] 已發送 260/260 bytes
[2025-11-11 10:20:03,784] INFO: [PROTOCOL] ✅ 完整發送 260 bytes
[2025-11-11 10:20:03,784] INFO: [PROTOCOL] 準備發送 256 bytes
[2025-11-11 10:20:03,784] INFO: [PROTOCOL] 已發送 260/260 bytes
[2025-11-11 10:20:03,785] INFO: [PROTOCOL] ✅ 完整發送 260 bytes
[2025-11-11 10:20:03,785] INFO: [PROTOCOL] 準備發送 256 bytes
[2025-11-11 10:20:03,785] INFO: [PROTOCOL] 已發送 260/260 bytes
[2025-11-11 10:20:03,785] INFO: [PROTOCOL] ✅ 完整發送 260 bytes
[2025-11-11 10:20:03,785] INFO: [PROTOCOL] 準備發送 256 bytes
[2025-11-11 10:20:03,785] INFO: [PROTOCOL] 已發送 260/260 bytes
[2025-11-11 10:20:03,785] INFO: [PROTOCOL] ✅ 完整發送 260 bytes
[2025-11-11 10:20:03,890] INFO: [PROTOCOL] 準備發送 256 bytes
[2025-11-11 10:20:03,891] INFO: [PROTOCOL] 已發送 260/260 bytes
[2025-11-11 10:20:03,891] INFO: [PROTOCOL] ✅ 完整發送 260 bytes
[2025-11-11 10:20:03,891] INFO: [PROTOCOL] 準備發送 256 bytes
[2025-11-11 10:20:03,891] INFO: [PROTOCOL] 已發送 260/260 bytes
[2025-11-11 10:20:03,891] INFO: [PROTOCOL] ✅ 完整發送 260 bytes
[2025-11-11 10:20:03,891] INFO: [PROTOCOL] 準備發送 256 bytes
[2025-11-11 10:20:03,891] INFO: [PROTOCOL] 已發送 260/260 bytes
[2025-11-11 10:20:03,891] INFO: [PROTOCOL] ✅ 完整發送 260 bytes
[2025-11-11 10:20:03,891] INFO: [PROTOCOL] 準備發送 256 bytes
[2025-11-11 10:20:03,891] INFO: [PROTOCOL] 已發送 260/260 bytes
[2025-11-11 10:20:03,891] INFO: [PROTOCOL] ✅ 完整發送 260 bytes
[2025-11-11 10:20:03,996] INFO: [PROTOCOL] 準備發送 256 bytes
[2025-11-11 10:20:03,997] INFO: [PROTOCOL] 已發送 260/260 bytes
[2025-11-11 10:20:03,997] INFO: [PROTOCOL] ✅ 完整發送 260 bytes
[2025-11-11 10:20:03,997] INFO: [PROTOCOL] 準備發送 256 bytes
[2025-11-11 10:20:03,997] INFO: [PROTOCOL] 已發送 260/260 bytes
[2025-11-11 10:20:03,997] INFO: [PROTOCOL] ✅ 完整發送 260 bytes
[2025-11-11 10:20:03,997] INFO: [PROTOCOL] 準備發送 256 bytes
[2025-11-11 10:20:03,997] INFO: [PROTOCOL] 已發送 260/260 bytes
[2025-11-11 10:20:03,997] INFO: [PROTOCOL] ✅ 完整發送 260 bytes
[2025-11-11 10:20:03,997] INFO: [PROTOCOL] 準備發送 256 bytes
[2025-11-11 10:20:03,997] INFO: [PROTOCOL] 已發送 260/260 bytes
[2025-11-11 10:20:03,997] INFO: [PROTOCOL] ✅ 完整發送 260 bytes
[2025-11-11 10:20:04,103] INFO: [PROTOCOL] 準備發送 256 bytes
[2025-11-11 10:20:04,103] INFO: [PROTOCOL] 已發送 260/260 bytes
[2025-11-11 10:20:04,103] INFO: [PROTOCOL] ✅ 完整發送 260 bytes
[2025-11-11 10:20:04,103] INFO: [PROTOCOL] 準備發送 256 bytes
[2025-11-11 10:20:04,103] INFO: [PROTOCOL] 已發送 260/260 bytes
[2025-11-11 10:20:04,103] INFO: [PROTOCOL] ✅ 完整發送 260 bytes
[2025-11-11 10:20:04,103] INFO: [PROTOCOL] 準備發送 256 bytes
[2025-11-11 10:20:04,103] INFO: [PROTOCOL] 已發送 260/260 bytes
[2025-11-11 10:20:04,103] INFO: [PROTOCOL] ✅ 完整發送 260 bytes
[2025-11-11 10:20:04,103] INFO: [PROTOCOL] 準備發送 256 bytes
[2025-11-11 10:20:04,103] INFO: [PROTOCOL] 已發送 260/260 bytes
[2025-11-11 10:20:04,103] INFO: [PROTOCOL] ✅ 完整發送 260 bytes
[2025-11-11 10:20:04,207] INFO: [PROTOCOL] 準備發送 256 bytes
[2025-11-11 10:20:04,207] INFO: [PROTOCOL] 已發送 260/260 bytes
[2025-11-11 10:20:04,207] INFO: [PROTOCOL] ✅ 完整發送 260 bytes
[2025-11-11 10:20:04,207] INFO: [PROTOCOL] 準備發送 256 bytes
[2025-11-11 10:20:04,207] INFO: [PROTOCOL] 已發送 260/260 bytes
[2025-11-11 10:20:04,207] INFO: [PROTOCOL] ✅ 完整發送 260 bytes
[2025-11-11 10:20:04,207] INFO: [PROTOCOL] 準備發送 256 bytes
[2025-11-11 10:20:04,207] INFO: [PROTOCOL] 已發送 260/260 bytes
[2025-11-11 10:20:04,207] INFO: [PROTOCOL] ✅ 完整發送 260 bytes
[2025-11-11 10:20:04,207] INFO: [PROTOCOL] 準備發送 256 bytes
[2025-11-11 10:20:04,207] INFO: [PROTOCOL] 已發送 260/260 bytes
[2025-11-11 10:20:04,207] INFO: [PROTOCOL] ✅ 完整發送 260 bytes
[2025-11-11 10:20:04,284] ERROR: ❌ ProtocolError for 2: 接收失敗: [Errno 54] Connection reset by peer
[2025-11-11 10:20:04,284] WARNING: ⚠️ Player 2 disconnected during game!
[2025-11-11 10:20:04,284] INFO: [PROTOCOL] 準備發送 126 bytes
[2025-11-11 10:20:04,285] INFO: [PROTOCOL] 已發送 130/130 bytes
[2025-11-11 10:20:04,285] INFO: [PROTOCOL] ✅ 完整發送 130 bytes
[2025-11-11 10:20:04,285] INFO: [PROTOCOL] 準備發送 126 bytes
[2025-11-11 10:20:04,285] ERROR: [PROTOCOL] ❌ 發送訊息失敗: 發送失敗: [Errno 32] Broken pipe
[2025-11-11 10:20:04,285] INFO: 📊 Attempting to report game result to lobby: room=27, results={'P1': {'user_id': 1, 'score': 0, 'lines_cleared': 0}, 'P2': {'user_id': 2, 'score': 0, 'lines_cleared': 0}}
[2025-11-11 10:20:04,285] INFO: 📡 Connecting to lobby server at localhost:10002...
[2025-11-11 10:20:04,288] INFO: ✅ Connected to lobby server
[2025-11-11 10:20:04,288] INFO: 🏆 Winner: None
[2025-11-11 10:20:04,288] INFO: 📤 Sending report: {'action': 'report_game_result', 'data': {'room_id': 27, 'winner': None, 'results': {'P1': {'user_id': 1, 'score': 0, 'lines_cleared': 0}, 'P2': {'user_id': 2, 'score': 0, 'lines_cleared': 0}}}}
[2025-11-11 10:20:04,289] INFO: [PROTOCOL] 準備發送 194 bytes
[2025-11-11 10:20:04,289] INFO: [PROTOCOL] 已發送 198/198 bytes
[2025-11-11 10:20:04,289] INFO: [PROTOCOL] ✅ 完整發送 198 bytes
[2025-11-11 10:20:04,289] INFO: ✅ Report sent, waiting for response...
[2025-11-11 10:20:04,297] INFO: 📥 Received response: {'status': 'success', 'message': '遊戲結果已記錄'}
[2025-11-11 10:20:04,297] INFO: ✅ Game result reported to Lobby Server successfully
[2025-11-11 10:20:04,297] INFO: 🏁 Game ended due to player 2 disconnection
[2025-11-11 10:20:04,297] INFO: 🔌 Player 2 input handler stopped
[2025-11-11 10:20:04,313] INFO: 🎮 Game Over! Winner: None
[2025-11-11 10:20:04,314] INFO: [PROTOCOL] 準備發送 158 bytes
[2025-11-11 10:20:04,314] INFO: [PROTOCOL] 已發送 162/162 bytes
[2025-11-11 10:20:04,314] INFO: [PROTOCOL] ✅ 完整發送 162 bytes
[2025-11-11 10:20:04,314] INFO: [PROTOCOL] 準備發送 158 bytes
[2025-11-11 10:20:04,314] ERROR: [PROTOCOL] ❌ 發送訊息失敗: 發送失敗: [Errno 32] Broken pipe
[2025-11-11 10:20:04,314] INFO: 📊 Attempting to report game result to lobby: room=27, results={'P1': {'user_id': 1, 'score': 0, 'lines_cleared': 0, 'max_combo': 0}, 'P2': {'user_id': 2, 'score': 0, 'lines_cleared': 0, 'max_combo': 0}}
[2025-11-11 10:20:04,314] INFO: 📡 Connecting to lobby server at localhost:10002...
[2025-11-11 10:20:04,316] INFO: ✅ Connected to lobby server
[2025-11-11 10:20:04,316] INFO: 🏆 Winner: None
[2025-11-11 10:20:04,316] INFO: 📤 Sending report: {'action': 'report_game_result', 'data': {'room_id': 27, 'winner': None, 'results': {'P1': {'user_id': 1, 'score': 0, 'lines_cleared': 0, 'max_combo': 0}, 'P2': {'user_id': 2, 'score': 0, 'lines_cleared': 0, 'max_combo': 0}}}}
[2025-11-11 10:20:04,316] INFO: [PROTOCOL] 準備發送 226 bytes
[2025-11-11 10:20:04,316] INFO: [PROTOCOL] 已發送 230/230 bytes
[2025-11-11 10:20:04,316] INFO: [PROTOCOL] ✅ 完整發送 230 bytes
[2025-11-11 10:20:04,316] INFO: ✅ Report sent, waiting for response...
[2025-11-11 10:20:04,320] INFO: 📥 Received response: {'status': 'success', 'message': '遊戲結果已記錄'}
[2025-11-11 10:20:04,320] INFO: ✅ Game result reported to Lobby Server successfully
[2025-11-11 10:20:04,320] INFO: 📊 Final results: {'P1': {'user_id': 1, 'score': 0, 'lines_cleared': 0, 'max_combo': 0}, 'P2': {'user_id': 2, 'score': 0, 'lines_cleared': 0, 'max_combo': 0}}
[2025-11-11 10:20:04,863] INFO: 🔌 Player 1 input handler stopped
[2025-11-11 10:20:06,327] INFO: 🛑 Shutting down Game Server...
[2025-11-11 10:20:06,328] INFO: ✅ Game Server shut down
[2025-11-11 10:20:06,328] INFO: 🛑 Shutting down Game Server...
[2025-11-11 10:20:06,328] INFO: ✅ Game Server shut down
