[2025-11-11 09:59:22,159] INFO: 🎮 Game Server started on port 10102
[2025-11-11 09:59:22,159] INFO:    Room: 23, Players: [1, 2]
[2025-11-11 09:59:22,159] INFO:    Seed: 1889770799
[2025-11-11 09:59:24,023] INFO: 📥 Player 1 connected from ('127.0.0.1', 57366)
[2025-11-11 09:59:24,028] INFO: [PROTOCOL] 準備發送 121 bytes
[2025-11-11 09:59:24,029] INFO: [PROTOCOL] 已發送 125/125 bytes
[2025-11-11 09:59:24,029] INFO: [PROTOCOL] ✅ 完整發送 125 bytes
[2025-11-11 09:59:24,030] INFO: ✅ Player 2 (P2) ready
[2025-11-11 09:59:24,031] INFO: 📥 Player 2 connected from ('127.0.0.1', 57367)
[2025-11-11 09:59:24,054] INFO: [PROTOCOL] 準備發送 121 bytes
[2025-11-11 09:59:24,055] INFO: [PROTOCOL] 已發送 125/125 bytes
[2025-11-11 09:59:24,055] INFO: [PROTOCOL] ✅ 完整發送 125 bytes
[2025-11-11 09:59:24,055] INFO: ✅ Player 1 (P1) ready
[2025-11-11 09:59:24,055] INFO: ✅ Both players connected, starting game...
[2025-11-11 09:59:24,055] INFO: 🎮 Starting input handler for player 2
[2025-11-11 09:59:24,055] INFO: 🎮 Starting input handler for player 1
[2025-11-11 09:59:24,226] INFO: [PROTOCOL] 準備發送 262 bytes
[2025-11-11 09:59:24,229] INFO: [PROTOCOL] 已發送 266/266 bytes
[2025-11-11 09:59:24,229] INFO: [PROTOCOL] ✅ 完整發送 266 bytes
[2025-11-11 09:59:24,229] INFO: [PROTOCOL] 準備發送 262 bytes
[2025-11-11 09:59:24,229] INFO: [PROTOCOL] 已發送 266/266 bytes
[2025-11-11 09:59:24,229] INFO: [PROTOCOL] ✅ 完整發送 266 bytes
[2025-11-11 09:59:24,229] INFO: [PROTOCOL] 準備發送 262 bytes
[2025-11-11 09:59:24,229] INFO: [PROTOCOL] 已發送 266/266 bytes
[2025-11-11 09:59:24,229] INFO: [PROTOCOL] ✅ 完整發送 266 bytes
[2025-11-11 09:59:24,229] INFO: [PROTOCOL] 準備發送 262 bytes
[2025-11-11 09:59:24,229] INFO: [PROTOCOL] 已發送 266/266 bytes
[2025-11-11 09:59:24,229] INFO: [PROTOCOL] ✅ 完整發送 266 bytes
[2025-11-11 09:59:24,337] INFO: [PROTOCOL] 準備發送 262 bytes
[2025-11-11 09:59:24,338] INFO: [PROTOCOL] 已發送 266/266 bytes
[2025-11-11 09:59:24,338] INFO: [PROTOCOL] ✅ 完整發送 266 bytes
[2025-11-11 09:59:24,339] INFO: [PROTOCOL] 準備發送 262 bytes
[2025-11-11 09:59:24,343] INFO: [PROTOCOL] 已發送 266/266 bytes
[2025-11-11 09:59:24,343] INFO: [PROTOCOL] ✅ 完整發送 266 bytes
[2025-11-11 09:59:24,343] INFO: [PROTOCOL] 準備發送 262 bytes
[2025-11-11 09:59:24,343] INFO: [PROTOCOL] 已發送 266/266 bytes
[2025-11-11 09:59:24,343] INFO: [PROTOCOL] ✅ 完整發送 266 bytes
[2025-11-11 09:59:24,344] INFO: [PROTOCOL] 準備發送 262 bytes
[2025-11-11 09:59:24,344] INFO: [PROTOCOL] 已發送 266/266 bytes
[2025-11-11 09:59:24,344] INFO: [PROTOCOL] ✅ 完整發送 266 bytes
[2025-11-11 09:59:24,447] INFO: [PROTOCOL] 準備發送 262 bytes
[2025-11-11 09:59:24,447] INFO: [PROTOCOL] 已發送 266/266 bytes
[2025-11-11 09:59:24,447] INFO: [PROTOCOL] ✅ 完整發送 266 bytes
[2025-11-11 09:59:24,447] INFO: [PROTOCOL] 準備發送 262 bytes
[2025-11-11 09:59:24,448] INFO: [PROTOCOL] 已發送 266/266 bytes
[2025-11-11 09:59:24,448] INFO: [PROTOCOL] ✅ 完整發送 266 bytes
[2025-11-11 09:59:24,448] INFO: [PROTOCOL] 準備發送 262 bytes
[2025-11-11 09:59:24,448] INFO: [PROTOCOL] 已發送 266/266 bytes
[2025-11-11 09:59:24,448] INFO: [PROTOCOL] ✅ 完整發送 266 bytes
[2025-11-11 09:59:24,448] INFO: [PROTOCOL] 準備發送 262 bytes
[2025-11-11 09:59:24,448] INFO: [PROTOCOL] 已發送 266/266 bytes
[2025-11-11 09:59:24,448] INFO: [PROTOCOL] ✅ 完整發送 266 bytes
[2025-11-11 09:59:24,551] INFO: [PROTOCOL] 準備發送 262 bytes
[2025-11-11 09:59:24,552] INFO: [PROTOCOL] 已發送 266/266 bytes
[2025-11-11 09:59:24,552] INFO: [PROTOCOL] ✅ 完整發送 266 bytes
[2025-11-11 09:59:24,552] INFO: [PROTOCOL] 準備發送 262 bytes
[2025-11-11 09:59:24,552] INFO: [PROTOCOL] 已發送 266/266 bytes
[2025-11-11 09:59:24,552] INFO: [PROTOCOL] ✅ 完整發送 266 bytes
[2025-11-11 09:59:24,552] INFO: [PROTOCOL] 準備發送 262 bytes
[2025-11-11 09:59:24,552] INFO: [PROTOCOL] 已發送 266/266 bytes
[2025-11-11 09:59:24,552] INFO: [PROTOCOL] ✅ 完整發送 266 bytes
[2025-11-11 09:59:24,552] INFO: [PROTOCOL] 準備發送 262 bytes
[2025-11-11 09:59:24,552] INFO: [PROTOCOL] 已發送 266/266 bytes
[2025-11-11 09:59:24,552] INFO: [PROTOCOL] ✅ 完整發送 266 bytes
[2025-11-11 09:59:24,654] INFO: [PROTOCOL] 準備發送 263 bytes
[2025-11-11 09:59:24,654] INFO: [PROTOCOL] 已發送 267/267 bytes
[2025-11-11 09:59:24,654] INFO: [PROTOCOL] ✅ 完整發送 267 bytes
[2025-11-11 09:59:24,654] INFO: [PROTOCOL] 準備發送 263 bytes
[2025-11-11 09:59:24,654] INFO: [PROTOCOL] 已發送 267/267 bytes
[2025-11-11 09:59:24,654] INFO: [PROTOCOL] ✅ 完整發送 267 bytes
[2025-11-11 09:59:24,654] INFO: [PROTOCOL] 準備發送 263 bytes
[2025-11-11 09:59:24,654] INFO: [PROTOCOL] 已發送 267/267 bytes
[2025-11-11 09:59:24,654] INFO: [PROTOCOL] ✅ 完整發送 267 bytes
[2025-11-11 09:59:24,654] INFO: [PROTOCOL] 準備發送 263 bytes
[2025-11-11 09:59:24,654] INFO: [PROTOCOL] 已發送 267/267 bytes
[2025-11-11 09:59:24,654] INFO: [PROTOCOL] ✅ 完整發送 267 bytes
[2025-11-11 09:59:24,760] INFO: [PROTOCOL] 準備發送 263 bytes
[2025-11-11 09:59:24,760] INFO: [PROTOCOL] 已發送 267/267 bytes
[2025-11-11 09:59:24,760] INFO: [PROTOCOL] ✅ 完整發送 267 bytes
[2025-11-11 09:59:24,760] INFO: [PROTOCOL] 準備發送 263 bytes
[2025-11-11 09:59:24,760] INFO: [PROTOCOL] 已發送 267/267 bytes
[2025-11-11 09:59:24,760] INFO: [PROTOCOL] ✅ 完整發送 267 bytes
[2025-11-11 09:59:24,760] INFO: [PROTOCOL] 準備發送 263 bytes
[2025-11-11 09:59:24,760] INFO: [PROTOCOL] 已發送 267/267 bytes
[2025-11-11 09:59:24,760] INFO: [PROTOCOL] ✅ 完整發送 267 bytes
[2025-11-11 09:59:24,760] INFO: [PROTOCOL] 準備發送 263 bytes
[2025-11-11 09:59:24,760] INFO: [PROTOCOL] 已發送 267/267 bytes
[2025-11-11 09:59:24,760] INFO: [PROTOCOL] ✅ 完整發送 267 bytes
[2025-11-11 09:59:24,865] INFO: [PROTOCOL] 準備發送 263 bytes
[2025-11-11 09:59:24,865] INFO: [PROTOCOL] 已發送 267/267 bytes
[2025-11-11 09:59:24,865] INFO: [PROTOCOL] ✅ 完整發送 267 bytes
[2025-11-11 09:59:24,865] INFO: [PROTOCOL] 準備發送 263 bytes
[2025-11-11 09:59:24,865] INFO: [PROTOCOL] 已發送 267/267 bytes
[2025-11-11 09:59:24,865] INFO: [PROTOCOL] ✅ 完整發送 267 bytes
[2025-11-11 09:59:24,865] INFO: [PROTOCOL] 準備發送 263 bytes
[2025-11-11 09:59:24,865] INFO: [PROTOCOL] 已發送 267/267 bytes
[2025-11-11 09:59:24,866] INFO: [PROTOCOL] ✅ 完整發送 267 bytes
[2025-11-11 09:59:24,866] INFO: [PROTOCOL] 準備發送 263 bytes
[2025-11-11 09:59:24,866] INFO: [PROTOCOL] 已發送 267/267 bytes
[2025-11-11 09:59:24,866] INFO: [PROTOCOL] ✅ 完整發送 267 bytes
[2025-11-11 09:59:24,970] INFO: [PROTOCOL] 準備發送 263 bytes
[2025-11-11 09:59:24,970] INFO: [PROTOCOL] 已發送 267/267 bytes
[2025-11-11 09:59:24,970] INFO: [PROTOCOL] ✅ 完整發送 267 bytes
[2025-11-11 09:59:24,970] INFO: [PROTOCOL] 準備發送 263 bytes
[2025-11-11 09:59:24,970] INFO: [PROTOCOL] 已發送 267/267 bytes
[2025-11-11 09:59:24,970] INFO: [PROTOCOL] ✅ 完整發送 267 bytes
[2025-11-11 09:59:24,970] INFO: [PROTOCOL] 準備發送 263 bytes
[2025-11-11 09:59:24,970] INFO: [PROTOCOL] 已發送 267/267 bytes
[2025-11-11 09:59:24,970] INFO: [PROTOCOL] ✅ 完整發送 267 bytes
[2025-11-11 09:59:24,970] INFO: [PROTOCOL] 準備發送 263 bytes
[2025-11-11 09:59:24,970] INFO: [PROTOCOL] 已發送 267/267 bytes
[2025-11-11 09:59:24,970] INFO: [PROTOCOL] ✅ 完整發送 267 bytes
[2025-11-11 09:59:25,075] INFO: [PROTOCOL] 準備發送 263 bytes
[2025-11-11 09:59:25,076] INFO: [PROTOCOL] 已發送 267/267 bytes
[2025-11-11 09:59:25,076] INFO: [PROTOCOL] ✅ 完整發送 267 bytes
[2025-11-11 09:59:25,076] INFO: [PROTOCOL] 準備發送 263 bytes
[2025-11-11 09:59:25,076] INFO: [PROTOCOL] 已發送 267/267 bytes
[2025-11-11 09:59:25,076] INFO: [PROTOCOL] ✅ 完整發送 267 bytes
[2025-11-11 09:59:25,076] INFO: [PROTOCOL] 準備發送 263 bytes
[2025-11-11 09:59:25,076] INFO: [PROTOCOL] 已發送 267/267 bytes
[2025-11-11 09:59:25,076] INFO: [PROTOCOL] ✅ 完整發送 267 bytes
[2025-11-11 09:59:25,076] INFO: [PROTOCOL] 準備發送 263 bytes
[2025-11-11 09:59:25,076] INFO: [PROTOCOL] 已發送 267/267 bytes
[2025-11-11 09:59:25,076] INFO: [PROTOCOL] ✅ 完整發送 267 bytes
[2025-11-11 09:59:25,177] INFO: [PROTOCOL] 準備發送 264 bytes
[2025-11-11 09:59:25,177] INFO: [PROTOCOL] 已發送 268/268 bytes
[2025-11-11 09:59:25,177] INFO: [PROTOCOL] ✅ 完整發送 268 bytes
[2025-11-11 09:59:25,177] INFO: [PROTOCOL] 準備發送 264 bytes
[2025-11-11 09:59:25,177] INFO: [PROTOCOL] 已發送 268/268 bytes
[2025-11-11 09:59:25,177] INFO: [PROTOCOL] ✅ 完整發送 268 bytes
[2025-11-11 09:59:25,177] INFO: [PROTOCOL] 準備發送 264 bytes
[2025-11-11 09:59:25,177] INFO: [PROTOCOL] 已發送 268/268 bytes
[2025-11-11 09:59:25,177] INFO: [PROTOCOL] ✅ 完整發送 268 bytes
[2025-11-11 09:59:25,177] INFO: [PROTOCOL] 準備發送 264 bytes
[2025-11-11 09:59:25,177] INFO: [PROTOCOL] 已發送 268/268 bytes
[2025-11-11 09:59:25,177] INFO: [PROTOCOL] ✅ 完整發送 268 bytes
[2025-11-11 09:59:25,279] INFO: [PROTOCOL] 準備發送 264 bytes
[2025-11-11 09:59:25,280] INFO: [PROTOCOL] 已發送 268/268 bytes
[2025-11-11 09:59:25,280] INFO: [PROTOCOL] ✅ 完整發送 268 bytes
[2025-11-11 09:59:25,280] INFO: [PROTOCOL] 準備發送 264 bytes
[2025-11-11 09:59:25,280] INFO: [PROTOCOL] 已發送 268/268 bytes
[2025-11-11 09:59:25,280] INFO: [PROTOCOL] ✅ 完整發送 268 bytes
[2025-11-11 09:59:25,280] INFO: [PROTOCOL] 準備發送 264 bytes
[2025-11-11 09:59:25,280] INFO: [PROTOCOL] 已發送 268/268 bytes
[2025-11-11 09:59:25,280] INFO: [PROTOCOL] ✅ 完整發送 268 bytes
[2025-11-11 09:59:25,280] INFO: [PROTOCOL] 準備發送 264 bytes
[2025-11-11 09:59:25,280] INFO: [PROTOCOL] 已發送 268/268 bytes
[2025-11-11 09:59:25,280] INFO: [PROTOCOL] ✅ 完整發送 268 bytes
[2025-11-11 09:59:25,381] INFO: [PROTOCOL] 準備發送 264 bytes
[2025-11-11 09:59:25,381] INFO: [PROTOCOL] 已發送 268/268 bytes
[2025-11-11 09:59:25,381] INFO: [PROTOCOL] ✅ 完整發送 268 bytes
[2025-11-11 09:59:25,381] INFO: [PROTOCOL] 準備發送 264 bytes
[2025-11-11 09:59:25,381] INFO: [PROTOCOL] 已發送 268/268 bytes
[2025-11-11 09:59:25,381] INFO: [PROTOCOL] ✅ 完整發送 268 bytes
[2025-11-11 09:59:25,381] INFO: [PROTOCOL] 準備發送 264 bytes
[2025-11-11 09:59:25,381] INFO: [PROTOCOL] 已發送 268/268 bytes
[2025-11-11 09:59:25,381] INFO: [PROTOCOL] ✅ 完整發送 268 bytes
[2025-11-11 09:59:25,381] INFO: [PROTOCOL] 準備發送 264 bytes
[2025-11-11 09:59:25,381] INFO: [PROTOCOL] 已發送 268/268 bytes
[2025-11-11 09:59:25,381] INFO: [PROTOCOL] ✅ 完整發送 268 bytes
[2025-11-11 09:59:25,483] INFO: [PROTOCOL] 準備發送 264 bytes
[2025-11-11 09:59:25,483] INFO: [PROTOCOL] 已發送 268/268 bytes
[2025-11-11 09:59:25,483] INFO: [PROTOCOL] ✅ 完整發送 268 bytes
[2025-11-11 09:59:25,483] INFO: [PROTOCOL] 準備發送 264 bytes
[2025-11-11 09:59:25,483] INFO: [PROTOCOL] 已發送 268/268 bytes
[2025-11-11 09:59:25,483] INFO: [PROTOCOL] ✅ 完整發送 268 bytes
[2025-11-11 09:59:25,483] INFO: [PROTOCOL] 準備發送 264 bytes
[2025-11-11 09:59:25,483] INFO: [PROTOCOL] 已發送 268/268 bytes
[2025-11-11 09:59:25,483] INFO: [PROTOCOL] ✅ 完整發送 268 bytes
[2025-11-11 09:59:25,483] INFO: [PROTOCOL] 準備發送 264 bytes
[2025-11-11 09:59:25,483] INFO: [PROTOCOL] 已發送 268/268 bytes
[2025-11-11 09:59:25,483] INFO: [PROTOCOL] ✅ 完整發送 268 bytes
[2025-11-11 09:59:25,588] INFO: [PROTOCOL] 準備發送 264 bytes
[2025-11-11 09:59:25,588] INFO: [PROTOCOL] 已發送 268/268 bytes
[2025-11-11 09:59:25,588] INFO: [PROTOCOL] ✅ 完整發送 268 bytes
[2025-11-11 09:59:25,588] INFO: [PROTOCOL] 準備發送 264 bytes
[2025-11-11 09:59:25,588] INFO: [PROTOCOL] 已發送 268/268 bytes
[2025-11-11 09:59:25,588] INFO: [PROTOCOL] ✅ 完整發送 268 bytes
[2025-11-11 09:59:25,589] INFO: [PROTOCOL] 準備發送 264 bytes
[2025-11-11 09:59:25,589] INFO: [PROTOCOL] 已發送 268/268 bytes
[2025-11-11 09:59:25,589] INFO: [PROTOCOL] ✅ 完整發送 268 bytes
[2025-11-11 09:59:25,589] INFO: [PROTOCOL] 準備發送 264 bytes
[2025-11-11 09:59:25,589] INFO: [PROTOCOL] 已發送 268/268 bytes
[2025-11-11 09:59:25,589] INFO: [PROTOCOL] ✅ 完整發送 268 bytes
[2025-11-11 09:59:25,693] INFO: [PROTOCOL] 準備發送 264 bytes
[2025-11-11 09:59:25,693] INFO: [PROTOCOL] 已發送 268/268 bytes
[2025-11-11 09:59:25,693] INFO: [PROTOCOL] ✅ 完整發送 268 bytes
[2025-11-11 09:59:25,693] INFO: [PROTOCOL] 準備發送 264 bytes
[2025-11-11 09:59:25,693] INFO: [PROTOCOL] 已發送 268/268 bytes
[2025-11-11 09:59:25,693] INFO: [PROTOCOL] ✅ 完整發送 268 bytes
[2025-11-11 09:59:25,693] INFO: [PROTOCOL] 準備發送 264 bytes
[2025-11-11 09:59:25,693] INFO: [PROTOCOL] 已發送 268/268 bytes
[2025-11-11 09:59:25,693] INFO: [PROTOCOL] ✅ 完整發送 268 bytes
[2025-11-11 09:59:25,693] INFO: [PROTOCOL] 準備發送 264 bytes
[2025-11-11 09:59:25,693] INFO: [PROTOCOL] 已發送 268/268 bytes
[2025-11-11 09:59:25,693] INFO: [PROTOCOL] ✅ 完整發送 268 bytes
[2025-11-11 09:59:25,799] INFO: [PROTOCOL] 準備發送 264 bytes
[2025-11-11 09:59:25,799] INFO: [PROTOCOL] 已發送 268/268 bytes
[2025-11-11 09:59:25,799] INFO: [PROTOCOL] ✅ 完整發送 268 bytes
[2025-11-11 09:59:25,799] INFO: [PROTOCOL] 準備發送 264 bytes
[2025-11-11 09:59:25,799] INFO: [PROTOCOL] 已發送 268/268 bytes
[2025-11-11 09:59:25,799] INFO: [PROTOCOL] ✅ 完整發送 268 bytes
[2025-11-11 09:59:25,799] INFO: [PROTOCOL] 準備發送 264 bytes
[2025-11-11 09:59:25,799] INFO: [PROTOCOL] 已發送 268/268 bytes
[2025-11-11 09:59:25,799] INFO: [PROTOCOL] ✅ 完整發送 268 bytes
[2025-11-11 09:59:25,799] INFO: [PROTOCOL] 準備發送 264 bytes
[2025-11-11 09:59:25,799] INFO: [PROTOCOL] 已發送 268/268 bytes
[2025-11-11 09:59:25,799] INFO: [PROTOCOL] ✅ 完整發送 268 bytes
[2025-11-11 09:59:25,902] INFO: [PROTOCOL] 準備發送 264 bytes
[2025-11-11 09:59:25,903] INFO: [PROTOCOL] 已發送 268/268 bytes
[2025-11-11 09:59:25,903] INFO: [PROTOCOL] ✅ 完整發送 268 bytes
[2025-11-11 09:59:25,903] INFO: [PROTOCOL] 準備發送 264 bytes
[2025-11-11 09:59:25,903] INFO: [PROTOCOL] 已發送 268/268 bytes
[2025-11-11 09:59:25,903] INFO: [PROTOCOL] ✅ 完整發送 268 bytes
[2025-11-11 09:59:25,903] INFO: [PROTOCOL] 準備發送 264 bytes
[2025-11-11 09:59:25,904] INFO: [PROTOCOL] 已發送 268/268 bytes
[2025-11-11 09:59:25,904] INFO: [PROTOCOL] ✅ 完整發送 268 bytes
[2025-11-11 09:59:25,904] INFO: [PROTOCOL] 準備發送 264 bytes
[2025-11-11 09:59:25,904] INFO: [PROTOCOL] 已發送 268/268 bytes
[2025-11-11 09:59:25,904] INFO: [PROTOCOL] ✅ 完整發送 268 bytes
[2025-11-11 09:59:26,009] INFO: [PROTOCOL] 準備發送 264 bytes
[2025-11-11 09:59:26,009] INFO: [PROTOCOL] 已發送 268/268 bytes
[2025-11-11 09:59:26,009] INFO: [PROTOCOL] ✅ 完整發送 268 bytes
[2025-11-11 09:59:26,009] INFO: [PROTOCOL] 準備發送 264 bytes
[2025-11-11 09:59:26,009] INFO: [PROTOCOL] 已發送 268/268 bytes
[2025-11-11 09:59:26,009] INFO: [PROTOCOL] ✅ 完整發送 268 bytes
[2025-11-11 09:59:26,009] INFO: [PROTOCOL] 準備發送 264 bytes
[2025-11-11 09:59:26,009] INFO: [PROTOCOL] 已發送 268/268 bytes
[2025-11-11 09:59:26,009] INFO: [PROTOCOL] ✅ 完整發送 268 bytes
[2025-11-11 09:59:26,010] INFO: [PROTOCOL] 準備發送 264 bytes
[2025-11-11 09:59:26,010] INFO: [PROTOCOL] 已發送 268/268 bytes
[2025-11-11 09:59:26,010] INFO: [PROTOCOL] ✅ 完整發送 268 bytes
[2025-11-11 09:59:26,111] INFO: [PROTOCOL] 準備發送 264 bytes
[2025-11-11 09:59:26,111] INFO: [PROTOCOL] 已發送 268/268 bytes
[2025-11-11 09:59:26,111] INFO: [PROTOCOL] ✅ 完整發送 268 bytes
[2025-11-11 09:59:26,111] INFO: [PROTOCOL] 準備發送 264 bytes
[2025-11-11 09:59:26,111] INFO: [PROTOCOL] 已發送 268/268 bytes
[2025-11-11 09:59:26,111] INFO: [PROTOCOL] ✅ 完整發送 268 bytes
[2025-11-11 09:59:26,111] INFO: [PROTOCOL] 準備發送 264 bytes
[2025-11-11 09:59:26,111] INFO: [PROTOCOL] 已發送 268/268 bytes
[2025-11-11 09:59:26,111] INFO: [PROTOCOL] ✅ 完整發送 268 bytes
[2025-11-11 09:59:26,111] INFO: [PROTOCOL] 準備發送 264 bytes
[2025-11-11 09:59:26,111] INFO: [PROTOCOL] 已發送 268/268 bytes
[2025-11-11 09:59:26,111] INFO: [PROTOCOL] ✅ 完整發送 268 bytes
[2025-11-11 09:59:26,212] INFO: [PROTOCOL] 準備發送 264 bytes
[2025-11-11 09:59:26,212] INFO: [PROTOCOL] 已發送 268/268 bytes
[2025-11-11 09:59:26,212] INFO: [PROTOCOL] ✅ 完整發送 268 bytes
[2025-11-11 09:59:26,212] INFO: [PROTOCOL] 準備發送 264 bytes
[2025-11-11 09:59:26,212] INFO: [PROTOCOL] 已發送 268/268 bytes
[2025-11-11 09:59:26,212] INFO: [PROTOCOL] ✅ 完整發送 268 bytes
[2025-11-11 09:59:26,212] INFO: [PROTOCOL] 準備發送 264 bytes
[2025-11-11 09:59:26,212] INFO: [PROTOCOL] 已發送 268/268 bytes
[2025-11-11 09:59:26,213] INFO: [PROTOCOL] ✅ 完整發送 268 bytes
[2025-11-11 09:59:26,213] INFO: [PROTOCOL] 準備發送 264 bytes
[2025-11-11 09:59:26,213] INFO: [PROTOCOL] 已發送 268/268 bytes
[2025-11-11 09:59:26,213] INFO: [PROTOCOL] ✅ 完整發送 268 bytes
[2025-11-11 09:59:26,318] INFO: [PROTOCOL] 準備發送 264 bytes
[2025-11-11 09:59:26,318] INFO: [PROTOCOL] 已發送 268/268 bytes
[2025-11-11 09:59:26,318] INFO: [PROTOCOL] ✅ 完整發送 268 bytes
[2025-11-11 09:59:26,318] INFO: [PROTOCOL] 準備發送 264 bytes
[2025-11-11 09:59:26,318] INFO: [PROTOCOL] 已發送 268/268 bytes
[2025-11-11 09:59:26,318] INFO: [PROTOCOL] ✅ 完整發送 268 bytes
[2025-11-11 09:59:26,319] INFO: [PROTOCOL] 準備發送 264 bytes
[2025-11-11 09:59:26,319] INFO: [PROTOCOL] 已發送 268/268 bytes
[2025-11-11 09:59:26,319] INFO: [PROTOCOL] ✅ 完整發送 268 bytes
[2025-11-11 09:59:26,319] INFO: [PROTOCOL] 準備發送 264 bytes
[2025-11-11 09:59:26,319] INFO: [PROTOCOL] 已發送 268/268 bytes
[2025-11-11 09:59:26,319] INFO: [PROTOCOL] ✅ 完整發送 268 bytes
[2025-11-11 09:59:26,424] INFO: [PROTOCOL] 準備發送 264 bytes
[2025-11-11 09:59:26,425] INFO: [PROTOCOL] 已發送 268/268 bytes
[2025-11-11 09:59:26,425] INFO: [PROTOCOL] ✅ 完整發送 268 bytes
[2025-11-11 09:59:26,425] INFO: [PROTOCOL] 準備發送 264 bytes
[2025-11-11 09:59:26,425] INFO: [PROTOCOL] 已發送 268/268 bytes
[2025-11-11 09:59:26,425] INFO: [PROTOCOL] ✅ 完整發送 268 bytes
[2025-11-11 09:59:26,425] INFO: [PROTOCOL] 準備發送 264 bytes
[2025-11-11 09:59:26,425] INFO: [PROTOCOL] 已發送 268/268 bytes
[2025-11-11 09:59:26,425] INFO: [PROTOCOL] ✅ 完整發送 268 bytes
[2025-11-11 09:59:26,425] INFO: [PROTOCOL] 準備發送 264 bytes
[2025-11-11 09:59:26,425] INFO: [PROTOCOL] 已發送 268/268 bytes
[2025-11-11 09:59:26,425] INFO: [PROTOCOL] ✅ 完整發送 268 bytes
[2025-11-11 09:59:26,531] INFO: [PROTOCOL] 準備發送 264 bytes
[2025-11-11 09:59:26,532] INFO: [PROTOCOL] 已發送 268/268 bytes
[2025-11-11 09:59:26,532] INFO: [PROTOCOL] ✅ 完整發送 268 bytes
[2025-11-11 09:59:26,532] INFO: [PROTOCOL] 準備發送 264 bytes
[2025-11-11 09:59:26,532] INFO: [PROTOCOL] 已發送 268/268 bytes
[2025-11-11 09:59:26,533] INFO: [PROTOCOL] ✅ 完整發送 268 bytes
[2025-11-11 09:59:26,533] INFO: [PROTOCOL] 準備發送 264 bytes
[2025-11-11 09:59:26,533] INFO: [PROTOCOL] 已發送 268/268 bytes
[2025-11-11 09:59:26,533] INFO: [PROTOCOL] ✅ 完整發送 268 bytes
[2025-11-11 09:59:26,533] INFO: [PROTOCOL] 準備發送 264 bytes
[2025-11-11 09:59:26,533] INFO: [PROTOCOL] 已發送 268/268 bytes
[2025-11-11 09:59:26,533] INFO: [PROTOCOL] ✅ 完整發送 268 bytes
[2025-11-11 09:59:26,637] INFO: [PROTOCOL] 準備發送 264 bytes
[2025-11-11 09:59:26,638] INFO: [PROTOCOL] 已發送 268/268 bytes
[2025-11-11 09:59:26,638] INFO: [PROTOCOL] ✅ 完整發送 268 bytes
[2025-11-11 09:59:26,638] INFO: [PROTOCOL] 準備發送 264 bytes
[2025-11-11 09:59:26,638] INFO: [PROTOCOL] 已發送 268/268 bytes
[2025-11-11 09:59:26,638] INFO: [PROTOCOL] ✅ 完整發送 268 bytes
[2025-11-11 09:59:26,638] INFO: [PROTOCOL] 準備發送 264 bytes
[2025-11-11 09:59:26,638] INFO: [PROTOCOL] 已發送 268/268 bytes
[2025-11-11 09:59:26,638] INFO: [PROTOCOL] ✅ 完整發送 268 bytes
[2025-11-11 09:59:26,638] INFO: [PROTOCOL] 準備發送 264 bytes
[2025-11-11 09:59:26,638] INFO: [PROTOCOL] 已發送 268/268 bytes
[2025-11-11 09:59:26,639] INFO: [PROTOCOL] ✅ 完整發送 268 bytes
[2025-11-11 09:59:26,744] INFO: [PROTOCOL] 準備發送 264 bytes
[2025-11-11 09:59:26,744] INFO: [PROTOCOL] 已發送 268/268 bytes
[2025-11-11 09:59:26,744] INFO: [PROTOCOL] ✅ 完整發送 268 bytes
[2025-11-11 09:59:26,744] INFO: [PROTOCOL] 準備發送 264 bytes
[2025-11-11 09:59:26,744] INFO: [PROTOCOL] 已發送 268/268 bytes
[2025-11-11 09:59:26,744] INFO: [PROTOCOL] ✅ 完整發送 268 bytes
[2025-11-11 09:59:26,744] INFO: [PROTOCOL] 準備發送 264 bytes
[2025-11-11 09:59:26,744] INFO: [PROTOCOL] 已發送 268/268 bytes
[2025-11-11 09:59:26,744] INFO: [PROTOCOL] ✅ 完整發送 268 bytes
[2025-11-11 09:59:26,744] INFO: [PROTOCOL] 準備發送 264 bytes
[2025-11-11 09:59:26,744] INFO: [PROTOCOL] 已發送 268/268 bytes
[2025-11-11 09:59:26,744] INFO: [PROTOCOL] ✅ 完整發送 268 bytes
[2025-11-11 09:59:26,850] INFO: [PROTOCOL] 準備發送 264 bytes
[2025-11-11 09:59:26,850] INFO: [PROTOCOL] 已發送 268/268 bytes
[2025-11-11 09:59:26,850] INFO: [PROTOCOL] ✅ 完整發送 268 bytes
[2025-11-11 09:59:26,850] INFO: [PROTOCOL] 準備發送 264 bytes
[2025-11-11 09:59:26,850] INFO: [PROTOCOL] 已發送 268/268 bytes
[2025-11-11 09:59:26,850] INFO: [PROTOCOL] ✅ 完整發送 268 bytes
[2025-11-11 09:59:26,850] INFO: [PROTOCOL] 準備發送 264 bytes
[2025-11-11 09:59:26,850] INFO: [PROTOCOL] 已發送 268/268 bytes
[2025-11-11 09:59:26,850] INFO: [PROTOCOL] ✅ 完整發送 268 bytes
[2025-11-11 09:59:26,850] INFO: [PROTOCOL] 準備發送 264 bytes
[2025-11-11 09:59:26,851] INFO: [PROTOCOL] 已發送 268/268 bytes
[2025-11-11 09:59:26,851] INFO: [PROTOCOL] ✅ 完整發送 268 bytes
[2025-11-11 09:59:26,954] INFO: [PROTOCOL] 準備發送 264 bytes
[2025-11-11 09:59:26,955] INFO: [PROTOCOL] 已發送 268/268 bytes
[2025-11-11 09:59:26,956] INFO: [PROTOCOL] ✅ 完整發送 268 bytes
[2025-11-11 09:59:26,958] INFO: [PROTOCOL] 準備發送 264 bytes
[2025-11-11 09:59:26,958] INFO: [PROTOCOL] 已發送 268/268 bytes
[2025-11-11 09:59:26,958] INFO: [PROTOCOL] ✅ 完整發送 268 bytes
[2025-11-11 09:59:26,958] INFO: [PROTOCOL] 準備發送 264 bytes
[2025-11-11 09:59:26,958] INFO: [PROTOCOL] 已發送 268/268 bytes
[2025-11-11 09:59:26,958] INFO: [PROTOCOL] ✅ 完整發送 268 bytes
[2025-11-11 09:59:26,958] INFO: [PROTOCOL] 準備發送 264 bytes
[2025-11-11 09:59:26,958] INFO: [PROTOCOL] 已發送 268/268 bytes
[2025-11-11 09:59:26,958] INFO: [PROTOCOL] ✅ 完整發送 268 bytes
[2025-11-11 09:59:27,059] INFO: [PROTOCOL] 準備發送 264 bytes
[2025-11-11 09:59:27,059] INFO: [PROTOCOL] 已發送 268/268 bytes
[2025-11-11 09:59:27,059] INFO: [PROTOCOL] ✅ 完整發送 268 bytes
[2025-11-11 09:59:27,059] INFO: [PROTOCOL] 準備發送 264 bytes
[2025-11-11 09:59:27,060] INFO: [PROTOCOL] 已發送 268/268 bytes
[2025-11-11 09:59:27,060] INFO: [PROTOCOL] ✅ 完整發送 268 bytes
[2025-11-11 09:59:27,060] INFO: [PROTOCOL] 準備發送 264 bytes
[2025-11-11 09:59:27,060] INFO: [PROTOCOL] 已發送 268/268 bytes
[2025-11-11 09:59:27,060] INFO: [PROTOCOL] ✅ 完整發送 268 bytes
[2025-11-11 09:59:27,060] INFO: [PROTOCOL] 準備發送 264 bytes
[2025-11-11 09:59:27,060] INFO: [PROTOCOL] 已發送 268/268 bytes
[2025-11-11 09:59:27,060] INFO: [PROTOCOL] ✅ 完整發送 268 bytes
[2025-11-11 09:59:27,164] INFO: [PROTOCOL] 準備發送 264 bytes
[2025-11-11 09:59:27,164] INFO: [PROTOCOL] 已發送 268/268 bytes
[2025-11-11 09:59:27,164] INFO: [PROTOCOL] ✅ 完整發送 268 bytes
[2025-11-11 09:59:27,164] INFO: [PROTOCOL] 準備發送 264 bytes
[2025-11-11 09:59:27,164] INFO: [PROTOCOL] 已發送 268/268 bytes
[2025-11-11 09:59:27,164] INFO: [PROTOCOL] ✅ 完整發送 268 bytes
[2025-11-11 09:59:27,164] INFO: [PROTOCOL] 準備發送 264 bytes
[2025-11-11 09:59:27,164] INFO: [PROTOCOL] 已發送 268/268 bytes
[2025-11-11 09:59:27,165] INFO: [PROTOCOL] ✅ 完整發送 268 bytes
[2025-11-11 09:59:27,165] INFO: [PROTOCOL] 準備發送 264 bytes
[2025-11-11 09:59:27,165] INFO: [PROTOCOL] 已發送 268/268 bytes
[2025-11-11 09:59:27,165] INFO: [PROTOCOL] ✅ 完整發送 268 bytes
[2025-11-11 09:59:27,270] INFO: [PROTOCOL] 準備發送 264 bytes
[2025-11-11 09:59:27,270] INFO: [PROTOCOL] 已發送 268/268 bytes
[2025-11-11 09:59:27,270] INFO: [PROTOCOL] ✅ 完整發送 268 bytes
[2025-11-11 09:59:27,270] INFO: [PROTOCOL] 準備發送 264 bytes
[2025-11-11 09:59:27,270] INFO: [PROTOCOL] 已發送 268/268 bytes
[2025-11-11 09:59:27,270] INFO: [PROTOCOL] ✅ 完整發送 268 bytes
[2025-11-11 09:59:27,270] INFO: [PROTOCOL] 準備發送 264 bytes
[2025-11-11 09:59:27,270] INFO: [PROTOCOL] 已發送 268/268 bytes
[2025-11-11 09:59:27,270] INFO: [PROTOCOL] ✅ 完整發送 268 bytes
[2025-11-11 09:59:27,270] INFO: [PROTOCOL] 準備發送 264 bytes
[2025-11-11 09:59:27,270] INFO: [PROTOCOL] 已發送 268/268 bytes
[2025-11-11 09:59:27,270] INFO: [PROTOCOL] ✅ 完整發送 268 bytes
[2025-11-11 09:59:27,372] INFO: [PROTOCOL] 準備發送 264 bytes
[2025-11-11 09:59:27,373] INFO: [PROTOCOL] 已發送 268/268 bytes
[2025-11-11 09:59:27,373] INFO: [PROTOCOL] ✅ 完整發送 268 bytes
[2025-11-11 09:59:27,373] INFO: [PROTOCOL] 準備發送 264 bytes
[2025-11-11 09:59:27,373] INFO: [PROTOCOL] 已發送 268/268 bytes
[2025-11-11 09:59:27,373] INFO: [PROTOCOL] ✅ 完整發送 268 bytes
[2025-11-11 09:59:27,373] INFO: [PROTOCOL] 準備發送 264 bytes
[2025-11-11 09:59:27,373] INFO: [PROTOCOL] 已發送 268/268 bytes
[2025-11-11 09:59:27,373] INFO: [PROTOCOL] ✅ 完整發送 268 bytes
[2025-11-11 09:59:27,373] INFO: [PROTOCOL] 準備發送 264 bytes
[2025-11-11 09:59:27,373] INFO: [PROTOCOL] 已發送 268/268 bytes
[2025-11-11 09:59:27,373] INFO: [PROTOCOL] ✅ 完整發送 268 bytes
[2025-11-11 09:59:27,478] INFO: [PROTOCOL] 準備發送 264 bytes
[2025-11-11 09:59:27,479] INFO: [PROTOCOL] 已發送 268/268 bytes
[2025-11-11 09:59:27,479] INFO: [PROTOCOL] ✅ 完整發送 268 bytes
[2025-11-11 09:59:27,479] INFO: [PROTOCOL] 準備發送 264 bytes
[2025-11-11 09:59:27,479] INFO: [PROTOCOL] 已發送 268/268 bytes
[2025-11-11 09:59:27,479] INFO: [PROTOCOL] ✅ 完整發送 268 bytes
[2025-11-11 09:59:27,479] INFO: [PROTOCOL] 準備發送 264 bytes
[2025-11-11 09:59:27,480] INFO: [PROTOCOL] 已發送 268/268 bytes
[2025-11-11 09:59:27,480] INFO: [PROTOCOL] ✅ 完整發送 268 bytes
[2025-11-11 09:59:27,480] INFO: [PROTOCOL] 準備發送 264 bytes
[2025-11-11 09:59:27,480] INFO: [PROTOCOL] 已發送 268/268 bytes
[2025-11-11 09:59:27,480] INFO: [PROTOCOL] ✅ 完整發送 268 bytes
[2025-11-11 09:59:27,585] INFO: [PROTOCOL] 準備發送 264 bytes
[2025-11-11 09:59:27,586] INFO: [PROTOCOL] 已發送 268/268 bytes
[2025-11-11 09:59:27,586] INFO: [PROTOCOL] ✅ 完整發送 268 bytes
[2025-11-11 09:59:27,586] INFO: [PROTOCOL] 準備發送 264 bytes
[2025-11-11 09:59:27,586] INFO: [PROTOCOL] 已發送 268/268 bytes
[2025-11-11 09:59:27,586] INFO: [PROTOCOL] ✅ 完整發送 268 bytes
[2025-11-11 09:59:27,586] INFO: [PROTOCOL] 準備發送 264 bytes
[2025-11-11 09:59:27,586] INFO: [PROTOCOL] 已發送 268/268 bytes
[2025-11-11 09:59:27,586] INFO: [PROTOCOL] ✅ 完整發送 268 bytes
[2025-11-11 09:59:27,587] INFO: [PROTOCOL] 準備發送 264 bytes
[2025-11-11 09:59:27,587] INFO: [PROTOCOL] 已發送 268/268 bytes
[2025-11-11 09:59:27,587] INFO: [PROTOCOL] ✅ 完整發送 268 bytes
[2025-11-11 09:59:27,689] INFO: [PROTOCOL] 準備發送 264 bytes
[2025-11-11 09:59:27,689] INFO: [PROTOCOL] 已發送 268/268 bytes
[2025-11-11 09:59:27,689] INFO: [PROTOCOL] ✅ 完整發送 268 bytes
[2025-11-11 09:59:27,689] INFO: [PROTOCOL] 準備發送 264 bytes
[2025-11-11 09:59:27,689] INFO: [PROTOCOL] 已發送 268/268 bytes
[2025-11-11 09:59:27,689] INFO: [PROTOCOL] ✅ 完整發送 268 bytes
[2025-11-11 09:59:27,689] INFO: [PROTOCOL] 準備發送 264 bytes
[2025-11-11 09:59:27,689] INFO: [PROTOCOL] 已發送 268/268 bytes
[2025-11-11 09:59:27,689] INFO: [PROTOCOL] ✅ 完整發送 268 bytes
[2025-11-11 09:59:27,689] INFO: [PROTOCOL] 準備發送 264 bytes
[2025-11-11 09:59:27,689] INFO: [PROTOCOL] 已發送 268/268 bytes
[2025-11-11 09:59:27,689] INFO: [PROTOCOL] ✅ 完整發送 268 bytes
[2025-11-11 09:59:27,794] INFO: [PROTOCOL] 準備發送 264 bytes
[2025-11-11 09:59:27,795] INFO: [PROTOCOL] 已發送 268/268 bytes
[2025-11-11 09:59:27,795] INFO: [PROTOCOL] ✅ 完整發送 268 bytes
[2025-11-11 09:59:27,795] INFO: [PROTOCOL] 準備發送 264 bytes
[2025-11-11 09:59:27,795] INFO: [PROTOCOL] 已發送 268/268 bytes
[2025-11-11 09:59:27,795] INFO: [PROTOCOL] ✅ 完整發送 268 bytes
[2025-11-11 09:59:27,795] INFO: [PROTOCOL] 準備發送 264 bytes
[2025-11-11 09:59:27,795] INFO: [PROTOCOL] 已發送 268/268 bytes
[2025-11-11 09:59:27,795] INFO: [PROTOCOL] ✅ 完整發送 268 bytes
[2025-11-11 09:59:27,795] INFO: [PROTOCOL] 準備發送 264 bytes
[2025-11-11 09:59:27,795] INFO: [PROTOCOL] 已發送 268/268 bytes
[2025-11-11 09:59:27,795] INFO: [PROTOCOL] ✅ 完整發送 268 bytes
[2025-11-11 09:59:27,900] INFO: [PROTOCOL] 準備發送 264 bytes
[2025-11-11 09:59:27,901] INFO: [PROTOCOL] 已發送 268/268 bytes
[2025-11-11 09:59:27,901] INFO: [PROTOCOL] ✅ 完整發送 268 bytes
[2025-11-11 09:59:27,901] INFO: [PROTOCOL] 準備發送 264 bytes
[2025-11-11 09:59:27,901] INFO: [PROTOCOL] 已發送 268/268 bytes
[2025-11-11 09:59:27,901] INFO: [PROTOCOL] ✅ 完整發送 268 bytes
[2025-11-11 09:59:27,901] INFO: [PROTOCOL] 準備發送 264 bytes
[2025-11-11 09:59:27,901] INFO: [PROTOCOL] 已發送 268/268 bytes
[2025-11-11 09:59:27,901] INFO: [PROTOCOL] ✅ 完整發送 268 bytes
[2025-11-11 09:59:27,901] INFO: [PROTOCOL] 準備發送 264 bytes
[2025-11-11 09:59:27,901] INFO: [PROTOCOL] 已發送 268/268 bytes
[2025-11-11 09:59:27,901] INFO: [PROTOCOL] ✅ 完整發送 268 bytes
[2025-11-11 09:59:28,010] INFO: [PROTOCOL] 準備發送 264 bytes
[2025-11-11 09:59:28,010] INFO: [PROTOCOL] 已發送 268/268 bytes
[2025-11-11 09:59:28,010] INFO: [PROTOCOL] ✅ 完整發送 268 bytes
[2025-11-11 09:59:28,010] INFO: [PROTOCOL] 準備發送 264 bytes
[2025-11-11 09:59:28,010] INFO: [PROTOCOL] 已發送 268/268 bytes
[2025-11-11 09:59:28,010] INFO: [PROTOCOL] ✅ 完整發送 268 bytes
[2025-11-11 09:59:28,010] INFO: [PROTOCOL] 準備發送 264 bytes
[2025-11-11 09:59:28,010] INFO: [PROTOCOL] 已發送 268/268 bytes
[2025-11-11 09:59:28,010] INFO: [PROTOCOL] ✅ 完整發送 268 bytes
[2025-11-11 09:59:28,010] INFO: [PROTOCOL] 準備發送 264 bytes
[2025-11-11 09:59:28,010] INFO: [PROTOCOL] 已發送 268/268 bytes
[2025-11-11 09:59:28,010] INFO: [PROTOCOL] ✅ 完整發送 268 bytes
[2025-11-11 09:59:28,110] INFO: [PROTOCOL] 準備發送 264 bytes
[2025-11-11 09:59:28,111] INFO: [PROTOCOL] 已發送 268/268 bytes
[2025-11-11 09:59:28,111] INFO: [PROTOCOL] ✅ 完整發送 268 bytes
[2025-11-11 09:59:28,111] INFO: [PROTOCOL] 準備發送 264 bytes
[2025-11-11 09:59:28,111] INFO: [PROTOCOL] 已發送 268/268 bytes
[2025-11-11 09:59:28,111] INFO: [PROTOCOL] ✅ 完整發送 268 bytes
[2025-11-11 09:59:28,111] INFO: [PROTOCOL] 準備發送 264 bytes
[2025-11-11 09:59:28,111] INFO: [PROTOCOL] 已發送 268/268 bytes
[2025-11-11 09:59:28,111] INFO: [PROTOCOL] ✅ 完整發送 268 bytes
[2025-11-11 09:59:28,111] INFO: [PROTOCOL] 準備發送 264 bytes
[2025-11-11 09:59:28,111] INFO: [PROTOCOL] 已發送 268/268 bytes
[2025-11-11 09:59:28,111] INFO: [PROTOCOL] ✅ 完整發送 268 bytes
[2025-11-11 09:59:28,212] INFO: [PROTOCOL] 準備發送 264 bytes
[2025-11-11 09:59:28,212] INFO: [PROTOCOL] 已發送 268/268 bytes
[2025-11-11 09:59:28,212] INFO: [PROTOCOL] ✅ 完整發送 268 bytes
[2025-11-11 09:59:28,212] INFO: [PROTOCOL] 準備發送 264 bytes
[2025-11-11 09:59:28,212] INFO: [PROTOCOL] 已發送 268/268 bytes
[2025-11-11 09:59:28,212] INFO: [PROTOCOL] ✅ 完整發送 268 bytes
[2025-11-11 09:59:28,212] INFO: [PROTOCOL] 準備發送 264 bytes
[2025-11-11 09:59:28,212] INFO: [PROTOCOL] 已發送 268/268 bytes
[2025-11-11 09:59:28,213] INFO: [PROTOCOL] ✅ 完整發送 268 bytes
[2025-11-11 09:59:28,213] INFO: [PROTOCOL] 準備發送 264 bytes
[2025-11-11 09:59:28,213] INFO: [PROTOCOL] 已發送 268/268 bytes
[2025-11-11 09:59:28,213] INFO: [PROTOCOL] ✅ 完整發送 268 bytes
[2025-11-11 09:59:28,317] INFO: [PROTOCOL] 準備發送 264 bytes
[2025-11-11 09:59:28,317] INFO: [PROTOCOL] 已發送 268/268 bytes
[2025-11-11 09:59:28,318] INFO: [PROTOCOL] ✅ 完整發送 268 bytes
[2025-11-11 09:59:28,318] INFO: [PROTOCOL] 準備發送 264 bytes
[2025-11-11 09:59:28,318] INFO: [PROTOCOL] 已發送 268/268 bytes
[2025-11-11 09:59:28,318] INFO: [PROTOCOL] ✅ 完整發送 268 bytes
[2025-11-11 09:59:28,318] INFO: [PROTOCOL] 準備發送 264 bytes
[2025-11-11 09:59:28,318] INFO: [PROTOCOL] 已發送 268/268 bytes
[2025-11-11 09:59:28,318] INFO: [PROTOCOL] ✅ 完整發送 268 bytes
[2025-11-11 09:59:28,318] INFO: [PROTOCOL] 準備發送 264 bytes
[2025-11-11 09:59:28,318] INFO: [PROTOCOL] 已發送 268/268 bytes
[2025-11-11 09:59:28,318] INFO: [PROTOCOL] ✅ 完整發送 268 bytes
[2025-11-11 09:59:28,422] INFO: [PROTOCOL] 準備發送 264 bytes
[2025-11-11 09:59:28,423] INFO: [PROTOCOL] 已發送 268/268 bytes
[2025-11-11 09:59:28,423] INFO: [PROTOCOL] ✅ 完整發送 268 bytes
[2025-11-11 09:59:28,423] INFO: [PROTOCOL] 準備發送 264 bytes
[2025-11-11 09:59:28,423] INFO: [PROTOCOL] 已發送 268/268 bytes
[2025-11-11 09:59:28,423] INFO: [PROTOCOL] ✅ 完整發送 268 bytes
[2025-11-11 09:59:28,423] INFO: [PROTOCOL] 準備發送 264 bytes
[2025-11-11 09:59:28,423] INFO: [PROTOCOL] 已發送 268/268 bytes
[2025-11-11 09:59:28,423] INFO: [PROTOCOL] ✅ 完整發送 268 bytes
[2025-11-11 09:59:28,423] INFO: [PROTOCOL] 準備發送 264 bytes
[2025-11-11 09:59:28,423] INFO: [PROTOCOL] 已發送 268/268 bytes
[2025-11-11 09:59:28,423] INFO: [PROTOCOL] ✅ 完整發送 268 bytes
[2025-11-11 09:59:28,528] INFO: [PROTOCOL] 準備發送 264 bytes
[2025-11-11 09:59:28,528] INFO: [PROTOCOL] 已發送 268/268 bytes
[2025-11-11 09:59:28,528] INFO: [PROTOCOL] ✅ 完整發送 268 bytes
[2025-11-11 09:59:28,528] INFO: [PROTOCOL] 準備發送 264 bytes
[2025-11-11 09:59:28,528] INFO: [PROTOCOL] 已發送 268/268 bytes
[2025-11-11 09:59:28,528] INFO: [PROTOCOL] ✅ 完整發送 268 bytes
[2025-11-11 09:59:28,528] INFO: [PROTOCOL] 準備發送 264 bytes
[2025-11-11 09:59:28,528] INFO: [PROTOCOL] 已發送 268/268 bytes
[2025-11-11 09:59:28,528] INFO: [PROTOCOL] ✅ 完整發送 268 bytes
[2025-11-11 09:59:28,528] INFO: [PROTOCOL] 準備發送 264 bytes
[2025-11-11 09:59:28,528] INFO: [PROTOCOL] 已發送 268/268 bytes
[2025-11-11 09:59:28,529] INFO: [PROTOCOL] ✅ 完整發送 268 bytes
[2025-11-11 09:59:28,634] INFO: [PROTOCOL] 準備發送 263 bytes
[2025-11-11 09:59:28,634] INFO: [PROTOCOL] 已發送 267/267 bytes
[2025-11-11 09:59:28,634] INFO: [PROTOCOL] ✅ 完整發送 267 bytes
[2025-11-11 09:59:28,634] INFO: [PROTOCOL] 準備發送 263 bytes
[2025-11-11 09:59:28,634] INFO: [PROTOCOL] 已發送 267/267 bytes
[2025-11-11 09:59:28,634] INFO: [PROTOCOL] ✅ 完整發送 267 bytes
[2025-11-11 09:59:28,634] INFO: [PROTOCOL] 準備發送 263 bytes
[2025-11-11 09:59:28,634] INFO: [PROTOCOL] 已發送 267/267 bytes
[2025-11-11 09:59:28,634] INFO: [PROTOCOL] ✅ 完整發送 267 bytes
[2025-11-11 09:59:28,634] INFO: [PROTOCOL] 準備發送 263 bytes
[2025-11-11 09:59:28,634] INFO: [PROTOCOL] 已發送 267/267 bytes
[2025-11-11 09:59:28,634] INFO: [PROTOCOL] ✅ 完整發送 267 bytes
[2025-11-11 09:59:28,737] INFO: [PROTOCOL] 準備發送 263 bytes
[2025-11-11 09:59:28,737] INFO: [PROTOCOL] 已發送 267/267 bytes
[2025-11-11 09:59:28,737] INFO: [PROTOCOL] ✅ 完整發送 267 bytes
[2025-11-11 09:59:28,737] INFO: [PROTOCOL] 準備發送 263 bytes
[2025-11-11 09:59:28,737] INFO: [PROTOCOL] 已發送 267/267 bytes
[2025-11-11 09:59:28,737] INFO: [PROTOCOL] ✅ 完整發送 267 bytes
[2025-11-11 09:59:28,737] INFO: [PROTOCOL] 準備發送 263 bytes
[2025-11-11 09:59:28,737] INFO: [PROTOCOL] 已發送 267/267 bytes
[2025-11-11 09:59:28,737] INFO: [PROTOCOL] ✅ 完整發送 267 bytes
[2025-11-11 09:59:28,737] INFO: [PROTOCOL] 準備發送 263 bytes
[2025-11-11 09:59:28,737] INFO: [PROTOCOL] 已發送 267/267 bytes
[2025-11-11 09:59:28,737] INFO: [PROTOCOL] ✅ 完整發送 267 bytes
[2025-11-11 09:59:28,842] INFO: [PROTOCOL] 準備發送 263 bytes
[2025-11-11 09:59:28,843] INFO: [PROTOCOL] 已發送 267/267 bytes
[2025-11-11 09:59:28,843] INFO: [PROTOCOL] ✅ 完整發送 267 bytes
[2025-11-11 09:59:28,843] INFO: [PROTOCOL] 準備發送 263 bytes
[2025-11-11 09:59:28,843] INFO: [PROTOCOL] 已發送 267/267 bytes
[2025-11-11 09:59:28,843] INFO: [PROTOCOL] ✅ 完整發送 267 bytes
[2025-11-11 09:59:28,843] INFO: [PROTOCOL] 準備發送 263 bytes
[2025-11-11 09:59:28,843] INFO: [PROTOCOL] 已發送 267/267 bytes
[2025-11-11 09:59:28,843] INFO: [PROTOCOL] ✅ 完整發送 267 bytes
[2025-11-11 09:59:28,843] INFO: [PROTOCOL] 準備發送 263 bytes
[2025-11-11 09:59:28,843] INFO: [PROTOCOL] 已發送 267/267 bytes
[2025-11-11 09:59:28,843] INFO: [PROTOCOL] ✅ 完整發送 267 bytes
[2025-11-11 09:59:28,947] INFO: [PROTOCOL] 準備發送 263 bytes
[2025-11-11 09:59:28,948] INFO: [PROTOCOL] 已發送 267/267 bytes
[2025-11-11 09:59:28,948] INFO: [PROTOCOL] ✅ 完整發送 267 bytes
[2025-11-11 09:59:28,948] INFO: [PROTOCOL] 準備發送 263 bytes
[2025-11-11 09:59:28,948] INFO: [PROTOCOL] 已發送 267/267 bytes
[2025-11-11 09:59:28,948] INFO: [PROTOCOL] ✅ 完整發送 267 bytes
[2025-11-11 09:59:28,948] INFO: [PROTOCOL] 準備發送 263 bytes
[2025-11-11 09:59:28,948] INFO: [PROTOCOL] 已發送 267/267 bytes
[2025-11-11 09:59:28,948] INFO: [PROTOCOL] ✅ 完整發送 267 bytes
[2025-11-11 09:59:28,948] INFO: [PROTOCOL] 準備發送 263 bytes
[2025-11-11 09:59:28,948] INFO: [PROTOCOL] 已發送 267/267 bytes
[2025-11-11 09:59:28,948] INFO: [PROTOCOL] ✅ 完整發送 267 bytes
[2025-11-11 09:59:29,050] INFO: [PROTOCOL] 準備發送 263 bytes
[2025-11-11 09:59:29,051] INFO: [PROTOCOL] 已發送 267/267 bytes
[2025-11-11 09:59:29,051] INFO: [PROTOCOL] ✅ 完整發送 267 bytes
[2025-11-11 09:59:29,051] INFO: [PROTOCOL] 準備發送 263 bytes
[2025-11-11 09:59:29,051] INFO: [PROTOCOL] 已發送 267/267 bytes
[2025-11-11 09:59:29,051] INFO: [PROTOCOL] ✅ 完整發送 267 bytes
[2025-11-11 09:59:29,051] INFO: [PROTOCOL] 準備發送 263 bytes
[2025-11-11 09:59:29,051] INFO: [PROTOCOL] 已發送 267/267 bytes
[2025-11-11 09:59:29,051] INFO: [PROTOCOL] ✅ 完整發送 267 bytes
[2025-11-11 09:59:29,051] INFO: [PROTOCOL] 準備發送 263 bytes
[2025-11-11 09:59:29,051] INFO: [PROTOCOL] 已發送 267/267 bytes
[2025-11-11 09:59:29,051] INFO: [PROTOCOL] ✅ 完整發送 267 bytes
[2025-11-11 09:59:29,156] INFO: [PROTOCOL] 準備發送 265 bytes
[2025-11-11 09:59:29,156] INFO: [PROTOCOL] 已發送 269/269 bytes
[2025-11-11 09:59:29,157] INFO: [PROTOCOL] ✅ 完整發送 269 bytes
[2025-11-11 09:59:29,157] INFO: [PROTOCOL] 準備發送 265 bytes
[2025-11-11 09:59:29,157] INFO: [PROTOCOL] 已發送 269/269 bytes
[2025-11-11 09:59:29,157] INFO: [PROTOCOL] ✅ 完整發送 269 bytes
[2025-11-11 09:59:29,157] INFO: [PROTOCOL] 準備發送 265 bytes
[2025-11-11 09:59:29,157] INFO: [PROTOCOL] 已發送 269/269 bytes
[2025-11-11 09:59:29,157] INFO: [PROTOCOL] ✅ 完整發送 269 bytes
[2025-11-11 09:59:29,157] INFO: [PROTOCOL] 準備發送 265 bytes
[2025-11-11 09:59:29,157] INFO: [PROTOCOL] 已發送 269/269 bytes
[2025-11-11 09:59:29,157] INFO: [PROTOCOL] ✅ 完整發送 269 bytes
[2025-11-11 09:59:29,262] INFO: [PROTOCOL] 準備發送 265 bytes
[2025-11-11 09:59:29,263] INFO: [PROTOCOL] 已發送 269/269 bytes
[2025-11-11 09:59:29,263] INFO: [PROTOCOL] ✅ 完整發送 269 bytes
[2025-11-11 09:59:29,263] INFO: [PROTOCOL] 準備發送 265 bytes
[2025-11-11 09:59:29,263] INFO: [PROTOCOL] 已發送 269/269 bytes
[2025-11-11 09:59:29,263] INFO: [PROTOCOL] ✅ 完整發送 269 bytes
[2025-11-11 09:59:29,263] INFO: [PROTOCOL] 準備發送 265 bytes
[2025-11-11 09:59:29,263] INFO: [PROTOCOL] 已發送 269/269 bytes
[2025-11-11 09:59:29,263] INFO: [PROTOCOL] ✅ 完整發送 269 bytes
[2025-11-11 09:59:29,263] INFO: [PROTOCOL] 準備發送 265 bytes
[2025-11-11 09:59:29,263] INFO: [PROTOCOL] 已發送 269/269 bytes
[2025-11-11 09:59:29,263] INFO: [PROTOCOL] ✅ 完整發送 269 bytes
[2025-11-11 09:59:29,367] INFO: [PROTOCOL] 準備發送 265 bytes
[2025-11-11 09:59:29,367] INFO: [PROTOCOL] 已發送 269/269 bytes
[2025-11-11 09:59:29,368] INFO: [PROTOCOL] ✅ 完整發送 269 bytes
[2025-11-11 09:59:29,369] INFO: [PROTOCOL] 準備發送 265 bytes
[2025-11-11 09:59:29,369] INFO: [PROTOCOL] 已發送 269/269 bytes
[2025-11-11 09:59:29,369] INFO: [PROTOCOL] ✅ 完整發送 269 bytes
[2025-11-11 09:59:29,370] INFO: [PROTOCOL] 準備發送 265 bytes
[2025-11-11 09:59:29,370] INFO: [PROTOCOL] 已發送 269/269 bytes
[2025-11-11 09:59:29,370] INFO: [PROTOCOL] ✅ 完整發送 269 bytes
[2025-11-11 09:59:29,370] INFO: [PROTOCOL] 準備發送 265 bytes
[2025-11-11 09:59:29,370] INFO: [PROTOCOL] 已發送 269/269 bytes
[2025-11-11 09:59:29,370] INFO: [PROTOCOL] ✅ 完整發送 269 bytes
[2025-11-11 09:59:29,475] INFO: [PROTOCOL] 準備發送 265 bytes
[2025-11-11 09:59:29,475] INFO: [PROTOCOL] 已發送 269/269 bytes
[2025-11-11 09:59:29,475] INFO: [PROTOCOL] ✅ 完整發送 269 bytes
[2025-11-11 09:59:29,475] INFO: [PROTOCOL] 準備發送 265 bytes
[2025-11-11 09:59:29,475] INFO: [PROTOCOL] 已發送 269/269 bytes
[2025-11-11 09:59:29,475] INFO: [PROTOCOL] ✅ 完整發送 269 bytes
[2025-11-11 09:59:29,475] INFO: [PROTOCOL] 準備發送 265 bytes
[2025-11-11 09:59:29,475] INFO: [PROTOCOL] 已發送 269/269 bytes
[2025-11-11 09:59:29,475] INFO: [PROTOCOL] ✅ 完整發送 269 bytes
[2025-11-11 09:59:29,475] INFO: [PROTOCOL] 準備發送 265 bytes
[2025-11-11 09:59:29,475] INFO: [PROTOCOL] 已發送 269/269 bytes
[2025-11-11 09:59:29,475] INFO: [PROTOCOL] ✅ 完整發送 269 bytes
[2025-11-11 09:59:29,577] INFO: [PROTOCOL] 準備發送 265 bytes
[2025-11-11 09:59:29,577] INFO: [PROTOCOL] 已發送 269/269 bytes
[2025-11-11 09:59:29,577] INFO: [PROTOCOL] ✅ 完整發送 269 bytes
[2025-11-11 09:59:29,577] INFO: [PROTOCOL] 準備發送 265 bytes
[2025-11-11 09:59:29,577] INFO: [PROTOCOL] 已發送 269/269 bytes
[2025-11-11 09:59:29,577] INFO: [PROTOCOL] ✅ 完整發送 269 bytes
[2025-11-11 09:59:29,577] INFO: [PROTOCOL] 準備發送 265 bytes
[2025-11-11 09:59:29,577] INFO: [PROTOCOL] 已發送 269/269 bytes
[2025-11-11 09:59:29,577] INFO: [PROTOCOL] ✅ 完整發送 269 bytes
[2025-11-11 09:59:29,577] INFO: [PROTOCOL] 準備發送 265 bytes
[2025-11-11 09:59:29,577] INFO: [PROTOCOL] 已發送 269/269 bytes
[2025-11-11 09:59:29,577] INFO: [PROTOCOL] ✅ 完整發送 269 bytes
[2025-11-11 09:59:29,683] INFO: [PROTOCOL] 準備發送 265 bytes
[2025-11-11 09:59:29,683] INFO: [PROTOCOL] 已發送 269/269 bytes
[2025-11-11 09:59:29,684] INFO: [PROTOCOL] ✅ 完整發送 269 bytes
[2025-11-11 09:59:29,684] INFO: [PROTOCOL] 準備發送 265 bytes
[2025-11-11 09:59:29,684] INFO: [PROTOCOL] 已發送 269/269 bytes
[2025-11-11 09:59:29,684] INFO: [PROTOCOL] ✅ 完整發送 269 bytes
[2025-11-11 09:59:29,684] INFO: [PROTOCOL] 準備發送 265 bytes
[2025-11-11 09:59:29,684] INFO: [PROTOCOL] 已發送 269/269 bytes
[2025-11-11 09:59:29,684] INFO: [PROTOCOL] ✅ 完整發送 269 bytes
[2025-11-11 09:59:29,684] INFO: [PROTOCOL] 準備發送 265 bytes
[2025-11-11 09:59:29,684] INFO: [PROTOCOL] 已發送 269/269 bytes
[2025-11-11 09:59:29,684] INFO: [PROTOCOL] ✅ 完整發送 269 bytes
[2025-11-11 09:59:29,788] INFO: [PROTOCOL] 準備發送 265 bytes
[2025-11-11 09:59:29,789] INFO: [PROTOCOL] 已發送 269/269 bytes
[2025-11-11 09:59:29,789] INFO: [PROTOCOL] ✅ 完整發送 269 bytes
[2025-11-11 09:59:29,789] INFO: [PROTOCOL] 準備發送 265 bytes
[2025-11-11 09:59:29,789] INFO: [PROTOCOL] 已發送 269/269 bytes
[2025-11-11 09:59:29,789] INFO: [PROTOCOL] ✅ 完整發送 269 bytes
[2025-11-11 09:59:29,789] INFO: [PROTOCOL] 準備發送 265 bytes
[2025-11-11 09:59:29,789] INFO: [PROTOCOL] 已發送 269/269 bytes
[2025-11-11 09:59:29,789] INFO: [PROTOCOL] ✅ 完整發送 269 bytes
[2025-11-11 09:59:29,789] INFO: [PROTOCOL] 準備發送 265 bytes
[2025-11-11 09:59:29,789] INFO: [PROTOCOL] 已發送 269/269 bytes
[2025-11-11 09:59:29,790] INFO: [PROTOCOL] ✅ 完整發送 269 bytes
[2025-11-11 09:59:29,896] INFO: [PROTOCOL] 準備發送 265 bytes
[2025-11-11 09:59:29,896] INFO: [PROTOCOL] 已發送 269/269 bytes
[2025-11-11 09:59:29,896] INFO: [PROTOCOL] ✅ 完整發送 269 bytes
[2025-11-11 09:59:29,897] INFO: [PROTOCOL] 準備發送 265 bytes
[2025-11-11 09:59:29,897] INFO: [PROTOCOL] 已發送 269/269 bytes
[2025-11-11 09:59:29,897] INFO: [PROTOCOL] ✅ 完整發送 269 bytes
[2025-11-11 09:59:29,897] INFO: [PROTOCOL] 準備發送 265 bytes
[2025-11-11 09:59:29,897] INFO: [PROTOCOL] 已發送 269/269 bytes
[2025-11-11 09:59:29,897] INFO: [PROTOCOL] ✅ 完整發送 269 bytes
[2025-11-11 09:59:29,898] INFO: [PROTOCOL] 準備發送 265 bytes
[2025-11-11 09:59:29,898] INFO: [PROTOCOL] 已發送 269/269 bytes
[2025-11-11 09:59:29,898] INFO: [PROTOCOL] ✅ 完整發送 269 bytes
[2025-11-11 09:59:30,001] INFO: [PROTOCOL] 準備發送 265 bytes
[2025-11-11 09:59:30,002] INFO: [PROTOCOL] 已發送 269/269 bytes
[2025-11-11 09:59:30,002] INFO: [PROTOCOL] ✅ 完整發送 269 bytes
[2025-11-11 09:59:30,002] INFO: [PROTOCOL] 準備發送 265 bytes
[2025-11-11 09:59:30,002] INFO: [PROTOCOL] 已發送 269/269 bytes
[2025-11-11 09:59:30,002] INFO: [PROTOCOL] ✅ 完整發送 269 bytes
[2025-11-11 09:59:30,002] INFO: [PROTOCOL] 準備發送 265 bytes
[2025-11-11 09:59:30,002] INFO: [PROTOCOL] 已發送 269/269 bytes
[2025-11-11 09:59:30,002] INFO: [PROTOCOL] ✅ 完整發送 269 bytes
[2025-11-11 09:59:30,002] INFO: [PROTOCOL] 準備發送 265 bytes
[2025-11-11 09:59:30,002] INFO: [PROTOCOL] 已發送 269/269 bytes
[2025-11-11 09:59:30,002] INFO: [PROTOCOL] ✅ 完整發送 269 bytes
[2025-11-11 09:59:30,104] INFO: [PROTOCOL] 準備發送 265 bytes
[2025-11-11 09:59:30,104] INFO: [PROTOCOL] 已發送 269/269 bytes
[2025-11-11 09:59:30,104] INFO: [PROTOCOL] ✅ 完整發送 269 bytes
[2025-11-11 09:59:30,104] INFO: [PROTOCOL] 準備發送 265 bytes
[2025-11-11 09:59:30,104] INFO: [PROTOCOL] 已發送 269/269 bytes
[2025-11-11 09:59:30,104] INFO: [PROTOCOL] ✅ 完整發送 269 bytes
[2025-11-11 09:59:30,104] INFO: [PROTOCOL] 準備發送 265 bytes
[2025-11-11 09:59:30,104] INFO: [PROTOCOL] 已發送 269/269 bytes
[2025-11-11 09:59:30,104] INFO: [PROTOCOL] ✅ 完整發送 269 bytes
[2025-11-11 09:59:30,104] INFO: [PROTOCOL] 準備發送 265 bytes
[2025-11-11 09:59:30,104] INFO: [PROTOCOL] 已發送 269/269 bytes
[2025-11-11 09:59:30,104] INFO: [PROTOCOL] ✅ 完整發送 269 bytes
[2025-11-11 09:59:30,209] INFO: [PROTOCOL] 準備發送 265 bytes
[2025-11-11 09:59:30,210] INFO: [PROTOCOL] 已發送 269/269 bytes
[2025-11-11 09:59:30,210] INFO: [PROTOCOL] ✅ 完整發送 269 bytes
[2025-11-11 09:59:30,210] INFO: [PROTOCOL] 準備發送 265 bytes
[2025-11-11 09:59:30,210] INFO: [PROTOCOL] 已發送 269/269 bytes
[2025-11-11 09:59:30,210] INFO: [PROTOCOL] ✅ 完整發送 269 bytes
[2025-11-11 09:59:30,210] INFO: [PROTOCOL] 準備發送 265 bytes
[2025-11-11 09:59:30,210] INFO: [PROTOCOL] 已發送 269/269 bytes
[2025-11-11 09:59:30,210] INFO: [PROTOCOL] ✅ 完整發送 269 bytes
[2025-11-11 09:59:30,210] INFO: [PROTOCOL] 準備發送 265 bytes
[2025-11-11 09:59:30,210] INFO: [PROTOCOL] 已發送 269/269 bytes
[2025-11-11 09:59:30,210] INFO: [PROTOCOL] ✅ 完整發送 269 bytes
[2025-11-11 09:59:30,316] INFO: [PROTOCOL] 準備發送 265 bytes
[2025-11-11 09:59:30,316] INFO: [PROTOCOL] 已發送 269/269 bytes
[2025-11-11 09:59:30,316] INFO: [PROTOCOL] ✅ 完整發送 269 bytes
[2025-11-11 09:59:30,316] INFO: [PROTOCOL] 準備發送 265 bytes
[2025-11-11 09:59:30,317] INFO: [PROTOCOL] 已發送 269/269 bytes
[2025-11-11 09:59:30,317] INFO: [PROTOCOL] ✅ 完整發送 269 bytes
[2025-11-11 09:59:30,317] INFO: [PROTOCOL] 準備發送 265 bytes
[2025-11-11 09:59:30,317] INFO: [PROTOCOL] 已發送 269/269 bytes
[2025-11-11 09:59:30,317] INFO: [PROTOCOL] ✅ 完整發送 269 bytes
[2025-11-11 09:59:30,317] INFO: [PROTOCOL] 準備發送 265 bytes
[2025-11-11 09:59:30,317] INFO: [PROTOCOL] 已發送 269/269 bytes
[2025-11-11 09:59:30,317] INFO: [PROTOCOL] ✅ 完整發送 269 bytes
[2025-11-11 09:59:30,404] ERROR: ❌ ProtocolError for 2: 接收失敗: [Errno 54] Connection reset by peer
[2025-11-11 09:59:30,405] WARNING: ⚠️ Player 2 disconnected during game!
[2025-11-11 09:59:30,405] INFO: [PROTOCOL] 準備發送 126 bytes
[2025-11-11 09:59:30,405] ERROR: [PROTOCOL] ❌ 發送訊息失敗: 發送失敗: [Errno 32] Broken pipe
[2025-11-11 09:59:30,405] INFO: [PROTOCOL] 準備發送 126 bytes
[2025-11-11 09:59:30,405] INFO: [PROTOCOL] 已發送 130/130 bytes
[2025-11-11 09:59:30,405] INFO: [PROTOCOL] ✅ 完整發送 130 bytes
[2025-11-11 09:59:30,405] INFO: 📊 Attempting to report game result to lobby: room=23, results={'P1': {'user_id': 1, 'score': 0, 'lines_cleared': 0}, 'P2': {'user_id': 2, 'score': 0, 'lines_cleared': 0}}
[2025-11-11 09:59:30,405] INFO: 📡 Connecting to lobby server at localhost:10002...
[2025-11-11 09:59:30,410] INFO: ✅ Connected to lobby server
[2025-11-11 09:59:30,411] INFO: 🏆 Winner: None
[2025-11-11 09:59:30,411] INFO: 📤 Sending report: {'action': 'report_game_result', 'data': {'room_id': 23, 'winner': None, 'results': {'P1': {'user_id': 1, 'score': 0, 'lines_cleared': 0}, 'P2': {'user_id': 2, 'score': 0, 'lines_cleared': 0}}}}
[2025-11-11 09:59:30,411] INFO: [PROTOCOL] 準備發送 194 bytes
[2025-11-11 09:59:30,411] INFO: [PROTOCOL] 已發送 198/198 bytes
[2025-11-11 09:59:30,411] INFO: [PROTOCOL] ✅ 完整發送 198 bytes
[2025-11-11 09:59:30,411] INFO: ✅ Report sent, waiting for response...
[2025-11-11 09:59:30,431] INFO: 📥 Received response: {'status': 'success', 'message': '遊戲結果已記錄'}
[2025-11-11 09:59:30,431] INFO: ✅ Game result reported to Lobby Server successfully
[2025-11-11 09:59:30,431] INFO: 🏁 Game ended due to player 2 disconnection
[2025-11-11 09:59:30,431] INFO: 🔌 Player 2 input handler stopped
[2025-11-11 09:59:30,502] INFO: 🎮 Game Over! Winner: None
[2025-11-11 09:59:30,503] INFO: [PROTOCOL] 準備發送 158 bytes
[2025-11-11 09:59:30,503] ERROR: [PROTOCOL] ❌ 發送訊息失敗: 發送失敗: [Errno 32] Broken pipe
[2025-11-11 09:59:30,503] INFO: [PROTOCOL] 準備發送 158 bytes
[2025-11-11 09:59:30,503] INFO: [PROTOCOL] 已發送 162/162 bytes
[2025-11-11 09:59:30,503] INFO: [PROTOCOL] ✅ 完整發送 162 bytes
[2025-11-11 09:59:30,503] INFO: 📊 Attempting to report game result to lobby: room=23, results={'P2': {'user_id': 2, 'score': 0, 'lines_cleared': 0, 'max_combo': 0}, 'P1': {'user_id': 1, 'score': 0, 'lines_cleared': 0, 'max_combo': 0}}
[2025-11-11 09:59:30,503] INFO: 📡 Connecting to lobby server at localhost:10002...
[2025-11-11 09:59:30,504] INFO: ✅ Connected to lobby server
[2025-11-11 09:59:30,504] INFO: 🏆 Winner: None
[2025-11-11 09:59:30,504] INFO: 📤 Sending report: {'action': 'report_game_result', 'data': {'room_id': 23, 'winner': None, 'results': {'P2': {'user_id': 2, 'score': 0, 'lines_cleared': 0, 'max_combo': 0}, 'P1': {'user_id': 1, 'score': 0, 'lines_cleared': 0, 'max_combo': 0}}}}
[2025-11-11 09:59:30,504] INFO: [PROTOCOL] 準備發送 226 bytes
[2025-11-11 09:59:30,504] INFO: [PROTOCOL] 已發送 230/230 bytes
[2025-11-11 09:59:30,504] INFO: [PROTOCOL] ✅ 完整發送 230 bytes
[2025-11-11 09:59:30,504] INFO: ✅ Report sent, waiting for response...
[2025-11-11 09:59:30,508] INFO: 📥 Received response: {'status': 'success', 'message': '遊戲結果已記錄'}
[2025-11-11 09:59:30,508] INFO: ✅ Game result reported to Lobby Server successfully
[2025-11-11 09:59:30,508] INFO: 📊 Final results: {'P2': {'user_id': 2, 'score': 0, 'lines_cleared': 0, 'max_combo': 0}, 'P1': {'user_id': 1, 'score': 0, 'lines_cleared': 0, 'max_combo': 0}}
[2025-11-11 09:59:31,066] INFO: 🔌 Player 1 input handler stopped
[2025-11-11 09:59:32,514] INFO: 🛑 Shutting down Game Server...
[2025-11-11 09:59:32,515] INFO: ✅ Game Server shut down
[2025-11-11 09:59:32,516] INFO: 🛑 Shutting down Game Server...
[2025-11-11 09:59:32,516] INFO: ✅ Game Server shut down
