[2025-11-11 10:21:32,062] INFO: ✅ Connected to Game Server (localhost:10102)
[2025-11-11 10:21:32,065] INFO: [PROTOCOL] 準備發送 78 bytes
[2025-11-11 10:21:32,065] INFO: [PROTOCOL] 已發送 82/82 bytes
[2025-11-11 10:21:32,065] INFO: [PROTOCOL] ✅ 完整發送 82 bytes
[2025-11-11 10:21:32,134] INFO: ✅ Welcomed as P1, seed: 1891098906
[2025-11-11 10:21:41,668] INFO: [PROTOCOL] 準備發送 79 bytes
[2025-11-11 10:21:41,669] INFO: [PROTOCOL] 已發送 83/83 bytes
[2025-11-11 10:21:41,669] INFO: [PROTOCOL] ✅ 完整發送 83 bytes
[2025-11-11 10:21:41,720] INFO: [PROTOCOL] 準備發送 79 bytes
[2025-11-11 10:21:41,720] INFO: [PROTOCOL] 已發送 83/83 bytes
[2025-11-11 10:21:41,720] INFO: [PROTOCOL] ✅ 完整發送 83 bytes
[2025-11-11 10:21:41,771] INFO: [PROTOCOL] 準備發送 79 bytes
[2025-11-11 10:21:41,771] INFO: [PROTOCOL] 已發送 83/83 bytes
[2025-11-11 10:21:41,771] INFO: [PROTOCOL] ✅ 完整發送 83 bytes
[2025-11-11 10:21:41,822] INFO: [PROTOCOL] 準備發送 79 bytes
[2025-11-11 10:21:41,822] INFO: [PROTOCOL] 已發送 83/83 bytes
[2025-11-11 10:21:41,822] INFO: [PROTOCOL] ✅ 完整發送 83 bytes
[2025-11-11 10:21:41,873] INFO: [PROTOCOL] 準備發送 79 bytes
[2025-11-11 10:21:41,873] INFO: [PROTOCOL] 已發送 83/83 bytes
[2025-11-11 10:21:41,873] INFO: [PROTOCOL] ✅ 完整發送 83 bytes
[2025-11-11 10:21:41,924] INFO: [PROTOCOL] 準備發送 79 bytes
[2025-11-11 10:21:41,924] INFO: [PROTOCOL] 已發送 83/83 bytes
[2025-11-11 10:21:41,924] INFO: [PROTOCOL] ✅ 完整發送 83 bytes
[2025-11-11 10:21:41,974] INFO: [PROTOCOL] 準備發送 79 bytes
[2025-11-11 10:21:41,975] INFO: [PROTOCOL] 已發送 83/83 bytes
[2025-11-11 10:21:41,975] INFO: [PROTOCOL] ✅ 完整發送 83 bytes
[2025-11-11 10:21:42,025] INFO: [PROTOCOL] 準備發送 79 bytes
[2025-11-11 10:21:42,026] INFO: [PROTOCOL] 已發送 83/83 bytes
[2025-11-11 10:21:42,026] INFO: [PROTOCOL] ✅ 完整發送 83 bytes
[2025-11-11 10:21:42,076] INFO: [PROTOCOL] 準備發送 79 bytes
[2025-11-11 10:21:42,076] INFO: [PROTOCOL] 已發送 83/83 bytes
[2025-11-11 10:21:42,076] INFO: [PROTOCOL] ✅ 完整發送 83 bytes
[2025-11-11 10:21:42,126] INFO: [PROTOCOL] 準備發送 80 bytes
[2025-11-11 10:21:42,127] INFO: [PROTOCOL] 已發送 84/84 bytes
[2025-11-11 10:21:42,127] INFO: [PROTOCOL] ✅ 完整發送 84 bytes
[2025-11-11 10:21:42,177] INFO: [PROTOCOL] 準備發送 80 bytes
[2025-11-11 10:21:42,177] INFO: [PROTOCOL] 已發送 84/84 bytes
[2025-11-11 10:21:42,177] INFO: [PROTOCOL] ✅ 完整發送 84 bytes
[2025-11-11 10:21:42,227] INFO: [PROTOCOL] 準備發送 80 bytes
[2025-11-11 10:21:42,228] INFO: [PROTOCOL] 已發送 84/84 bytes
[2025-11-11 10:21:42,228] INFO: [PROTOCOL] ✅ 完整發送 84 bytes
[2025-11-11 10:21:42,280] INFO: [PROTOCOL] 準備發送 80 bytes
[2025-11-11 10:21:42,280] INFO: [PROTOCOL] 已發送 84/84 bytes
[2025-11-11 10:21:42,280] INFO: [PROTOCOL] ✅ 完整發送 84 bytes
[2025-11-11 10:21:42,347] INFO: [PROTOCOL] 準備發送 80 bytes
[2025-11-11 10:21:42,347] INFO: [PROTOCOL] 已發送 84/84 bytes
[2025-11-11 10:21:42,347] INFO: [PROTOCOL] ✅ 完整發送 84 bytes
[2025-11-11 10:21:42,413] INFO: [PROTOCOL] 準備發送 80 bytes
[2025-11-11 10:21:42,413] INFO: [PROTOCOL] 已發送 84/84 bytes
[2025-11-11 10:21:42,413] INFO: [PROTOCOL] ✅ 完整發送 84 bytes
[2025-11-11 10:21:42,463] INFO: [PROTOCOL] 準備發送 80 bytes
[2025-11-11 10:21:42,464] INFO: [PROTOCOL] 已發送 84/84 bytes
[2025-11-11 10:21:42,464] INFO: [PROTOCOL] ✅ 完整發送 84 bytes
[2025-11-11 10:21:42,530] INFO: [PROTOCOL] 準備發送 80 bytes
[2025-11-11 10:21:42,530] INFO: [PROTOCOL] 已發送 84/84 bytes
[2025-11-11 10:21:42,530] INFO: [PROTOCOL] ✅ 完整發送 84 bytes
[2025-11-11 10:21:42,597] INFO: [PROTOCOL] 準備發送 80 bytes
[2025-11-11 10:21:42,598] INFO: [PROTOCOL] 已發送 84/84 bytes
[2025-11-11 10:21:42,599] INFO: [PROTOCOL] ✅ 完整發送 84 bytes
[2025-11-11 10:21:42,648] INFO: [PROTOCOL] 準備發送 80 bytes
[2025-11-11 10:21:42,648] INFO: [PROTOCOL] 已發送 84/84 bytes
[2025-11-11 10:21:42,649] INFO: [PROTOCOL] ✅ 完整發送 84 bytes
[2025-11-11 10:21:42,702] INFO: [PROTOCOL] 準備發送 80 bytes
[2025-11-11 10:21:42,702] INFO: [PROTOCOL] 已發送 84/84 bytes
[2025-11-11 10:21:42,702] INFO: [PROTOCOL] ✅ 完整發送 84 bytes
[2025-11-11 10:21:42,766] INFO: [PROTOCOL] 準備發送 80 bytes
[2025-11-11 10:21:42,766] INFO: [PROTOCOL] 已發送 84/84 bytes
[2025-11-11 10:21:42,766] INFO: [PROTOCOL] ✅ 完整發送 84 bytes
[2025-11-11 10:21:42,855] INFO: [PROTOCOL] 準備發送 85 bytes
[2025-11-11 10:21:42,856] INFO: [PROTOCOL] 已發送 89/89 bytes
[2025-11-11 10:21:42,856] INFO: [PROTOCOL] ✅ 完整發送 89 bytes
[2025-11-11 10:21:42,917] INFO: [PROTOCOL] 準備發送 85 bytes
[2025-11-11 10:21:42,918] INFO: [PROTOCOL] 已發送 89/89 bytes
[2025-11-11 10:21:42,918] INFO: [PROTOCOL] ✅ 完整發送 89 bytes
[2025-11-11 10:21:43,182] INFO: [PROTOCOL] 準備發送 85 bytes
[2025-11-11 10:21:43,183] INFO: [PROTOCOL] 已發送 89/89 bytes
[2025-11-11 10:21:43,183] INFO: [PROTOCOL] ✅ 完整發送 89 bytes
[2025-11-11 10:21:43,408] INFO: [PROTOCOL] 準備發送 85 bytes
[2025-11-11 10:21:43,408] INFO: [PROTOCOL] 已發送 89/89 bytes
[2025-11-11 10:21:43,409] INFO: [PROTOCOL] ✅ 完整發送 89 bytes
[2025-11-11 10:21:43,579] INFO: [PROTOCOL] 準備發送 85 bytes
[2025-11-11 10:21:43,579] INFO: [PROTOCOL] 已發送 89/89 bytes
[2025-11-11 10:21:43,579] INFO: [PROTOCOL] ✅ 完整發送 89 bytes
[2025-11-11 10:21:43,644] INFO: [PROTOCOL] 準備發送 85 bytes
[2025-11-11 10:21:43,645] INFO: [PROTOCOL] 已發送 89/89 bytes
[2025-11-11 10:21:43,645] INFO: [PROTOCOL] ✅ 完整發送 89 bytes
[2025-11-11 10:21:43,763] INFO: [PROTOCOL] 準備發送 85 bytes
[2025-11-11 10:21:43,763] INFO: [PROTOCOL] 已發送 89/89 bytes
[2025-11-11 10:21:43,763] INFO: [PROTOCOL] ✅ 完整發送 89 bytes
[2025-11-11 10:21:43,814] INFO: [PROTOCOL] 準備發送 85 bytes
[2025-11-11 10:21:43,814] INFO: [PROTOCOL] 已發送 89/89 bytes
[2025-11-11 10:21:43,814] INFO: [PROTOCOL] ✅ 完整發送 89 bytes
[2025-11-11 10:21:43,955] INFO: [PROTOCOL] 準備發送 85 bytes
[2025-11-11 10:21:43,955] INFO: [PROTOCOL] 已發送 89/89 bytes
[2025-11-11 10:21:43,955] INFO: [PROTOCOL] ✅ 完整發送 89 bytes
[2025-11-11 10:21:44,017] INFO: [PROTOCOL] 準備發送 85 bytes
[2025-11-11 10:21:44,018] INFO: [PROTOCOL] 已發送 89/89 bytes
[2025-11-11 10:21:44,018] INFO: [PROTOCOL] ✅ 完整發送 89 bytes
[2025-11-11 10:21:44,047] INFO: 🎮 Game Over! Winner: 2
[2025-11-11 10:21:46,081] INFO: 🔌 Connection closed
[2025-11-11 10:21:47,637] INFO: 🧹 Cleaning up...
[2025-11-11 10:21:47,748] INFO: ✅ Cleanup complete
[2025-11-11 10:21:47,748] INFO: 🧹 Cleaning up...
[2025-11-11 10:21:47,748] INFO: ✅ Cleanup complete
pygame 2.6.1 (SDL 2.28.4, Python 3.12.2)
Hello from the pygame community. https://www.pygame.org/contribute.html
