[2025-11-11 09:46:42,822] INFO: 🎮 Game Server started on port 10102
[2025-11-11 09:46:42,822] INFO:    Room: 18, Players: [1, 2]
[2025-11-11 09:46:42,822] INFO:    Seed: 1889011462
[2025-11-11 09:46:44,966] INFO: 📥 Player 1 connected from ('127.0.0.1', 56673)
[2025-11-11 09:46:44,967] INFO: [PROTOCOL] 準備發送 121 bytes
[2025-11-11 09:46:44,967] INFO: [PROTOCOL] 已發送 125/125 bytes
[2025-11-11 09:46:44,968] INFO: [PROTOCOL] ✅ 完整發送 125 bytes
[2025-11-11 09:46:44,968] INFO: ✅ Player 1 (P1) ready
[2025-11-11 09:46:44,968] INFO: 📥 Player 2 connected from ('127.0.0.1', 56674)
[2025-11-11 09:46:44,968] INFO: [PROTOCOL] 準備發送 121 bytes
[2025-11-11 09:46:44,968] INFO: [PROTOCOL] 已發送 125/125 bytes
[2025-11-11 09:46:44,968] INFO: [PROTOCOL] ✅ 完整發送 125 bytes
[2025-11-11 09:46:44,968] INFO: ✅ Player 2 (P2) ready
[2025-11-11 09:46:44,968] INFO: ✅ Both players connected, starting game...
[2025-11-11 09:46:44,969] INFO: 🎮 Starting input handler for player 1
[2025-11-11 09:46:44,969] INFO: 🎮 Starting input handler for player 2
[2025-11-11 09:46:45,076] INFO: [PROTOCOL] 準備發送 262 bytes
[2025-11-11 09:46:45,077] INFO: [PROTOCOL] 已發送 266/266 bytes
[2025-11-11 09:46:45,077] INFO: [PROTOCOL] ✅ 完整發送 266 bytes
[2025-11-11 09:46:45,077] INFO: [PROTOCOL] 準備發送 262 bytes
[2025-11-11 09:46:45,077] INFO: [PROTOCOL] 已發送 266/266 bytes
[2025-11-11 09:46:45,077] INFO: [PROTOCOL] ✅ 完整發送 266 bytes
[2025-11-11 09:46:45,077] INFO: [PROTOCOL] 準備發送 262 bytes
[2025-11-11 09:46:45,077] INFO: [PROTOCOL] 已發送 266/266 bytes
[2025-11-11 09:46:45,077] INFO: [PROTOCOL] ✅ 完整發送 266 bytes
[2025-11-11 09:46:45,077] INFO: [PROTOCOL] 準備發送 262 bytes
[2025-11-11 09:46:45,077] INFO: [PROTOCOL] 已發送 266/266 bytes
[2025-11-11 09:46:45,077] INFO: [PROTOCOL] ✅ 完整發送 266 bytes
[2025-11-11 09:46:45,182] INFO: [PROTOCOL] 準備發送 262 bytes
[2025-11-11 09:46:45,182] INFO: [PROTOCOL] 已發送 266/266 bytes
[2025-11-11 09:46:45,182] INFO: [PROTOCOL] ✅ 完整發送 266 bytes
[2025-11-11 09:46:45,182] INFO: [PROTOCOL] 準備發送 262 bytes
[2025-11-11 09:46:45,182] INFO: [PROTOCOL] 已發送 266/266 bytes
[2025-11-11 09:46:45,183] INFO: [PROTOCOL] ✅ 完整發送 266 bytes
[2025-11-11 09:46:45,183] INFO: [PROTOCOL] 準備發送 262 bytes
[2025-11-11 09:46:45,183] INFO: [PROTOCOL] 已發送 266/266 bytes
[2025-11-11 09:46:45,183] INFO: [PROTOCOL] ✅ 完整發送 266 bytes
[2025-11-11 09:46:45,183] INFO: [PROTOCOL] 準備發送 262 bytes
[2025-11-11 09:46:45,183] INFO: [PROTOCOL] 已發送 266/266 bytes
[2025-11-11 09:46:45,183] INFO: [PROTOCOL] ✅ 完整發送 266 bytes
[2025-11-11 09:46:45,285] INFO: [PROTOCOL] 準備發送 262 bytes
[2025-11-11 09:46:45,286] INFO: [PROTOCOL] 已發送 266/266 bytes
[2025-11-11 09:46:45,286] INFO: [PROTOCOL] ✅ 完整發送 266 bytes
[2025-11-11 09:46:45,286] INFO: [PROTOCOL] 準備發送 262 bytes
[2025-11-11 09:46:45,286] INFO: [PROTOCOL] 已發送 266/266 bytes
[2025-11-11 09:46:45,286] INFO: [PROTOCOL] ✅ 完整發送 266 bytes
[2025-11-11 09:46:45,286] INFO: [PROTOCOL] 準備發送 262 bytes
[2025-11-11 09:46:45,286] INFO: [PROTOCOL] 已發送 266/266 bytes
[2025-11-11 09:46:45,286] INFO: [PROTOCOL] ✅ 完整發送 266 bytes
[2025-11-11 09:46:45,286] INFO: [PROTOCOL] 準備發送 262 bytes
[2025-11-11 09:46:45,286] INFO: [PROTOCOL] 已發送 266/266 bytes
[2025-11-11 09:46:45,286] INFO: [PROTOCOL] ✅ 完整發送 266 bytes
[2025-11-11 09:46:45,391] INFO: [PROTOCOL] 準備發送 262 bytes
[2025-11-11 09:46:45,391] INFO: [PROTOCOL] 已發送 266/266 bytes
[2025-11-11 09:46:45,391] INFO: [PROTOCOL] ✅ 完整發送 266 bytes
[2025-11-11 09:46:45,391] INFO: [PROTOCOL] 準備發送 262 bytes
[2025-11-11 09:46:45,392] INFO: [PROTOCOL] 已發送 266/266 bytes
[2025-11-11 09:46:45,392] INFO: [PROTOCOL] ✅ 完整發送 266 bytes
[2025-11-11 09:46:45,392] INFO: [PROTOCOL] 準備發送 262 bytes
[2025-11-11 09:46:45,392] INFO: [PROTOCOL] 已發送 266/266 bytes
[2025-11-11 09:46:45,392] INFO: [PROTOCOL] ✅ 完整發送 266 bytes
[2025-11-11 09:46:45,392] INFO: [PROTOCOL] 準備發送 262 bytes
[2025-11-11 09:46:45,392] INFO: [PROTOCOL] 已發送 266/266 bytes
[2025-11-11 09:46:45,392] INFO: [PROTOCOL] ✅ 完整發送 266 bytes
[2025-11-11 09:46:45,497] INFO: [PROTOCOL] 準備發送 263 bytes
[2025-11-11 09:46:45,498] INFO: [PROTOCOL] 已發送 267/267 bytes
[2025-11-11 09:46:45,498] INFO: [PROTOCOL] ✅ 完整發送 267 bytes
[2025-11-11 09:46:45,498] INFO: [PROTOCOL] 準備發送 263 bytes
[2025-11-11 09:46:45,498] INFO: [PROTOCOL] 已發送 267/267 bytes
[2025-11-11 09:46:45,498] INFO: [PROTOCOL] ✅ 完整發送 267 bytes
[2025-11-11 09:46:45,498] INFO: [PROTOCOL] 準備發送 263 bytes
[2025-11-11 09:46:45,498] INFO: [PROTOCOL] 已發送 267/267 bytes
[2025-11-11 09:46:45,498] INFO: [PROTOCOL] ✅ 完整發送 267 bytes
[2025-11-11 09:46:45,499] INFO: [PROTOCOL] 準備發送 263 bytes
[2025-11-11 09:46:45,499] INFO: [PROTOCOL] 已發送 267/267 bytes
[2025-11-11 09:46:45,499] INFO: [PROTOCOL] ✅ 完整發送 267 bytes
[2025-11-11 09:46:45,605] INFO: [PROTOCOL] 準備發送 263 bytes
[2025-11-11 09:46:45,605] INFO: [PROTOCOL] 已發送 267/267 bytes
[2025-11-11 09:46:45,605] INFO: [PROTOCOL] ✅ 完整發送 267 bytes
[2025-11-11 09:46:45,605] INFO: [PROTOCOL] 準備發送 263 bytes
[2025-11-11 09:46:45,606] INFO: [PROTOCOL] 已發送 267/267 bytes
[2025-11-11 09:46:45,606] INFO: [PROTOCOL] ✅ 完整發送 267 bytes
[2025-11-11 09:46:45,606] INFO: [PROTOCOL] 準備發送 263 bytes
[2025-11-11 09:46:45,606] INFO: [PROTOCOL] 已發送 267/267 bytes
[2025-11-11 09:46:45,606] INFO: [PROTOCOL] ✅ 完整發送 267 bytes
[2025-11-11 09:46:45,606] INFO: [PROTOCOL] 準備發送 263 bytes
[2025-11-11 09:46:45,606] INFO: [PROTOCOL] 已發送 267/267 bytes
[2025-11-11 09:46:45,606] INFO: [PROTOCOL] ✅ 完整發送 267 bytes
[2025-11-11 09:46:45,710] INFO: [PROTOCOL] 準備發送 263 bytes
[2025-11-11 09:46:45,711] INFO: [PROTOCOL] 已發送 267/267 bytes
[2025-11-11 09:46:45,711] INFO: [PROTOCOL] ✅ 完整發送 267 bytes
[2025-11-11 09:46:45,711] INFO: [PROTOCOL] 準備發送 263 bytes
[2025-11-11 09:46:45,711] INFO: [PROTOCOL] 已發送 267/267 bytes
[2025-11-11 09:46:45,711] INFO: [PROTOCOL] ✅ 完整發送 267 bytes
[2025-11-11 09:46:45,712] INFO: [PROTOCOL] 準備發送 263 bytes
[2025-11-11 09:46:45,712] INFO: [PROTOCOL] 已發送 267/267 bytes
[2025-11-11 09:46:45,712] INFO: [PROTOCOL] ✅ 完整發送 267 bytes
[2025-11-11 09:46:45,712] INFO: [PROTOCOL] 準備發送 263 bytes
[2025-11-11 09:46:45,712] INFO: [PROTOCOL] 已發送 267/267 bytes
[2025-11-11 09:46:45,712] INFO: [PROTOCOL] ✅ 完整發送 267 bytes
[2025-11-11 09:46:45,814] INFO: [PROTOCOL] 準備發送 263 bytes
[2025-11-11 09:46:45,814] INFO: [PROTOCOL] 已發送 267/267 bytes
[2025-11-11 09:46:45,814] INFO: [PROTOCOL] ✅ 完整發送 267 bytes
[2025-11-11 09:46:45,815] INFO: [PROTOCOL] 準備發送 263 bytes
[2025-11-11 09:46:45,815] INFO: [PROTOCOL] 已發送 267/267 bytes
[2025-11-11 09:46:45,816] INFO: [PROTOCOL] ✅ 完整發送 267 bytes
[2025-11-11 09:46:45,816] INFO: [PROTOCOL] 準備發送 263 bytes
[2025-11-11 09:46:45,816] INFO: [PROTOCOL] 已發送 267/267 bytes
[2025-11-11 09:46:45,817] INFO: [PROTOCOL] ✅ 完整發送 267 bytes
[2025-11-11 09:46:45,817] INFO: [PROTOCOL] 準備發送 263 bytes
[2025-11-11 09:46:45,817] INFO: [PROTOCOL] 已發送 267/267 bytes
[2025-11-11 09:46:45,817] INFO: [PROTOCOL] ✅ 完整發送 267 bytes
[2025-11-11 09:46:45,920] INFO: [PROTOCOL] 準備發送 263 bytes
[2025-11-11 09:46:45,920] INFO: [PROTOCOL] 已發送 267/267 bytes
[2025-11-11 09:46:45,920] INFO: [PROTOCOL] ✅ 完整發送 267 bytes
[2025-11-11 09:46:45,920] INFO: [PROTOCOL] 準備發送 263 bytes
[2025-11-11 09:46:45,920] INFO: [PROTOCOL] 已發送 267/267 bytes
[2025-11-11 09:46:45,920] INFO: [PROTOCOL] ✅ 完整發送 267 bytes
[2025-11-11 09:46:45,920] INFO: [PROTOCOL] 準備發送 263 bytes
[2025-11-11 09:46:45,920] INFO: [PROTOCOL] 已發送 267/267 bytes
[2025-11-11 09:46:45,920] INFO: [PROTOCOL] ✅ 完整發送 267 bytes
[2025-11-11 09:46:45,921] INFO: [PROTOCOL] 準備發送 263 bytes
[2025-11-11 09:46:45,921] INFO: [PROTOCOL] 已發送 267/267 bytes
[2025-11-11 09:46:45,921] INFO: [PROTOCOL] ✅ 完整發送 267 bytes
[2025-11-11 09:46:46,026] INFO: [PROTOCOL] 準備發送 264 bytes
[2025-11-11 09:46:46,026] INFO: [PROTOCOL] 已發送 268/268 bytes
[2025-11-11 09:46:46,026] INFO: [PROTOCOL] ✅ 完整發送 268 bytes
[2025-11-11 09:46:46,026] INFO: [PROTOCOL] 準備發送 264 bytes
[2025-11-11 09:46:46,026] INFO: [PROTOCOL] 已發送 268/268 bytes
[2025-11-11 09:46:46,026] INFO: [PROTOCOL] ✅ 完整發送 268 bytes
[2025-11-11 09:46:46,026] INFO: [PROTOCOL] 準備發送 264 bytes
[2025-11-11 09:46:46,026] INFO: [PROTOCOL] 已發送 268/268 bytes
[2025-11-11 09:46:46,026] INFO: [PROTOCOL] ✅ 完整發送 268 bytes
[2025-11-11 09:46:46,026] INFO: [PROTOCOL] 準備發送 264 bytes
[2025-11-11 09:46:46,026] INFO: [PROTOCOL] 已發送 268/268 bytes
[2025-11-11 09:46:46,027] INFO: [PROTOCOL] ✅ 完整發送 268 bytes
[2025-11-11 09:46:46,131] INFO: [PROTOCOL] 準備發送 264 bytes
[2025-11-11 09:46:46,131] INFO: [PROTOCOL] 已發送 268/268 bytes
[2025-11-11 09:46:46,131] INFO: [PROTOCOL] ✅ 完整發送 268 bytes
[2025-11-11 09:46:46,131] INFO: [PROTOCOL] 準備發送 264 bytes
[2025-11-11 09:46:46,132] INFO: [PROTOCOL] 已發送 268/268 bytes
[2025-11-11 09:46:46,132] INFO: [PROTOCOL] ✅ 完整發送 268 bytes
[2025-11-11 09:46:46,132] INFO: [PROTOCOL] 準備發送 264 bytes
[2025-11-11 09:46:46,132] INFO: [PROTOCOL] 已發送 268/268 bytes
[2025-11-11 09:46:46,132] INFO: [PROTOCOL] ✅ 完整發送 268 bytes
[2025-11-11 09:46:46,132] INFO: [PROTOCOL] 準備發送 264 bytes
[2025-11-11 09:46:46,132] INFO: [PROTOCOL] 已發送 268/268 bytes
[2025-11-11 09:46:46,132] INFO: [PROTOCOL] ✅ 完整發送 268 bytes
[2025-11-11 09:46:46,237] INFO: [PROTOCOL] 準備發送 264 bytes
[2025-11-11 09:46:46,237] INFO: [PROTOCOL] 已發送 268/268 bytes
[2025-11-11 09:46:46,237] INFO: [PROTOCOL] ✅ 完整發送 268 bytes
[2025-11-11 09:46:46,238] INFO: [PROTOCOL] 準備發送 264 bytes
[2025-11-11 09:46:46,238] INFO: [PROTOCOL] 已發送 268/268 bytes
[2025-11-11 09:46:46,238] INFO: [PROTOCOL] ✅ 完整發送 268 bytes
[2025-11-11 09:46:46,239] INFO: [PROTOCOL] 準備發送 264 bytes
[2025-11-11 09:46:46,239] INFO: [PROTOCOL] 已發送 268/268 bytes
[2025-11-11 09:46:46,239] INFO: [PROTOCOL] ✅ 完整發送 268 bytes
[2025-11-11 09:46:46,239] INFO: [PROTOCOL] 準備發送 264 bytes
[2025-11-11 09:46:46,239] INFO: [PROTOCOL] 已發送 268/268 bytes
[2025-11-11 09:46:46,239] INFO: [PROTOCOL] ✅ 完整發送 268 bytes
[2025-11-11 09:46:46,342] INFO: [PROTOCOL] 準備發送 264 bytes
[2025-11-11 09:46:46,342] INFO: [PROTOCOL] 已發送 268/268 bytes
[2025-11-11 09:46:46,342] INFO: [PROTOCOL] ✅ 完整發送 268 bytes
[2025-11-11 09:46:46,342] INFO: [PROTOCOL] 準備發送 264 bytes
[2025-11-11 09:46:46,342] INFO: [PROTOCOL] 已發送 268/268 bytes
[2025-11-11 09:46:46,342] INFO: [PROTOCOL] ✅ 完整發送 268 bytes
[2025-11-11 09:46:46,343] INFO: [PROTOCOL] 準備發送 264 bytes
[2025-11-11 09:46:46,343] INFO: [PROTOCOL] 已發送 268/268 bytes
[2025-11-11 09:46:46,343] INFO: [PROTOCOL] ✅ 完整發送 268 bytes
[2025-11-11 09:46:46,343] INFO: [PROTOCOL] 準備發送 264 bytes
[2025-11-11 09:46:46,343] INFO: [PROTOCOL] 已發送 268/268 bytes
[2025-11-11 09:46:46,343] INFO: [PROTOCOL] ✅ 完整發送 268 bytes
[2025-11-11 09:46:46,448] INFO: [PROTOCOL] 準備發送 264 bytes
[2025-11-11 09:46:46,448] INFO: [PROTOCOL] 已發送 268/268 bytes
[2025-11-11 09:46:46,448] INFO: [PROTOCOL] ✅ 完整發送 268 bytes
[2025-11-11 09:46:46,448] INFO: [PROTOCOL] 準備發送 264 bytes
[2025-11-11 09:46:46,448] INFO: [PROTOCOL] 已發送 268/268 bytes
[2025-11-11 09:46:46,448] INFO: [PROTOCOL] ✅ 完整發送 268 bytes
[2025-11-11 09:46:46,448] INFO: [PROTOCOL] 準備發送 264 bytes
[2025-11-11 09:46:46,448] INFO: [PROTOCOL] 已發送 268/268 bytes
[2025-11-11 09:46:46,448] INFO: [PROTOCOL] ✅ 完整發送 268 bytes
[2025-11-11 09:46:46,448] INFO: [PROTOCOL] 準備發送 264 bytes
[2025-11-11 09:46:46,448] INFO: [PROTOCOL] 已發送 268/268 bytes
[2025-11-11 09:46:46,448] INFO: [PROTOCOL] ✅ 完整發送 268 bytes
[2025-11-11 09:46:46,554] INFO: [PROTOCOL] 準備發送 264 bytes
[2025-11-11 09:46:46,554] INFO: [PROTOCOL] 已發送 268/268 bytes
[2025-11-11 09:46:46,554] INFO: [PROTOCOL] ✅ 完整發送 268 bytes
[2025-11-11 09:46:46,554] INFO: [PROTOCOL] 準備發送 264 bytes
[2025-11-11 09:46:46,554] INFO: [PROTOCOL] 已發送 268/268 bytes
[2025-11-11 09:46:46,554] INFO: [PROTOCOL] ✅ 完整發送 268 bytes
[2025-11-11 09:46:46,555] INFO: [PROTOCOL] 準備發送 264 bytes
[2025-11-11 09:46:46,555] INFO: [PROTOCOL] 已發送 268/268 bytes
[2025-11-11 09:46:46,555] INFO: [PROTOCOL] ✅ 完整發送 268 bytes
[2025-11-11 09:46:46,555] INFO: [PROTOCOL] 準備發送 264 bytes
[2025-11-11 09:46:46,555] INFO: [PROTOCOL] 已發送 268/268 bytes
[2025-11-11 09:46:46,555] INFO: [PROTOCOL] ✅ 完整發送 268 bytes
[2025-11-11 09:46:46,661] INFO: [PROTOCOL] 準備發送 264 bytes
[2025-11-11 09:46:46,661] INFO: [PROTOCOL] 已發送 268/268 bytes
[2025-11-11 09:46:46,661] INFO: [PROTOCOL] ✅ 完整發送 268 bytes
[2025-11-11 09:46:46,661] INFO: [PROTOCOL] 準備發送 264 bytes
[2025-11-11 09:46:46,661] INFO: [PROTOCOL] 已發送 268/268 bytes
[2025-11-11 09:46:46,661] INFO: [PROTOCOL] ✅ 完整發送 268 bytes
[2025-11-11 09:46:46,661] INFO: [PROTOCOL] 準備發送 264 bytes
[2025-11-11 09:46:46,661] INFO: [PROTOCOL] 已發送 268/268 bytes
[2025-11-11 09:46:46,661] INFO: [PROTOCOL] ✅ 完整發送 268 bytes
[2025-11-11 09:46:46,661] INFO: [PROTOCOL] 準備發送 264 bytes
[2025-11-11 09:46:46,661] INFO: [PROTOCOL] 已發送 268/268 bytes
[2025-11-11 09:46:46,661] INFO: [PROTOCOL] ✅ 完整發送 268 bytes
[2025-11-11 09:46:46,767] INFO: [PROTOCOL] 準備發送 264 bytes
[2025-11-11 09:46:46,767] INFO: [PROTOCOL] 已發送 268/268 bytes
[2025-11-11 09:46:46,767] INFO: [PROTOCOL] ✅ 完整發送 268 bytes
[2025-11-11 09:46:46,767] INFO: [PROTOCOL] 準備發送 264 bytes
[2025-11-11 09:46:46,767] INFO: [PROTOCOL] 已發送 268/268 bytes
[2025-11-11 09:46:46,767] INFO: [PROTOCOL] ✅ 完整發送 268 bytes
[2025-11-11 09:46:46,767] INFO: [PROTOCOL] 準備發送 264 bytes
[2025-11-11 09:46:46,767] INFO: [PROTOCOL] 已發送 268/268 bytes
[2025-11-11 09:46:46,767] INFO: [PROTOCOL] ✅ 完整發送 268 bytes
[2025-11-11 09:46:46,767] INFO: [PROTOCOL] 準備發送 264 bytes
[2025-11-11 09:46:46,767] INFO: [PROTOCOL] 已發送 268/268 bytes
[2025-11-11 09:46:46,767] INFO: [PROTOCOL] ✅ 完整發送 268 bytes
[2025-11-11 09:46:46,872] INFO: [PROTOCOL] 準備發送 264 bytes
[2025-11-11 09:46:46,873] INFO: [PROTOCOL] 已發送 268/268 bytes
[2025-11-11 09:46:46,873] INFO: [PROTOCOL] ✅ 完整發送 268 bytes
[2025-11-11 09:46:46,873] INFO: [PROTOCOL] 準備發送 264 bytes
[2025-11-11 09:46:46,873] INFO: [PROTOCOL] 已發送 268/268 bytes
[2025-11-11 09:46:46,873] INFO: [PROTOCOL] ✅ 完整發送 268 bytes
[2025-11-11 09:46:46,873] INFO: [PROTOCOL] 準備發送 264 bytes
[2025-11-11 09:46:46,873] INFO: [PROTOCOL] 已發送 268/268 bytes
[2025-11-11 09:46:46,873] INFO: [PROTOCOL] ✅ 完整發送 268 bytes
[2025-11-11 09:46:46,873] INFO: [PROTOCOL] 準備發送 264 bytes
[2025-11-11 09:46:46,873] INFO: [PROTOCOL] 已發送 268/268 bytes
[2025-11-11 09:46:46,873] INFO: [PROTOCOL] ✅ 完整發送 268 bytes
[2025-11-11 09:46:46,975] INFO: [PROTOCOL] 準備發送 264 bytes
[2025-11-11 09:46:46,975] INFO: [PROTOCOL] 已發送 268/268 bytes
[2025-11-11 09:46:46,975] INFO: [PROTOCOL] ✅ 完整發送 268 bytes
[2025-11-11 09:46:46,975] INFO: [PROTOCOL] 準備發送 264 bytes
[2025-11-11 09:46:46,975] INFO: [PROTOCOL] 已發送 268/268 bytes
[2025-11-11 09:46:46,976] INFO: [PROTOCOL] ✅ 完整發送 268 bytes
[2025-11-11 09:46:46,976] INFO: [PROTOCOL] 準備發送 264 bytes
[2025-11-11 09:46:46,976] INFO: [PROTOCOL] 已發送 268/268 bytes
[2025-11-11 09:46:46,976] INFO: [PROTOCOL] ✅ 完整發送 268 bytes
[2025-11-11 09:46:46,976] INFO: [PROTOCOL] 準備發送 264 bytes
[2025-11-11 09:46:46,976] INFO: [PROTOCOL] 已發送 268/268 bytes
[2025-11-11 09:46:46,976] INFO: [PROTOCOL] ✅ 完整發送 268 bytes
[2025-11-11 09:46:47,081] INFO: [PROTOCOL] 準備發送 264 bytes
[2025-11-11 09:46:47,081] INFO: [PROTOCOL] 已發送 268/268 bytes
[2025-11-11 09:46:47,081] INFO: [PROTOCOL] ✅ 完整發送 268 bytes
[2025-11-11 09:46:47,081] INFO: [PROTOCOL] 準備發送 264 bytes
[2025-11-11 09:46:47,081] INFO: [PROTOCOL] 已發送 268/268 bytes
[2025-11-11 09:46:47,081] INFO: [PROTOCOL] ✅ 完整發送 268 bytes
[2025-11-11 09:46:47,081] INFO: [PROTOCOL] 準備發送 264 bytes
[2025-11-11 09:46:47,081] INFO: [PROTOCOL] 已發送 268/268 bytes
[2025-11-11 09:46:47,081] INFO: [PROTOCOL] ✅ 完整發送 268 bytes
[2025-11-11 09:46:47,081] INFO: [PROTOCOL] 準備發送 264 bytes
[2025-11-11 09:46:47,081] INFO: [PROTOCOL] 已發送 268/268 bytes
[2025-11-11 09:46:47,081] INFO: [PROTOCOL] ✅ 完整發送 268 bytes
[2025-11-11 09:46:47,184] INFO: [PROTOCOL] 準備發送 264 bytes
[2025-11-11 09:46:47,184] INFO: [PROTOCOL] 已發送 268/268 bytes
[2025-11-11 09:46:47,184] INFO: [PROTOCOL] ✅ 完整發送 268 bytes
[2025-11-11 09:46:47,185] INFO: [PROTOCOL] 準備發送 264 bytes
[2025-11-11 09:46:47,185] INFO: [PROTOCOL] 已發送 268/268 bytes
[2025-11-11 09:46:47,185] INFO: [PROTOCOL] ✅ 完整發送 268 bytes
[2025-11-11 09:46:47,185] INFO: [PROTOCOL] 準備發送 264 bytes
[2025-11-11 09:46:47,185] INFO: [PROTOCOL] 已發送 268/268 bytes
[2025-11-11 09:46:47,185] INFO: [PROTOCOL] ✅ 完整發送 268 bytes
[2025-11-11 09:46:47,185] INFO: [PROTOCOL] 準備發送 264 bytes
[2025-11-11 09:46:47,185] INFO: [PROTOCOL] 已發送 268/268 bytes
[2025-11-11 09:46:47,185] INFO: [PROTOCOL] ✅ 完整發送 268 bytes
[2025-11-11 09:46:47,287] INFO: [PROTOCOL] 準備發送 264 bytes
[2025-11-11 09:46:47,288] INFO: [PROTOCOL] 已發送 268/268 bytes
[2025-11-11 09:46:47,288] INFO: [PROTOCOL] ✅ 完整發送 268 bytes
[2025-11-11 09:46:47,288] INFO: [PROTOCOL] 準備發送 264 bytes
[2025-11-11 09:46:47,288] INFO: [PROTOCOL] 已發送 268/268 bytes
[2025-11-11 09:46:47,288] INFO: [PROTOCOL] ✅ 完整發送 268 bytes
[2025-11-11 09:46:47,288] INFO: [PROTOCOL] 準備發送 264 bytes
[2025-11-11 09:46:47,288] INFO: [PROTOCOL] 已發送 268/268 bytes
[2025-11-11 09:46:47,288] INFO: [PROTOCOL] ✅ 完整發送 268 bytes
[2025-11-11 09:46:47,288] INFO: [PROTOCOL] 準備發送 264 bytes
[2025-11-11 09:46:47,288] INFO: [PROTOCOL] 已發送 268/268 bytes
[2025-11-11 09:46:47,288] INFO: [PROTOCOL] ✅ 完整發送 268 bytes
[2025-11-11 09:46:47,393] INFO: [PROTOCOL] 準備發送 264 bytes
[2025-11-11 09:46:47,393] INFO: [PROTOCOL] 已發送 268/268 bytes
[2025-11-11 09:46:47,393] INFO: [PROTOCOL] ✅ 完整發送 268 bytes
[2025-11-11 09:46:47,393] INFO: [PROTOCOL] 準備發送 264 bytes
[2025-11-11 09:46:47,393] INFO: [PROTOCOL] 已發送 268/268 bytes
[2025-11-11 09:46:47,393] INFO: [PROTOCOL] ✅ 完整發送 268 bytes
[2025-11-11 09:46:47,393] INFO: [PROTOCOL] 準備發送 264 bytes
[2025-11-11 09:46:47,393] INFO: [PROTOCOL] 已發送 268/268 bytes
[2025-11-11 09:46:47,393] INFO: [PROTOCOL] ✅ 完整發送 268 bytes
[2025-11-11 09:46:47,393] INFO: [PROTOCOL] 準備發送 264 bytes
[2025-11-11 09:46:47,393] INFO: [PROTOCOL] 已發送 268/268 bytes
[2025-11-11 09:46:47,393] INFO: [PROTOCOL] ✅ 完整發送 268 bytes
[2025-11-11 09:46:47,499] INFO: [PROTOCOL] 準備發送 264 bytes
[2025-11-11 09:46:47,499] INFO: [PROTOCOL] 已發送 268/268 bytes
[2025-11-11 09:46:47,499] INFO: [PROTOCOL] ✅ 完整發送 268 bytes
[2025-11-11 09:46:47,499] INFO: [PROTOCOL] 準備發送 264 bytes
[2025-11-11 09:46:47,499] INFO: [PROTOCOL] 已發送 268/268 bytes
[2025-11-11 09:46:47,499] INFO: [PROTOCOL] ✅ 完整發送 268 bytes
[2025-11-11 09:46:47,499] INFO: [PROTOCOL] 準備發送 264 bytes
[2025-11-11 09:46:47,499] INFO: [PROTOCOL] 已發送 268/268 bytes
[2025-11-11 09:46:47,499] INFO: [PROTOCOL] ✅ 完整發送 268 bytes
[2025-11-11 09:46:47,499] INFO: [PROTOCOL] 準備發送 264 bytes
[2025-11-11 09:46:47,500] INFO: [PROTOCOL] 已發送 268/268 bytes
[2025-11-11 09:46:47,500] INFO: [PROTOCOL] ✅ 完整發送 268 bytes
[2025-11-11 09:46:47,603] INFO: [PROTOCOL] 準備發送 264 bytes
[2025-11-11 09:46:47,604] INFO: [PROTOCOL] 已發送 268/268 bytes
[2025-11-11 09:46:47,604] INFO: [PROTOCOL] ✅ 完整發送 268 bytes
[2025-11-11 09:46:47,604] INFO: [PROTOCOL] 準備發送 264 bytes
[2025-11-11 09:46:47,604] INFO: [PROTOCOL] 已發送 268/268 bytes
[2025-11-11 09:46:47,604] INFO: [PROTOCOL] ✅ 完整發送 268 bytes
[2025-11-11 09:46:47,604] INFO: [PROTOCOL] 準備發送 264 bytes
[2025-11-11 09:46:47,604] INFO: [PROTOCOL] 已發送 268/268 bytes
[2025-11-11 09:46:47,604] INFO: [PROTOCOL] ✅ 完整發送 268 bytes
[2025-11-11 09:46:47,604] INFO: [PROTOCOL] 準備發送 264 bytes
[2025-11-11 09:46:47,604] INFO: [PROTOCOL] 已發送 268/268 bytes
[2025-11-11 09:46:47,604] INFO: [PROTOCOL] ✅ 完整發送 268 bytes
[2025-11-11 09:46:47,710] INFO: [PROTOCOL] 準備發送 264 bytes
[2025-11-11 09:46:47,710] INFO: [PROTOCOL] 已發送 268/268 bytes
[2025-11-11 09:46:47,710] INFO: [PROTOCOL] ✅ 完整發送 268 bytes
[2025-11-11 09:46:47,710] INFO: [PROTOCOL] 準備發送 264 bytes
[2025-11-11 09:46:47,710] INFO: [PROTOCOL] 已發送 268/268 bytes
[2025-11-11 09:46:47,710] INFO: [PROTOCOL] ✅ 完整發送 268 bytes
[2025-11-11 09:46:47,710] INFO: [PROTOCOL] 準備發送 264 bytes
[2025-11-11 09:46:47,710] INFO: [PROTOCOL] 已發送 268/268 bytes
[2025-11-11 09:46:47,710] INFO: [PROTOCOL] ✅ 完整發送 268 bytes
[2025-11-11 09:46:47,710] INFO: [PROTOCOL] 準備發送 264 bytes
[2025-11-11 09:46:47,710] INFO: [PROTOCOL] 已發送 268/268 bytes
[2025-11-11 09:46:47,710] INFO: [PROTOCOL] ✅ 完整發送 268 bytes
[2025-11-11 09:46:47,815] INFO: [PROTOCOL] 準備發送 264 bytes
[2025-11-11 09:46:47,816] INFO: [PROTOCOL] 已發送 268/268 bytes
[2025-11-11 09:46:47,816] INFO: [PROTOCOL] ✅ 完整發送 268 bytes
[2025-11-11 09:46:47,816] INFO: [PROTOCOL] 準備發送 264 bytes
[2025-11-11 09:46:47,816] INFO: [PROTOCOL] 已發送 268/268 bytes
[2025-11-11 09:46:47,816] INFO: [PROTOCOL] ✅ 完整發送 268 bytes
[2025-11-11 09:46:47,816] INFO: [PROTOCOL] 準備發送 264 bytes
[2025-11-11 09:46:47,816] INFO: [PROTOCOL] 已發送 268/268 bytes
[2025-11-11 09:46:47,816] INFO: [PROTOCOL] ✅ 完整發送 268 bytes
[2025-11-11 09:46:47,816] INFO: [PROTOCOL] 準備發送 264 bytes
[2025-11-11 09:46:47,816] INFO: [PROTOCOL] 已發送 268/268 bytes
[2025-11-11 09:46:47,817] INFO: [PROTOCOL] ✅ 完整發送 268 bytes
[2025-11-11 09:46:47,922] INFO: [PROTOCOL] 準備發送 264 bytes
[2025-11-11 09:46:47,922] INFO: [PROTOCOL] 已發送 268/268 bytes
[2025-11-11 09:46:47,922] INFO: [PROTOCOL] ✅ 完整發送 268 bytes
[2025-11-11 09:46:47,922] INFO: [PROTOCOL] 準備發送 264 bytes
[2025-11-11 09:46:47,922] INFO: [PROTOCOL] 已發送 268/268 bytes
[2025-11-11 09:46:47,922] INFO: [PROTOCOL] ✅ 完整發送 268 bytes
[2025-11-11 09:46:47,922] INFO: [PROTOCOL] 準備發送 264 bytes
[2025-11-11 09:46:47,922] INFO: [PROTOCOL] 已發送 268/268 bytes
[2025-11-11 09:46:47,922] INFO: [PROTOCOL] ✅ 完整發送 268 bytes
[2025-11-11 09:46:47,922] INFO: [PROTOCOL] 準備發送 264 bytes
[2025-11-11 09:46:47,922] INFO: [PROTOCOL] 已發送 268/268 bytes
[2025-11-11 09:46:47,922] INFO: [PROTOCOL] ✅ 完整發送 268 bytes
[2025-11-11 09:46:48,026] INFO: [PROTOCOL] 準備發送 264 bytes
[2025-11-11 09:46:48,026] INFO: [PROTOCOL] 已發送 268/268 bytes
[2025-11-11 09:46:48,026] INFO: [PROTOCOL] ✅ 完整發送 268 bytes
[2025-11-11 09:46:48,026] INFO: [PROTOCOL] 準備發送 264 bytes
[2025-11-11 09:46:48,026] INFO: [PROTOCOL] 已發送 268/268 bytes
[2025-11-11 09:46:48,026] INFO: [PROTOCOL] ✅ 完整發送 268 bytes
[2025-11-11 09:46:48,026] INFO: [PROTOCOL] 準備發送 264 bytes
[2025-11-11 09:46:48,026] INFO: [PROTOCOL] 已發送 268/268 bytes
[2025-11-11 09:46:48,026] INFO: [PROTOCOL] ✅ 完整發送 268 bytes
[2025-11-11 09:46:48,026] INFO: [PROTOCOL] 準備發送 264 bytes
[2025-11-11 09:46:48,026] INFO: [PROTOCOL] 已發送 268/268 bytes
[2025-11-11 09:46:48,026] INFO: [PROTOCOL] ✅ 完整發送 268 bytes
[2025-11-11 09:46:48,131] INFO: [PROTOCOL] 準備發送 264 bytes
[2025-11-11 09:46:48,132] INFO: [PROTOCOL] 已發送 268/268 bytes
[2025-11-11 09:46:48,132] INFO: [PROTOCOL] ✅ 完整發送 268 bytes
[2025-11-11 09:46:48,132] INFO: [PROTOCOL] 準備發送 264 bytes
[2025-11-11 09:46:48,132] INFO: [PROTOCOL] 已發送 268/268 bytes
[2025-11-11 09:46:48,132] INFO: [PROTOCOL] ✅ 完整發送 268 bytes
[2025-11-11 09:46:48,132] INFO: [PROTOCOL] 準備發送 264 bytes
[2025-11-11 09:46:48,132] INFO: [PROTOCOL] 已發送 268/268 bytes
[2025-11-11 09:46:48,132] INFO: [PROTOCOL] ✅ 完整發送 268 bytes
[2025-11-11 09:46:48,132] INFO: [PROTOCOL] 準備發送 264 bytes
[2025-11-11 09:46:48,132] INFO: [PROTOCOL] 已發送 268/268 bytes
[2025-11-11 09:46:48,132] INFO: [PROTOCOL] ✅ 完整發送 268 bytes
[2025-11-11 09:46:48,236] INFO: [PROTOCOL] 準備發送 264 bytes
[2025-11-11 09:46:48,236] INFO: [PROTOCOL] 已發送 268/268 bytes
[2025-11-11 09:46:48,236] INFO: [PROTOCOL] ✅ 完整發送 268 bytes
[2025-11-11 09:46:48,236] INFO: [PROTOCOL] 準備發送 264 bytes
[2025-11-11 09:46:48,237] INFO: [PROTOCOL] 已發送 268/268 bytes
[2025-11-11 09:46:48,237] INFO: [PROTOCOL] ✅ 完整發送 268 bytes
[2025-11-11 09:46:48,237] INFO: [PROTOCOL] 準備發送 264 bytes
[2025-11-11 09:46:48,237] INFO: [PROTOCOL] 已發送 268/268 bytes
[2025-11-11 09:46:48,237] INFO: [PROTOCOL] ✅ 完整發送 268 bytes
[2025-11-11 09:46:48,237] INFO: [PROTOCOL] 準備發送 264 bytes
[2025-11-11 09:46:48,237] INFO: [PROTOCOL] 已發送 268/268 bytes
[2025-11-11 09:46:48,237] INFO: [PROTOCOL] ✅ 完整發送 268 bytes
[2025-11-11 09:46:48,342] INFO: [PROTOCOL] 準備發送 264 bytes
[2025-11-11 09:46:48,342] INFO: [PROTOCOL] 已發送 268/268 bytes
[2025-11-11 09:46:48,343] INFO: [PROTOCOL] ✅ 完整發送 268 bytes
[2025-11-11 09:46:48,343] INFO: [PROTOCOL] 準備發送 264 bytes
[2025-11-11 09:46:48,343] INFO: [PROTOCOL] 已發送 268/268 bytes
[2025-11-11 09:46:48,343] INFO: [PROTOCOL] ✅ 完整發送 268 bytes
[2025-11-11 09:46:48,343] INFO: [PROTOCOL] 準備發送 264 bytes
[2025-11-11 09:46:48,343] INFO: [PROTOCOL] 已發送 268/268 bytes
[2025-11-11 09:46:48,343] INFO: [PROTOCOL] ✅ 完整發送 268 bytes
[2025-11-11 09:46:48,343] INFO: [PROTOCOL] 準備發送 264 bytes
[2025-11-11 09:46:48,343] INFO: [PROTOCOL] 已發送 268/268 bytes
[2025-11-11 09:46:48,343] INFO: [PROTOCOL] ✅ 完整發送 268 bytes
[2025-11-11 09:46:48,448] INFO: [PROTOCOL] 準備發送 264 bytes
[2025-11-11 09:46:48,448] INFO: [PROTOCOL] 已發送 268/268 bytes
[2025-11-11 09:46:48,448] INFO: [PROTOCOL] ✅ 完整發送 268 bytes
[2025-11-11 09:46:48,448] INFO: [PROTOCOL] 準備發送 264 bytes
[2025-11-11 09:46:48,448] INFO: [PROTOCOL] 已發送 268/268 bytes
[2025-11-11 09:46:48,448] INFO: [PROTOCOL] ✅ 完整發送 268 bytes
[2025-11-11 09:46:48,448] INFO: [PROTOCOL] 準備發送 264 bytes
[2025-11-11 09:46:48,448] INFO: [PROTOCOL] 已發送 268/268 bytes
[2025-11-11 09:46:48,448] INFO: [PROTOCOL] ✅ 完整發送 268 bytes
[2025-11-11 09:46:48,448] INFO: [PROTOCOL] 準備發送 264 bytes
[2025-11-11 09:46:48,448] INFO: [PROTOCOL] 已發送 268/268 bytes
[2025-11-11 09:46:48,449] INFO: [PROTOCOL] ✅ 完整發送 268 bytes
[2025-11-11 09:46:48,554] INFO: [PROTOCOL] 準備發送 264 bytes
[2025-11-11 09:46:48,554] INFO: [PROTOCOL] 已發送 268/268 bytes
[2025-11-11 09:46:48,554] INFO: [PROTOCOL] ✅ 完整發送 268 bytes
[2025-11-11 09:46:48,554] INFO: [PROTOCOL] 準備發送 264 bytes
[2025-11-11 09:46:48,554] INFO: [PROTOCOL] 已發送 268/268 bytes
[2025-11-11 09:46:48,554] INFO: [PROTOCOL] ✅ 完整發送 268 bytes
[2025-11-11 09:46:48,554] INFO: [PROTOCOL] 準備發送 264 bytes
[2025-11-11 09:46:48,554] INFO: [PROTOCOL] 已發送 268/268 bytes
[2025-11-11 09:46:48,554] INFO: [PROTOCOL] ✅ 完整發送 268 bytes
[2025-11-11 09:46:48,554] INFO: [PROTOCOL] 準備發送 264 bytes
[2025-11-11 09:46:48,554] INFO: [PROTOCOL] 已發送 268/268 bytes
[2025-11-11 09:46:48,554] INFO: [PROTOCOL] ✅ 完整發送 268 bytes
[2025-11-11 09:46:48,659] INFO: [PROTOCOL] 準備發送 264 bytes
[2025-11-11 09:46:48,660] INFO: [PROTOCOL] 已發送 268/268 bytes
[2025-11-11 09:46:48,660] INFO: [PROTOCOL] ✅ 完整發送 268 bytes
[2025-11-11 09:46:48,660] INFO: [PROTOCOL] 準備發送 264 bytes
[2025-11-11 09:46:48,660] INFO: [PROTOCOL] 已發送 268/268 bytes
[2025-11-11 09:46:48,660] INFO: [PROTOCOL] ✅ 完整發送 268 bytes
[2025-11-11 09:46:48,660] INFO: [PROTOCOL] 準備發送 264 bytes
[2025-11-11 09:46:48,660] INFO: [PROTOCOL] 已發送 268/268 bytes
[2025-11-11 09:46:48,660] INFO: [PROTOCOL] ✅ 完整發送 268 bytes
[2025-11-11 09:46:48,660] INFO: [PROTOCOL] 準備發送 264 bytes
[2025-11-11 09:46:48,660] INFO: [PROTOCOL] 已發送 268/268 bytes
[2025-11-11 09:46:48,660] INFO: [PROTOCOL] ✅ 完整發送 268 bytes
[2025-11-11 09:46:48,764] INFO: [PROTOCOL] 準備發送 264 bytes
[2025-11-11 09:46:48,764] INFO: [PROTOCOL] 已發送 268/268 bytes
[2025-11-11 09:46:48,764] INFO: [PROTOCOL] ✅ 完整發送 268 bytes
[2025-11-11 09:46:48,764] INFO: [PROTOCOL] 準備發送 264 bytes
[2025-11-11 09:46:48,764] INFO: [PROTOCOL] 已發送 268/268 bytes
[2025-11-11 09:46:48,764] INFO: [PROTOCOL] ✅ 完整發送 268 bytes
[2025-11-11 09:46:48,764] INFO: [PROTOCOL] 準備發送 264 bytes
[2025-11-11 09:46:48,764] INFO: [PROTOCOL] 已發送 268/268 bytes
[2025-11-11 09:46:48,764] INFO: [PROTOCOL] ✅ 完整發送 268 bytes
[2025-11-11 09:46:48,764] INFO: [PROTOCOL] 準備發送 264 bytes
[2025-11-11 09:46:48,765] INFO: [PROTOCOL] 已發送 268/268 bytes
[2025-11-11 09:46:48,765] INFO: [PROTOCOL] ✅ 完整發送 268 bytes
[2025-11-11 09:46:48,865] INFO: [PROTOCOL] 準備發送 264 bytes
[2025-11-11 09:46:48,866] INFO: [PROTOCOL] 已發送 268/268 bytes
[2025-11-11 09:46:48,866] INFO: [PROTOCOL] ✅ 完整發送 268 bytes
[2025-11-11 09:46:48,866] INFO: [PROTOCOL] 準備發送 264 bytes
[2025-11-11 09:46:48,866] INFO: [PROTOCOL] 已發送 268/268 bytes
[2025-11-11 09:46:48,866] INFO: [PROTOCOL] ✅ 完整發送 268 bytes
[2025-11-11 09:46:48,866] INFO: [PROTOCOL] 準備發送 264 bytes
[2025-11-11 09:46:48,866] INFO: [PROTOCOL] 已發送 268/268 bytes
[2025-11-11 09:46:48,866] INFO: [PROTOCOL] ✅ 完整發送 268 bytes
[2025-11-11 09:46:48,866] INFO: [PROTOCOL] 準備發送 264 bytes
[2025-11-11 09:46:48,866] INFO: [PROTOCOL] 已發送 268/268 bytes
[2025-11-11 09:46:48,866] INFO: [PROTOCOL] ✅ 完整發送 268 bytes
[2025-11-11 09:46:48,971] INFO: [PROTOCOL] 準備發送 264 bytes
[2025-11-11 09:46:48,971] INFO: [PROTOCOL] 已發送 268/268 bytes
[2025-11-11 09:46:48,971] INFO: [PROTOCOL] ✅ 完整發送 268 bytes
[2025-11-11 09:46:48,971] INFO: [PROTOCOL] 準備發送 264 bytes
[2025-11-11 09:46:48,971] INFO: [PROTOCOL] 已發送 268/268 bytes
[2025-11-11 09:46:48,971] INFO: [PROTOCOL] ✅ 完整發送 268 bytes
[2025-11-11 09:46:48,971] INFO: [PROTOCOL] 準備發送 264 bytes
[2025-11-11 09:46:48,971] INFO: [PROTOCOL] 已發送 268/268 bytes
[2025-11-11 09:46:48,972] INFO: [PROTOCOL] ✅ 完整發送 268 bytes
[2025-11-11 09:46:48,972] INFO: [PROTOCOL] 準備發送 264 bytes
[2025-11-11 09:46:48,972] INFO: [PROTOCOL] 已發送 268/268 bytes
[2025-11-11 09:46:48,972] INFO: [PROTOCOL] ✅ 完整發送 268 bytes
[2025-11-11 09:46:49,072] INFO: [PROTOCOL] 準備發送 264 bytes
[2025-11-11 09:46:49,072] INFO: [PROTOCOL] 已發送 268/268 bytes
[2025-11-11 09:46:49,072] INFO: [PROTOCOL] ✅ 完整發送 268 bytes
[2025-11-11 09:46:49,072] INFO: [PROTOCOL] 準備發送 264 bytes
[2025-11-11 09:46:49,072] INFO: [PROTOCOL] 已發送 268/268 bytes
[2025-11-11 09:46:49,072] INFO: [PROTOCOL] ✅ 完整發送 268 bytes
[2025-11-11 09:46:49,072] INFO: [PROTOCOL] 準備發送 264 bytes
[2025-11-11 09:46:49,072] INFO: [PROTOCOL] 已發送 268/268 bytes
[2025-11-11 09:46:49,072] INFO: [PROTOCOL] ✅ 完整發送 268 bytes
[2025-11-11 09:46:49,073] INFO: [PROTOCOL] 準備發送 264 bytes
[2025-11-11 09:46:49,073] INFO: [PROTOCOL] 已發送 268/268 bytes
[2025-11-11 09:46:49,073] INFO: [PROTOCOL] ✅ 完整發送 268 bytes
[2025-11-11 09:46:49,178] INFO: [PROTOCOL] 準備發送 264 bytes
[2025-11-11 09:46:49,178] INFO: [PROTOCOL] 已發送 268/268 bytes
[2025-11-11 09:46:49,178] INFO: [PROTOCOL] ✅ 完整發送 268 bytes
[2025-11-11 09:46:49,178] INFO: [PROTOCOL] 準備發送 264 bytes
[2025-11-11 09:46:49,178] INFO: [PROTOCOL] 已發送 268/268 bytes
[2025-11-11 09:46:49,178] INFO: [PROTOCOL] ✅ 完整發送 268 bytes
[2025-11-11 09:46:49,178] INFO: [PROTOCOL] 準備發送 264 bytes
[2025-11-11 09:46:49,178] INFO: [PROTOCOL] 已發送 268/268 bytes
[2025-11-11 09:46:49,178] INFO: [PROTOCOL] ✅ 完整發送 268 bytes
[2025-11-11 09:46:49,178] INFO: [PROTOCOL] 準備發送 264 bytes
[2025-11-11 09:46:49,178] INFO: [PROTOCOL] 已發送 268/268 bytes
[2025-11-11 09:46:49,178] INFO: [PROTOCOL] ✅ 完整發送 268 bytes
[2025-11-11 09:46:49,284] INFO: [PROTOCOL] 準備發送 264 bytes
[2025-11-11 09:46:49,284] INFO: [PROTOCOL] 已發送 268/268 bytes
[2025-11-11 09:46:49,284] INFO: [PROTOCOL] ✅ 完整發送 268 bytes
[2025-11-11 09:46:49,284] INFO: [PROTOCOL] 準備發送 264 bytes
[2025-11-11 09:46:49,284] INFO: [PROTOCOL] 已發送 268/268 bytes
[2025-11-11 09:46:49,284] INFO: [PROTOCOL] ✅ 完整發送 268 bytes
[2025-11-11 09:46:49,284] INFO: [PROTOCOL] 準備發送 264 bytes
[2025-11-11 09:46:49,284] INFO: [PROTOCOL] 已發送 268/268 bytes
[2025-11-11 09:46:49,284] INFO: [PROTOCOL] ✅ 完整發送 268 bytes
[2025-11-11 09:46:49,284] INFO: [PROTOCOL] 準備發送 264 bytes
[2025-11-11 09:46:49,284] INFO: [PROTOCOL] 已發送 268/268 bytes
[2025-11-11 09:46:49,284] INFO: [PROTOCOL] ✅ 完整發送 268 bytes
[2025-11-11 09:46:49,389] INFO: [PROTOCOL] 準備發送 264 bytes
[2025-11-11 09:46:49,389] INFO: [PROTOCOL] 已發送 268/268 bytes
[2025-11-11 09:46:49,389] INFO: [PROTOCOL] ✅ 完整發送 268 bytes
[2025-11-11 09:46:49,390] INFO: [PROTOCOL] 準備發送 264 bytes
[2025-11-11 09:46:49,390] INFO: [PROTOCOL] 已發送 268/268 bytes
[2025-11-11 09:46:49,390] INFO: [PROTOCOL] ✅ 完整發送 268 bytes
[2025-11-11 09:46:49,390] INFO: [PROTOCOL] 準備發送 264 bytes
[2025-11-11 09:46:49,390] INFO: [PROTOCOL] 已發送 268/268 bytes
[2025-11-11 09:46:49,390] INFO: [PROTOCOL] ✅ 完整發送 268 bytes
[2025-11-11 09:46:49,390] INFO: [PROTOCOL] 準備發送 264 bytes
[2025-11-11 09:46:49,390] INFO: [PROTOCOL] 已發送 268/268 bytes
[2025-11-11 09:46:49,390] INFO: [PROTOCOL] ✅ 完整發送 268 bytes
[2025-11-11 09:46:49,495] INFO: [PROTOCOL] 準備發送 264 bytes
[2025-11-11 09:46:49,495] INFO: [PROTOCOL] 已發送 268/268 bytes
[2025-11-11 09:46:49,495] INFO: [PROTOCOL] ✅ 完整發送 268 bytes
[2025-11-11 09:46:49,496] INFO: [PROTOCOL] 準備發送 264 bytes
[2025-11-11 09:46:49,496] INFO: [PROTOCOL] 已發送 268/268 bytes
[2025-11-11 09:46:49,496] INFO: [PROTOCOL] ✅ 完整發送 268 bytes
[2025-11-11 09:46:49,496] INFO: [PROTOCOL] 準備發送 264 bytes
[2025-11-11 09:46:49,496] INFO: [PROTOCOL] 已發送 268/268 bytes
[2025-11-11 09:46:49,496] INFO: [PROTOCOL] ✅ 完整發送 268 bytes
[2025-11-11 09:46:49,496] INFO: [PROTOCOL] 準備發送 264 bytes
[2025-11-11 09:46:49,496] INFO: [PROTOCOL] 已發送 268/268 bytes
[2025-11-11 09:46:49,496] INFO: [PROTOCOL] ✅ 完整發送 268 bytes
[2025-11-11 09:46:49,597] INFO: [PROTOCOL] 準備發送 263 bytes
[2025-11-11 09:46:49,598] INFO: [PROTOCOL] 已發送 267/267 bytes
[2025-11-11 09:46:49,598] INFO: [PROTOCOL] ✅ 完整發送 267 bytes
[2025-11-11 09:46:49,598] INFO: [PROTOCOL] 準備發送 263 bytes
[2025-11-11 09:46:49,598] INFO: [PROTOCOL] 已發送 267/267 bytes
[2025-11-11 09:46:49,598] INFO: [PROTOCOL] ✅ 完整發送 267 bytes
[2025-11-11 09:46:49,598] INFO: [PROTOCOL] 準備發送 263 bytes
[2025-11-11 09:46:49,598] INFO: [PROTOCOL] 已發送 267/267 bytes
[2025-11-11 09:46:49,598] INFO: [PROTOCOL] ✅ 完整發送 267 bytes
[2025-11-11 09:46:49,598] INFO: [PROTOCOL] 準備發送 263 bytes
[2025-11-11 09:46:49,598] INFO: [PROTOCOL] 已發送 267/267 bytes
[2025-11-11 09:46:49,598] INFO: [PROTOCOL] ✅ 完整發送 267 bytes
[2025-11-11 09:46:49,701] INFO: [PROTOCOL] 準備發送 263 bytes
[2025-11-11 09:46:49,701] INFO: [PROTOCOL] 已發送 267/267 bytes
[2025-11-11 09:46:49,701] INFO: [PROTOCOL] ✅ 完整發送 267 bytes
[2025-11-11 09:46:49,701] INFO: [PROTOCOL] 準備發送 263 bytes
[2025-11-11 09:46:49,701] INFO: [PROTOCOL] 已發送 267/267 bytes
[2025-11-11 09:46:49,701] INFO: [PROTOCOL] ✅ 完整發送 267 bytes
[2025-11-11 09:46:49,701] INFO: [PROTOCOL] 準備發送 263 bytes
[2025-11-11 09:46:49,701] INFO: [PROTOCOL] 已發送 267/267 bytes
[2025-11-11 09:46:49,701] INFO: [PROTOCOL] ✅ 完整發送 267 bytes
[2025-11-11 09:46:49,701] INFO: [PROTOCOL] 準備發送 263 bytes
[2025-11-11 09:46:49,702] INFO: [PROTOCOL] 已發送 267/267 bytes
[2025-11-11 09:46:49,702] INFO: [PROTOCOL] ✅ 完整發送 267 bytes
[2025-11-11 09:46:49,807] INFO: [PROTOCOL] 準備發送 263 bytes
[2025-11-11 09:46:49,807] INFO: [PROTOCOL] 已發送 267/267 bytes
[2025-11-11 09:46:49,807] INFO: [PROTOCOL] ✅ 完整發送 267 bytes
[2025-11-11 09:46:49,807] INFO: [PROTOCOL] 準備發送 263 bytes
[2025-11-11 09:46:49,807] INFO: [PROTOCOL] 已發送 267/267 bytes
[2025-11-11 09:46:49,807] INFO: [PROTOCOL] ✅ 完整發送 267 bytes
[2025-11-11 09:46:49,807] INFO: [PROTOCOL] 準備發送 263 bytes
[2025-11-11 09:46:49,807] INFO: [PROTOCOL] 已發送 267/267 bytes
[2025-11-11 09:46:49,807] INFO: [PROTOCOL] ✅ 完整發送 267 bytes
[2025-11-11 09:46:49,807] INFO: [PROTOCOL] 準備發送 263 bytes
[2025-11-11 09:46:49,807] INFO: [PROTOCOL] 已發送 267/267 bytes
[2025-11-11 09:46:49,807] INFO: [PROTOCOL] ✅ 完整發送 267 bytes
[2025-11-11 09:46:49,913] INFO: [PROTOCOL] 準備發送 263 bytes
[2025-11-11 09:46:49,914] INFO: [PROTOCOL] 已發送 267/267 bytes
[2025-11-11 09:46:49,914] INFO: [PROTOCOL] ✅ 完整發送 267 bytes
[2025-11-11 09:46:49,914] INFO: [PROTOCOL] 準備發送 263 bytes
[2025-11-11 09:46:49,914] INFO: [PROTOCOL] 已發送 267/267 bytes
[2025-11-11 09:46:49,914] INFO: [PROTOCOL] ✅ 完整發送 267 bytes
[2025-11-11 09:46:49,914] INFO: [PROTOCOL] 準備發送 263 bytes
[2025-11-11 09:46:49,914] INFO: [PROTOCOL] 已發送 267/267 bytes
[2025-11-11 09:46:49,914] INFO: [PROTOCOL] ✅ 完整發送 267 bytes
[2025-11-11 09:46:49,914] INFO: [PROTOCOL] 準備發送 263 bytes
[2025-11-11 09:46:49,915] INFO: [PROTOCOL] 已發送 267/267 bytes
[2025-11-11 09:46:49,915] INFO: [PROTOCOL] ✅ 完整發送 267 bytes
[2025-11-11 09:46:50,020] INFO: [PROTOCOL] 準備發送 263 bytes
[2025-11-11 09:46:50,021] INFO: [PROTOCOL] 已發送 267/267 bytes
[2025-11-11 09:46:50,021] INFO: [PROTOCOL] ✅ 完整發送 267 bytes
[2025-11-11 09:46:50,021] INFO: [PROTOCOL] 準備發送 263 bytes
[2025-11-11 09:46:50,021] INFO: [PROTOCOL] 已發送 267/267 bytes
[2025-11-11 09:46:50,021] INFO: [PROTOCOL] ✅ 完整發送 267 bytes
[2025-11-11 09:46:50,021] INFO: [PROTOCOL] 準備發送 263 bytes
[2025-11-11 09:46:50,021] INFO: [PROTOCOL] 已發送 267/267 bytes
[2025-11-11 09:46:50,021] INFO: [PROTOCOL] ✅ 完整發送 267 bytes
[2025-11-11 09:46:50,021] INFO: [PROTOCOL] 準備發送 263 bytes
[2025-11-11 09:46:50,022] INFO: [PROTOCOL] 已發送 267/267 bytes
[2025-11-11 09:46:50,022] INFO: [PROTOCOL] ✅ 完整發送 267 bytes
[2025-11-11 09:46:50,122] INFO: [PROTOCOL] 準備發送 265 bytes
[2025-11-11 09:46:50,123] INFO: [PROTOCOL] 已發送 269/269 bytes
[2025-11-11 09:46:50,123] INFO: [PROTOCOL] ✅ 完整發送 269 bytes
[2025-11-11 09:46:50,123] INFO: [PROTOCOL] 準備發送 265 bytes
[2025-11-11 09:46:50,123] INFO: [PROTOCOL] 已發送 269/269 bytes
[2025-11-11 09:46:50,123] INFO: [PROTOCOL] ✅ 完整發送 269 bytes
[2025-11-11 09:46:50,123] INFO: [PROTOCOL] 準備發送 265 bytes
[2025-11-11 09:46:50,123] INFO: [PROTOCOL] 已發送 269/269 bytes
[2025-11-11 09:46:50,124] INFO: [PROTOCOL] ✅ 完整發送 269 bytes
[2025-11-11 09:46:50,124] INFO: [PROTOCOL] 準備發送 265 bytes
[2025-11-11 09:46:50,124] INFO: [PROTOCOL] 已發送 269/269 bytes
[2025-11-11 09:46:50,124] INFO: [PROTOCOL] ✅ 完整發送 269 bytes
[2025-11-11 09:46:50,229] INFO: [PROTOCOL] 準備發送 265 bytes
[2025-11-11 09:46:50,230] INFO: [PROTOCOL] 已發送 269/269 bytes
[2025-11-11 09:46:50,230] INFO: [PROTOCOL] ✅ 完整發送 269 bytes
[2025-11-11 09:46:50,230] INFO: [PROTOCOL] 準備發送 265 bytes
[2025-11-11 09:46:50,230] INFO: [PROTOCOL] 已發送 269/269 bytes
[2025-11-11 09:46:50,230] INFO: [PROTOCOL] ✅ 完整發送 269 bytes
[2025-11-11 09:46:50,230] INFO: [PROTOCOL] 準備發送 265 bytes
[2025-11-11 09:46:50,230] INFO: [PROTOCOL] 已發送 269/269 bytes
[2025-11-11 09:46:50,230] INFO: [PROTOCOL] ✅ 完整發送 269 bytes
[2025-11-11 09:46:50,230] INFO: [PROTOCOL] 準備發送 265 bytes
[2025-11-11 09:46:50,231] INFO: [PROTOCOL] 已發送 269/269 bytes
[2025-11-11 09:46:50,231] INFO: [PROTOCOL] ✅ 完整發送 269 bytes
[2025-11-11 09:46:50,332] INFO: [PROTOCOL] 準備發送 265 bytes
[2025-11-11 09:46:50,332] INFO: [PROTOCOL] 已發送 269/269 bytes
[2025-11-11 09:46:50,333] INFO: [PROTOCOL] ✅ 完整發送 269 bytes
[2025-11-11 09:46:50,333] INFO: [PROTOCOL] 準備發送 265 bytes
[2025-11-11 09:46:50,333] INFO: [PROTOCOL] 已發送 269/269 bytes
[2025-11-11 09:46:50,333] INFO: [PROTOCOL] ✅ 完整發送 269 bytes
[2025-11-11 09:46:50,333] INFO: [PROTOCOL] 準備發送 265 bytes
[2025-11-11 09:46:50,333] INFO: [PROTOCOL] 已發送 269/269 bytes
[2025-11-11 09:46:50,333] INFO: [PROTOCOL] ✅ 完整發送 269 bytes
[2025-11-11 09:46:50,333] INFO: [PROTOCOL] 準備發送 265 bytes
[2025-11-11 09:46:50,333] INFO: [PROTOCOL] 已發送 269/269 bytes
[2025-11-11 09:46:50,333] INFO: [PROTOCOL] ✅ 完整發送 269 bytes
[2025-11-11 09:46:50,439] INFO: [PROTOCOL] 準備發送 265 bytes
[2025-11-11 09:46:50,439] INFO: [PROTOCOL] 已發送 269/269 bytes
[2025-11-11 09:46:50,439] INFO: [PROTOCOL] ✅ 完整發送 269 bytes
[2025-11-11 09:46:50,439] INFO: [PROTOCOL] 準備發送 265 bytes
[2025-11-11 09:46:50,439] INFO: [PROTOCOL] 已發送 269/269 bytes
[2025-11-11 09:46:50,440] INFO: [PROTOCOL] ✅ 完整發送 269 bytes
[2025-11-11 09:46:50,440] INFO: [PROTOCOL] 準備發送 265 bytes
[2025-11-11 09:46:50,440] INFO: [PROTOCOL] 已發送 269/269 bytes
[2025-11-11 09:46:50,440] INFO: [PROTOCOL] ✅ 完整發送 269 bytes
[2025-11-11 09:46:50,441] INFO: [PROTOCOL] 準備發送 265 bytes
[2025-11-11 09:46:50,441] INFO: [PROTOCOL] 已發送 269/269 bytes
[2025-11-11 09:46:50,441] INFO: [PROTOCOL] ✅ 完整發送 269 bytes
[2025-11-11 09:46:50,546] INFO: [PROTOCOL] 準備發送 265 bytes
[2025-11-11 09:46:50,547] INFO: [PROTOCOL] 已發送 269/269 bytes
[2025-11-11 09:46:50,547] INFO: [PROTOCOL] ✅ 完整發送 269 bytes
[2025-11-11 09:46:50,547] INFO: [PROTOCOL] 準備發送 265 bytes
[2025-11-11 09:46:50,547] INFO: [PROTOCOL] 已發送 269/269 bytes
[2025-11-11 09:46:50,548] INFO: [PROTOCOL] ✅ 完整發送 269 bytes
[2025-11-11 09:46:50,548] INFO: [PROTOCOL] 準備發送 265 bytes
[2025-11-11 09:46:50,548] INFO: [PROTOCOL] 已發送 269/269 bytes
[2025-11-11 09:46:50,548] INFO: [PROTOCOL] ✅ 完整發送 269 bytes
[2025-11-11 09:46:50,548] INFO: [PROTOCOL] 準備發送 265 bytes
[2025-11-11 09:46:50,549] INFO: [PROTOCOL] 已發送 269/269 bytes
[2025-11-11 09:46:50,549] INFO: [PROTOCOL] ✅ 完整發送 269 bytes
[2025-11-11 09:46:50,654] INFO: [PROTOCOL] 準備發送 265 bytes
[2025-11-11 09:46:50,655] INFO: [PROTOCOL] 已發送 269/269 bytes
[2025-11-11 09:46:50,655] INFO: [PROTOCOL] ✅ 完整發送 269 bytes
[2025-11-11 09:46:50,655] INFO: [PROTOCOL] 準備發送 265 bytes
[2025-11-11 09:46:50,655] INFO: [PROTOCOL] 已發送 269/269 bytes
[2025-11-11 09:46:50,655] INFO: [PROTOCOL] ✅ 完整發送 269 bytes
[2025-11-11 09:46:50,655] INFO: [PROTOCOL] 準備發送 265 bytes
[2025-11-11 09:46:50,655] INFO: [PROTOCOL] 已發送 269/269 bytes
[2025-11-11 09:46:50,656] INFO: [PROTOCOL] ✅ 完整發送 269 bytes
[2025-11-11 09:46:50,656] INFO: [PROTOCOL] 準備發送 265 bytes
[2025-11-11 09:46:50,656] INFO: [PROTOCOL] 已發送 269/269 bytes
[2025-11-11 09:46:50,656] INFO: [PROTOCOL] ✅ 完整發送 269 bytes
[2025-11-11 09:46:50,761] INFO: [PROTOCOL] 準備發送 265 bytes
[2025-11-11 09:46:50,761] INFO: [PROTOCOL] 已發送 269/269 bytes
[2025-11-11 09:46:50,762] INFO: [PROTOCOL] ✅ 完整發送 269 bytes
[2025-11-11 09:46:50,762] INFO: [PROTOCOL] 準備發送 265 bytes
[2025-11-11 09:46:50,762] INFO: [PROTOCOL] 已發送 269/269 bytes
[2025-11-11 09:46:50,762] INFO: [PROTOCOL] ✅ 完整發送 269 bytes
[2025-11-11 09:46:50,762] INFO: [PROTOCOL] 準備發送 265 bytes
[2025-11-11 09:46:50,762] INFO: [PROTOCOL] 已發送 269/269 bytes
[2025-11-11 09:46:50,763] INFO: [PROTOCOL] ✅ 完整發送 269 bytes
[2025-11-11 09:46:50,763] INFO: [PROTOCOL] 準備發送 265 bytes
[2025-11-11 09:46:50,763] INFO: [PROTOCOL] 已發送 269/269 bytes
[2025-11-11 09:46:50,763] INFO: [PROTOCOL] ✅ 完整發送 269 bytes
[2025-11-11 09:46:50,868] INFO: [PROTOCOL] 準備發送 265 bytes
[2025-11-11 09:46:50,869] INFO: [PROTOCOL] 已發送 269/269 bytes
[2025-11-11 09:46:50,869] INFO: [PROTOCOL] ✅ 完整發送 269 bytes
[2025-11-11 09:46:50,869] INFO: [PROTOCOL] 準備發送 265 bytes
[2025-11-11 09:46:50,869] INFO: [PROTOCOL] 已發送 269/269 bytes
[2025-11-11 09:46:50,869] INFO: [PROTOCOL] ✅ 完整發送 269 bytes
[2025-11-11 09:46:50,869] INFO: [PROTOCOL] 準備發送 265 bytes
[2025-11-11 09:46:50,869] INFO: [PROTOCOL] 已發送 269/269 bytes
[2025-11-11 09:46:50,869] INFO: [PROTOCOL] ✅ 完整發送 269 bytes
[2025-11-11 09:46:50,869] INFO: [PROTOCOL] 準備發送 265 bytes
[2025-11-11 09:46:50,869] INFO: [PROTOCOL] 已發送 269/269 bytes
[2025-11-11 09:46:50,869] INFO: [PROTOCOL] ✅ 完整發送 269 bytes
[2025-11-11 09:46:50,974] INFO: [PROTOCOL] 準備發送 265 bytes
[2025-11-11 09:46:50,975] INFO: [PROTOCOL] 已發送 269/269 bytes
[2025-11-11 09:46:50,975] INFO: [PROTOCOL] ✅ 完整發送 269 bytes
[2025-11-11 09:46:50,975] INFO: [PROTOCOL] 準備發送 265 bytes
[2025-11-11 09:46:50,975] INFO: [PROTOCOL] 已發送 269/269 bytes
[2025-11-11 09:46:50,975] INFO: [PROTOCOL] ✅ 完整發送 269 bytes
[2025-11-11 09:46:50,976] INFO: [PROTOCOL] 準備發送 265 bytes
[2025-11-11 09:46:50,976] INFO: [PROTOCOL] 已發送 269/269 bytes
[2025-11-11 09:46:50,976] INFO: [PROTOCOL] ✅ 完整發送 269 bytes
[2025-11-11 09:46:50,976] INFO: [PROTOCOL] 準備發送 265 bytes
[2025-11-11 09:46:50,976] INFO: [PROTOCOL] 已發送 269/269 bytes
[2025-11-11 09:46:50,976] INFO: [PROTOCOL] ✅ 完整發送 269 bytes
[2025-11-11 09:46:51,081] INFO: [PROTOCOL] 準備發送 265 bytes
[2025-11-11 09:46:51,081] INFO: [PROTOCOL] 已發送 269/269 bytes
[2025-11-11 09:46:51,082] INFO: [PROTOCOL] ✅ 完整發送 269 bytes
[2025-11-11 09:46:51,082] INFO: [PROTOCOL] 準備發送 265 bytes
[2025-11-11 09:46:51,082] INFO: [PROTOCOL] 已發送 269/269 bytes
[2025-11-11 09:46:51,082] INFO: [PROTOCOL] ✅ 完整發送 269 bytes
[2025-11-11 09:46:51,082] INFO: [PROTOCOL] 準備發送 265 bytes
[2025-11-11 09:46:51,083] INFO: [PROTOCOL] 已發送 269/269 bytes
[2025-11-11 09:46:51,083] INFO: [PROTOCOL] ✅ 完整發送 269 bytes
[2025-11-11 09:46:51,083] INFO: [PROTOCOL] 準備發送 265 bytes
[2025-11-11 09:46:51,083] INFO: [PROTOCOL] 已發送 269/269 bytes
[2025-11-11 09:46:51,083] INFO: [PROTOCOL] ✅ 完整發送 269 bytes
[2025-11-11 09:46:51,188] INFO: [PROTOCOL] 準備發送 265 bytes
[2025-11-11 09:46:51,189] INFO: [PROTOCOL] 已發送 269/269 bytes
[2025-11-11 09:46:51,189] INFO: [PROTOCOL] ✅ 完整發送 269 bytes
[2025-11-11 09:46:51,189] INFO: [PROTOCOL] 準備發送 265 bytes
[2025-11-11 09:46:51,189] INFO: [PROTOCOL] 已發送 269/269 bytes
[2025-11-11 09:46:51,189] INFO: [PROTOCOL] ✅ 完整發送 269 bytes
[2025-11-11 09:46:51,189] INFO: [PROTOCOL] 準備發送 265 bytes
[2025-11-11 09:46:51,189] INFO: [PROTOCOL] 已發送 269/269 bytes
[2025-11-11 09:46:51,189] INFO: [PROTOCOL] ✅ 完整發送 269 bytes
[2025-11-11 09:46:51,189] INFO: [PROTOCOL] 準備發送 265 bytes
[2025-11-11 09:46:51,189] INFO: [PROTOCOL] 已發送 269/269 bytes
[2025-11-11 09:46:51,189] INFO: [PROTOCOL] ✅ 完整發送 269 bytes
[2025-11-11 09:46:51,294] INFO: [PROTOCOL] 準備發送 265 bytes
[2025-11-11 09:46:51,295] INFO: [PROTOCOL] 已發送 269/269 bytes
[2025-11-11 09:46:51,295] INFO: [PROTOCOL] ✅ 完整發送 269 bytes
[2025-11-11 09:46:51,295] INFO: [PROTOCOL] 準備發送 265 bytes
[2025-11-11 09:46:51,295] INFO: [PROTOCOL] 已發送 269/269 bytes
[2025-11-11 09:46:51,295] INFO: [PROTOCOL] ✅ 完整發送 269 bytes
[2025-11-11 09:46:51,295] INFO: [PROTOCOL] 準備發送 265 bytes
[2025-11-11 09:46:51,295] INFO: [PROTOCOL] 已發送 269/269 bytes
[2025-11-11 09:46:51,296] INFO: [PROTOCOL] ✅ 完整發送 269 bytes
[2025-11-11 09:46:51,296] INFO: [PROTOCOL] 準備發送 265 bytes
[2025-11-11 09:46:51,296] INFO: [PROTOCOL] 已發送 269/269 bytes
[2025-11-11 09:46:51,296] INFO: [PROTOCOL] ✅ 完整發送 269 bytes
[2025-11-11 09:46:51,401] INFO: [PROTOCOL] 準備發送 265 bytes
[2025-11-11 09:46:51,402] INFO: [PROTOCOL] 已發送 269/269 bytes
[2025-11-11 09:46:51,402] INFO: [PROTOCOL] ✅ 完整發送 269 bytes
[2025-11-11 09:46:51,402] INFO: [PROTOCOL] 準備發送 265 bytes
[2025-11-11 09:46:51,402] INFO: [PROTOCOL] 已發送 269/269 bytes
[2025-11-11 09:46:51,402] INFO: [PROTOCOL] ✅ 完整發送 269 bytes
[2025-11-11 09:46:51,403] INFO: [PROTOCOL] 準備發送 265 bytes
[2025-11-11 09:46:51,403] INFO: [PROTOCOL] 已發送 269/269 bytes
[2025-11-11 09:46:51,403] INFO: [PROTOCOL] ✅ 完整發送 269 bytes
[2025-11-11 09:46:51,403] INFO: [PROTOCOL] 準備發送 265 bytes
[2025-11-11 09:46:51,403] INFO: [PROTOCOL] 已發送 269/269 bytes
[2025-11-11 09:46:51,403] INFO: [PROTOCOL] ✅ 完整發送 269 bytes
[2025-11-11 09:46:51,508] INFO: [PROTOCOL] 準備發送 265 bytes
[2025-11-11 09:46:51,509] INFO: [PROTOCOL] 已發送 269/269 bytes
[2025-11-11 09:46:51,509] INFO: [PROTOCOL] ✅ 完整發送 269 bytes
[2025-11-11 09:46:51,509] INFO: [PROTOCOL] 準備發送 265 bytes
[2025-11-11 09:46:51,509] INFO: [PROTOCOL] 已發送 269/269 bytes
[2025-11-11 09:46:51,509] INFO: [PROTOCOL] ✅ 完整發送 269 bytes
[2025-11-11 09:46:51,509] INFO: [PROTOCOL] 準備發送 265 bytes
[2025-11-11 09:46:51,510] INFO: [PROTOCOL] 已發送 269/269 bytes
[2025-11-11 09:46:51,510] INFO: [PROTOCOL] ✅ 完整發送 269 bytes
[2025-11-11 09:46:51,510] INFO: [PROTOCOL] 準備發送 265 bytes
[2025-11-11 09:46:51,510] INFO: [PROTOCOL] 已發送 269/269 bytes
[2025-11-11 09:46:51,510] INFO: [PROTOCOL] ✅ 完整發送 269 bytes
[2025-11-11 09:46:51,616] INFO: [PROTOCOL] 準備發送 265 bytes
[2025-11-11 09:46:51,616] INFO: [PROTOCOL] 已發送 269/269 bytes
[2025-11-11 09:46:51,616] INFO: [PROTOCOL] ✅ 完整發送 269 bytes
[2025-11-11 09:46:51,617] INFO: [PROTOCOL] 準備發送 265 bytes
[2025-11-11 09:46:51,617] INFO: [PROTOCOL] 已發送 269/269 bytes
[2025-11-11 09:46:51,617] INFO: [PROTOCOL] ✅ 完整發送 269 bytes
[2025-11-11 09:46:51,617] INFO: [PROTOCOL] 準備發送 265 bytes
[2025-11-11 09:46:51,617] INFO: [PROTOCOL] 已發送 269/269 bytes
[2025-11-11 09:46:51,617] INFO: [PROTOCOL] ✅ 完整發送 269 bytes
[2025-11-11 09:46:51,617] INFO: [PROTOCOL] 準備發送 265 bytes
[2025-11-11 09:46:51,617] INFO: [PROTOCOL] 已發送 269/269 bytes
[2025-11-11 09:46:51,617] INFO: [PROTOCOL] ✅ 完整發送 269 bytes
[2025-11-11 09:46:51,721] INFO: [PROTOCOL] 準備發送 265 bytes
[2025-11-11 09:46:51,721] INFO: [PROTOCOL] 已發送 269/269 bytes
[2025-11-11 09:46:51,721] INFO: [PROTOCOL] ✅ 完整發送 269 bytes
[2025-11-11 09:46:51,721] INFO: [PROTOCOL] 準備發送 265 bytes
[2025-11-11 09:46:51,721] INFO: [PROTOCOL] 已發送 269/269 bytes
[2025-11-11 09:46:51,721] INFO: [PROTOCOL] ✅ 完整發送 269 bytes
[2025-11-11 09:46:51,721] INFO: [PROTOCOL] 準備發送 265 bytes
[2025-11-11 09:46:51,721] INFO: [PROTOCOL] 已發送 269/269 bytes
[2025-11-11 09:46:51,721] INFO: [PROTOCOL] ✅ 完整發送 269 bytes
[2025-11-11 09:46:51,721] INFO: [PROTOCOL] 準備發送 265 bytes
[2025-11-11 09:46:51,721] INFO: [PROTOCOL] 已發送 269/269 bytes
[2025-11-11 09:46:51,721] INFO: [PROTOCOL] ✅ 完整發送 269 bytes
[2025-11-11 09:46:51,813] ERROR: ❌ ProtocolError for 2: 接收失敗: [Errno 54] Connection reset by peer
[2025-11-11 09:46:51,813] WARNING: ⚠️ Player 2 disconnected during game!
[2025-11-11 09:46:51,813] INFO: [PROTOCOL] 準備發送 126 bytes
[2025-11-11 09:46:51,813] INFO: [PROTOCOL] 已發送 130/130 bytes
[2025-11-11 09:46:51,814] INFO: [PROTOCOL] ✅ 完整發送 130 bytes
[2025-11-11 09:46:51,814] INFO: [PROTOCOL] 準備發送 126 bytes
[2025-11-11 09:46:51,814] ERROR: [PROTOCOL] ❌ 發送訊息失敗: 發送失敗: [Errno 32] Broken pipe
[2025-11-11 09:46:51,814] INFO: 📊 Attempting to report game result to lobby: room=18, results={'P1': {'user_id': 1, 'score': 0, 'lines_cleared': 0}, 'P2': {'user_id': 2, 'score': 0, 'lines_cleared': 0}}
[2025-11-11 09:46:51,814] INFO: 📡 Connecting to lobby server at localhost:10002...
[2025-11-11 09:46:51,822] INFO: ✅ Connected to lobby server
[2025-11-11 09:46:51,823] INFO: 🏆 Winner: None
[2025-11-11 09:46:51,823] INFO: 📤 Sending report: {'action': 'report_game_result', 'data': {'room_id': 18, 'winner': None, 'results': {'P1': {'user_id': 1, 'score': 0, 'lines_cleared': 0}, 'P2': {'user_id': 2, 'score': 0, 'lines_cleared': 0}}}}
[2025-11-11 09:46:51,824] INFO: [PROTOCOL] 準備發送 194 bytes
[2025-11-11 09:46:51,824] INFO: [PROTOCOL] 已發送 198/198 bytes
[2025-11-11 09:46:51,825] INFO: [PROTOCOL] ✅ 完整發送 198 bytes
[2025-11-11 09:46:51,825] INFO: ✅ Report sent, waiting for response...
[2025-11-11 09:46:51,842] INFO: 🎮 Game Over! Winner: None
[2025-11-11 09:46:51,842] INFO: [PROTOCOL] 準備發送 158 bytes
[2025-11-11 09:46:51,842] INFO: [PROTOCOL] 已發送 162/162 bytes
[2025-11-11 09:46:51,842] INFO: [PROTOCOL] ✅ 完整發送 162 bytes
[2025-11-11 09:46:51,842] INFO: [PROTOCOL] 準備發送 158 bytes
[2025-11-11 09:46:51,842] ERROR: [PROTOCOL] ❌ 發送訊息失敗: 發送失敗: [Errno 32] Broken pipe
[2025-11-11 09:46:51,842] INFO: 📊 Attempting to report game result to lobby: room=18, results={'P1': {'user_id': 1, 'score': 0, 'lines_cleared': 0, 'max_combo': 0}, 'P2': {'user_id': 2, 'score': 0, 'lines_cleared': 0, 'max_combo': 0}}
[2025-11-11 09:46:51,842] INFO: 📡 Connecting to lobby server at localhost:10002...
[2025-11-11 09:46:51,843] INFO: ✅ Connected to lobby server
[2025-11-11 09:46:51,843] INFO: 🏆 Winner: None
[2025-11-11 09:46:51,843] INFO: 📤 Sending report: {'action': 'report_game_result', 'data': {'room_id': 18, 'winner': None, 'results': {'P1': {'user_id': 1, 'score': 0, 'lines_cleared': 0, 'max_combo': 0}, 'P2': {'user_id': 2, 'score': 0, 'lines_cleared': 0, 'max_combo': 0}}}}
[2025-11-11 09:46:51,843] INFO: [PROTOCOL] 準備發送 226 bytes
[2025-11-11 09:46:51,843] INFO: [PROTOCOL] 已發送 230/230 bytes
[2025-11-11 09:46:51,843] INFO: [PROTOCOL] ✅ 完整發送 230 bytes
[2025-11-11 09:46:51,843] INFO: ✅ Report sent, waiting for response...
[2025-11-11 09:46:51,976] INFO: 🔌 Player 1 input handler stopped
[2025-11-11 09:46:56,827] ERROR: ❌ Failed to report game result: 接收逾時
Traceback (most recent call last):
  File "/Users/ninachung/Documents/GitHub/Network_programming/game_server/../lobby_server/protocol.py", line 77, in recv_exact
    chunk = sock.recv(n - len(data))
            ^^^^^^^^^^^^^^^^^^^^^^^^
ConnectionResetError: [Errno 54] Connection reset by peer

During handling of the above exception, another exception occurred:

Traceback (most recent call last):
  File "/Users/ninachung/Documents/GitHub/Network_programming/game_server/game_server.py", line 316, in handle_player_input
    msg_str = recv_message(sock)
              ^^^^^^^^^^^^^^^^^^
  File "/Users/ninachung/Documents/GitHub/Network_programming/game_server/../lobby_server/protocol.py", line 103, in recv_message
    header = recv_exact(sock, 4)
             ^^^^^^^^^^^^^^^^^^^
  File "/Users/ninachung/Documents/GitHub/Network_programming/game_server/../lobby_server/protocol.py", line 84, in recv_exact
    raise ProtocolError(f"接收失敗: {e}")
lobby_server.protocol.ProtocolError: 接收失敗: [Errno 54] Connection reset by peer

During handling of the above exception, another exception occurred:

Traceback (most recent call last):
  File "/Users/ninachung/Documents/GitHub/Network_programming/game_server/../lobby_server/protocol.py", line 77, in recv_exact
    chunk = sock.recv(n - len(data))
            ^^^^^^^^^^^^^^^^^^^^^^^^
TimeoutError: timed out

During handling of the above exception, another exception occurred:

Traceback (most recent call last):
  File "/Users/ninachung/Documents/GitHub/Network_programming/game_server/game_server.py", line 607, in report_game_result
    response_str = recv_message(lobby_sock)
                   ^^^^^^^^^^^^^^^^^^^^^^^^
  File "/Users/ninachung/Documents/GitHub/Network_programming/game_server/../lobby_server/protocol.py", line 103, in recv_message
    header = recv_exact(sock, 4)
             ^^^^^^^^^^^^^^^^^^^
  File "/Users/ninachung/Documents/GitHub/Network_programming/game_server/../lobby_server/protocol.py", line 82, in recv_exact
    raise ProtocolError("接收逾時")
lobby_server.protocol.ProtocolError: 接收逾時
[2025-11-11 09:46:56,836] INFO: 🏁 Game ended due to player 2 disconnection
[2025-11-11 09:46:56,836] INFO: 🔌 Player 2 input handler stopped
[2025-11-11 09:46:56,844] ERROR: ❌ Failed to report game result: 接收逾時
Traceback (most recent call last):
  File "/Users/ninachung/Documents/GitHub/Network_programming/game_server/../lobby_server/protocol.py", line 77, in recv_exact
    chunk = sock.recv(n - len(data))
            ^^^^^^^^^^^^^^^^^^^^^^^^
TimeoutError: timed out

During handling of the above exception, another exception occurred:

Traceback (most recent call last):
  File "/Users/ninachung/Documents/GitHub/Network_programming/game_server/game_server.py", line 607, in report_game_result
    response_str = recv_message(lobby_sock)
                   ^^^^^^^^^^^^^^^^^^^^^^^^
  File "/Users/ninachung/Documents/GitHub/Network_programming/game_server/../lobby_server/protocol.py", line 103, in recv_message
    header = recv_exact(sock, 4)
             ^^^^^^^^^^^^^^^^^^^
  File "/Users/ninachung/Documents/GitHub/Network_programming/game_server/../lobby_server/protocol.py", line 82, in recv_exact
    raise ProtocolError("接收逾時")
lobby_server.protocol.ProtocolError: 接收逾時
[2025-11-11 09:46:56,845] INFO: 📊 Final results: {'P1': {'user_id': 1, 'score': 0, 'lines_cleared': 0, 'max_combo': 0}, 'P2': {'user_id': 2, 'score': 0, 'lines_cleared': 0, 'max_combo': 0}}
[2025-11-11 09:46:58,850] INFO: 🛑 Shutting down Game Server...
[2025-11-11 09:46:58,850] INFO: ✅ Game Server shut down
[2025-11-11 09:46:58,851] INFO: 🛑 Shutting down Game Server...
[2025-11-11 09:46:58,851] INFO: ✅ Game Server shut down
