[2025-11-11 10:13:45,820] INFO: 🎮 Game Server started on port 10102
[2025-11-11 10:13:45,820] INFO:    Room: 26, Players: [1, 2]
[2025-11-11 10:13:45,820] INFO:    Seed: 1890634459
[2025-11-11 10:13:48,336] INFO: 📥 Player 1 connected from ('127.0.0.1', 58363)
[2025-11-11 10:13:48,338] INFO: [PROTOCOL] 準備發送 121 bytes
[2025-11-11 10:13:48,338] INFO: [PROTOCOL] 已發送 125/125 bytes
[2025-11-11 10:13:48,338] INFO: [PROTOCOL] ✅ 完整發送 125 bytes
[2025-11-11 10:13:48,338] INFO: ✅ Player 2 (P2) ready
[2025-11-11 10:13:48,338] INFO: 📥 Player 2 connected from ('127.0.0.1', 58362)
[2025-11-11 10:13:48,338] INFO: [PROTOCOL] 準備發送 121 bytes
[2025-11-11 10:13:48,338] INFO: [PROTOCOL] 已發送 125/125 bytes
[2025-11-11 10:13:48,339] INFO: [PROTOCOL] ✅ 完整發送 125 bytes
[2025-11-11 10:13:48,339] INFO: ✅ Player 1 (P1) ready
[2025-11-11 10:13:48,339] INFO: ✅ Both players connected, starting game...
[2025-11-11 10:13:48,339] INFO: 🎮 Starting input handler for player 2
[2025-11-11 10:13:48,339] INFO: 🎮 Starting input handler for player 1
[2025-11-11 10:13:48,446] INFO: [PROTOCOL] 準備發送 262 bytes
[2025-11-11 10:13:48,446] INFO: [PROTOCOL] 已發送 266/266 bytes
[2025-11-11 10:13:48,446] INFO: [PROTOCOL] ✅ 完整發送 266 bytes
[2025-11-11 10:13:48,446] INFO: [PROTOCOL] 準備發送 262 bytes
[2025-11-11 10:13:48,446] INFO: [PROTOCOL] 已發送 266/266 bytes
[2025-11-11 10:13:48,446] INFO: [PROTOCOL] ✅ 完整發送 266 bytes
[2025-11-11 10:13:48,446] INFO: [PROTOCOL] 準備發送 262 bytes
[2025-11-11 10:13:48,446] INFO: [PROTOCOL] 已發送 266/266 bytes
[2025-11-11 10:13:48,446] INFO: [PROTOCOL] ✅ 完整發送 266 bytes
[2025-11-11 10:13:48,446] INFO: [PROTOCOL] 準備發送 262 bytes
[2025-11-11 10:13:48,446] INFO: [PROTOCOL] 已發送 266/266 bytes
[2025-11-11 10:13:48,446] INFO: [PROTOCOL] ✅ 完整發送 266 bytes
[2025-11-11 10:13:48,551] INFO: [PROTOCOL] 準備發送 262 bytes
[2025-11-11 10:13:48,552] INFO: [PROTOCOL] 已發送 266/266 bytes
[2025-11-11 10:13:48,552] INFO: [PROTOCOL] ✅ 完整發送 266 bytes
[2025-11-11 10:13:48,552] INFO: [PROTOCOL] 準備發送 262 bytes
[2025-11-11 10:13:48,552] INFO: [PROTOCOL] 已發送 266/266 bytes
[2025-11-11 10:13:48,552] INFO: [PROTOCOL] ✅ 完整發送 266 bytes
[2025-11-11 10:13:48,552] INFO: [PROTOCOL] 準備發送 262 bytes
[2025-11-11 10:13:48,552] INFO: [PROTOCOL] 已發送 266/266 bytes
[2025-11-11 10:13:48,552] INFO: [PROTOCOL] ✅ 完整發送 266 bytes
[2025-11-11 10:13:48,552] INFO: [PROTOCOL] 準備發送 262 bytes
[2025-11-11 10:13:48,552] INFO: [PROTOCOL] 已發送 266/266 bytes
[2025-11-11 10:13:48,552] INFO: [PROTOCOL] ✅ 完整發送 266 bytes
[2025-11-11 10:13:48,656] INFO: [PROTOCOL] 準備發送 262 bytes
[2025-11-11 10:13:48,656] INFO: [PROTOCOL] 已發送 266/266 bytes
[2025-11-11 10:13:48,656] INFO: [PROTOCOL] ✅ 完整發送 266 bytes
[2025-11-11 10:13:48,656] INFO: [PROTOCOL] 準備發送 262 bytes
[2025-11-11 10:13:48,657] INFO: [PROTOCOL] 已發送 266/266 bytes
[2025-11-11 10:13:48,657] INFO: [PROTOCOL] ✅ 完整發送 266 bytes
[2025-11-11 10:13:48,657] INFO: [PROTOCOL] 準備發送 262 bytes
[2025-11-11 10:13:48,657] INFO: [PROTOCOL] 已發送 266/266 bytes
[2025-11-11 10:13:48,657] INFO: [PROTOCOL] ✅ 完整發送 266 bytes
[2025-11-11 10:13:48,657] INFO: [PROTOCOL] 準備發送 262 bytes
[2025-11-11 10:13:48,657] INFO: [PROTOCOL] 已發送 266/266 bytes
[2025-11-11 10:13:48,657] INFO: [PROTOCOL] ✅ 完整發送 266 bytes
[2025-11-11 10:13:48,762] INFO: [PROTOCOL] 準備發送 262 bytes
[2025-11-11 10:13:48,762] INFO: [PROTOCOL] 已發送 266/266 bytes
[2025-11-11 10:13:48,762] INFO: [PROTOCOL] ✅ 完整發送 266 bytes
[2025-11-11 10:13:48,762] INFO: [PROTOCOL] 準備發送 262 bytes
[2025-11-11 10:13:48,762] INFO: [PROTOCOL] 已發送 266/266 bytes
[2025-11-11 10:13:48,762] INFO: [PROTOCOL] ✅ 完整發送 266 bytes
[2025-11-11 10:13:48,762] INFO: [PROTOCOL] 準備發送 262 bytes
[2025-11-11 10:13:48,762] INFO: [PROTOCOL] 已發送 266/266 bytes
[2025-11-11 10:13:48,762] INFO: [PROTOCOL] ✅ 完整發送 266 bytes
[2025-11-11 10:13:48,762] INFO: [PROTOCOL] 準備發送 262 bytes
[2025-11-11 10:13:48,762] INFO: [PROTOCOL] 已發送 266/266 bytes
[2025-11-11 10:13:48,762] INFO: [PROTOCOL] ✅ 完整發送 266 bytes
[2025-11-11 10:13:48,866] INFO: [PROTOCOL] 準備發送 263 bytes
[2025-11-11 10:13:48,866] INFO: [PROTOCOL] 已發送 267/267 bytes
[2025-11-11 10:13:48,866] INFO: [PROTOCOL] ✅ 完整發送 267 bytes
[2025-11-11 10:13:48,866] INFO: [PROTOCOL] 準備發送 263 bytes
[2025-11-11 10:13:48,866] INFO: [PROTOCOL] 已發送 267/267 bytes
[2025-11-11 10:13:48,866] INFO: [PROTOCOL] ✅ 完整發送 267 bytes
[2025-11-11 10:13:48,866] INFO: [PROTOCOL] 準備發送 263 bytes
[2025-11-11 10:13:48,866] INFO: [PROTOCOL] 已發送 267/267 bytes
[2025-11-11 10:13:48,866] INFO: [PROTOCOL] ✅ 完整發送 267 bytes
[2025-11-11 10:13:48,866] INFO: [PROTOCOL] 準備發送 263 bytes
[2025-11-11 10:13:48,866] INFO: [PROTOCOL] 已發送 267/267 bytes
[2025-11-11 10:13:48,866] INFO: [PROTOCOL] ✅ 完整發送 267 bytes
[2025-11-11 10:13:48,967] INFO: [PROTOCOL] 準備發送 263 bytes
[2025-11-11 10:13:48,967] INFO: [PROTOCOL] 已發送 267/267 bytes
[2025-11-11 10:13:48,967] INFO: [PROTOCOL] ✅ 完整發送 267 bytes
[2025-11-11 10:13:48,967] INFO: [PROTOCOL] 準備發送 263 bytes
[2025-11-11 10:13:48,967] INFO: [PROTOCOL] 已發送 267/267 bytes
[2025-11-11 10:13:48,967] INFO: [PROTOCOL] ✅ 完整發送 267 bytes
[2025-11-11 10:13:48,967] INFO: [PROTOCOL] 準備發送 263 bytes
[2025-11-11 10:13:48,967] INFO: [PROTOCOL] 已發送 267/267 bytes
[2025-11-11 10:13:48,967] INFO: [PROTOCOL] ✅ 完整發送 267 bytes
[2025-11-11 10:13:48,967] INFO: [PROTOCOL] 準備發送 263 bytes
[2025-11-11 10:13:48,968] INFO: [PROTOCOL] 已發送 267/267 bytes
[2025-11-11 10:13:48,968] INFO: [PROTOCOL] ✅ 完整發送 267 bytes
[2025-11-11 10:13:49,072] INFO: [PROTOCOL] 準備發送 263 bytes
[2025-11-11 10:13:49,072] INFO: [PROTOCOL] 已發送 267/267 bytes
[2025-11-11 10:13:49,072] INFO: [PROTOCOL] ✅ 完整發送 267 bytes
[2025-11-11 10:13:49,072] INFO: [PROTOCOL] 準備發送 263 bytes
[2025-11-11 10:13:49,072] INFO: [PROTOCOL] 已發送 267/267 bytes
[2025-11-11 10:13:49,072] INFO: [PROTOCOL] ✅ 完整發送 267 bytes
[2025-11-11 10:13:49,072] INFO: [PROTOCOL] 準備發送 263 bytes
[2025-11-11 10:13:49,072] INFO: [PROTOCOL] 已發送 267/267 bytes
[2025-11-11 10:13:49,072] INFO: [PROTOCOL] ✅ 完整發送 267 bytes
[2025-11-11 10:13:49,072] INFO: [PROTOCOL] 準備發送 263 bytes
[2025-11-11 10:13:49,073] INFO: [PROTOCOL] 已發送 267/267 bytes
[2025-11-11 10:13:49,073] INFO: [PROTOCOL] ✅ 完整發送 267 bytes
[2025-11-11 10:13:49,175] INFO: [PROTOCOL] 準備發送 263 bytes
[2025-11-11 10:13:49,175] INFO: [PROTOCOL] 已發送 267/267 bytes
[2025-11-11 10:13:49,175] INFO: [PROTOCOL] ✅ 完整發送 267 bytes
[2025-11-11 10:13:49,175] INFO: [PROTOCOL] 準備發送 263 bytes
[2025-11-11 10:13:49,175] INFO: [PROTOCOL] 已發送 267/267 bytes
[2025-11-11 10:13:49,175] INFO: [PROTOCOL] ✅ 完整發送 267 bytes
[2025-11-11 10:13:49,175] INFO: [PROTOCOL] 準備發送 263 bytes
[2025-11-11 10:13:49,175] INFO: [PROTOCOL] 已發送 267/267 bytes
[2025-11-11 10:13:49,175] INFO: [PROTOCOL] ✅ 完整發送 267 bytes
[2025-11-11 10:13:49,175] INFO: [PROTOCOL] 準備發送 263 bytes
[2025-11-11 10:13:49,175] INFO: [PROTOCOL] 已發送 267/267 bytes
[2025-11-11 10:13:49,175] INFO: [PROTOCOL] ✅ 完整發送 267 bytes
[2025-11-11 10:13:49,276] INFO: [PROTOCOL] 準備發送 263 bytes
[2025-11-11 10:13:49,276] INFO: [PROTOCOL] 已發送 267/267 bytes
[2025-11-11 10:13:49,276] INFO: [PROTOCOL] ✅ 完整發送 267 bytes
[2025-11-11 10:13:49,276] INFO: [PROTOCOL] 準備發送 263 bytes
[2025-11-11 10:13:49,276] INFO: [PROTOCOL] 已發送 267/267 bytes
[2025-11-11 10:13:49,276] INFO: [PROTOCOL] ✅ 完整發送 267 bytes
[2025-11-11 10:13:49,276] INFO: [PROTOCOL] 準備發送 263 bytes
[2025-11-11 10:13:49,276] INFO: [PROTOCOL] 已發送 267/267 bytes
[2025-11-11 10:13:49,276] INFO: [PROTOCOL] ✅ 完整發送 267 bytes
[2025-11-11 10:13:49,276] INFO: [PROTOCOL] 準備發送 263 bytes
[2025-11-11 10:13:49,276] INFO: [PROTOCOL] 已發送 267/267 bytes
[2025-11-11 10:13:49,276] INFO: [PROTOCOL] ✅ 完整發送 267 bytes
[2025-11-11 10:13:49,382] INFO: [PROTOCOL] 準備發送 264 bytes
[2025-11-11 10:13:49,382] INFO: [PROTOCOL] 已發送 268/268 bytes
[2025-11-11 10:13:49,382] INFO: [PROTOCOL] ✅ 完整發送 268 bytes
[2025-11-11 10:13:49,382] INFO: [PROTOCOL] 準備發送 264 bytes
[2025-11-11 10:13:49,382] INFO: [PROTOCOL] 已發送 268/268 bytes
[2025-11-11 10:13:49,382] INFO: [PROTOCOL] ✅ 完整發送 268 bytes
[2025-11-11 10:13:49,382] INFO: [PROTOCOL] 準備發送 264 bytes
[2025-11-11 10:13:49,382] INFO: [PROTOCOL] 已發送 268/268 bytes
[2025-11-11 10:13:49,382] INFO: [PROTOCOL] ✅ 完整發送 268 bytes
[2025-11-11 10:13:49,382] INFO: [PROTOCOL] 準備發送 264 bytes
[2025-11-11 10:13:49,382] INFO: [PROTOCOL] 已發送 268/268 bytes
[2025-11-11 10:13:49,382] INFO: [PROTOCOL] ✅ 完整發送 268 bytes
[2025-11-11 10:13:49,485] INFO: [PROTOCOL] 準備發送 264 bytes
[2025-11-11 10:13:49,485] INFO: [PROTOCOL] 已發送 268/268 bytes
[2025-11-11 10:13:49,485] INFO: [PROTOCOL] ✅ 完整發送 268 bytes
[2025-11-11 10:13:49,485] INFO: [PROTOCOL] 準備發送 264 bytes
[2025-11-11 10:13:49,485] INFO: [PROTOCOL] 已發送 268/268 bytes
[2025-11-11 10:13:49,485] INFO: [PROTOCOL] ✅ 完整發送 268 bytes
[2025-11-11 10:13:49,485] INFO: [PROTOCOL] 準備發送 264 bytes
[2025-11-11 10:13:49,485] INFO: [PROTOCOL] 已發送 268/268 bytes
[2025-11-11 10:13:49,485] INFO: [PROTOCOL] ✅ 完整發送 268 bytes
[2025-11-11 10:13:49,485] INFO: [PROTOCOL] 準備發送 264 bytes
[2025-11-11 10:13:49,485] INFO: [PROTOCOL] 已發送 268/268 bytes
[2025-11-11 10:13:49,485] INFO: [PROTOCOL] ✅ 完整發送 268 bytes
[2025-11-11 10:13:49,586] INFO: [PROTOCOL] 準備發送 264 bytes
[2025-11-11 10:13:49,586] INFO: [PROTOCOL] 已發送 268/268 bytes
[2025-11-11 10:13:49,586] INFO: [PROTOCOL] ✅ 完整發送 268 bytes
[2025-11-11 10:13:49,586] INFO: [PROTOCOL] 準備發送 264 bytes
[2025-11-11 10:13:49,586] INFO: [PROTOCOL] 已發送 268/268 bytes
[2025-11-11 10:13:49,587] INFO: [PROTOCOL] ✅ 完整發送 268 bytes
[2025-11-11 10:13:49,587] INFO: [PROTOCOL] 準備發送 264 bytes
[2025-11-11 10:13:49,587] INFO: [PROTOCOL] 已發送 268/268 bytes
[2025-11-11 10:13:49,587] INFO: [PROTOCOL] ✅ 完整發送 268 bytes
[2025-11-11 10:13:49,587] INFO: [PROTOCOL] 準備發送 264 bytes
[2025-11-11 10:13:49,587] INFO: [PROTOCOL] 已發送 268/268 bytes
[2025-11-11 10:13:49,587] INFO: [PROTOCOL] ✅ 完整發送 268 bytes
[2025-11-11 10:13:49,687] INFO: [PROTOCOL] 準備發送 264 bytes
[2025-11-11 10:13:49,687] INFO: [PROTOCOL] 已發送 268/268 bytes
[2025-11-11 10:13:49,687] INFO: [PROTOCOL] ✅ 完整發送 268 bytes
[2025-11-11 10:13:49,687] INFO: [PROTOCOL] 準備發送 264 bytes
[2025-11-11 10:13:49,687] INFO: [PROTOCOL] 已發送 268/268 bytes
[2025-11-11 10:13:49,687] INFO: [PROTOCOL] ✅ 完整發送 268 bytes
[2025-11-11 10:13:49,687] INFO: [PROTOCOL] 準備發送 264 bytes
[2025-11-11 10:13:49,687] INFO: [PROTOCOL] 已發送 268/268 bytes
[2025-11-11 10:13:49,687] INFO: [PROTOCOL] ✅ 完整發送 268 bytes
[2025-11-11 10:13:49,687] INFO: [PROTOCOL] 準備發送 264 bytes
[2025-11-11 10:13:49,687] INFO: [PROTOCOL] 已發送 268/268 bytes
[2025-11-11 10:13:49,687] INFO: [PROTOCOL] ✅ 完整發送 268 bytes
[2025-11-11 10:13:49,789] INFO: [PROTOCOL] 準備發送 264 bytes
[2025-11-11 10:13:49,789] INFO: [PROTOCOL] 已發送 268/268 bytes
[2025-11-11 10:13:49,789] INFO: [PROTOCOL] ✅ 完整發送 268 bytes
[2025-11-11 10:13:49,789] INFO: [PROTOCOL] 準備發送 264 bytes
[2025-11-11 10:13:49,789] INFO: [PROTOCOL] 已發送 268/268 bytes
[2025-11-11 10:13:49,789] INFO: [PROTOCOL] ✅ 完整發送 268 bytes
[2025-11-11 10:13:49,789] INFO: [PROTOCOL] 準備發送 264 bytes
[2025-11-11 10:13:49,790] INFO: [PROTOCOL] 已發送 268/268 bytes
[2025-11-11 10:13:49,790] INFO: [PROTOCOL] ✅ 完整發送 268 bytes
[2025-11-11 10:13:49,790] INFO: [PROTOCOL] 準備發送 264 bytes
[2025-11-11 10:13:49,790] INFO: [PROTOCOL] 已發送 268/268 bytes
[2025-11-11 10:13:49,790] INFO: [PROTOCOL] ✅ 完整發送 268 bytes
[2025-11-11 10:13:49,890] INFO: [PROTOCOL] 準備發送 264 bytes
[2025-11-11 10:13:49,891] INFO: [PROTOCOL] 已發送 268/268 bytes
[2025-11-11 10:13:49,891] INFO: [PROTOCOL] ✅ 完整發送 268 bytes
[2025-11-11 10:13:49,891] INFO: [PROTOCOL] 準備發送 264 bytes
[2025-11-11 10:13:49,891] INFO: [PROTOCOL] 已發送 268/268 bytes
[2025-11-11 10:13:49,891] INFO: [PROTOCOL] ✅ 完整發送 268 bytes
[2025-11-11 10:13:49,891] INFO: [PROTOCOL] 準備發送 264 bytes
[2025-11-11 10:13:49,891] INFO: [PROTOCOL] 已發送 268/268 bytes
[2025-11-11 10:13:49,891] INFO: [PROTOCOL] ✅ 完整發送 268 bytes
[2025-11-11 10:13:49,891] INFO: [PROTOCOL] 準備發送 264 bytes
[2025-11-11 10:13:49,891] INFO: [PROTOCOL] 已發送 268/268 bytes
[2025-11-11 10:13:49,891] INFO: [PROTOCOL] ✅ 完整發送 268 bytes
[2025-11-11 10:13:49,996] INFO: [PROTOCOL] 準備發送 264 bytes
[2025-11-11 10:13:49,997] INFO: [PROTOCOL] 已發送 268/268 bytes
[2025-11-11 10:13:49,997] INFO: [PROTOCOL] ✅ 完整發送 268 bytes
[2025-11-11 10:13:49,997] INFO: [PROTOCOL] 準備發送 264 bytes
[2025-11-11 10:13:49,997] INFO: [PROTOCOL] 已發送 268/268 bytes
[2025-11-11 10:13:49,997] INFO: [PROTOCOL] ✅ 完整發送 268 bytes
[2025-11-11 10:13:49,997] INFO: [PROTOCOL] 準備發送 264 bytes
[2025-11-11 10:13:49,997] INFO: [PROTOCOL] 已發送 268/268 bytes
[2025-11-11 10:13:49,997] INFO: [PROTOCOL] ✅ 完整發送 268 bytes
[2025-11-11 10:13:49,997] INFO: [PROTOCOL] 準備發送 264 bytes
[2025-11-11 10:13:49,997] INFO: [PROTOCOL] 已發送 268/268 bytes
[2025-11-11 10:13:49,997] INFO: [PROTOCOL] ✅ 完整發送 268 bytes
[2025-11-11 10:13:50,099] INFO: [PROTOCOL] 準備發送 264 bytes
[2025-11-11 10:13:50,100] INFO: [PROTOCOL] 已發送 268/268 bytes
[2025-11-11 10:13:50,100] INFO: [PROTOCOL] ✅ 完整發送 268 bytes
[2025-11-11 10:13:50,100] INFO: [PROTOCOL] 準備發送 264 bytes
[2025-11-11 10:13:50,100] INFO: [PROTOCOL] 已發送 268/268 bytes
[2025-11-11 10:13:50,100] INFO: [PROTOCOL] ✅ 完整發送 268 bytes
[2025-11-11 10:13:50,100] INFO: [PROTOCOL] 準備發送 264 bytes
[2025-11-11 10:13:50,100] INFO: [PROTOCOL] 已發送 268/268 bytes
[2025-11-11 10:13:50,100] INFO: [PROTOCOL] ✅ 完整發送 268 bytes
[2025-11-11 10:13:50,100] INFO: [PROTOCOL] 準備發送 264 bytes
[2025-11-11 10:13:50,100] INFO: [PROTOCOL] 已發送 268/268 bytes
[2025-11-11 10:13:50,100] INFO: [PROTOCOL] ✅ 完整發送 268 bytes
[2025-11-11 10:13:50,202] INFO: [PROTOCOL] 準備發送 264 bytes
[2025-11-11 10:13:50,202] INFO: [PROTOCOL] 已發送 268/268 bytes
[2025-11-11 10:13:50,202] INFO: [PROTOCOL] ✅ 完整發送 268 bytes
[2025-11-11 10:13:50,202] INFO: [PROTOCOL] 準備發送 264 bytes
[2025-11-11 10:13:50,202] INFO: [PROTOCOL] 已發送 268/268 bytes
[2025-11-11 10:13:50,202] INFO: [PROTOCOL] ✅ 完整發送 268 bytes
[2025-11-11 10:13:50,202] INFO: [PROTOCOL] 準備發送 264 bytes
[2025-11-11 10:13:50,202] INFO: [PROTOCOL] 已發送 268/268 bytes
[2025-11-11 10:13:50,203] INFO: [PROTOCOL] ✅ 完整發送 268 bytes
[2025-11-11 10:13:50,203] INFO: [PROTOCOL] 準備發送 264 bytes
[2025-11-11 10:13:50,203] INFO: [PROTOCOL] 已發送 268/268 bytes
[2025-11-11 10:13:50,203] INFO: [PROTOCOL] ✅ 完整發送 268 bytes
[2025-11-11 10:13:50,308] INFO: [PROTOCOL] 準備發送 264 bytes
[2025-11-11 10:13:50,308] INFO: [PROTOCOL] 已發送 268/268 bytes
[2025-11-11 10:13:50,308] INFO: [PROTOCOL] ✅ 完整發送 268 bytes
[2025-11-11 10:13:50,308] INFO: [PROTOCOL] 準備發送 264 bytes
[2025-11-11 10:13:50,308] INFO: [PROTOCOL] 已發送 268/268 bytes
[2025-11-11 10:13:50,308] INFO: [PROTOCOL] ✅ 完整發送 268 bytes
[2025-11-11 10:13:50,308] INFO: [PROTOCOL] 準備發送 264 bytes
[2025-11-11 10:13:50,308] INFO: [PROTOCOL] 已發送 268/268 bytes
[2025-11-11 10:13:50,308] INFO: [PROTOCOL] ✅ 完整發送 268 bytes
[2025-11-11 10:13:50,308] INFO: [PROTOCOL] 準備發送 264 bytes
[2025-11-11 10:13:50,308] INFO: [PROTOCOL] 已發送 268/268 bytes
[2025-11-11 10:13:50,308] INFO: [PROTOCOL] ✅ 完整發送 268 bytes
[2025-11-11 10:13:50,410] INFO: [PROTOCOL] 準備發送 264 bytes
[2025-11-11 10:13:50,410] INFO: [PROTOCOL] 已發送 268/268 bytes
[2025-11-11 10:13:50,410] INFO: [PROTOCOL] ✅ 完整發送 268 bytes
[2025-11-11 10:13:50,410] INFO: [PROTOCOL] 準備發送 264 bytes
[2025-11-11 10:13:50,410] INFO: [PROTOCOL] 已發送 268/268 bytes
[2025-11-11 10:13:50,410] INFO: [PROTOCOL] ✅ 完整發送 268 bytes
[2025-11-11 10:13:50,410] INFO: [PROTOCOL] 準備發送 264 bytes
[2025-11-11 10:13:50,410] INFO: [PROTOCOL] 已發送 268/268 bytes
[2025-11-11 10:13:50,410] INFO: [PROTOCOL] ✅ 完整發送 268 bytes
[2025-11-11 10:13:50,410] INFO: [PROTOCOL] 準備發送 264 bytes
[2025-11-11 10:13:50,410] INFO: [PROTOCOL] 已發送 268/268 bytes
[2025-11-11 10:13:50,410] INFO: [PROTOCOL] ✅ 完整發送 268 bytes
[2025-11-11 10:13:50,516] INFO: [PROTOCOL] 準備發送 264 bytes
[2025-11-11 10:13:50,516] INFO: [PROTOCOL] 已發送 268/268 bytes
[2025-11-11 10:13:50,516] INFO: [PROTOCOL] ✅ 完整發送 268 bytes
[2025-11-11 10:13:50,516] INFO: [PROTOCOL] 準備發送 264 bytes
[2025-11-11 10:13:50,516] INFO: [PROTOCOL] 已發送 268/268 bytes
[2025-11-11 10:13:50,516] INFO: [PROTOCOL] ✅ 完整發送 268 bytes
[2025-11-11 10:13:50,516] INFO: [PROTOCOL] 準備發送 264 bytes
[2025-11-11 10:13:50,516] INFO: [PROTOCOL] 已發送 268/268 bytes
[2025-11-11 10:13:50,516] INFO: [PROTOCOL] ✅ 完整發送 268 bytes
[2025-11-11 10:13:50,516] INFO: [PROTOCOL] 準備發送 264 bytes
[2025-11-11 10:13:50,516] INFO: [PROTOCOL] 已發送 268/268 bytes
[2025-11-11 10:13:50,516] INFO: [PROTOCOL] ✅ 完整發送 268 bytes
[2025-11-11 10:13:50,621] INFO: [PROTOCOL] 準備發送 264 bytes
[2025-11-11 10:13:50,622] INFO: [PROTOCOL] 已發送 268/268 bytes
[2025-11-11 10:13:50,622] INFO: [PROTOCOL] ✅ 完整發送 268 bytes
[2025-11-11 10:13:50,622] INFO: [PROTOCOL] 準備發送 264 bytes
[2025-11-11 10:13:50,622] INFO: [PROTOCOL] 已發送 268/268 bytes
[2025-11-11 10:13:50,622] INFO: [PROTOCOL] ✅ 完整發送 268 bytes
[2025-11-11 10:13:50,622] INFO: [PROTOCOL] 準備發送 264 bytes
[2025-11-11 10:13:50,622] INFO: [PROTOCOL] 已發送 268/268 bytes
[2025-11-11 10:13:50,622] INFO: [PROTOCOL] ✅ 完整發送 268 bytes
[2025-11-11 10:13:50,622] INFO: [PROTOCOL] 準備發送 264 bytes
[2025-11-11 10:13:50,622] INFO: [PROTOCOL] 已發送 268/268 bytes
[2025-11-11 10:13:50,622] INFO: [PROTOCOL] ✅ 完整發送 268 bytes
[2025-11-11 10:13:50,726] INFO: [PROTOCOL] 準備發送 264 bytes
[2025-11-11 10:13:50,727] INFO: [PROTOCOL] 已發送 268/268 bytes
[2025-11-11 10:13:50,727] INFO: [PROTOCOL] ✅ 完整發送 268 bytes
[2025-11-11 10:13:50,727] INFO: [PROTOCOL] 準備發送 264 bytes
[2025-11-11 10:13:50,727] INFO: [PROTOCOL] 已發送 268/268 bytes
[2025-11-11 10:13:50,727] INFO: [PROTOCOL] ✅ 完整發送 268 bytes
[2025-11-11 10:13:50,727] INFO: [PROTOCOL] 準備發送 264 bytes
[2025-11-11 10:13:50,727] INFO: [PROTOCOL] 已發送 268/268 bytes
[2025-11-11 10:13:50,727] INFO: [PROTOCOL] ✅ 完整發送 268 bytes
[2025-11-11 10:13:50,727] INFO: [PROTOCOL] 準備發送 264 bytes
[2025-11-11 10:13:50,727] INFO: [PROTOCOL] 已發送 268/268 bytes
[2025-11-11 10:13:50,727] INFO: [PROTOCOL] ✅ 完整發送 268 bytes
[2025-11-11 10:13:50,828] INFO: [PROTOCOL] 準備發送 264 bytes
[2025-11-11 10:13:50,829] INFO: [PROTOCOL] 已發送 268/268 bytes
[2025-11-11 10:13:50,829] INFO: [PROTOCOL] ✅ 完整發送 268 bytes
[2025-11-11 10:13:50,829] INFO: [PROTOCOL] 準備發送 264 bytes
[2025-11-11 10:13:50,829] INFO: [PROTOCOL] 已發送 268/268 bytes
[2025-11-11 10:13:50,829] INFO: [PROTOCOL] ✅ 完整發送 268 bytes
[2025-11-11 10:13:50,829] INFO: [PROTOCOL] 準備發送 264 bytes
[2025-11-11 10:13:50,829] INFO: [PROTOCOL] 已發送 268/268 bytes
[2025-11-11 10:13:50,829] INFO: [PROTOCOL] ✅ 完整發送 268 bytes
[2025-11-11 10:13:50,829] INFO: [PROTOCOL] 準備發送 264 bytes
[2025-11-11 10:13:50,829] INFO: [PROTOCOL] 已發送 268/268 bytes
[2025-11-11 10:13:50,829] INFO: [PROTOCOL] ✅ 完整發送 268 bytes
[2025-11-11 10:13:50,931] INFO: [PROTOCOL] 準備發送 264 bytes
[2025-11-11 10:13:50,931] INFO: [PROTOCOL] 已發送 268/268 bytes
[2025-11-11 10:13:50,931] INFO: [PROTOCOL] ✅ 完整發送 268 bytes
[2025-11-11 10:13:50,931] INFO: [PROTOCOL] 準備發送 264 bytes
[2025-11-11 10:13:50,931] INFO: [PROTOCOL] 已發送 268/268 bytes
[2025-11-11 10:13:50,931] INFO: [PROTOCOL] ✅ 完整發送 268 bytes
[2025-11-11 10:13:50,931] INFO: [PROTOCOL] 準備發送 264 bytes
[2025-11-11 10:13:50,931] INFO: [PROTOCOL] 已發送 268/268 bytes
[2025-11-11 10:13:50,931] INFO: [PROTOCOL] ✅ 完整發送 268 bytes
[2025-11-11 10:13:50,931] INFO: [PROTOCOL] 準備發送 264 bytes
[2025-11-11 10:13:50,931] INFO: [PROTOCOL] 已發送 268/268 bytes
[2025-11-11 10:13:50,931] INFO: [PROTOCOL] ✅ 完整發送 268 bytes
[2025-11-11 10:13:51,037] INFO: [PROTOCOL] 準備發送 264 bytes
[2025-11-11 10:13:51,037] INFO: [PROTOCOL] 已發送 268/268 bytes
[2025-11-11 10:13:51,037] INFO: [PROTOCOL] ✅ 完整發送 268 bytes
[2025-11-11 10:13:51,037] INFO: [PROTOCOL] 準備發送 264 bytes
[2025-11-11 10:13:51,037] INFO: [PROTOCOL] 已發送 268/268 bytes
[2025-11-11 10:13:51,037] INFO: [PROTOCOL] ✅ 完整發送 268 bytes
[2025-11-11 10:13:51,037] INFO: [PROTOCOL] 準備發送 264 bytes
[2025-11-11 10:13:51,037] INFO: [PROTOCOL] 已發送 268/268 bytes
[2025-11-11 10:13:51,037] INFO: [PROTOCOL] ✅ 完整發送 268 bytes
[2025-11-11 10:13:51,037] INFO: [PROTOCOL] 準備發送 264 bytes
[2025-11-11 10:13:51,037] INFO: [PROTOCOL] 已發送 268/268 bytes
[2025-11-11 10:13:51,037] INFO: [PROTOCOL] ✅ 完整發送 268 bytes
[2025-11-11 10:13:51,138] INFO: [PROTOCOL] 準備發送 264 bytes
[2025-11-11 10:13:51,138] INFO: [PROTOCOL] 已發送 268/268 bytes
[2025-11-11 10:13:51,138] INFO: [PROTOCOL] ✅ 完整發送 268 bytes
[2025-11-11 10:13:51,138] INFO: [PROTOCOL] 準備發送 264 bytes
[2025-11-11 10:13:51,138] INFO: [PROTOCOL] 已發送 268/268 bytes
[2025-11-11 10:13:51,138] INFO: [PROTOCOL] ✅ 完整發送 268 bytes
[2025-11-11 10:13:51,138] INFO: [PROTOCOL] 準備發送 264 bytes
[2025-11-11 10:13:51,138] INFO: [PROTOCOL] 已發送 268/268 bytes
[2025-11-11 10:13:51,138] INFO: [PROTOCOL] ✅ 完整發送 268 bytes
[2025-11-11 10:13:51,138] INFO: [PROTOCOL] 準備發送 264 bytes
[2025-11-11 10:13:51,138] INFO: [PROTOCOL] 已發送 268/268 bytes
[2025-11-11 10:13:51,138] INFO: [PROTOCOL] ✅ 完整發送 268 bytes
[2025-11-11 10:13:51,244] INFO: [PROTOCOL] 準備發送 264 bytes
[2025-11-11 10:13:51,244] INFO: [PROTOCOL] 已發送 268/268 bytes
[2025-11-11 10:13:51,245] INFO: [PROTOCOL] ✅ 完整發送 268 bytes
[2025-11-11 10:13:51,245] INFO: [PROTOCOL] 準備發送 264 bytes
[2025-11-11 10:13:51,245] INFO: [PROTOCOL] 已發送 268/268 bytes
[2025-11-11 10:13:51,245] INFO: [PROTOCOL] ✅ 完整發送 268 bytes
[2025-11-11 10:13:51,245] INFO: [PROTOCOL] 準備發送 264 bytes
[2025-11-11 10:13:51,246] INFO: [PROTOCOL] 已發送 268/268 bytes
[2025-11-11 10:13:51,246] INFO: [PROTOCOL] ✅ 完整發送 268 bytes
[2025-11-11 10:13:51,246] INFO: [PROTOCOL] 準備發送 264 bytes
[2025-11-11 10:13:51,246] INFO: [PROTOCOL] 已發送 268/268 bytes
[2025-11-11 10:13:51,246] INFO: [PROTOCOL] ✅ 完整發送 268 bytes
[2025-11-11 10:13:51,349] INFO: [PROTOCOL] 準備發送 264 bytes
[2025-11-11 10:13:51,349] INFO: [PROTOCOL] 已發送 268/268 bytes
[2025-11-11 10:13:51,349] INFO: [PROTOCOL] ✅ 完整發送 268 bytes
[2025-11-11 10:13:51,349] INFO: [PROTOCOL] 準備發送 264 bytes
[2025-11-11 10:13:51,350] INFO: [PROTOCOL] 已發送 268/268 bytes
[2025-11-11 10:13:51,350] INFO: [PROTOCOL] ✅ 完整發送 268 bytes
[2025-11-11 10:13:51,350] INFO: [PROTOCOL] 準備發送 264 bytes
[2025-11-11 10:13:51,350] INFO: [PROTOCOL] 已發送 268/268 bytes
[2025-11-11 10:13:51,350] INFO: [PROTOCOL] ✅ 完整發送 268 bytes
[2025-11-11 10:13:51,350] INFO: [PROTOCOL] 準備發送 264 bytes
[2025-11-11 10:13:51,350] INFO: [PROTOCOL] 已發送 268/268 bytes
[2025-11-11 10:13:51,350] INFO: [PROTOCOL] ✅ 完整發送 268 bytes
[2025-11-11 10:13:51,455] INFO: [PROTOCOL] 準備發送 264 bytes
[2025-11-11 10:13:51,456] INFO: [PROTOCOL] 已發送 268/268 bytes
[2025-11-11 10:13:51,456] INFO: [PROTOCOL] ✅ 完整發送 268 bytes
[2025-11-11 10:13:51,456] INFO: [PROTOCOL] 準備發送 264 bytes
[2025-11-11 10:13:51,456] INFO: [PROTOCOL] 已發送 268/268 bytes
[2025-11-11 10:13:51,456] INFO: [PROTOCOL] ✅ 完整發送 268 bytes
[2025-11-11 10:13:51,456] INFO: [PROTOCOL] 準備發送 264 bytes
[2025-11-11 10:13:51,456] INFO: [PROTOCOL] 已發送 268/268 bytes
[2025-11-11 10:13:51,456] INFO: [PROTOCOL] ✅ 完整發送 268 bytes
[2025-11-11 10:13:51,456] INFO: [PROTOCOL] 準備發送 264 bytes
[2025-11-11 10:13:51,456] INFO: [PROTOCOL] 已發送 268/268 bytes
[2025-11-11 10:13:51,456] INFO: [PROTOCOL] ✅ 完整發送 268 bytes
[2025-11-11 10:13:51,560] INFO: [PROTOCOL] 準備發送 264 bytes
[2025-11-11 10:13:51,560] INFO: [PROTOCOL] 已發送 268/268 bytes
[2025-11-11 10:13:51,560] INFO: [PROTOCOL] ✅ 完整發送 268 bytes
[2025-11-11 10:13:51,560] INFO: [PROTOCOL] 準備發送 264 bytes
[2025-11-11 10:13:51,560] INFO: [PROTOCOL] 已發送 268/268 bytes
[2025-11-11 10:13:51,560] INFO: [PROTOCOL] ✅ 完整發送 268 bytes
[2025-11-11 10:13:51,560] INFO: [PROTOCOL] 準備發送 264 bytes
[2025-11-11 10:13:51,560] INFO: [PROTOCOL] 已發送 268/268 bytes
[2025-11-11 10:13:51,560] INFO: [PROTOCOL] ✅ 完整發送 268 bytes
[2025-11-11 10:13:51,560] INFO: [PROTOCOL] 準備發送 264 bytes
[2025-11-11 10:13:51,561] INFO: [PROTOCOL] 已發送 268/268 bytes
[2025-11-11 10:13:51,561] INFO: [PROTOCOL] ✅ 完整發送 268 bytes
[2025-11-11 10:13:51,665] INFO: [PROTOCOL] 準備發送 264 bytes
[2025-11-11 10:13:51,665] INFO: [PROTOCOL] 已發送 268/268 bytes
[2025-11-11 10:13:51,665] INFO: [PROTOCOL] ✅ 完整發送 268 bytes
[2025-11-11 10:13:51,665] INFO: [PROTOCOL] 準備發送 264 bytes
[2025-11-11 10:13:51,665] INFO: [PROTOCOL] 已發送 268/268 bytes
[2025-11-11 10:13:51,665] INFO: [PROTOCOL] ✅ 完整發送 268 bytes
[2025-11-11 10:13:51,665] INFO: [PROTOCOL] 準備發送 264 bytes
[2025-11-11 10:13:51,665] INFO: [PROTOCOL] 已發送 268/268 bytes
[2025-11-11 10:13:51,665] INFO: [PROTOCOL] ✅ 完整發送 268 bytes
[2025-11-11 10:13:51,665] INFO: [PROTOCOL] 準備發送 264 bytes
[2025-11-11 10:13:51,665] INFO: [PROTOCOL] 已發送 268/268 bytes
[2025-11-11 10:13:51,665] INFO: [PROTOCOL] ✅ 完整發送 268 bytes
[2025-11-11 10:13:51,771] INFO: [PROTOCOL] 準備發送 264 bytes
[2025-11-11 10:13:51,772] INFO: [PROTOCOL] 已發送 268/268 bytes
[2025-11-11 10:13:51,772] INFO: [PROTOCOL] ✅ 完整發送 268 bytes
[2025-11-11 10:13:51,772] INFO: [PROTOCOL] 準備發送 264 bytes
[2025-11-11 10:13:51,772] INFO: [PROTOCOL] 已發送 268/268 bytes
[2025-11-11 10:13:51,772] INFO: [PROTOCOL] ✅ 完整發送 268 bytes
[2025-11-11 10:13:51,772] INFO: [PROTOCOL] 準備發送 264 bytes
[2025-11-11 10:13:51,772] INFO: [PROTOCOL] 已發送 268/268 bytes
[2025-11-11 10:13:51,772] INFO: [PROTOCOL] ✅ 完整發送 268 bytes
[2025-11-11 10:13:51,772] INFO: [PROTOCOL] 準備發送 264 bytes
[2025-11-11 10:13:51,772] INFO: [PROTOCOL] 已發送 268/268 bytes
[2025-11-11 10:13:51,772] INFO: [PROTOCOL] ✅ 完整發送 268 bytes
[2025-11-11 10:13:51,878] INFO: [PROTOCOL] 準備發送 264 bytes
[2025-11-11 10:13:51,878] INFO: [PROTOCOL] 已發送 268/268 bytes
[2025-11-11 10:13:51,878] INFO: [PROTOCOL] ✅ 完整發送 268 bytes
[2025-11-11 10:13:51,878] INFO: [PROTOCOL] 準備發送 264 bytes
[2025-11-11 10:13:51,878] INFO: [PROTOCOL] 已發送 268/268 bytes
[2025-11-11 10:13:51,878] INFO: [PROTOCOL] ✅ 完整發送 268 bytes
[2025-11-11 10:13:51,878] INFO: [PROTOCOL] 準備發送 264 bytes
[2025-11-11 10:13:51,878] INFO: [PROTOCOL] 已發送 268/268 bytes
[2025-11-11 10:13:51,878] INFO: [PROTOCOL] ✅ 完整發送 268 bytes
[2025-11-11 10:13:51,878] INFO: [PROTOCOL] 準備發送 264 bytes
[2025-11-11 10:13:51,878] INFO: [PROTOCOL] 已發送 268/268 bytes
[2025-11-11 10:13:51,878] INFO: [PROTOCOL] ✅ 完整發送 268 bytes
[2025-11-11 10:13:51,978] INFO: [PROTOCOL] 準備發送 264 bytes
[2025-11-11 10:13:51,979] INFO: [PROTOCOL] 已發送 268/268 bytes
[2025-11-11 10:13:51,979] INFO: [PROTOCOL] ✅ 完整發送 268 bytes
[2025-11-11 10:13:51,979] INFO: [PROTOCOL] 準備發送 264 bytes
[2025-11-11 10:13:51,979] INFO: [PROTOCOL] 已發送 268/268 bytes
[2025-11-11 10:13:51,979] INFO: [PROTOCOL] ✅ 完整發送 268 bytes
[2025-11-11 10:13:51,979] INFO: [PROTOCOL] 準備發送 264 bytes
[2025-11-11 10:13:51,979] INFO: [PROTOCOL] 已發送 268/268 bytes
[2025-11-11 10:13:51,979] INFO: [PROTOCOL] ✅ 完整發送 268 bytes
[2025-11-11 10:13:51,979] INFO: [PROTOCOL] 準備發送 264 bytes
[2025-11-11 10:13:51,979] INFO: [PROTOCOL] 已發送 268/268 bytes
[2025-11-11 10:13:51,979] INFO: [PROTOCOL] ✅ 完整發送 268 bytes
[2025-11-11 10:13:52,084] INFO: [PROTOCOL] 準備發送 264 bytes
[2025-11-11 10:13:52,085] INFO: [PROTOCOL] 已發送 268/268 bytes
[2025-11-11 10:13:52,085] INFO: [PROTOCOL] ✅ 完整發送 268 bytes
[2025-11-11 10:13:52,085] INFO: [PROTOCOL] 準備發送 264 bytes
[2025-11-11 10:13:52,085] INFO: [PROTOCOL] 已發送 268/268 bytes
[2025-11-11 10:13:52,085] INFO: [PROTOCOL] ✅ 完整發送 268 bytes
[2025-11-11 10:13:52,085] INFO: [PROTOCOL] 準備發送 264 bytes
[2025-11-11 10:13:52,085] INFO: [PROTOCOL] 已發送 268/268 bytes
[2025-11-11 10:13:52,085] INFO: [PROTOCOL] ✅ 完整發送 268 bytes
[2025-11-11 10:13:52,085] INFO: [PROTOCOL] 準備發送 264 bytes
[2025-11-11 10:13:52,085] INFO: [PROTOCOL] 已發送 268/268 bytes
[2025-11-11 10:13:52,085] INFO: [PROTOCOL] ✅ 完整發送 268 bytes
[2025-11-11 10:13:52,189] INFO: [PROTOCOL] 準備發送 264 bytes
[2025-11-11 10:13:52,189] INFO: [PROTOCOL] 已發送 268/268 bytes
[2025-11-11 10:13:52,189] INFO: [PROTOCOL] ✅ 完整發送 268 bytes
[2025-11-11 10:13:52,189] INFO: [PROTOCOL] 準備發送 264 bytes
[2025-11-11 10:13:52,189] INFO: [PROTOCOL] 已發送 268/268 bytes
[2025-11-11 10:13:52,189] INFO: [PROTOCOL] ✅ 完整發送 268 bytes
[2025-11-11 10:13:52,189] INFO: [PROTOCOL] 準備發送 264 bytes
[2025-11-11 10:13:52,189] INFO: [PROTOCOL] 已發送 268/268 bytes
[2025-11-11 10:13:52,189] INFO: [PROTOCOL] ✅ 完整發送 268 bytes
[2025-11-11 10:13:52,189] INFO: [PROTOCOL] 準備發送 264 bytes
[2025-11-11 10:13:52,190] INFO: [PROTOCOL] 已發送 268/268 bytes
[2025-11-11 10:13:52,190] INFO: [PROTOCOL] ✅ 完整發送 268 bytes
[2025-11-11 10:13:52,296] INFO: [PROTOCOL] 準備發送 264 bytes
[2025-11-11 10:13:52,296] INFO: [PROTOCOL] 已發送 268/268 bytes
[2025-11-11 10:13:52,296] INFO: [PROTOCOL] ✅ 完整發送 268 bytes
[2025-11-11 10:13:52,296] INFO: [PROTOCOL] 準備發送 264 bytes
[2025-11-11 10:13:52,296] INFO: [PROTOCOL] 已發送 268/268 bytes
[2025-11-11 10:13:52,297] INFO: [PROTOCOL] ✅ 完整發送 268 bytes
[2025-11-11 10:13:52,297] INFO: [PROTOCOL] 準備發送 264 bytes
[2025-11-11 10:13:52,297] INFO: [PROTOCOL] 已發送 268/268 bytes
[2025-11-11 10:13:52,297] INFO: [PROTOCOL] ✅ 完整發送 268 bytes
[2025-11-11 10:13:52,297] INFO: [PROTOCOL] 準備發送 264 bytes
[2025-11-11 10:13:52,297] INFO: [PROTOCOL] 已發送 268/268 bytes
[2025-11-11 10:13:52,297] INFO: [PROTOCOL] ✅ 完整發送 268 bytes
[2025-11-11 10:13:52,400] INFO: [PROTOCOL] 準備發送 264 bytes
[2025-11-11 10:13:52,401] INFO: [PROTOCOL] 已發送 268/268 bytes
[2025-11-11 10:13:52,401] INFO: [PROTOCOL] ✅ 完整發送 268 bytes
[2025-11-11 10:13:52,401] INFO: [PROTOCOL] 準備發送 264 bytes
[2025-11-11 10:13:52,401] INFO: [PROTOCOL] 已發送 268/268 bytes
[2025-11-11 10:13:52,401] INFO: [PROTOCOL] ✅ 完整發送 268 bytes
[2025-11-11 10:13:52,401] INFO: [PROTOCOL] 準備發送 264 bytes
[2025-11-11 10:13:52,401] INFO: [PROTOCOL] 已發送 268/268 bytes
[2025-11-11 10:13:52,401] INFO: [PROTOCOL] ✅ 完整發送 268 bytes
[2025-11-11 10:13:52,401] INFO: [PROTOCOL] 準備發送 264 bytes
[2025-11-11 10:13:52,401] INFO: [PROTOCOL] 已發送 268/268 bytes
[2025-11-11 10:13:52,401] INFO: [PROTOCOL] ✅ 完整發送 268 bytes
[2025-11-11 10:13:52,506] INFO: [PROTOCOL] 準備發送 264 bytes
[2025-11-11 10:13:52,506] INFO: [PROTOCOL] 已發送 268/268 bytes
[2025-11-11 10:13:52,506] INFO: [PROTOCOL] ✅ 完整發送 268 bytes
[2025-11-11 10:13:52,506] INFO: [PROTOCOL] 準備發送 264 bytes
[2025-11-11 10:13:52,506] INFO: [PROTOCOL] 已發送 268/268 bytes
[2025-11-11 10:13:52,506] INFO: [PROTOCOL] ✅ 完整發送 268 bytes
[2025-11-11 10:13:52,506] INFO: [PROTOCOL] 準備發送 264 bytes
[2025-11-11 10:13:52,506] INFO: [PROTOCOL] 已發送 268/268 bytes
[2025-11-11 10:13:52,507] INFO: [PROTOCOL] ✅ 完整發送 268 bytes
[2025-11-11 10:13:52,507] INFO: [PROTOCOL] 準備發送 264 bytes
[2025-11-11 10:13:52,507] INFO: [PROTOCOL] 已發送 268/268 bytes
[2025-11-11 10:13:52,507] INFO: [PROTOCOL] ✅ 完整發送 268 bytes
[2025-11-11 10:13:52,612] INFO: [PROTOCOL] 準備發送 264 bytes
[2025-11-11 10:13:52,616] INFO: [PROTOCOL] 已發送 268/268 bytes
[2025-11-11 10:13:52,616] INFO: [PROTOCOL] ✅ 完整發送 268 bytes
[2025-11-11 10:13:52,616] INFO: [PROTOCOL] 準備發送 264 bytes
[2025-11-11 10:13:52,616] INFO: [PROTOCOL] 已發送 268/268 bytes
[2025-11-11 10:13:52,616] INFO: [PROTOCOL] ✅ 完整發送 268 bytes
[2025-11-11 10:13:52,616] INFO: [PROTOCOL] 準備發送 264 bytes
[2025-11-11 10:13:52,617] INFO: [PROTOCOL] 已發送 268/268 bytes
[2025-11-11 10:13:52,617] INFO: [PROTOCOL] ✅ 完整發送 268 bytes
[2025-11-11 10:13:52,617] INFO: [PROTOCOL] 準備發送 264 bytes
[2025-11-11 10:13:52,617] INFO: [PROTOCOL] 已發送 268/268 bytes
[2025-11-11 10:13:52,617] INFO: [PROTOCOL] ✅ 完整發送 268 bytes
[2025-11-11 10:13:52,721] INFO: [PROTOCOL] 準備發送 264 bytes
[2025-11-11 10:13:52,722] INFO: [PROTOCOL] 已發送 268/268 bytes
[2025-11-11 10:13:52,722] INFO: [PROTOCOL] ✅ 完整發送 268 bytes
[2025-11-11 10:13:52,722] INFO: [PROTOCOL] 準備發送 264 bytes
[2025-11-11 10:13:52,722] INFO: [PROTOCOL] 已發送 268/268 bytes
[2025-11-11 10:13:52,722] INFO: [PROTOCOL] ✅ 完整發送 268 bytes
[2025-11-11 10:13:52,722] INFO: [PROTOCOL] 準備發送 264 bytes
[2025-11-11 10:13:52,722] INFO: [PROTOCOL] 已發送 268/268 bytes
[2025-11-11 10:13:52,722] INFO: [PROTOCOL] ✅ 完整發送 268 bytes
[2025-11-11 10:13:52,722] INFO: [PROTOCOL] 準備發送 264 bytes
[2025-11-11 10:13:52,723] INFO: [PROTOCOL] 已發送 268/268 bytes
[2025-11-11 10:13:52,723] INFO: [PROTOCOL] ✅ 完整發送 268 bytes
[2025-11-11 10:13:52,828] INFO: [PROTOCOL] 準備發送 264 bytes
[2025-11-11 10:13:52,828] INFO: [PROTOCOL] 已發送 268/268 bytes
[2025-11-11 10:13:52,828] INFO: [PROTOCOL] ✅ 完整發送 268 bytes
[2025-11-11 10:13:52,828] INFO: [PROTOCOL] 準備發送 264 bytes
[2025-11-11 10:13:52,829] INFO: [PROTOCOL] 已發送 268/268 bytes
[2025-11-11 10:13:52,829] INFO: [PROTOCOL] ✅ 完整發送 268 bytes
[2025-11-11 10:13:52,829] INFO: [PROTOCOL] 準備發送 264 bytes
[2025-11-11 10:13:52,829] INFO: [PROTOCOL] 已發送 268/268 bytes
[2025-11-11 10:13:52,829] INFO: [PROTOCOL] ✅ 完整發送 268 bytes
[2025-11-11 10:13:52,829] INFO: [PROTOCOL] 準備發送 264 bytes
[2025-11-11 10:13:52,829] INFO: [PROTOCOL] 已發送 268/268 bytes
[2025-11-11 10:13:52,829] INFO: [PROTOCOL] ✅ 完整發送 268 bytes
[2025-11-11 10:13:52,856] ERROR: ❌ ProtocolError for 2: 接收失敗: [Errno 54] Connection reset by peer
[2025-11-11 10:13:52,856] WARNING: ⚠️ Player 2 disconnected during game!
[2025-11-11 10:13:52,856] INFO: [PROTOCOL] 準備發送 126 bytes
[2025-11-11 10:13:52,857] ERROR: [PROTOCOL] ❌ 發送訊息失敗: 發送失敗: [Errno 32] Broken pipe
[2025-11-11 10:13:52,857] INFO: [PROTOCOL] 準備發送 126 bytes
[2025-11-11 10:13:52,857] INFO: [PROTOCOL] 已發送 130/130 bytes
[2025-11-11 10:13:52,857] INFO: [PROTOCOL] ✅ 完整發送 130 bytes
[2025-11-11 10:13:52,857] INFO: 📊 Attempting to report game result to lobby: room=26, results={'P1': {'user_id': 1, 'score': 0, 'lines_cleared': 0}, 'P2': {'user_id': 2, 'score': 0, 'lines_cleared': 0}}
[2025-11-11 10:13:52,857] INFO: 📡 Connecting to lobby server at localhost:10002...
[2025-11-11 10:13:52,861] INFO: ✅ Connected to lobby server
[2025-11-11 10:13:52,861] INFO: 🏆 Winner: None
[2025-11-11 10:13:52,861] INFO: 📤 Sending report: {'action': 'report_game_result', 'data': {'room_id': 26, 'winner': None, 'results': {'P1': {'user_id': 1, 'score': 0, 'lines_cleared': 0}, 'P2': {'user_id': 2, 'score': 0, 'lines_cleared': 0}}}}
[2025-11-11 10:13:52,861] INFO: [PROTOCOL] 準備發送 194 bytes
[2025-11-11 10:13:52,861] INFO: [PROTOCOL] 已發送 198/198 bytes
[2025-11-11 10:13:52,861] INFO: [PROTOCOL] ✅ 完整發送 198 bytes
[2025-11-11 10:13:52,861] INFO: ✅ Report sent, waiting for response...
[2025-11-11 10:13:52,879] INFO: 📥 Received response: {'status': 'success', 'message': '遊戲結果已記錄'}
[2025-11-11 10:13:52,880] INFO: ✅ Game result reported to Lobby Server successfully
[2025-11-11 10:13:52,880] INFO: 🏁 Game ended due to player 2 disconnection
[2025-11-11 10:13:52,880] INFO: 🔌 Player 2 input handler stopped
[2025-11-11 10:13:52,911] INFO: 🎮 Game Over! Winner: None
[2025-11-11 10:13:52,911] INFO: [PROTOCOL] 準備發送 158 bytes
[2025-11-11 10:13:52,911] ERROR: [PROTOCOL] ❌ 發送訊息失敗: 發送失敗: [Errno 32] Broken pipe
[2025-11-11 10:13:52,911] INFO: [PROTOCOL] 準備發送 158 bytes
[2025-11-11 10:13:52,911] INFO: [PROTOCOL] 已發送 162/162 bytes
[2025-11-11 10:13:52,911] INFO: [PROTOCOL] ✅ 完整發送 162 bytes
[2025-11-11 10:13:52,911] INFO: 📊 Attempting to report game result to lobby: room=26, results={'P2': {'user_id': 2, 'score': 0, 'lines_cleared': 0, 'max_combo': 0}, 'P1': {'user_id': 1, 'score': 0, 'lines_cleared': 0, 'max_combo': 0}}
[2025-11-11 10:13:52,911] INFO: 📡 Connecting to lobby server at localhost:10002...
[2025-11-11 10:13:52,913] INFO: ✅ Connected to lobby server
[2025-11-11 10:13:52,913] INFO: 🏆 Winner: None
[2025-11-11 10:13:52,913] INFO: 📤 Sending report: {'action': 'report_game_result', 'data': {'room_id': 26, 'winner': None, 'results': {'P2': {'user_id': 2, 'score': 0, 'lines_cleared': 0, 'max_combo': 0}, 'P1': {'user_id': 1, 'score': 0, 'lines_cleared': 0, 'max_combo': 0}}}}
[2025-11-11 10:13:52,913] INFO: [PROTOCOL] 準備發送 226 bytes
[2025-11-11 10:13:52,913] INFO: [PROTOCOL] 已發送 230/230 bytes
[2025-11-11 10:13:52,913] INFO: [PROTOCOL] ✅ 完整發送 230 bytes
[2025-11-11 10:13:52,913] INFO: ✅ Report sent, waiting for response...
[2025-11-11 10:13:52,917] INFO: 📥 Received response: {'status': 'success', 'message': '遊戲結果已記錄'}
[2025-11-11 10:13:52,917] INFO: ✅ Game result reported to Lobby Server successfully
[2025-11-11 10:13:52,917] INFO: 📊 Final results: {'P2': {'user_id': 2, 'score': 0, 'lines_cleared': 0, 'max_combo': 0}, 'P1': {'user_id': 1, 'score': 0, 'lines_cleared': 0, 'max_combo': 0}}
[2025-11-11 10:13:53,345] INFO: 🔌 Player 1 input handler stopped
[2025-11-11 10:13:54,923] INFO: 🛑 Shutting down Game Server...
[2025-11-11 10:13:54,925] INFO: ✅ Game Server shut down
[2025-11-11 10:13:54,925] INFO: 🛑 Shutting down Game Server...
[2025-11-11 10:13:54,925] INFO: ✅ Game Server shut down
