[2025-11-11 09:43:27,859] INFO: 🎮 Game Server started on port 10102
[2025-11-11 09:43:27,859] INFO:    Room: 17, Players: [1, 2]
[2025-11-11 09:43:27,859] INFO:    Seed: 1888816499
[2025-11-11 09:43:30,014] INFO: 📥 Player 1 connected from ('127.0.0.1', 56522)
[2025-11-11 09:43:30,021] INFO: [PROTOCOL] 準備發送 121 bytes
[2025-11-11 09:43:30,021] INFO: [PROTOCOL] 已發送 125/125 bytes
[2025-11-11 09:43:30,021] INFO: [PROTOCOL] ✅ 完整發送 125 bytes
[2025-11-11 09:43:30,021] INFO: ✅ Player 2 (P2) ready
[2025-11-11 09:43:30,021] INFO: 📥 Player 2 connected from ('127.0.0.1', 56521)
[2025-11-11 09:43:30,022] INFO: [PROTOCOL] 準備發送 121 bytes
[2025-11-11 09:43:30,022] INFO: [PROTOCOL] 已發送 125/125 bytes
[2025-11-11 09:43:30,022] INFO: [PROTOCOL] ✅ 完整發送 125 bytes
[2025-11-11 09:43:30,022] INFO: ✅ Player 1 (P1) ready
[2025-11-11 09:43:30,022] INFO: ✅ Both players connected, starting game...
[2025-11-11 09:43:30,023] INFO: 🎮 Starting input handler for player 2
[2025-11-11 09:43:30,024] INFO: 🎮 Starting input handler for player 1
[2025-11-11 09:43:30,131] INFO: [PROTOCOL] 準備發送 262 bytes
[2025-11-11 09:43:30,131] INFO: [PROTOCOL] 已發送 266/266 bytes
[2025-11-11 09:43:30,131] INFO: [PROTOCOL] ✅ 完整發送 266 bytes
[2025-11-11 09:43:30,131] INFO: [PROTOCOL] 準備發送 262 bytes
[2025-11-11 09:43:30,131] INFO: [PROTOCOL] 已發送 266/266 bytes
[2025-11-11 09:43:30,131] INFO: [PROTOCOL] ✅ 完整發送 266 bytes
[2025-11-11 09:43:30,131] INFO: [PROTOCOL] 準備發送 262 bytes
[2025-11-11 09:43:30,131] INFO: [PROTOCOL] 已發送 266/266 bytes
[2025-11-11 09:43:30,131] INFO: [PROTOCOL] ✅ 完整發送 266 bytes
[2025-11-11 09:43:30,131] INFO: [PROTOCOL] 準備發送 262 bytes
[2025-11-11 09:43:30,131] INFO: [PROTOCOL] 已發送 266/266 bytes
[2025-11-11 09:43:30,132] INFO: [PROTOCOL] ✅ 完整發送 266 bytes
[2025-11-11 09:43:30,235] INFO: [PROTOCOL] 準備發送 262 bytes
[2025-11-11 09:43:30,236] INFO: [PROTOCOL] 已發送 266/266 bytes
[2025-11-11 09:43:30,236] INFO: [PROTOCOL] ✅ 完整發送 266 bytes
[2025-11-11 09:43:30,236] INFO: [PROTOCOL] 準備發送 262 bytes
[2025-11-11 09:43:30,236] INFO: [PROTOCOL] 已發送 266/266 bytes
[2025-11-11 09:43:30,236] INFO: [PROTOCOL] ✅ 完整發送 266 bytes
[2025-11-11 09:43:30,236] INFO: [PROTOCOL] 準備發送 262 bytes
[2025-11-11 09:43:30,236] INFO: [PROTOCOL] 已發送 266/266 bytes
[2025-11-11 09:43:30,236] INFO: [PROTOCOL] ✅ 完整發送 266 bytes
[2025-11-11 09:43:30,236] INFO: [PROTOCOL] 準備發送 262 bytes
[2025-11-11 09:43:30,236] INFO: [PROTOCOL] 已發送 266/266 bytes
[2025-11-11 09:43:30,236] INFO: [PROTOCOL] ✅ 完整發送 266 bytes
[2025-11-11 09:43:30,341] INFO: [PROTOCOL] 準備發送 262 bytes
[2025-11-11 09:43:30,341] INFO: [PROTOCOL] 已發送 266/266 bytes
[2025-11-11 09:43:30,341] INFO: [PROTOCOL] ✅ 完整發送 266 bytes
[2025-11-11 09:43:30,341] INFO: [PROTOCOL] 準備發送 262 bytes
[2025-11-11 09:43:30,341] INFO: [PROTOCOL] 已發送 266/266 bytes
[2025-11-11 09:43:30,341] INFO: [PROTOCOL] ✅ 完整發送 266 bytes
[2025-11-11 09:43:30,342] INFO: [PROTOCOL] 準備發送 262 bytes
[2025-11-11 09:43:30,342] INFO: [PROTOCOL] 已發送 266/266 bytes
[2025-11-11 09:43:30,342] INFO: [PROTOCOL] ✅ 完整發送 266 bytes
[2025-11-11 09:43:30,342] INFO: [PROTOCOL] 準備發送 262 bytes
[2025-11-11 09:43:30,342] INFO: [PROTOCOL] 已發送 266/266 bytes
[2025-11-11 09:43:30,342] INFO: [PROTOCOL] ✅ 完整發送 266 bytes
[2025-11-11 09:43:30,447] INFO: [PROTOCOL] 準備發送 262 bytes
[2025-11-11 09:43:30,447] INFO: [PROTOCOL] 已發送 266/266 bytes
[2025-11-11 09:43:30,447] INFO: [PROTOCOL] ✅ 完整發送 266 bytes
[2025-11-11 09:43:30,447] INFO: [PROTOCOL] 準備發送 262 bytes
[2025-11-11 09:43:30,447] INFO: [PROTOCOL] 已發送 266/266 bytes
[2025-11-11 09:43:30,447] INFO: [PROTOCOL] ✅ 完整發送 266 bytes
[2025-11-11 09:43:30,447] INFO: [PROTOCOL] 準備發送 262 bytes
[2025-11-11 09:43:30,447] INFO: [PROTOCOL] 已發送 266/266 bytes
[2025-11-11 09:43:30,447] INFO: [PROTOCOL] ✅ 完整發送 266 bytes
[2025-11-11 09:43:30,447] INFO: [PROTOCOL] 準備發送 262 bytes
[2025-11-11 09:43:30,447] INFO: [PROTOCOL] 已發送 266/266 bytes
[2025-11-11 09:43:30,447] INFO: [PROTOCOL] ✅ 完整發送 266 bytes
[2025-11-11 09:43:30,550] INFO: [PROTOCOL] 準備發送 263 bytes
[2025-11-11 09:43:30,550] INFO: [PROTOCOL] 已發送 267/267 bytes
[2025-11-11 09:43:30,550] INFO: [PROTOCOL] ✅ 完整發送 267 bytes
[2025-11-11 09:43:30,550] INFO: [PROTOCOL] 準備發送 263 bytes
[2025-11-11 09:43:30,550] INFO: [PROTOCOL] 已發送 267/267 bytes
[2025-11-11 09:43:30,550] INFO: [PROTOCOL] ✅ 完整發送 267 bytes
[2025-11-11 09:43:30,550] INFO: [PROTOCOL] 準備發送 263 bytes
[2025-11-11 09:43:30,550] INFO: [PROTOCOL] 已發送 267/267 bytes
[2025-11-11 09:43:30,550] INFO: [PROTOCOL] ✅ 完整發送 267 bytes
[2025-11-11 09:43:30,550] INFO: [PROTOCOL] 準備發送 263 bytes
[2025-11-11 09:43:30,550] INFO: [PROTOCOL] 已發送 267/267 bytes
[2025-11-11 09:43:30,550] INFO: [PROTOCOL] ✅ 完整發送 267 bytes
[2025-11-11 09:43:30,652] INFO: [PROTOCOL] 準備發送 263 bytes
[2025-11-11 09:43:30,653] INFO: [PROTOCOL] 已發送 267/267 bytes
[2025-11-11 09:43:30,653] INFO: [PROTOCOL] ✅ 完整發送 267 bytes
[2025-11-11 09:43:30,653] INFO: [PROTOCOL] 準備發送 263 bytes
[2025-11-11 09:43:30,653] INFO: [PROTOCOL] 已發送 267/267 bytes
[2025-11-11 09:43:30,653] INFO: [PROTOCOL] ✅ 完整發送 267 bytes
[2025-11-11 09:43:30,653] INFO: [PROTOCOL] 準備發送 263 bytes
[2025-11-11 09:43:30,653] INFO: [PROTOCOL] 已發送 267/267 bytes
[2025-11-11 09:43:30,653] INFO: [PROTOCOL] ✅ 完整發送 267 bytes
[2025-11-11 09:43:30,653] INFO: [PROTOCOL] 準備發送 263 bytes
[2025-11-11 09:43:30,653] INFO: [PROTOCOL] 已發送 267/267 bytes
[2025-11-11 09:43:30,653] INFO: [PROTOCOL] ✅ 完整發送 267 bytes
[2025-11-11 09:43:30,755] INFO: [PROTOCOL] 準備發送 263 bytes
[2025-11-11 09:43:30,755] INFO: [PROTOCOL] 已發送 267/267 bytes
[2025-11-11 09:43:30,755] INFO: [PROTOCOL] ✅ 完整發送 267 bytes
[2025-11-11 09:43:30,756] INFO: [PROTOCOL] 準備發送 263 bytes
[2025-11-11 09:43:30,756] INFO: [PROTOCOL] 已發送 267/267 bytes
[2025-11-11 09:43:30,756] INFO: [PROTOCOL] ✅ 完整發送 267 bytes
[2025-11-11 09:43:30,756] INFO: [PROTOCOL] 準備發送 263 bytes
[2025-11-11 09:43:30,756] INFO: [PROTOCOL] 已發送 267/267 bytes
[2025-11-11 09:43:30,756] INFO: [PROTOCOL] ✅ 完整發送 267 bytes
[2025-11-11 09:43:30,756] INFO: [PROTOCOL] 準備發送 263 bytes
[2025-11-11 09:43:30,756] INFO: [PROTOCOL] 已發送 267/267 bytes
[2025-11-11 09:43:30,756] INFO: [PROTOCOL] ✅ 完整發送 267 bytes
[2025-11-11 09:43:30,857] INFO: [PROTOCOL] 準備發送 263 bytes
[2025-11-11 09:43:30,857] INFO: [PROTOCOL] 已發送 267/267 bytes
[2025-11-11 09:43:30,857] INFO: [PROTOCOL] ✅ 完整發送 267 bytes
[2025-11-11 09:43:30,857] INFO: [PROTOCOL] 準備發送 263 bytes
[2025-11-11 09:43:30,857] INFO: [PROTOCOL] 已發送 267/267 bytes
[2025-11-11 09:43:30,858] INFO: [PROTOCOL] ✅ 完整發送 267 bytes
[2025-11-11 09:43:30,858] INFO: [PROTOCOL] 準備發送 263 bytes
[2025-11-11 09:43:30,858] INFO: [PROTOCOL] 已發送 267/267 bytes
[2025-11-11 09:43:30,858] INFO: [PROTOCOL] ✅ 完整發送 267 bytes
[2025-11-11 09:43:30,858] INFO: [PROTOCOL] 準備發送 263 bytes
[2025-11-11 09:43:30,858] INFO: [PROTOCOL] 已發送 267/267 bytes
[2025-11-11 09:43:30,858] INFO: [PROTOCOL] ✅ 完整發送 267 bytes
[2025-11-11 09:43:30,960] INFO: [PROTOCOL] 準備發送 263 bytes
[2025-11-11 09:43:30,960] INFO: [PROTOCOL] 已發送 267/267 bytes
[2025-11-11 09:43:30,960] INFO: [PROTOCOL] ✅ 完整發送 267 bytes
[2025-11-11 09:43:30,961] INFO: [PROTOCOL] 準備發送 263 bytes
[2025-11-11 09:43:30,961] INFO: [PROTOCOL] 已發送 267/267 bytes
[2025-11-11 09:43:30,961] INFO: [PROTOCOL] ✅ 完整發送 267 bytes
[2025-11-11 09:43:30,961] INFO: [PROTOCOL] 準備發送 263 bytes
[2025-11-11 09:43:30,961] INFO: [PROTOCOL] 已發送 267/267 bytes
[2025-11-11 09:43:30,961] INFO: [PROTOCOL] ✅ 完整發送 267 bytes
[2025-11-11 09:43:30,961] INFO: [PROTOCOL] 準備發送 263 bytes
[2025-11-11 09:43:30,963] INFO: [PROTOCOL] 已發送 267/267 bytes
[2025-11-11 09:43:30,963] INFO: [PROTOCOL] ✅ 完整發送 267 bytes
[2025-11-11 09:43:31,068] INFO: [PROTOCOL] 準備發送 264 bytes
[2025-11-11 09:43:31,069] INFO: [PROTOCOL] 已發送 268/268 bytes
[2025-11-11 09:43:31,069] INFO: [PROTOCOL] ✅ 完整發送 268 bytes
[2025-11-11 09:43:31,069] INFO: [PROTOCOL] 準備發送 264 bytes
[2025-11-11 09:43:31,069] INFO: [PROTOCOL] 已發送 268/268 bytes
[2025-11-11 09:43:31,069] INFO: [PROTOCOL] ✅ 完整發送 268 bytes
[2025-11-11 09:43:31,069] INFO: [PROTOCOL] 準備發送 264 bytes
[2025-11-11 09:43:31,069] INFO: [PROTOCOL] 已發送 268/268 bytes
[2025-11-11 09:43:31,069] INFO: [PROTOCOL] ✅ 完整發送 268 bytes
[2025-11-11 09:43:31,069] INFO: [PROTOCOL] 準備發送 264 bytes
[2025-11-11 09:43:31,069] INFO: [PROTOCOL] 已發送 268/268 bytes
[2025-11-11 09:43:31,069] INFO: [PROTOCOL] ✅ 完整發送 268 bytes
[2025-11-11 09:43:31,175] INFO: [PROTOCOL] 準備發送 264 bytes
[2025-11-11 09:43:31,175] INFO: [PROTOCOL] 已發送 268/268 bytes
[2025-11-11 09:43:31,175] INFO: [PROTOCOL] ✅ 完整發送 268 bytes
[2025-11-11 09:43:31,176] INFO: [PROTOCOL] 準備發送 264 bytes
[2025-11-11 09:43:31,176] INFO: [PROTOCOL] 已發送 268/268 bytes
[2025-11-11 09:43:31,177] INFO: [PROTOCOL] ✅ 完整發送 268 bytes
[2025-11-11 09:43:31,177] INFO: [PROTOCOL] 準備發送 264 bytes
[2025-11-11 09:43:31,177] INFO: [PROTOCOL] 已發送 268/268 bytes
[2025-11-11 09:43:31,177] INFO: [PROTOCOL] ✅ 完整發送 268 bytes
[2025-11-11 09:43:31,177] INFO: [PROTOCOL] 準備發送 264 bytes
[2025-11-11 09:43:31,177] INFO: [PROTOCOL] 已發送 268/268 bytes
[2025-11-11 09:43:31,177] INFO: [PROTOCOL] ✅ 完整發送 268 bytes
[2025-11-11 09:43:31,282] INFO: [PROTOCOL] 準備發送 264 bytes
[2025-11-11 09:43:31,283] INFO: [PROTOCOL] 已發送 268/268 bytes
[2025-11-11 09:43:31,283] INFO: [PROTOCOL] ✅ 完整發送 268 bytes
[2025-11-11 09:43:31,283] INFO: [PROTOCOL] 準備發送 264 bytes
[2025-11-11 09:43:31,283] INFO: [PROTOCOL] 已發送 268/268 bytes
[2025-11-11 09:43:31,283] INFO: [PROTOCOL] ✅ 完整發送 268 bytes
[2025-11-11 09:43:31,283] INFO: [PROTOCOL] 準備發送 264 bytes
[2025-11-11 09:43:31,283] INFO: [PROTOCOL] 已發送 268/268 bytes
[2025-11-11 09:43:31,283] INFO: [PROTOCOL] ✅ 完整發送 268 bytes
[2025-11-11 09:43:31,283] INFO: [PROTOCOL] 準備發送 264 bytes
[2025-11-11 09:43:31,283] INFO: [PROTOCOL] 已發送 268/268 bytes
[2025-11-11 09:43:31,283] INFO: [PROTOCOL] ✅ 完整發送 268 bytes
[2025-11-11 09:43:31,388] INFO: [PROTOCOL] 準備發送 264 bytes
[2025-11-11 09:43:31,389] INFO: [PROTOCOL] 已發送 268/268 bytes
[2025-11-11 09:43:31,389] INFO: [PROTOCOL] ✅ 完整發送 268 bytes
[2025-11-11 09:43:31,389] INFO: [PROTOCOL] 準備發送 264 bytes
[2025-11-11 09:43:31,389] INFO: [PROTOCOL] 已發送 268/268 bytes
[2025-11-11 09:43:31,389] INFO: [PROTOCOL] ✅ 完整發送 268 bytes
[2025-11-11 09:43:31,389] INFO: [PROTOCOL] 準備發送 264 bytes
[2025-11-11 09:43:31,389] INFO: [PROTOCOL] 已發送 268/268 bytes
[2025-11-11 09:43:31,389] INFO: [PROTOCOL] ✅ 完整發送 268 bytes
[2025-11-11 09:43:31,389] INFO: [PROTOCOL] 準備發送 264 bytes
[2025-11-11 09:43:31,389] INFO: [PROTOCOL] 已發送 268/268 bytes
[2025-11-11 09:43:31,389] INFO: [PROTOCOL] ✅ 完整發送 268 bytes
[2025-11-11 09:43:31,492] INFO: [PROTOCOL] 準備發送 264 bytes
[2025-11-11 09:43:31,492] INFO: [PROTOCOL] 已發送 268/268 bytes
[2025-11-11 09:43:31,492] INFO: [PROTOCOL] ✅ 完整發送 268 bytes
[2025-11-11 09:43:31,492] INFO: [PROTOCOL] 準備發送 264 bytes
[2025-11-11 09:43:31,492] INFO: [PROTOCOL] 已發送 268/268 bytes
[2025-11-11 09:43:31,492] INFO: [PROTOCOL] ✅ 完整發送 268 bytes
[2025-11-11 09:43:31,492] INFO: [PROTOCOL] 準備發送 264 bytes
[2025-11-11 09:43:31,492] INFO: [PROTOCOL] 已發送 268/268 bytes
[2025-11-11 09:43:31,492] INFO: [PROTOCOL] ✅ 完整發送 268 bytes
[2025-11-11 09:43:31,492] INFO: [PROTOCOL] 準備發送 264 bytes
[2025-11-11 09:43:31,492] INFO: [PROTOCOL] 已發送 268/268 bytes
[2025-11-11 09:43:31,492] INFO: [PROTOCOL] ✅ 完整發送 268 bytes
[2025-11-11 09:43:31,597] INFO: [PROTOCOL] 準備發送 264 bytes
[2025-11-11 09:43:31,598] INFO: [PROTOCOL] 已發送 268/268 bytes
[2025-11-11 09:43:31,599] INFO: [PROTOCOL] ✅ 完整發送 268 bytes
[2025-11-11 09:43:31,599] INFO: [PROTOCOL] 準備發送 264 bytes
[2025-11-11 09:43:31,599] INFO: [PROTOCOL] 已發送 268/268 bytes
[2025-11-11 09:43:31,599] INFO: [PROTOCOL] ✅ 完整發送 268 bytes
[2025-11-11 09:43:31,600] INFO: [PROTOCOL] 準備發送 264 bytes
[2025-11-11 09:43:31,600] INFO: [PROTOCOL] 已發送 268/268 bytes
[2025-11-11 09:43:31,600] INFO: [PROTOCOL] ✅ 完整發送 268 bytes
[2025-11-11 09:43:31,600] INFO: [PROTOCOL] 準備發送 264 bytes
[2025-11-11 09:43:31,600] INFO: [PROTOCOL] 已發送 268/268 bytes
[2025-11-11 09:43:31,600] INFO: [PROTOCOL] ✅ 完整發送 268 bytes
[2025-11-11 09:43:31,701] INFO: [PROTOCOL] 準備發送 264 bytes
[2025-11-11 09:43:31,701] INFO: [PROTOCOL] 已發送 268/268 bytes
[2025-11-11 09:43:31,701] INFO: [PROTOCOL] ✅ 完整發送 268 bytes
[2025-11-11 09:43:31,701] INFO: [PROTOCOL] 準備發送 264 bytes
[2025-11-11 09:43:31,701] INFO: [PROTOCOL] 已發送 268/268 bytes
[2025-11-11 09:43:31,702] INFO: [PROTOCOL] ✅ 完整發送 268 bytes
[2025-11-11 09:43:31,702] INFO: [PROTOCOL] 準備發送 264 bytes
[2025-11-11 09:43:31,702] INFO: [PROTOCOL] 已發送 268/268 bytes
[2025-11-11 09:43:31,702] INFO: [PROTOCOL] ✅ 完整發送 268 bytes
[2025-11-11 09:43:31,702] INFO: [PROTOCOL] 準備發送 264 bytes
[2025-11-11 09:43:31,702] INFO: [PROTOCOL] 已發送 268/268 bytes
[2025-11-11 09:43:31,702] INFO: [PROTOCOL] ✅ 完整發送 268 bytes
[2025-11-11 09:43:31,807] INFO: [PROTOCOL] 準備發送 264 bytes
[2025-11-11 09:43:31,807] INFO: [PROTOCOL] 已發送 268/268 bytes
[2025-11-11 09:43:31,807] INFO: [PROTOCOL] ✅ 完整發送 268 bytes
[2025-11-11 09:43:31,807] INFO: [PROTOCOL] 準備發送 264 bytes
[2025-11-11 09:43:31,807] INFO: [PROTOCOL] 已發送 268/268 bytes
[2025-11-11 09:43:31,807] INFO: [PROTOCOL] ✅ 完整發送 268 bytes
[2025-11-11 09:43:31,807] INFO: [PROTOCOL] 準備發送 264 bytes
[2025-11-11 09:43:31,807] INFO: [PROTOCOL] 已發送 268/268 bytes
[2025-11-11 09:43:31,807] INFO: [PROTOCOL] ✅ 完整發送 268 bytes
[2025-11-11 09:43:31,807] INFO: [PROTOCOL] 準備發送 264 bytes
[2025-11-11 09:43:31,807] INFO: [PROTOCOL] 已發送 268/268 bytes
[2025-11-11 09:43:31,807] INFO: [PROTOCOL] ✅ 完整發送 268 bytes
[2025-11-11 09:43:31,912] INFO: [PROTOCOL] 準備發送 264 bytes
[2025-11-11 09:43:31,912] INFO: [PROTOCOL] 已發送 268/268 bytes
[2025-11-11 09:43:31,912] INFO: [PROTOCOL] ✅ 完整發送 268 bytes
[2025-11-11 09:43:31,912] INFO: [PROTOCOL] 準備發送 264 bytes
[2025-11-11 09:43:31,912] INFO: [PROTOCOL] 已發送 268/268 bytes
[2025-11-11 09:43:31,912] INFO: [PROTOCOL] ✅ 完整發送 268 bytes
[2025-11-11 09:43:31,912] INFO: [PROTOCOL] 準備發送 264 bytes
[2025-11-11 09:43:31,912] INFO: [PROTOCOL] 已發送 268/268 bytes
[2025-11-11 09:43:31,912] INFO: [PROTOCOL] ✅ 完整發送 268 bytes
[2025-11-11 09:43:31,912] INFO: [PROTOCOL] 準備發送 264 bytes
[2025-11-11 09:43:31,912] INFO: [PROTOCOL] 已發送 268/268 bytes
[2025-11-11 09:43:31,912] INFO: [PROTOCOL] ✅ 完整發送 268 bytes
[2025-11-11 09:43:32,017] INFO: [PROTOCOL] 準備發送 264 bytes
[2025-11-11 09:43:32,017] INFO: [PROTOCOL] 已發送 268/268 bytes
[2025-11-11 09:43:32,017] INFO: [PROTOCOL] ✅ 完整發送 268 bytes
[2025-11-11 09:43:32,017] INFO: [PROTOCOL] 準備發送 264 bytes
[2025-11-11 09:43:32,017] INFO: [PROTOCOL] 已發送 268/268 bytes
[2025-11-11 09:43:32,017] INFO: [PROTOCOL] ✅ 完整發送 268 bytes
[2025-11-11 09:43:32,017] INFO: [PROTOCOL] 準備發送 264 bytes
[2025-11-11 09:43:32,017] INFO: [PROTOCOL] 已發送 268/268 bytes
[2025-11-11 09:43:32,017] INFO: [PROTOCOL] ✅ 完整發送 268 bytes
[2025-11-11 09:43:32,018] INFO: [PROTOCOL] 準備發送 264 bytes
[2025-11-11 09:43:32,018] INFO: [PROTOCOL] 已發送 268/268 bytes
[2025-11-11 09:43:32,018] INFO: [PROTOCOL] ✅ 完整發送 268 bytes
[2025-11-11 09:43:32,123] INFO: [PROTOCOL] 準備發送 264 bytes
[2025-11-11 09:43:32,123] INFO: [PROTOCOL] 已發送 268/268 bytes
[2025-11-11 09:43:32,123] INFO: [PROTOCOL] ✅ 完整發送 268 bytes
[2025-11-11 09:43:32,123] INFO: [PROTOCOL] 準備發送 264 bytes
[2025-11-11 09:43:32,123] INFO: [PROTOCOL] 已發送 268/268 bytes
[2025-11-11 09:43:32,123] INFO: [PROTOCOL] ✅ 完整發送 268 bytes
[2025-11-11 09:43:32,123] INFO: [PROTOCOL] 準備發送 264 bytes
[2025-11-11 09:43:32,123] INFO: [PROTOCOL] 已發送 268/268 bytes
[2025-11-11 09:43:32,123] INFO: [PROTOCOL] ✅ 完整發送 268 bytes
[2025-11-11 09:43:32,123] INFO: [PROTOCOL] 準備發送 264 bytes
[2025-11-11 09:43:32,123] INFO: [PROTOCOL] 已發送 268/268 bytes
[2025-11-11 09:43:32,123] INFO: [PROTOCOL] ✅ 完整發送 268 bytes
[2025-11-11 09:43:32,228] INFO: [PROTOCOL] 準備發送 264 bytes
[2025-11-11 09:43:32,229] INFO: [PROTOCOL] 已發送 268/268 bytes
[2025-11-11 09:43:32,229] INFO: [PROTOCOL] ✅ 完整發送 268 bytes
[2025-11-11 09:43:32,229] INFO: [PROTOCOL] 準備發送 264 bytes
[2025-11-11 09:43:32,229] INFO: [PROTOCOL] 已發送 268/268 bytes
[2025-11-11 09:43:32,229] INFO: [PROTOCOL] ✅ 完整發送 268 bytes
[2025-11-11 09:43:32,229] INFO: [PROTOCOL] 準備發送 264 bytes
[2025-11-11 09:43:32,229] INFO: [PROTOCOL] 已發送 268/268 bytes
[2025-11-11 09:43:32,229] INFO: [PROTOCOL] ✅ 完整發送 268 bytes
[2025-11-11 09:43:32,229] INFO: [PROTOCOL] 準備發送 264 bytes
[2025-11-11 09:43:32,229] INFO: [PROTOCOL] 已發送 268/268 bytes
[2025-11-11 09:43:32,229] INFO: [PROTOCOL] ✅ 完整發送 268 bytes
[2025-11-11 09:43:32,334] INFO: [PROTOCOL] 準備發送 264 bytes
[2025-11-11 09:43:32,334] INFO: [PROTOCOL] 已發送 268/268 bytes
[2025-11-11 09:43:32,334] INFO: [PROTOCOL] ✅ 完整發送 268 bytes
[2025-11-11 09:43:32,334] INFO: [PROTOCOL] 準備發送 264 bytes
[2025-11-11 09:43:32,334] INFO: [PROTOCOL] 已發送 268/268 bytes
[2025-11-11 09:43:32,334] INFO: [PROTOCOL] ✅ 完整發送 268 bytes
[2025-11-11 09:43:32,334] INFO: [PROTOCOL] 準備發送 264 bytes
[2025-11-11 09:43:32,334] INFO: [PROTOCOL] 已發送 268/268 bytes
[2025-11-11 09:43:32,334] INFO: [PROTOCOL] ✅ 完整發送 268 bytes
[2025-11-11 09:43:32,334] INFO: [PROTOCOL] 準備發送 264 bytes
[2025-11-11 09:43:32,334] INFO: [PROTOCOL] 已發送 268/268 bytes
[2025-11-11 09:43:32,335] INFO: [PROTOCOL] ✅ 完整發送 268 bytes
[2025-11-11 09:43:32,437] INFO: [PROTOCOL] 準備發送 264 bytes
[2025-11-11 09:43:32,437] INFO: [PROTOCOL] 已發送 268/268 bytes
[2025-11-11 09:43:32,437] INFO: [PROTOCOL] ✅ 完整發送 268 bytes
[2025-11-11 09:43:32,437] INFO: [PROTOCOL] 準備發送 264 bytes
[2025-11-11 09:43:32,437] INFO: [PROTOCOL] 已發送 268/268 bytes
[2025-11-11 09:43:32,437] INFO: [PROTOCOL] ✅ 完整發送 268 bytes
[2025-11-11 09:43:32,437] INFO: [PROTOCOL] 準備發送 264 bytes
[2025-11-11 09:43:32,437] INFO: [PROTOCOL] 已發送 268/268 bytes
[2025-11-11 09:43:32,437] INFO: [PROTOCOL] ✅ 完整發送 268 bytes
[2025-11-11 09:43:32,437] INFO: [PROTOCOL] 準備發送 264 bytes
[2025-11-11 09:43:32,437] INFO: [PROTOCOL] 已發送 268/268 bytes
[2025-11-11 09:43:32,437] INFO: [PROTOCOL] ✅ 完整發送 268 bytes
[2025-11-11 09:43:32,542] INFO: [PROTOCOL] 準備發送 264 bytes
[2025-11-11 09:43:32,543] INFO: [PROTOCOL] 已發送 268/268 bytes
[2025-11-11 09:43:32,543] INFO: [PROTOCOL] ✅ 完整發送 268 bytes
[2025-11-11 09:43:32,543] INFO: [PROTOCOL] 準備發送 264 bytes
[2025-11-11 09:43:32,543] INFO: [PROTOCOL] 已發送 268/268 bytes
[2025-11-11 09:43:32,543] INFO: [PROTOCOL] ✅ 完整發送 268 bytes
[2025-11-11 09:43:32,543] INFO: [PROTOCOL] 準備發送 264 bytes
[2025-11-11 09:43:32,543] INFO: [PROTOCOL] 已發送 268/268 bytes
[2025-11-11 09:43:32,543] INFO: [PROTOCOL] ✅ 完整發送 268 bytes
[2025-11-11 09:43:32,543] INFO: [PROTOCOL] 準備發送 264 bytes
[2025-11-11 09:43:32,543] INFO: [PROTOCOL] 已發送 268/268 bytes
[2025-11-11 09:43:32,543] INFO: [PROTOCOL] ✅ 完整發送 268 bytes
[2025-11-11 09:43:32,646] INFO: [PROTOCOL] 準備發送 264 bytes
[2025-11-11 09:43:32,646] INFO: [PROTOCOL] 已發送 268/268 bytes
[2025-11-11 09:43:32,646] INFO: [PROTOCOL] ✅ 完整發送 268 bytes
[2025-11-11 09:43:32,646] INFO: [PROTOCOL] 準備發送 264 bytes
[2025-11-11 09:43:32,646] INFO: [PROTOCOL] 已發送 268/268 bytes
[2025-11-11 09:43:32,646] INFO: [PROTOCOL] ✅ 完整發送 268 bytes
[2025-11-11 09:43:32,646] INFO: [PROTOCOL] 準備發送 264 bytes
[2025-11-11 09:43:32,646] INFO: [PROTOCOL] 已發送 268/268 bytes
[2025-11-11 09:43:32,646] INFO: [PROTOCOL] ✅ 完整發送 268 bytes
[2025-11-11 09:43:32,646] INFO: [PROTOCOL] 準備發送 264 bytes
[2025-11-11 09:43:32,646] INFO: [PROTOCOL] 已發送 268/268 bytes
[2025-11-11 09:43:32,646] INFO: [PROTOCOL] ✅ 完整發送 268 bytes
[2025-11-11 09:43:32,750] INFO: [PROTOCOL] 準備發送 264 bytes
[2025-11-11 09:43:32,750] INFO: [PROTOCOL] 已發送 268/268 bytes
[2025-11-11 09:43:32,750] INFO: [PROTOCOL] ✅ 完整發送 268 bytes
[2025-11-11 09:43:32,750] INFO: [PROTOCOL] 準備發送 264 bytes
[2025-11-11 09:43:32,750] INFO: [PROTOCOL] 已發送 268/268 bytes
[2025-11-11 09:43:32,750] INFO: [PROTOCOL] ✅ 完整發送 268 bytes
[2025-11-11 09:43:32,751] INFO: [PROTOCOL] 準備發送 264 bytes
[2025-11-11 09:43:32,751] INFO: [PROTOCOL] 已發送 268/268 bytes
[2025-11-11 09:43:32,751] INFO: [PROTOCOL] ✅ 完整發送 268 bytes
[2025-11-11 09:43:32,751] INFO: [PROTOCOL] 準備發送 264 bytes
[2025-11-11 09:43:32,751] INFO: [PROTOCOL] 已發送 268/268 bytes
[2025-11-11 09:43:32,751] INFO: [PROTOCOL] ✅ 完整發送 268 bytes
[2025-11-11 09:43:32,856] INFO: [PROTOCOL] 準備發送 264 bytes
[2025-11-11 09:43:32,857] INFO: [PROTOCOL] 已發送 268/268 bytes
[2025-11-11 09:43:32,857] INFO: [PROTOCOL] ✅ 完整發送 268 bytes
[2025-11-11 09:43:32,857] INFO: [PROTOCOL] 準備發送 264 bytes
[2025-11-11 09:43:32,857] INFO: [PROTOCOL] 已發送 268/268 bytes
[2025-11-11 09:43:32,857] INFO: [PROTOCOL] ✅ 完整發送 268 bytes
[2025-11-11 09:43:32,857] INFO: [PROTOCOL] 準備發送 264 bytes
[2025-11-11 09:43:32,857] INFO: [PROTOCOL] 已發送 268/268 bytes
[2025-11-11 09:43:32,857] INFO: [PROTOCOL] ✅ 完整發送 268 bytes
[2025-11-11 09:43:32,857] INFO: [PROTOCOL] 準備發送 264 bytes
[2025-11-11 09:43:32,858] INFO: [PROTOCOL] 已發送 268/268 bytes
[2025-11-11 09:43:32,858] INFO: [PROTOCOL] ✅ 完整發送 268 bytes
[2025-11-11 09:43:32,963] INFO: [PROTOCOL] 準備發送 264 bytes
[2025-11-11 09:43:32,963] INFO: [PROTOCOL] 已發送 268/268 bytes
[2025-11-11 09:43:32,963] INFO: [PROTOCOL] ✅ 完整發送 268 bytes
[2025-11-11 09:43:32,963] INFO: [PROTOCOL] 準備發送 264 bytes
[2025-11-11 09:43:32,963] INFO: [PROTOCOL] 已發送 268/268 bytes
[2025-11-11 09:43:32,963] INFO: [PROTOCOL] ✅ 完整發送 268 bytes
[2025-11-11 09:43:32,963] INFO: [PROTOCOL] 準備發送 264 bytes
[2025-11-11 09:43:32,963] INFO: [PROTOCOL] 已發送 268/268 bytes
[2025-11-11 09:43:32,963] INFO: [PROTOCOL] ✅ 完整發送 268 bytes
[2025-11-11 09:43:32,963] INFO: [PROTOCOL] 準備發送 264 bytes
[2025-11-11 09:43:32,963] INFO: [PROTOCOL] 已發送 268/268 bytes
[2025-11-11 09:43:32,963] INFO: [PROTOCOL] ✅ 完整發送 268 bytes
[2025-11-11 09:43:33,069] INFO: [PROTOCOL] 準備發送 264 bytes
[2025-11-11 09:43:33,069] INFO: [PROTOCOL] 已發送 268/268 bytes
[2025-11-11 09:43:33,069] INFO: [PROTOCOL] ✅ 完整發送 268 bytes
[2025-11-11 09:43:33,069] INFO: [PROTOCOL] 準備發送 264 bytes
[2025-11-11 09:43:33,069] INFO: [PROTOCOL] 已發送 268/268 bytes
[2025-11-11 09:43:33,069] INFO: [PROTOCOL] ✅ 完整發送 268 bytes
[2025-11-11 09:43:33,069] INFO: [PROTOCOL] 準備發送 264 bytes
[2025-11-11 09:43:33,069] INFO: [PROTOCOL] 已發送 268/268 bytes
[2025-11-11 09:43:33,069] INFO: [PROTOCOL] ✅ 完整發送 268 bytes
[2025-11-11 09:43:33,069] INFO: [PROTOCOL] 準備發送 264 bytes
[2025-11-11 09:43:33,069] INFO: [PROTOCOL] 已發送 268/268 bytes
[2025-11-11 09:43:33,069] INFO: [PROTOCOL] ✅ 完整發送 268 bytes
[2025-11-11 09:43:33,172] INFO: [PROTOCOL] 準備發送 264 bytes
[2025-11-11 09:43:33,172] INFO: [PROTOCOL] 已發送 268/268 bytes
[2025-11-11 09:43:33,172] INFO: [PROTOCOL] ✅ 完整發送 268 bytes
[2025-11-11 09:43:33,172] INFO: [PROTOCOL] 準備發送 264 bytes
[2025-11-11 09:43:33,172] INFO: [PROTOCOL] 已發送 268/268 bytes
[2025-11-11 09:43:33,172] INFO: [PROTOCOL] ✅ 完整發送 268 bytes
[2025-11-11 09:43:33,172] INFO: [PROTOCOL] 準備發送 264 bytes
[2025-11-11 09:43:33,172] INFO: [PROTOCOL] 已發送 268/268 bytes
[2025-11-11 09:43:33,172] INFO: [PROTOCOL] ✅ 完整發送 268 bytes
[2025-11-11 09:43:33,172] INFO: [PROTOCOL] 準備發送 264 bytes
[2025-11-11 09:43:33,172] INFO: [PROTOCOL] 已發送 268/268 bytes
[2025-11-11 09:43:33,172] INFO: [PROTOCOL] ✅ 完整發送 268 bytes
[2025-11-11 09:43:33,277] INFO: [PROTOCOL] 準備發送 264 bytes
[2025-11-11 09:43:33,277] INFO: [PROTOCOL] 已發送 268/268 bytes
[2025-11-11 09:43:33,277] INFO: [PROTOCOL] ✅ 完整發送 268 bytes
[2025-11-11 09:43:33,277] INFO: [PROTOCOL] 準備發送 264 bytes
[2025-11-11 09:43:33,277] INFO: [PROTOCOL] 已發送 268/268 bytes
[2025-11-11 09:43:33,277] INFO: [PROTOCOL] ✅ 完整發送 268 bytes
[2025-11-11 09:43:33,277] INFO: [PROTOCOL] 準備發送 264 bytes
[2025-11-11 09:43:33,277] INFO: [PROTOCOL] 已發送 268/268 bytes
[2025-11-11 09:43:33,278] INFO: [PROTOCOL] ✅ 完整發送 268 bytes
[2025-11-11 09:43:33,278] INFO: [PROTOCOL] 準備發送 264 bytes
[2025-11-11 09:43:33,278] INFO: [PROTOCOL] 已發送 268/268 bytes
[2025-11-11 09:43:33,278] INFO: [PROTOCOL] ✅ 完整發送 268 bytes
[2025-11-11 09:43:33,381] INFO: [PROTOCOL] 準備發送 264 bytes
[2025-11-11 09:43:33,381] INFO: [PROTOCOL] 已發送 268/268 bytes
[2025-11-11 09:43:33,381] INFO: [PROTOCOL] ✅ 完整發送 268 bytes
[2025-11-11 09:43:33,382] INFO: [PROTOCOL] 準備發送 264 bytes
[2025-11-11 09:43:33,382] INFO: [PROTOCOL] 已發送 268/268 bytes
[2025-11-11 09:43:33,382] INFO: [PROTOCOL] ✅ 完整發送 268 bytes
[2025-11-11 09:43:33,382] INFO: [PROTOCOL] 準備發送 264 bytes
[2025-11-11 09:43:33,382] INFO: [PROTOCOL] 已發送 268/268 bytes
[2025-11-11 09:43:33,382] INFO: [PROTOCOL] ✅ 完整發送 268 bytes
[2025-11-11 09:43:33,382] INFO: [PROTOCOL] 準備發送 264 bytes
[2025-11-11 09:43:33,382] INFO: [PROTOCOL] 已發送 268/268 bytes
[2025-11-11 09:43:33,382] INFO: [PROTOCOL] ✅ 完整發送 268 bytes
[2025-11-11 09:43:33,486] INFO: [PROTOCOL] 準備發送 264 bytes
[2025-11-11 09:43:33,486] INFO: [PROTOCOL] 已發送 268/268 bytes
[2025-11-11 09:43:33,486] INFO: [PROTOCOL] ✅ 完整發送 268 bytes
[2025-11-11 09:43:33,486] INFO: [PROTOCOL] 準備發送 264 bytes
[2025-11-11 09:43:33,486] INFO: [PROTOCOL] 已發送 268/268 bytes
[2025-11-11 09:43:33,486] INFO: [PROTOCOL] ✅ 完整發送 268 bytes
[2025-11-11 09:43:33,486] INFO: [PROTOCOL] 準備發送 264 bytes
[2025-11-11 09:43:33,486] INFO: [PROTOCOL] 已發送 268/268 bytes
[2025-11-11 09:43:33,486] INFO: [PROTOCOL] ✅ 完整發送 268 bytes
[2025-11-11 09:43:33,486] INFO: [PROTOCOL] 準備發送 264 bytes
[2025-11-11 09:43:33,486] INFO: [PROTOCOL] 已發送 268/268 bytes
[2025-11-11 09:43:33,486] INFO: [PROTOCOL] ✅ 完整發送 268 bytes
[2025-11-11 09:43:33,591] INFO: [PROTOCOL] 準備發送 264 bytes
[2025-11-11 09:43:33,592] INFO: [PROTOCOL] 已發送 268/268 bytes
[2025-11-11 09:43:33,592] INFO: [PROTOCOL] ✅ 完整發送 268 bytes
[2025-11-11 09:43:33,592] INFO: [PROTOCOL] 準備發送 264 bytes
[2025-11-11 09:43:33,592] INFO: [PROTOCOL] 已發送 268/268 bytes
[2025-11-11 09:43:33,592] INFO: [PROTOCOL] ✅ 完整發送 268 bytes
[2025-11-11 09:43:33,593] INFO: [PROTOCOL] 準備發送 264 bytes
[2025-11-11 09:43:33,593] INFO: [PROTOCOL] 已發送 268/268 bytes
[2025-11-11 09:43:33,593] INFO: [PROTOCOL] ✅ 完整發送 268 bytes
[2025-11-11 09:43:33,593] INFO: [PROTOCOL] 準備發送 264 bytes
[2025-11-11 09:43:33,593] INFO: [PROTOCOL] 已發送 268/268 bytes
[2025-11-11 09:43:33,594] INFO: [PROTOCOL] ✅ 完整發送 268 bytes
[2025-11-11 09:43:33,694] INFO: [PROTOCOL] 準備發送 264 bytes
[2025-11-11 09:43:33,695] INFO: [PROTOCOL] 已發送 268/268 bytes
[2025-11-11 09:43:33,695] INFO: [PROTOCOL] ✅ 完整發送 268 bytes
[2025-11-11 09:43:33,695] INFO: [PROTOCOL] 準備發送 264 bytes
[2025-11-11 09:43:33,696] INFO: [PROTOCOL] 已發送 268/268 bytes
[2025-11-11 09:43:33,696] INFO: [PROTOCOL] ✅ 完整發送 268 bytes
[2025-11-11 09:43:33,696] INFO: [PROTOCOL] 準備發送 264 bytes
[2025-11-11 09:43:33,697] INFO: [PROTOCOL] 已發送 268/268 bytes
[2025-11-11 09:43:33,697] INFO: [PROTOCOL] ✅ 完整發送 268 bytes
[2025-11-11 09:43:33,697] INFO: [PROTOCOL] 準備發送 264 bytes
[2025-11-11 09:43:33,697] INFO: [PROTOCOL] 已發送 268/268 bytes
[2025-11-11 09:43:33,697] INFO: [PROTOCOL] ✅ 完整發送 268 bytes
[2025-11-11 09:43:33,803] INFO: [PROTOCOL] 準備發送 264 bytes
[2025-11-11 09:43:33,803] INFO: [PROTOCOL] 已發送 268/268 bytes
[2025-11-11 09:43:33,803] INFO: [PROTOCOL] ✅ 完整發送 268 bytes
[2025-11-11 09:43:33,803] INFO: [PROTOCOL] 準備發送 264 bytes
[2025-11-11 09:43:33,803] INFO: [PROTOCOL] 已發送 268/268 bytes
[2025-11-11 09:43:33,803] INFO: [PROTOCOL] ✅ 完整發送 268 bytes
[2025-11-11 09:43:33,803] INFO: [PROTOCOL] 準備發送 264 bytes
[2025-11-11 09:43:33,803] INFO: [PROTOCOL] 已發送 268/268 bytes
[2025-11-11 09:43:33,804] INFO: [PROTOCOL] ✅ 完整發送 268 bytes
[2025-11-11 09:43:33,804] INFO: [PROTOCOL] 準備發送 264 bytes
[2025-11-11 09:43:33,804] INFO: [PROTOCOL] 已發送 268/268 bytes
[2025-11-11 09:43:33,804] INFO: [PROTOCOL] ✅ 完整發送 268 bytes
[2025-11-11 09:43:33,910] INFO: [PROTOCOL] 準備發送 264 bytes
[2025-11-11 09:43:33,910] INFO: [PROTOCOL] 已發送 268/268 bytes
[2025-11-11 09:43:33,911] INFO: [PROTOCOL] ✅ 完整發送 268 bytes
[2025-11-11 09:43:33,911] INFO: [PROTOCOL] 準備發送 264 bytes
[2025-11-11 09:43:33,911] INFO: [PROTOCOL] 已發送 268/268 bytes
[2025-11-11 09:43:33,911] INFO: [PROTOCOL] ✅ 完整發送 268 bytes
[2025-11-11 09:43:33,911] INFO: [PROTOCOL] 準備發送 264 bytes
[2025-11-11 09:43:33,911] INFO: [PROTOCOL] 已發送 268/268 bytes
[2025-11-11 09:43:33,911] INFO: [PROTOCOL] ✅ 完整發送 268 bytes
[2025-11-11 09:43:33,911] INFO: [PROTOCOL] 準備發送 264 bytes
[2025-11-11 09:43:33,911] INFO: [PROTOCOL] 已發送 268/268 bytes
[2025-11-11 09:43:33,911] INFO: [PROTOCOL] ✅ 完整發送 268 bytes
[2025-11-11 09:43:34,017] INFO: [PROTOCOL] 準備發送 264 bytes
[2025-11-11 09:43:34,017] INFO: [PROTOCOL] 已發送 268/268 bytes
[2025-11-11 09:43:34,017] INFO: [PROTOCOL] ✅ 完整發送 268 bytes
[2025-11-11 09:43:34,017] INFO: [PROTOCOL] 準備發送 264 bytes
[2025-11-11 09:43:34,018] INFO: [PROTOCOL] 已發送 268/268 bytes
[2025-11-11 09:43:34,018] INFO: [PROTOCOL] ✅ 完整發送 268 bytes
[2025-11-11 09:43:34,018] INFO: [PROTOCOL] 準備發送 264 bytes
[2025-11-11 09:43:34,018] INFO: [PROTOCOL] 已發送 268/268 bytes
[2025-11-11 09:43:34,018] INFO: [PROTOCOL] ✅ 完整發送 268 bytes
[2025-11-11 09:43:34,018] INFO: [PROTOCOL] 準備發送 264 bytes
[2025-11-11 09:43:34,018] INFO: [PROTOCOL] 已發送 268/268 bytes
[2025-11-11 09:43:34,018] INFO: [PROTOCOL] ✅ 完整發送 268 bytes
[2025-11-11 09:43:34,122] INFO: [PROTOCOL] 準備發送 264 bytes
[2025-11-11 09:43:34,122] INFO: [PROTOCOL] 已發送 268/268 bytes
[2025-11-11 09:43:34,122] INFO: [PROTOCOL] ✅ 完整發送 268 bytes
[2025-11-11 09:43:34,122] INFO: [PROTOCOL] 準備發送 264 bytes
[2025-11-11 09:43:34,122] INFO: [PROTOCOL] 已發送 268/268 bytes
[2025-11-11 09:43:34,122] INFO: [PROTOCOL] ✅ 完整發送 268 bytes
[2025-11-11 09:43:34,122] INFO: [PROTOCOL] 準備發送 264 bytes
[2025-11-11 09:43:34,123] INFO: [PROTOCOL] 已發送 268/268 bytes
[2025-11-11 09:43:34,123] INFO: [PROTOCOL] ✅ 完整發送 268 bytes
[2025-11-11 09:43:34,123] INFO: [PROTOCOL] 準備發送 264 bytes
[2025-11-11 09:43:34,123] INFO: [PROTOCOL] 已發送 268/268 bytes
[2025-11-11 09:43:34,123] INFO: [PROTOCOL] ✅ 完整發送 268 bytes
[2025-11-11 09:43:34,226] INFO: [PROTOCOL] 準備發送 264 bytes
[2025-11-11 09:43:34,227] INFO: [PROTOCOL] 已發送 268/268 bytes
[2025-11-11 09:43:34,227] INFO: [PROTOCOL] ✅ 完整發送 268 bytes
[2025-11-11 09:43:34,227] INFO: [PROTOCOL] 準備發送 264 bytes
[2025-11-11 09:43:34,228] INFO: [PROTOCOL] 已發送 268/268 bytes
[2025-11-11 09:43:34,228] INFO: [PROTOCOL] ✅ 完整發送 268 bytes
[2025-11-11 09:43:34,228] INFO: [PROTOCOL] 準備發送 264 bytes
[2025-11-11 09:43:34,228] INFO: [PROTOCOL] 已發送 268/268 bytes
[2025-11-11 09:43:34,228] INFO: [PROTOCOL] ✅ 完整發送 268 bytes
[2025-11-11 09:43:34,228] INFO: [PROTOCOL] 準備發送 264 bytes
[2025-11-11 09:43:34,228] INFO: [PROTOCOL] 已發送 268/268 bytes
[2025-11-11 09:43:34,228] INFO: [PROTOCOL] ✅ 完整發送 268 bytes
[2025-11-11 09:43:34,334] INFO: [PROTOCOL] 準備發送 264 bytes
[2025-11-11 09:43:34,334] INFO: [PROTOCOL] 已發送 268/268 bytes
[2025-11-11 09:43:34,334] INFO: [PROTOCOL] ✅ 完整發送 268 bytes
[2025-11-11 09:43:34,334] INFO: [PROTOCOL] 準備發送 264 bytes
[2025-11-11 09:43:34,335] INFO: [PROTOCOL] 已發送 268/268 bytes
[2025-11-11 09:43:34,335] INFO: [PROTOCOL] ✅ 完整發送 268 bytes
[2025-11-11 09:43:34,335] INFO: [PROTOCOL] 準備發送 264 bytes
[2025-11-11 09:43:34,335] INFO: [PROTOCOL] 已發送 268/268 bytes
[2025-11-11 09:43:34,335] INFO: [PROTOCOL] ✅ 完整發送 268 bytes
[2025-11-11 09:43:34,335] INFO: [PROTOCOL] 準備發送 264 bytes
[2025-11-11 09:43:34,335] INFO: [PROTOCOL] 已發送 268/268 bytes
[2025-11-11 09:43:34,335] INFO: [PROTOCOL] ✅ 完整發送 268 bytes
[2025-11-11 09:43:34,439] INFO: [PROTOCOL] 準備發送 264 bytes
[2025-11-11 09:43:34,439] INFO: [PROTOCOL] 已發送 268/268 bytes
[2025-11-11 09:43:34,440] INFO: [PROTOCOL] ✅ 完整發送 268 bytes
[2025-11-11 09:43:34,440] INFO: [PROTOCOL] 準備發送 264 bytes
[2025-11-11 09:43:34,440] INFO: [PROTOCOL] 已發送 268/268 bytes
[2025-11-11 09:43:34,440] INFO: [PROTOCOL] ✅ 完整發送 268 bytes
[2025-11-11 09:43:34,440] INFO: [PROTOCOL] 準備發送 264 bytes
[2025-11-11 09:43:34,440] INFO: [PROTOCOL] 已發送 268/268 bytes
[2025-11-11 09:43:34,440] INFO: [PROTOCOL] ✅ 完整發送 268 bytes
[2025-11-11 09:43:34,440] INFO: [PROTOCOL] 準備發送 264 bytes
[2025-11-11 09:43:34,440] INFO: [PROTOCOL] 已發送 268/268 bytes
[2025-11-11 09:43:34,440] INFO: [PROTOCOL] ✅ 完整發送 268 bytes
[2025-11-11 09:43:34,546] INFO: [PROTOCOL] 準備發送 264 bytes
[2025-11-11 09:43:34,546] INFO: [PROTOCOL] 已發送 268/268 bytes
[2025-11-11 09:43:34,546] INFO: [PROTOCOL] ✅ 完整發送 268 bytes
[2025-11-11 09:43:34,546] INFO: [PROTOCOL] 準備發送 264 bytes
[2025-11-11 09:43:34,546] INFO: [PROTOCOL] 已發送 268/268 bytes
[2025-11-11 09:43:34,546] INFO: [PROTOCOL] ✅ 完整發送 268 bytes
[2025-11-11 09:43:34,546] INFO: [PROTOCOL] 準備發送 264 bytes
[2025-11-11 09:43:34,547] INFO: [PROTOCOL] 已發送 268/268 bytes
[2025-11-11 09:43:34,547] INFO: [PROTOCOL] ✅ 完整發送 268 bytes
[2025-11-11 09:43:34,547] INFO: [PROTOCOL] 準備發送 264 bytes
[2025-11-11 09:43:34,547] INFO: [PROTOCOL] 已發送 268/268 bytes
[2025-11-11 09:43:34,547] INFO: [PROTOCOL] ✅ 完整發送 268 bytes
[2025-11-11 09:43:34,652] INFO: [PROTOCOL] 準備發送 263 bytes
[2025-11-11 09:43:34,652] INFO: [PROTOCOL] 已發送 267/267 bytes
[2025-11-11 09:43:34,653] INFO: [PROTOCOL] ✅ 完整發送 267 bytes
[2025-11-11 09:43:34,653] INFO: [PROTOCOL] 準備發送 263 bytes
[2025-11-11 09:43:34,653] INFO: [PROTOCOL] 已發送 267/267 bytes
[2025-11-11 09:43:34,653] INFO: [PROTOCOL] ✅ 完整發送 267 bytes
[2025-11-11 09:43:34,653] INFO: [PROTOCOL] 準備發送 263 bytes
[2025-11-11 09:43:34,653] INFO: [PROTOCOL] 已發送 267/267 bytes
[2025-11-11 09:43:34,653] INFO: [PROTOCOL] ✅ 完整發送 267 bytes
[2025-11-11 09:43:34,653] INFO: [PROTOCOL] 準備發送 263 bytes
[2025-11-11 09:43:34,653] INFO: [PROTOCOL] 已發送 267/267 bytes
[2025-11-11 09:43:34,653] INFO: [PROTOCOL] ✅ 完整發送 267 bytes
[2025-11-11 09:43:34,759] INFO: [PROTOCOL] 準備發送 263 bytes
[2025-11-11 09:43:34,760] INFO: [PROTOCOL] 已發送 267/267 bytes
[2025-11-11 09:43:34,760] INFO: [PROTOCOL] ✅ 完整發送 267 bytes
[2025-11-11 09:43:34,760] INFO: [PROTOCOL] 準備發送 263 bytes
[2025-11-11 09:43:34,760] INFO: [PROTOCOL] 已發送 267/267 bytes
[2025-11-11 09:43:34,760] INFO: [PROTOCOL] ✅ 完整發送 267 bytes
[2025-11-11 09:43:34,760] INFO: [PROTOCOL] 準備發送 263 bytes
[2025-11-11 09:43:34,761] INFO: [PROTOCOL] 已發送 267/267 bytes
[2025-11-11 09:43:34,761] INFO: [PROTOCOL] ✅ 完整發送 267 bytes
[2025-11-11 09:43:34,761] INFO: [PROTOCOL] 準備發送 263 bytes
[2025-11-11 09:43:34,761] INFO: [PROTOCOL] 已發送 267/267 bytes
[2025-11-11 09:43:34,761] INFO: [PROTOCOL] ✅ 完整發送 267 bytes
[2025-11-11 09:43:34,863] INFO: [PROTOCOL] 準備發送 263 bytes
[2025-11-11 09:43:34,863] INFO: [PROTOCOL] 已發送 267/267 bytes
[2025-11-11 09:43:34,863] INFO: [PROTOCOL] ✅ 完整發送 267 bytes
[2025-11-11 09:43:34,863] INFO: [PROTOCOL] 準備發送 263 bytes
[2025-11-11 09:43:34,864] INFO: [PROTOCOL] 已發送 267/267 bytes
[2025-11-11 09:43:34,864] INFO: [PROTOCOL] ✅ 完整發送 267 bytes
[2025-11-11 09:43:34,864] INFO: [PROTOCOL] 準備發送 263 bytes
[2025-11-11 09:43:34,864] INFO: [PROTOCOL] 已發送 267/267 bytes
[2025-11-11 09:43:34,864] INFO: [PROTOCOL] ✅ 完整發送 267 bytes
[2025-11-11 09:43:34,864] INFO: [PROTOCOL] 準備發送 263 bytes
[2025-11-11 09:43:34,864] INFO: [PROTOCOL] 已發送 267/267 bytes
[2025-11-11 09:43:34,864] INFO: [PROTOCOL] ✅ 完整發送 267 bytes
[2025-11-11 09:43:34,969] INFO: [PROTOCOL] 準備發送 263 bytes
[2025-11-11 09:43:34,970] INFO: [PROTOCOL] 已發送 267/267 bytes
[2025-11-11 09:43:34,970] INFO: [PROTOCOL] ✅ 完整發送 267 bytes
[2025-11-11 09:43:34,970] INFO: [PROTOCOL] 準備發送 263 bytes
[2025-11-11 09:43:34,970] INFO: [PROTOCOL] 已發送 267/267 bytes
[2025-11-11 09:43:34,970] INFO: [PROTOCOL] ✅ 完整發送 267 bytes
[2025-11-11 09:43:34,970] INFO: [PROTOCOL] 準備發送 263 bytes
[2025-11-11 09:43:34,970] INFO: [PROTOCOL] 已發送 267/267 bytes
[2025-11-11 09:43:34,970] INFO: [PROTOCOL] ✅ 完整發送 267 bytes
[2025-11-11 09:43:34,970] INFO: [PROTOCOL] 準備發送 263 bytes
[2025-11-11 09:43:34,970] INFO: [PROTOCOL] 已發送 267/267 bytes
[2025-11-11 09:43:34,970] INFO: [PROTOCOL] ✅ 完整發送 267 bytes
[2025-11-11 09:43:35,075] INFO: [PROTOCOL] 準備發送 263 bytes
[2025-11-11 09:43:35,076] INFO: [PROTOCOL] 已發送 267/267 bytes
[2025-11-11 09:43:35,076] INFO: [PROTOCOL] ✅ 完整發送 267 bytes
[2025-11-11 09:43:35,076] INFO: [PROTOCOL] 準備發送 263 bytes
[2025-11-11 09:43:35,076] INFO: [PROTOCOL] 已發送 267/267 bytes
[2025-11-11 09:43:35,076] INFO: [PROTOCOL] ✅ 完整發送 267 bytes
[2025-11-11 09:43:35,076] INFO: [PROTOCOL] 準備發送 263 bytes
[2025-11-11 09:43:35,076] INFO: [PROTOCOL] 已發送 267/267 bytes
[2025-11-11 09:43:35,076] INFO: [PROTOCOL] ✅ 完整發送 267 bytes
[2025-11-11 09:43:35,076] INFO: [PROTOCOL] 準備發送 263 bytes
[2025-11-11 09:43:35,076] INFO: [PROTOCOL] 已發送 267/267 bytes
[2025-11-11 09:43:35,076] INFO: [PROTOCOL] ✅ 完整發送 267 bytes
[2025-11-11 09:43:35,179] INFO: [PROTOCOL] 準備發送 265 bytes
[2025-11-11 09:43:35,179] INFO: [PROTOCOL] 已發送 269/269 bytes
[2025-11-11 09:43:35,180] INFO: [PROTOCOL] ✅ 完整發送 269 bytes
[2025-11-11 09:43:35,180] INFO: [PROTOCOL] 準備發送 265 bytes
[2025-11-11 09:43:35,180] INFO: [PROTOCOL] 已發送 269/269 bytes
[2025-11-11 09:43:35,180] INFO: [PROTOCOL] ✅ 完整發送 269 bytes
[2025-11-11 09:43:35,180] INFO: [PROTOCOL] 準備發送 265 bytes
[2025-11-11 09:43:35,180] INFO: [PROTOCOL] 已發送 269/269 bytes
[2025-11-11 09:43:35,180] INFO: [PROTOCOL] ✅ 完整發送 269 bytes
[2025-11-11 09:43:35,180] INFO: [PROTOCOL] 準備發送 265 bytes
[2025-11-11 09:43:35,181] INFO: [PROTOCOL] 已發送 269/269 bytes
[2025-11-11 09:43:35,181] INFO: [PROTOCOL] ✅ 完整發送 269 bytes
[2025-11-11 09:43:35,283] INFO: [PROTOCOL] 準備發送 265 bytes
[2025-11-11 09:43:35,283] INFO: [PROTOCOL] 已發送 269/269 bytes
[2025-11-11 09:43:35,283] INFO: [PROTOCOL] ✅ 完整發送 269 bytes
[2025-11-11 09:43:35,283] INFO: [PROTOCOL] 準備發送 265 bytes
[2025-11-11 09:43:35,284] INFO: [PROTOCOL] 已發送 269/269 bytes
[2025-11-11 09:43:35,284] INFO: [PROTOCOL] ✅ 完整發送 269 bytes
[2025-11-11 09:43:35,284] INFO: [PROTOCOL] 準備發送 265 bytes
[2025-11-11 09:43:35,285] INFO: [PROTOCOL] 已發送 269/269 bytes
[2025-11-11 09:43:35,285] INFO: [PROTOCOL] ✅ 完整發送 269 bytes
[2025-11-11 09:43:35,285] INFO: [PROTOCOL] 準備發送 265 bytes
[2025-11-11 09:43:35,285] INFO: [PROTOCOL] 已發送 269/269 bytes
[2025-11-11 09:43:35,285] INFO: [PROTOCOL] ✅ 完整發送 269 bytes
[2025-11-11 09:43:35,389] INFO: [PROTOCOL] 準備發送 265 bytes
[2025-11-11 09:43:35,389] INFO: [PROTOCOL] 已發送 269/269 bytes
[2025-11-11 09:43:35,389] INFO: [PROTOCOL] ✅ 完整發送 269 bytes
[2025-11-11 09:43:35,390] INFO: [PROTOCOL] 準備發送 265 bytes
[2025-11-11 09:43:35,390] INFO: [PROTOCOL] 已發送 269/269 bytes
[2025-11-11 09:43:35,390] INFO: [PROTOCOL] ✅ 完整發送 269 bytes
[2025-11-11 09:43:35,390] INFO: [PROTOCOL] 準備發送 265 bytes
[2025-11-11 09:43:35,390] INFO: [PROTOCOL] 已發送 269/269 bytes
[2025-11-11 09:43:35,390] INFO: [PROTOCOL] ✅ 完整發送 269 bytes
[2025-11-11 09:43:35,390] INFO: [PROTOCOL] 準備發送 265 bytes
[2025-11-11 09:43:35,390] INFO: [PROTOCOL] 已發送 269/269 bytes
[2025-11-11 09:43:35,390] INFO: [PROTOCOL] ✅ 完整發送 269 bytes
[2025-11-11 09:43:35,497] INFO: [PROTOCOL] 準備發送 265 bytes
[2025-11-11 09:43:35,497] INFO: [PROTOCOL] 已發送 269/269 bytes
[2025-11-11 09:43:35,498] INFO: [PROTOCOL] ✅ 完整發送 269 bytes
[2025-11-11 09:43:35,498] INFO: [PROTOCOL] 準備發送 265 bytes
[2025-11-11 09:43:35,498] INFO: [PROTOCOL] 已發送 269/269 bytes
[2025-11-11 09:43:35,498] INFO: [PROTOCOL] ✅ 完整發送 269 bytes
[2025-11-11 09:43:35,498] INFO: [PROTOCOL] 準備發送 265 bytes
[2025-11-11 09:43:35,499] INFO: [PROTOCOL] 已發送 269/269 bytes
[2025-11-11 09:43:35,500] INFO: [PROTOCOL] ✅ 完整發送 269 bytes
[2025-11-11 09:43:35,500] INFO: [PROTOCOL] 準備發送 265 bytes
[2025-11-11 09:43:35,501] INFO: [PROTOCOL] 已發送 269/269 bytes
[2025-11-11 09:43:35,501] INFO: [PROTOCOL] ✅ 完整發送 269 bytes
[2025-11-11 09:43:35,606] INFO: [PROTOCOL] 準備發送 265 bytes
[2025-11-11 09:43:35,606] INFO: [PROTOCOL] 已發送 269/269 bytes
[2025-11-11 09:43:35,606] INFO: [PROTOCOL] ✅ 完整發送 269 bytes
[2025-11-11 09:43:35,606] INFO: [PROTOCOL] 準備發送 265 bytes
[2025-11-11 09:43:35,606] INFO: [PROTOCOL] 已發送 269/269 bytes
[2025-11-11 09:43:35,607] INFO: [PROTOCOL] ✅ 完整發送 269 bytes
[2025-11-11 09:43:35,607] INFO: [PROTOCOL] 準備發送 265 bytes
[2025-11-11 09:43:35,607] INFO: [PROTOCOL] 已發送 269/269 bytes
[2025-11-11 09:43:35,607] INFO: [PROTOCOL] ✅ 完整發送 269 bytes
[2025-11-11 09:43:35,607] INFO: [PROTOCOL] 準備發送 265 bytes
[2025-11-11 09:43:35,607] INFO: [PROTOCOL] 已發送 269/269 bytes
[2025-11-11 09:43:35,607] INFO: [PROTOCOL] ✅ 完整發送 269 bytes
[2025-11-11 09:43:35,712] INFO: [PROTOCOL] 準備發送 265 bytes
[2025-11-11 09:43:35,713] INFO: [PROTOCOL] 已發送 269/269 bytes
[2025-11-11 09:43:35,713] INFO: [PROTOCOL] ✅ 完整發送 269 bytes
[2025-11-11 09:43:35,713] INFO: [PROTOCOL] 準備發送 265 bytes
[2025-11-11 09:43:35,713] INFO: [PROTOCOL] 已發送 269/269 bytes
[2025-11-11 09:43:35,713] INFO: [PROTOCOL] ✅ 完整發送 269 bytes
[2025-11-11 09:43:35,713] INFO: [PROTOCOL] 準備發送 265 bytes
[2025-11-11 09:43:35,713] INFO: [PROTOCOL] 已發送 269/269 bytes
[2025-11-11 09:43:35,713] INFO: [PROTOCOL] ✅ 完整發送 269 bytes
[2025-11-11 09:43:35,713] INFO: [PROTOCOL] 準備發送 265 bytes
[2025-11-11 09:43:35,713] INFO: [PROTOCOL] 已發送 269/269 bytes
[2025-11-11 09:43:35,713] INFO: [PROTOCOL] ✅ 完整發送 269 bytes
[2025-11-11 09:43:35,815] INFO: [PROTOCOL] 準備發送 265 bytes
[2025-11-11 09:43:35,815] INFO: [PROTOCOL] 已發送 269/269 bytes
[2025-11-11 09:43:35,815] INFO: [PROTOCOL] ✅ 完整發送 269 bytes
[2025-11-11 09:43:35,815] INFO: [PROTOCOL] 準備發送 265 bytes
[2025-11-11 09:43:35,816] INFO: [PROTOCOL] 已發送 269/269 bytes
[2025-11-11 09:43:35,816] INFO: [PROTOCOL] ✅ 完整發送 269 bytes
[2025-11-11 09:43:35,816] INFO: [PROTOCOL] 準備發送 265 bytes
[2025-11-11 09:43:35,816] INFO: [PROTOCOL] 已發送 269/269 bytes
[2025-11-11 09:43:35,816] INFO: [PROTOCOL] ✅ 完整發送 269 bytes
[2025-11-11 09:43:35,816] INFO: [PROTOCOL] 準備發送 265 bytes
[2025-11-11 09:43:35,816] INFO: [PROTOCOL] 已發送 269/269 bytes
[2025-11-11 09:43:35,816] INFO: [PROTOCOL] ✅ 完整發送 269 bytes
[2025-11-11 09:43:35,922] ERROR: ❌ ProtocolError for 2: 接收失敗: [Errno 54] Connection reset by peer
[2025-11-11 09:43:35,923] INFO: [PROTOCOL] 準備發送 265 bytes
[2025-11-11 09:43:35,923] WARNING: ⚠️ Player 2 disconnected during game!
[2025-11-11 09:43:35,924] ERROR: [PROTOCOL] ❌ 發送訊息失敗: 發送失敗: [Errno 32] Broken pipe
[2025-11-11 09:43:35,924] INFO: [PROTOCOL] 準備發送 265 bytes
[2025-11-11 09:43:35,924] INFO: [PROTOCOL] 已發送 269/269 bytes
[2025-11-11 09:43:35,924] INFO: [PROTOCOL] ✅ 完整發送 269 bytes
[2025-11-11 09:43:35,924] INFO: [PROTOCOL] 準備發送 126 bytes
[2025-11-11 09:43:35,925] ERROR: [PROTOCOL] ❌ 發送訊息失敗: 發送失敗: [Errno 32] Broken pipe
[2025-11-11 09:43:35,925] INFO: [PROTOCOL] 準備發送 126 bytes
[2025-11-11 09:43:35,925] INFO: [PROTOCOL] 已發送 130/130 bytes
[2025-11-11 09:43:35,925] INFO: [PROTOCOL] ✅ 完整發送 130 bytes
[2025-11-11 09:43:35,925] INFO: 📊 Attempting to report game result to lobby: room=17, results={'P1': {'user_id': 1, 'score': 0, 'lines_cleared': 0}, 'P2': {'user_id': 2, 'score': 0, 'lines_cleared': 0}}
[2025-11-11 09:43:35,925] INFO: 📡 Connecting to lobby server at localhost:10002...
[2025-11-11 09:43:35,932] INFO: ✅ Connected to lobby server
[2025-11-11 09:43:35,932] INFO: 🏆 Winner: None
[2025-11-11 09:43:35,932] INFO: 📤 Sending report: {'action': 'report_game_result', 'data': {'room_id': 17, 'winner': None, 'results': {'P1': {'user_id': 1, 'score': 0, 'lines_cleared': 0}, 'P2': {'user_id': 2, 'score': 0, 'lines_cleared': 0}}}}
[2025-11-11 09:43:35,932] INFO: [PROTOCOL] 準備發送 194 bytes
[2025-11-11 09:43:35,932] INFO: [PROTOCOL] 已發送 198/198 bytes
[2025-11-11 09:43:35,932] INFO: [PROTOCOL] ✅ 完整發送 198 bytes
[2025-11-11 09:43:35,932] INFO: ✅ Report sent, waiting for response...
[2025-11-11 09:43:35,956] INFO: 🎮 Game Over! Winner: None
[2025-11-11 09:43:35,956] INFO: [PROTOCOL] 準備發送 158 bytes
[2025-11-11 09:43:35,956] ERROR: [PROTOCOL] ❌ 發送訊息失敗: 發送失敗: [Errno 32] Broken pipe
[2025-11-11 09:43:35,956] INFO: [PROTOCOL] 準備發送 158 bytes
[2025-11-11 09:43:35,956] INFO: [PROTOCOL] 已發送 162/162 bytes
[2025-11-11 09:43:35,956] INFO: [PROTOCOL] ✅ 完整發送 162 bytes
[2025-11-11 09:43:35,956] INFO: 📊 Attempting to report game result to lobby: room=17, results={'P2': {'user_id': 2, 'score': 0, 'lines_cleared': 0, 'max_combo': 0}, 'P1': {'user_id': 1, 'score': 0, 'lines_cleared': 0, 'max_combo': 0}}
[2025-11-11 09:43:35,956] INFO: 📡 Connecting to lobby server at localhost:10002...
[2025-11-11 09:43:35,957] INFO: ✅ Connected to lobby server
[2025-11-11 09:43:35,957] INFO: 🏆 Winner: None
[2025-11-11 09:43:35,957] INFO: 📤 Sending report: {'action': 'report_game_result', 'data': {'room_id': 17, 'winner': None, 'results': {'P2': {'user_id': 2, 'score': 0, 'lines_cleared': 0, 'max_combo': 0}, 'P1': {'user_id': 1, 'score': 0, 'lines_cleared': 0, 'max_combo': 0}}}}
[2025-11-11 09:43:35,957] INFO: [PROTOCOL] 準備發送 226 bytes
[2025-11-11 09:43:35,957] INFO: [PROTOCOL] 已發送 230/230 bytes
[2025-11-11 09:43:35,957] INFO: [PROTOCOL] ✅ 完整發送 230 bytes
[2025-11-11 09:43:35,957] INFO: ✅ Report sent, waiting for response...
[2025-11-11 09:43:36,032] INFO: 🔌 Player 1 input handler stopped
[2025-11-11 09:43:40,934] ERROR: ❌ Failed to report game result: 接收逾時
Traceback (most recent call last):
  File "/Users/ninachung/Documents/GitHub/Network_programming/game_server/../lobby_server/protocol.py", line 77, in recv_exact
    chunk = sock.recv(n - len(data))
            ^^^^^^^^^^^^^^^^^^^^^^^^
ConnectionResetError: [Errno 54] Connection reset by peer

During handling of the above exception, another exception occurred:

Traceback (most recent call last):
  File "/Users/ninachung/Documents/GitHub/Network_programming/game_server/game_server.py", line 316, in handle_player_input
    msg_str = recv_message(sock)
              ^^^^^^^^^^^^^^^^^^
  File "/Users/ninachung/Documents/GitHub/Network_programming/game_server/../lobby_server/protocol.py", line 103, in recv_message
    header = recv_exact(sock, 4)
             ^^^^^^^^^^^^^^^^^^^
  File "/Users/ninachung/Documents/GitHub/Network_programming/game_server/../lobby_server/protocol.py", line 84, in recv_exact
    raise ProtocolError(f"接收失敗: {e}")
lobby_server.protocol.ProtocolError: 接收失敗: [Errno 54] Connection reset by peer

During handling of the above exception, another exception occurred:

Traceback (most recent call last):
  File "/Users/ninachung/Documents/GitHub/Network_programming/game_server/../lobby_server/protocol.py", line 77, in recv_exact
    chunk = sock.recv(n - len(data))
            ^^^^^^^^^^^^^^^^^^^^^^^^
TimeoutError: timed out

During handling of the above exception, another exception occurred:

Traceback (most recent call last):
  File "/Users/ninachung/Documents/GitHub/Network_programming/game_server/game_server.py", line 607, in report_game_result
    response_str = recv_message(lobby_sock)
                   ^^^^^^^^^^^^^^^^^^^^^^^^
  File "/Users/ninachung/Documents/GitHub/Network_programming/game_server/../lobby_server/protocol.py", line 103, in recv_message
    header = recv_exact(sock, 4)
             ^^^^^^^^^^^^^^^^^^^
  File "/Users/ninachung/Documents/GitHub/Network_programming/game_server/../lobby_server/protocol.py", line 82, in recv_exact
    raise ProtocolError("接收逾時")
lobby_server.protocol.ProtocolError: 接收逾時
[2025-11-11 09:43:40,942] INFO: 🏁 Game ended due to player 2 disconnection
[2025-11-11 09:43:40,942] INFO: 🔌 Player 2 input handler stopped
[2025-11-11 09:43:40,958] ERROR: ❌ Failed to report game result: 接收逾時
Traceback (most recent call last):
  File "/Users/ninachung/Documents/GitHub/Network_programming/game_server/../lobby_server/protocol.py", line 77, in recv_exact
    chunk = sock.recv(n - len(data))
            ^^^^^^^^^^^^^^^^^^^^^^^^
TimeoutError: timed out

During handling of the above exception, another exception occurred:

Traceback (most recent call last):
  File "/Users/ninachung/Documents/GitHub/Network_programming/game_server/game_server.py", line 607, in report_game_result
    response_str = recv_message(lobby_sock)
                   ^^^^^^^^^^^^^^^^^^^^^^^^
  File "/Users/ninachung/Documents/GitHub/Network_programming/game_server/../lobby_server/protocol.py", line 103, in recv_message
    header = recv_exact(sock, 4)
             ^^^^^^^^^^^^^^^^^^^
  File "/Users/ninachung/Documents/GitHub/Network_programming/game_server/../lobby_server/protocol.py", line 82, in recv_exact
    raise ProtocolError("接收逾時")
lobby_server.protocol.ProtocolError: 接收逾時
[2025-11-11 09:43:40,959] INFO: 📊 Final results: {'P2': {'user_id': 2, 'score': 0, 'lines_cleared': 0, 'max_combo': 0}, 'P1': {'user_id': 1, 'score': 0, 'lines_cleared': 0, 'max_combo': 0}}
[2025-11-11 09:43:42,964] INFO: 🛑 Shutting down Game Server...
[2025-11-11 09:43:42,965] INFO: ✅ Game Server shut down
[2025-11-11 09:43:42,965] INFO: 🛑 Shutting down Game Server...
[2025-11-11 09:43:42,965] INFO: ✅ Game Server shut down
