[2025-11-11 10:02:07,858] INFO: 🎮 Game Server started on port 10102
[2025-11-11 10:02:07,858] INFO:    Room: 24, Players: [1, 2]
[2025-11-11 10:02:07,858] INFO:    Seed: 1889936498
[2025-11-11 10:02:10,320] INFO: 📥 Player 1 connected from ('127.0.0.1', 57503)
[2025-11-11 10:02:10,388] INFO: [PROTOCOL] 準備發送 121 bytes
[2025-11-11 10:02:10,388] INFO: [PROTOCOL] 已發送 125/125 bytes
[2025-11-11 10:02:10,388] INFO: [PROTOCOL] ✅ 完整發送 125 bytes
[2025-11-11 10:02:10,388] INFO: ✅ Player 1 (P1) ready
[2025-11-11 10:02:10,389] INFO: 📥 Player 2 connected from ('127.0.0.1', 57504)
[2025-11-11 10:02:10,389] INFO: [PROTOCOL] 準備發送 121 bytes
[2025-11-11 10:02:10,389] INFO: [PROTOCOL] 已發送 125/125 bytes
[2025-11-11 10:02:10,390] INFO: [PROTOCOL] ✅ 完整發送 125 bytes
[2025-11-11 10:02:10,390] INFO: ✅ Player 2 (P2) ready
[2025-11-11 10:02:10,390] INFO: ✅ Both players connected, starting game...
[2025-11-11 10:02:10,390] INFO: 🎮 Starting input handler for player 1
[2025-11-11 10:02:10,391] INFO: 🎮 Starting input handler for player 2
[2025-11-11 10:02:10,509] INFO: [PROTOCOL] 準備發送 262 bytes
[2025-11-11 10:02:10,509] INFO: [PROTOCOL] 已發送 266/266 bytes
[2025-11-11 10:02:10,509] INFO: [PROTOCOL] ✅ 完整發送 266 bytes
[2025-11-11 10:02:10,509] INFO: [PROTOCOL] 準備發送 262 bytes
[2025-11-11 10:02:10,509] INFO: [PROTOCOL] 已發送 266/266 bytes
[2025-11-11 10:02:10,509] INFO: [PROTOCOL] ✅ 完整發送 266 bytes
[2025-11-11 10:02:10,509] INFO: [PROTOCOL] 準備發送 262 bytes
[2025-11-11 10:02:10,509] INFO: [PROTOCOL] 已發送 266/266 bytes
[2025-11-11 10:02:10,509] INFO: [PROTOCOL] ✅ 完整發送 266 bytes
[2025-11-11 10:02:10,509] INFO: [PROTOCOL] 準備發送 262 bytes
[2025-11-11 10:02:10,509] INFO: [PROTOCOL] 已發送 266/266 bytes
[2025-11-11 10:02:10,509] INFO: [PROTOCOL] ✅ 完整發送 266 bytes
[2025-11-11 10:02:10,614] INFO: [PROTOCOL] 準備發送 262 bytes
[2025-11-11 10:02:10,615] INFO: [PROTOCOL] 已發送 266/266 bytes
[2025-11-11 10:02:10,615] INFO: [PROTOCOL] ✅ 完整發送 266 bytes
[2025-11-11 10:02:10,616] INFO: [PROTOCOL] 準備發送 262 bytes
[2025-11-11 10:02:10,616] INFO: [PROTOCOL] 已發送 266/266 bytes
[2025-11-11 10:02:10,616] INFO: [PROTOCOL] ✅ 完整發送 266 bytes
[2025-11-11 10:02:10,616] INFO: [PROTOCOL] 準備發送 262 bytes
[2025-11-11 10:02:10,616] INFO: [PROTOCOL] 已發送 266/266 bytes
[2025-11-11 10:02:10,617] INFO: [PROTOCOL] ✅ 完整發送 266 bytes
[2025-11-11 10:02:10,617] INFO: [PROTOCOL] 準備發送 262 bytes
[2025-11-11 10:02:10,617] INFO: [PROTOCOL] 已發送 266/266 bytes
[2025-11-11 10:02:10,617] INFO: [PROTOCOL] ✅ 完整發送 266 bytes
[2025-11-11 10:02:10,718] INFO: [PROTOCOL] 準備發送 262 bytes
[2025-11-11 10:02:10,718] INFO: [PROTOCOL] 已發送 266/266 bytes
[2025-11-11 10:02:10,718] INFO: [PROTOCOL] ✅ 完整發送 266 bytes
[2025-11-11 10:02:10,718] INFO: [PROTOCOL] 準備發送 262 bytes
[2025-11-11 10:02:10,718] INFO: [PROTOCOL] 已發送 266/266 bytes
[2025-11-11 10:02:10,718] INFO: [PROTOCOL] ✅ 完整發送 266 bytes
[2025-11-11 10:02:10,718] INFO: [PROTOCOL] 準備發送 262 bytes
[2025-11-11 10:02:10,718] INFO: [PROTOCOL] 已發送 266/266 bytes
[2025-11-11 10:02:10,718] INFO: [PROTOCOL] ✅ 完整發送 266 bytes
[2025-11-11 10:02:10,718] INFO: [PROTOCOL] 準備發送 262 bytes
[2025-11-11 10:02:10,718] INFO: [PROTOCOL] 已發送 266/266 bytes
[2025-11-11 10:02:10,718] INFO: [PROTOCOL] ✅ 完整發送 266 bytes
[2025-11-11 10:02:10,823] INFO: [PROTOCOL] 準備發送 262 bytes
[2025-11-11 10:02:10,823] INFO: [PROTOCOL] 已發送 266/266 bytes
[2025-11-11 10:02:10,823] INFO: [PROTOCOL] ✅ 完整發送 266 bytes
[2025-11-11 10:02:10,823] INFO: [PROTOCOL] 準備發送 262 bytes
[2025-11-11 10:02:10,823] INFO: [PROTOCOL] 已發送 266/266 bytes
[2025-11-11 10:02:10,823] INFO: [PROTOCOL] ✅ 完整發送 266 bytes
[2025-11-11 10:02:10,823] INFO: [PROTOCOL] 準備發送 262 bytes
[2025-11-11 10:02:10,823] INFO: [PROTOCOL] 已發送 266/266 bytes
[2025-11-11 10:02:10,823] INFO: [PROTOCOL] ✅ 完整發送 266 bytes
[2025-11-11 10:02:10,823] INFO: [PROTOCOL] 準備發送 262 bytes
[2025-11-11 10:02:10,823] INFO: [PROTOCOL] 已發送 266/266 bytes
[2025-11-11 10:02:10,823] INFO: [PROTOCOL] ✅ 完整發送 266 bytes
[2025-11-11 10:02:10,929] INFO: [PROTOCOL] 準備發送 263 bytes
[2025-11-11 10:02:10,929] INFO: [PROTOCOL] 已發送 267/267 bytes
[2025-11-11 10:02:10,929] INFO: [PROTOCOL] ✅ 完整發送 267 bytes
[2025-11-11 10:02:10,929] INFO: [PROTOCOL] 準備發送 263 bytes
[2025-11-11 10:02:10,929] INFO: [PROTOCOL] 已發送 267/267 bytes
[2025-11-11 10:02:10,929] INFO: [PROTOCOL] ✅ 完整發送 267 bytes
[2025-11-11 10:02:10,929] INFO: [PROTOCOL] 準備發送 263 bytes
[2025-11-11 10:02:10,929] INFO: [PROTOCOL] 已發送 267/267 bytes
[2025-11-11 10:02:10,929] INFO: [PROTOCOL] ✅ 完整發送 267 bytes
[2025-11-11 10:02:10,929] INFO: [PROTOCOL] 準備發送 263 bytes
[2025-11-11 10:02:10,929] INFO: [PROTOCOL] 已發送 267/267 bytes
[2025-11-11 10:02:10,929] INFO: [PROTOCOL] ✅ 完整發送 267 bytes
[2025-11-11 10:02:11,032] INFO: [PROTOCOL] 準備發送 263 bytes
[2025-11-11 10:02:11,032] INFO: [PROTOCOL] 已發送 267/267 bytes
[2025-11-11 10:02:11,032] INFO: [PROTOCOL] ✅ 完整發送 267 bytes
[2025-11-11 10:02:11,032] INFO: [PROTOCOL] 準備發送 263 bytes
[2025-11-11 10:02:11,032] INFO: [PROTOCOL] 已發送 267/267 bytes
[2025-11-11 10:02:11,032] INFO: [PROTOCOL] ✅ 完整發送 267 bytes
[2025-11-11 10:02:11,032] INFO: [PROTOCOL] 準備發送 263 bytes
[2025-11-11 10:02:11,032] INFO: [PROTOCOL] 已發送 267/267 bytes
[2025-11-11 10:02:11,032] INFO: [PROTOCOL] ✅ 完整發送 267 bytes
[2025-11-11 10:02:11,032] INFO: [PROTOCOL] 準備發送 263 bytes
[2025-11-11 10:02:11,032] INFO: [PROTOCOL] 已發送 267/267 bytes
[2025-11-11 10:02:11,032] INFO: [PROTOCOL] ✅ 完整發送 267 bytes
[2025-11-11 10:02:11,137] INFO: [PROTOCOL] 準備發送 263 bytes
[2025-11-11 10:02:11,137] INFO: [PROTOCOL] 已發送 267/267 bytes
[2025-11-11 10:02:11,137] INFO: [PROTOCOL] ✅ 完整發送 267 bytes
[2025-11-11 10:02:11,137] INFO: [PROTOCOL] 準備發送 263 bytes
[2025-11-11 10:02:11,138] INFO: [PROTOCOL] 已發送 267/267 bytes
[2025-11-11 10:02:11,138] INFO: [PROTOCOL] ✅ 完整發送 267 bytes
[2025-11-11 10:02:11,138] INFO: [PROTOCOL] 準備發送 263 bytes
[2025-11-11 10:02:11,138] INFO: [PROTOCOL] 已發送 267/267 bytes
[2025-11-11 10:02:11,138] INFO: [PROTOCOL] ✅ 完整發送 267 bytes
[2025-11-11 10:02:11,138] INFO: [PROTOCOL] 準備發送 263 bytes
[2025-11-11 10:02:11,138] INFO: [PROTOCOL] 已發送 267/267 bytes
[2025-11-11 10:02:11,138] INFO: [PROTOCOL] ✅ 完整發送 267 bytes
[2025-11-11 10:02:11,243] INFO: [PROTOCOL] 準備發送 263 bytes
[2025-11-11 10:02:11,243] INFO: [PROTOCOL] 已發送 267/267 bytes
[2025-11-11 10:02:11,243] INFO: [PROTOCOL] ✅ 完整發送 267 bytes
[2025-11-11 10:02:11,243] INFO: [PROTOCOL] 準備發送 263 bytes
[2025-11-11 10:02:11,243] INFO: [PROTOCOL] 已發送 267/267 bytes
[2025-11-11 10:02:11,243] INFO: [PROTOCOL] ✅ 完整發送 267 bytes
[2025-11-11 10:02:11,243] INFO: [PROTOCOL] 準備發送 263 bytes
[2025-11-11 10:02:11,243] INFO: [PROTOCOL] 已發送 267/267 bytes
[2025-11-11 10:02:11,243] INFO: [PROTOCOL] ✅ 完整發送 267 bytes
[2025-11-11 10:02:11,243] INFO: [PROTOCOL] 準備發送 263 bytes
[2025-11-11 10:02:11,243] INFO: [PROTOCOL] 已發送 267/267 bytes
[2025-11-11 10:02:11,243] INFO: [PROTOCOL] ✅ 完整發送 267 bytes
[2025-11-11 10:02:11,346] INFO: [PROTOCOL] 準備發送 263 bytes
[2025-11-11 10:02:11,346] INFO: [PROTOCOL] 已發送 267/267 bytes
[2025-11-11 10:02:11,346] INFO: [PROTOCOL] ✅ 完整發送 267 bytes
[2025-11-11 10:02:11,346] INFO: [PROTOCOL] 準備發送 263 bytes
[2025-11-11 10:02:11,346] INFO: [PROTOCOL] 已發送 267/267 bytes
[2025-11-11 10:02:11,346] INFO: [PROTOCOL] ✅ 完整發送 267 bytes
[2025-11-11 10:02:11,346] INFO: [PROTOCOL] 準備發送 263 bytes
[2025-11-11 10:02:11,346] INFO: [PROTOCOL] 已發送 267/267 bytes
[2025-11-11 10:02:11,346] INFO: [PROTOCOL] ✅ 完整發送 267 bytes
[2025-11-11 10:02:11,346] INFO: [PROTOCOL] 準備發送 263 bytes
[2025-11-11 10:02:11,346] INFO: [PROTOCOL] 已發送 267/267 bytes
[2025-11-11 10:02:11,346] INFO: [PROTOCOL] ✅ 完整發送 267 bytes
[2025-11-11 10:02:11,451] INFO: [PROTOCOL] 準備發送 264 bytes
[2025-11-11 10:02:11,452] INFO: [PROTOCOL] 已發送 268/268 bytes
[2025-11-11 10:02:11,452] INFO: [PROTOCOL] ✅ 完整發送 268 bytes
[2025-11-11 10:02:11,452] INFO: [PROTOCOL] 準備發送 264 bytes
[2025-11-11 10:02:11,452] INFO: [PROTOCOL] 已發送 268/268 bytes
[2025-11-11 10:02:11,452] INFO: [PROTOCOL] ✅ 完整發送 268 bytes
[2025-11-11 10:02:11,452] INFO: [PROTOCOL] 準備發送 264 bytes
[2025-11-11 10:02:11,452] INFO: [PROTOCOL] 已發送 268/268 bytes
[2025-11-11 10:02:11,452] INFO: [PROTOCOL] ✅ 完整發送 268 bytes
[2025-11-11 10:02:11,452] INFO: [PROTOCOL] 準備發送 264 bytes
[2025-11-11 10:02:11,452] INFO: [PROTOCOL] 已發送 268/268 bytes
[2025-11-11 10:02:11,452] INFO: [PROTOCOL] ✅ 完整發送 268 bytes
[2025-11-11 10:02:11,556] INFO: [PROTOCOL] 準備發送 264 bytes
[2025-11-11 10:02:11,556] INFO: [PROTOCOL] 已發送 268/268 bytes
[2025-11-11 10:02:11,556] INFO: [PROTOCOL] ✅ 完整發送 268 bytes
[2025-11-11 10:02:11,556] INFO: [PROTOCOL] 準備發送 264 bytes
[2025-11-11 10:02:11,556] INFO: [PROTOCOL] 已發送 268/268 bytes
[2025-11-11 10:02:11,556] INFO: [PROTOCOL] ✅ 完整發送 268 bytes
[2025-11-11 10:02:11,556] INFO: [PROTOCOL] 準備發送 264 bytes
[2025-11-11 10:02:11,556] INFO: [PROTOCOL] 已發送 268/268 bytes
[2025-11-11 10:02:11,556] INFO: [PROTOCOL] ✅ 完整發送 268 bytes
[2025-11-11 10:02:11,556] INFO: [PROTOCOL] 準備發送 264 bytes
[2025-11-11 10:02:11,556] INFO: [PROTOCOL] 已發送 268/268 bytes
[2025-11-11 10:02:11,556] INFO: [PROTOCOL] ✅ 完整發送 268 bytes
[2025-11-11 10:02:11,662] INFO: [PROTOCOL] 準備發送 264 bytes
[2025-11-11 10:02:11,662] INFO: [PROTOCOL] 已發送 268/268 bytes
[2025-11-11 10:02:11,662] INFO: [PROTOCOL] ✅ 完整發送 268 bytes
[2025-11-11 10:02:11,662] INFO: [PROTOCOL] 準備發送 264 bytes
[2025-11-11 10:02:11,663] INFO: [PROTOCOL] 已發送 268/268 bytes
[2025-11-11 10:02:11,663] INFO: [PROTOCOL] ✅ 完整發送 268 bytes
[2025-11-11 10:02:11,663] INFO: [PROTOCOL] 準備發送 264 bytes
[2025-11-11 10:02:11,663] INFO: [PROTOCOL] 已發送 268/268 bytes
[2025-11-11 10:02:11,663] INFO: [PROTOCOL] ✅ 完整發送 268 bytes
[2025-11-11 10:02:11,663] INFO: [PROTOCOL] 準備發送 264 bytes
[2025-11-11 10:02:11,663] INFO: [PROTOCOL] 已發送 268/268 bytes
[2025-11-11 10:02:11,663] INFO: [PROTOCOL] ✅ 完整發送 268 bytes
[2025-11-11 10:02:11,768] INFO: [PROTOCOL] 準備發送 264 bytes
[2025-11-11 10:02:11,768] INFO: [PROTOCOL] 已發送 268/268 bytes
[2025-11-11 10:02:11,768] INFO: [PROTOCOL] ✅ 完整發送 268 bytes
[2025-11-11 10:02:11,768] INFO: [PROTOCOL] 準備發送 264 bytes
[2025-11-11 10:02:11,768] INFO: [PROTOCOL] 已發送 268/268 bytes
[2025-11-11 10:02:11,768] INFO: [PROTOCOL] ✅ 完整發送 268 bytes
[2025-11-11 10:02:11,768] INFO: [PROTOCOL] 準備發送 264 bytes
[2025-11-11 10:02:11,769] INFO: [PROTOCOL] 已發送 268/268 bytes
[2025-11-11 10:02:11,769] INFO: [PROTOCOL] ✅ 完整發送 268 bytes
[2025-11-11 10:02:11,769] INFO: [PROTOCOL] 準備發送 264 bytes
[2025-11-11 10:02:11,769] INFO: [PROTOCOL] 已發送 268/268 bytes
[2025-11-11 10:02:11,769] INFO: [PROTOCOL] ✅ 完整發送 268 bytes
[2025-11-11 10:02:11,871] INFO: [PROTOCOL] 準備發送 264 bytes
[2025-11-11 10:02:11,871] INFO: [PROTOCOL] 已發送 268/268 bytes
[2025-11-11 10:02:11,871] INFO: [PROTOCOL] ✅ 完整發送 268 bytes
[2025-11-11 10:02:11,871] INFO: [PROTOCOL] 準備發送 264 bytes
[2025-11-11 10:02:11,871] INFO: [PROTOCOL] 已發送 268/268 bytes
[2025-11-11 10:02:11,871] INFO: [PROTOCOL] ✅ 完整發送 268 bytes
[2025-11-11 10:02:11,871] INFO: [PROTOCOL] 準備發送 264 bytes
[2025-11-11 10:02:11,871] INFO: [PROTOCOL] 已發送 268/268 bytes
[2025-11-11 10:02:11,871] INFO: [PROTOCOL] ✅ 完整發送 268 bytes
[2025-11-11 10:02:11,871] INFO: [PROTOCOL] 準備發送 264 bytes
[2025-11-11 10:02:11,871] INFO: [PROTOCOL] 已發送 268/268 bytes
[2025-11-11 10:02:11,871] INFO: [PROTOCOL] ✅ 完整發送 268 bytes
[2025-11-11 10:02:11,973] INFO: [PROTOCOL] 準備發送 264 bytes
[2025-11-11 10:02:11,973] INFO: [PROTOCOL] 已發送 268/268 bytes
[2025-11-11 10:02:11,974] INFO: [PROTOCOL] ✅ 完整發送 268 bytes
[2025-11-11 10:02:11,974] INFO: [PROTOCOL] 準備發送 264 bytes
[2025-11-11 10:02:11,974] INFO: [PROTOCOL] 已發送 268/268 bytes
[2025-11-11 10:02:11,974] INFO: [PROTOCOL] ✅ 完整發送 268 bytes
[2025-11-11 10:02:11,974] INFO: [PROTOCOL] 準備發送 264 bytes
[2025-11-11 10:02:11,974] INFO: [PROTOCOL] 已發送 268/268 bytes
[2025-11-11 10:02:11,974] INFO: [PROTOCOL] ✅ 完整發送 268 bytes
[2025-11-11 10:02:11,974] INFO: [PROTOCOL] 準備發送 264 bytes
[2025-11-11 10:02:11,974] INFO: [PROTOCOL] 已發送 268/268 bytes
[2025-11-11 10:02:11,974] INFO: [PROTOCOL] ✅ 完整發送 268 bytes
[2025-11-11 10:02:12,076] INFO: [PROTOCOL] 準備發送 264 bytes
[2025-11-11 10:02:12,076] INFO: [PROTOCOL] 已發送 268/268 bytes
[2025-11-11 10:02:12,076] INFO: [PROTOCOL] ✅ 完整發送 268 bytes
[2025-11-11 10:02:12,076] INFO: [PROTOCOL] 準備發送 264 bytes
[2025-11-11 10:02:12,076] INFO: [PROTOCOL] 已發送 268/268 bytes
[2025-11-11 10:02:12,076] INFO: [PROTOCOL] ✅ 完整發送 268 bytes
[2025-11-11 10:02:12,076] INFO: [PROTOCOL] 準備發送 264 bytes
[2025-11-11 10:02:12,076] INFO: [PROTOCOL] 已發送 268/268 bytes
[2025-11-11 10:02:12,076] INFO: [PROTOCOL] ✅ 完整發送 268 bytes
[2025-11-11 10:02:12,076] INFO: [PROTOCOL] 準備發送 264 bytes
[2025-11-11 10:02:12,076] INFO: [PROTOCOL] 已發送 268/268 bytes
[2025-11-11 10:02:12,076] INFO: [PROTOCOL] ✅ 完整發送 268 bytes
[2025-11-11 10:02:12,182] INFO: [PROTOCOL] 準備發送 264 bytes
[2025-11-11 10:02:12,182] INFO: [PROTOCOL] 已發送 268/268 bytes
[2025-11-11 10:02:12,182] INFO: [PROTOCOL] ✅ 完整發送 268 bytes
[2025-11-11 10:02:12,182] INFO: [PROTOCOL] 準備發送 264 bytes
[2025-11-11 10:02:12,182] INFO: [PROTOCOL] 已發送 268/268 bytes
[2025-11-11 10:02:12,182] INFO: [PROTOCOL] ✅ 完整發送 268 bytes
[2025-11-11 10:02:12,182] INFO: [PROTOCOL] 準備發送 264 bytes
[2025-11-11 10:02:12,182] INFO: [PROTOCOL] 已發送 268/268 bytes
[2025-11-11 10:02:12,182] INFO: [PROTOCOL] ✅ 完整發送 268 bytes
[2025-11-11 10:02:12,182] INFO: [PROTOCOL] 準備發送 264 bytes
[2025-11-11 10:02:12,182] INFO: [PROTOCOL] 已發送 268/268 bytes
[2025-11-11 10:02:12,182] INFO: [PROTOCOL] ✅ 完整發送 268 bytes
[2025-11-11 10:02:12,287] INFO: [PROTOCOL] 準備發送 264 bytes
[2025-11-11 10:02:12,288] INFO: [PROTOCOL] 已發送 268/268 bytes
[2025-11-11 10:02:12,288] INFO: [PROTOCOL] ✅ 完整發送 268 bytes
[2025-11-11 10:02:12,288] INFO: [PROTOCOL] 準備發送 264 bytes
[2025-11-11 10:02:12,288] INFO: [PROTOCOL] 已發送 268/268 bytes
[2025-11-11 10:02:12,288] INFO: [PROTOCOL] ✅ 完整發送 268 bytes
[2025-11-11 10:02:12,288] INFO: [PROTOCOL] 準備發送 264 bytes
[2025-11-11 10:02:12,288] INFO: [PROTOCOL] 已發送 268/268 bytes
[2025-11-11 10:02:12,288] INFO: [PROTOCOL] ✅ 完整發送 268 bytes
[2025-11-11 10:02:12,288] INFO: [PROTOCOL] 準備發送 264 bytes
[2025-11-11 10:02:12,288] INFO: [PROTOCOL] 已發送 268/268 bytes
[2025-11-11 10:02:12,288] INFO: [PROTOCOL] ✅ 完整發送 268 bytes
[2025-11-11 10:02:12,393] INFO: [PROTOCOL] 準備發送 264 bytes
[2025-11-11 10:02:12,393] INFO: [PROTOCOL] 已發送 268/268 bytes
[2025-11-11 10:02:12,393] INFO: [PROTOCOL] ✅ 完整發送 268 bytes
[2025-11-11 10:02:12,393] INFO: [PROTOCOL] 準備發送 264 bytes
[2025-11-11 10:02:12,393] INFO: [PROTOCOL] 已發送 268/268 bytes
[2025-11-11 10:02:12,393] INFO: [PROTOCOL] ✅ 完整發送 268 bytes
[2025-11-11 10:02:12,393] INFO: [PROTOCOL] 準備發送 264 bytes
[2025-11-11 10:02:12,393] INFO: [PROTOCOL] 已發送 268/268 bytes
[2025-11-11 10:02:12,394] INFO: [PROTOCOL] ✅ 完整發送 268 bytes
[2025-11-11 10:02:12,394] INFO: [PROTOCOL] 準備發送 264 bytes
[2025-11-11 10:02:12,394] INFO: [PROTOCOL] 已發送 268/268 bytes
[2025-11-11 10:02:12,394] INFO: [PROTOCOL] ✅ 完整發送 268 bytes
[2025-11-11 10:02:12,499] INFO: [PROTOCOL] 準備發送 264 bytes
[2025-11-11 10:02:12,499] INFO: [PROTOCOL] 已發送 268/268 bytes
[2025-11-11 10:02:12,499] INFO: [PROTOCOL] ✅ 完整發送 268 bytes
[2025-11-11 10:02:12,499] INFO: [PROTOCOL] 準備發送 264 bytes
[2025-11-11 10:02:12,499] INFO: [PROTOCOL] 已發送 268/268 bytes
[2025-11-11 10:02:12,499] INFO: [PROTOCOL] ✅ 完整發送 268 bytes
[2025-11-11 10:02:12,499] INFO: [PROTOCOL] 準備發送 264 bytes
[2025-11-11 10:02:12,499] INFO: [PROTOCOL] 已發送 268/268 bytes
[2025-11-11 10:02:12,499] INFO: [PROTOCOL] ✅ 完整發送 268 bytes
[2025-11-11 10:02:12,499] INFO: [PROTOCOL] 準備發送 264 bytes
[2025-11-11 10:02:12,500] INFO: [PROTOCOL] 已發送 268/268 bytes
[2025-11-11 10:02:12,500] INFO: [PROTOCOL] ✅ 完整發送 268 bytes
[2025-11-11 10:02:12,605] INFO: [PROTOCOL] 準備發送 264 bytes
[2025-11-11 10:02:12,605] INFO: [PROTOCOL] 已發送 268/268 bytes
[2025-11-11 10:02:12,605] INFO: [PROTOCOL] ✅ 完整發送 268 bytes
[2025-11-11 10:02:12,605] INFO: [PROTOCOL] 準備發送 264 bytes
[2025-11-11 10:02:12,605] INFO: [PROTOCOL] 已發送 268/268 bytes
[2025-11-11 10:02:12,605] INFO: [PROTOCOL] ✅ 完整發送 268 bytes
[2025-11-11 10:02:12,605] INFO: [PROTOCOL] 準備發送 264 bytes
[2025-11-11 10:02:12,605] INFO: [PROTOCOL] 已發送 268/268 bytes
[2025-11-11 10:02:12,605] INFO: [PROTOCOL] ✅ 完整發送 268 bytes
[2025-11-11 10:02:12,605] INFO: [PROTOCOL] 準備發送 264 bytes
[2025-11-11 10:02:12,605] INFO: [PROTOCOL] 已發送 268/268 bytes
[2025-11-11 10:02:12,605] INFO: [PROTOCOL] ✅ 完整發送 268 bytes
[2025-11-11 10:02:12,709] INFO: [PROTOCOL] 準備發送 264 bytes
[2025-11-11 10:02:12,709] INFO: [PROTOCOL] 已發送 268/268 bytes
[2025-11-11 10:02:12,709] INFO: [PROTOCOL] ✅ 完整發送 268 bytes
[2025-11-11 10:02:12,709] INFO: [PROTOCOL] 準備發送 264 bytes
[2025-11-11 10:02:12,709] INFO: [PROTOCOL] 已發送 268/268 bytes
[2025-11-11 10:02:12,709] INFO: [PROTOCOL] ✅ 完整發送 268 bytes
[2025-11-11 10:02:12,709] INFO: [PROTOCOL] 準備發送 264 bytes
[2025-11-11 10:02:12,710] INFO: [PROTOCOL] 已發送 268/268 bytes
[2025-11-11 10:02:12,710] INFO: [PROTOCOL] ✅ 完整發送 268 bytes
[2025-11-11 10:02:12,710] INFO: [PROTOCOL] 準備發送 264 bytes
[2025-11-11 10:02:12,710] INFO: [PROTOCOL] 已發送 268/268 bytes
[2025-11-11 10:02:12,710] INFO: [PROTOCOL] ✅ 完整發送 268 bytes
[2025-11-11 10:02:12,812] INFO: [PROTOCOL] 準備發送 264 bytes
[2025-11-11 10:02:12,812] INFO: [PROTOCOL] 已發送 268/268 bytes
[2025-11-11 10:02:12,812] INFO: [PROTOCOL] ✅ 完整發送 268 bytes
[2025-11-11 10:02:12,812] INFO: [PROTOCOL] 準備發送 264 bytes
[2025-11-11 10:02:12,812] INFO: [PROTOCOL] 已發送 268/268 bytes
[2025-11-11 10:02:12,812] INFO: [PROTOCOL] ✅ 完整發送 268 bytes
[2025-11-11 10:02:12,812] INFO: [PROTOCOL] 準備發送 264 bytes
[2025-11-11 10:02:12,812] INFO: [PROTOCOL] 已發送 268/268 bytes
[2025-11-11 10:02:12,812] INFO: [PROTOCOL] ✅ 完整發送 268 bytes
[2025-11-11 10:02:12,812] INFO: [PROTOCOL] 準備發送 264 bytes
[2025-11-11 10:02:12,812] INFO: [PROTOCOL] 已發送 268/268 bytes
[2025-11-11 10:02:12,812] INFO: [PROTOCOL] ✅ 完整發送 268 bytes
[2025-11-11 10:02:12,916] INFO: [PROTOCOL] 準備發送 264 bytes
[2025-11-11 10:02:12,916] INFO: [PROTOCOL] 已發送 268/268 bytes
[2025-11-11 10:02:12,916] INFO: [PROTOCOL] ✅ 完整發送 268 bytes
[2025-11-11 10:02:12,916] INFO: [PROTOCOL] 準備發送 264 bytes
[2025-11-11 10:02:12,916] INFO: [PROTOCOL] 已發送 268/268 bytes
[2025-11-11 10:02:12,916] INFO: [PROTOCOL] ✅ 完整發送 268 bytes
[2025-11-11 10:02:12,916] INFO: [PROTOCOL] 準備發送 264 bytes
[2025-11-11 10:02:12,916] INFO: [PROTOCOL] 已發送 268/268 bytes
[2025-11-11 10:02:12,916] INFO: [PROTOCOL] ✅ 完整發送 268 bytes
[2025-11-11 10:02:12,916] INFO: [PROTOCOL] 準備發送 264 bytes
[2025-11-11 10:02:12,916] INFO: [PROTOCOL] 已發送 268/268 bytes
[2025-11-11 10:02:12,916] INFO: [PROTOCOL] ✅ 完整發送 268 bytes
[2025-11-11 10:02:13,021] INFO: [PROTOCOL] 準備發送 264 bytes
[2025-11-11 10:02:13,022] INFO: [PROTOCOL] 已發送 268/268 bytes
[2025-11-11 10:02:13,022] INFO: [PROTOCOL] ✅ 完整發送 268 bytes
[2025-11-11 10:02:13,022] INFO: [PROTOCOL] 準備發送 264 bytes
[2025-11-11 10:02:13,022] INFO: [PROTOCOL] 已發送 268/268 bytes
[2025-11-11 10:02:13,022] INFO: [PROTOCOL] ✅ 完整發送 268 bytes
[2025-11-11 10:02:13,022] INFO: [PROTOCOL] 準備發送 264 bytes
[2025-11-11 10:02:13,022] INFO: [PROTOCOL] 已發送 268/268 bytes
[2025-11-11 10:02:13,022] INFO: [PROTOCOL] ✅ 完整發送 268 bytes
[2025-11-11 10:02:13,022] INFO: [PROTOCOL] 準備發送 264 bytes
[2025-11-11 10:02:13,022] INFO: [PROTOCOL] 已發送 268/268 bytes
[2025-11-11 10:02:13,022] INFO: [PROTOCOL] ✅ 完整發送 268 bytes
[2025-11-11 10:02:13,127] INFO: [PROTOCOL] 準備發送 264 bytes
[2025-11-11 10:02:13,127] INFO: [PROTOCOL] 已發送 268/268 bytes
[2025-11-11 10:02:13,127] INFO: [PROTOCOL] ✅ 完整發送 268 bytes
[2025-11-11 10:02:13,127] INFO: [PROTOCOL] 準備發送 264 bytes
[2025-11-11 10:02:13,127] INFO: [PROTOCOL] 已發送 268/268 bytes
[2025-11-11 10:02:13,127] INFO: [PROTOCOL] ✅ 完整發送 268 bytes
[2025-11-11 10:02:13,127] INFO: [PROTOCOL] 準備發送 264 bytes
[2025-11-11 10:02:13,127] INFO: [PROTOCOL] 已發送 268/268 bytes
[2025-11-11 10:02:13,127] INFO: [PROTOCOL] ✅ 完整發送 268 bytes
[2025-11-11 10:02:13,127] INFO: [PROTOCOL] 準備發送 264 bytes
[2025-11-11 10:02:13,127] INFO: [PROTOCOL] 已發送 268/268 bytes
[2025-11-11 10:02:13,128] INFO: [PROTOCOL] ✅ 完整發送 268 bytes
[2025-11-11 10:02:13,233] INFO: [PROTOCOL] 準備發送 264 bytes
[2025-11-11 10:02:13,234] INFO: [PROTOCOL] 已發送 268/268 bytes
[2025-11-11 10:02:13,234] INFO: [PROTOCOL] ✅ 完整發送 268 bytes
[2025-11-11 10:02:13,234] INFO: [PROTOCOL] 準備發送 264 bytes
[2025-11-11 10:02:13,234] INFO: [PROTOCOL] 已發送 268/268 bytes
[2025-11-11 10:02:13,234] INFO: [PROTOCOL] ✅ 完整發送 268 bytes
[2025-11-11 10:02:13,234] INFO: [PROTOCOL] 準備發送 264 bytes
[2025-11-11 10:02:13,234] INFO: [PROTOCOL] 已發送 268/268 bytes
[2025-11-11 10:02:13,234] INFO: [PROTOCOL] ✅ 完整發送 268 bytes
[2025-11-11 10:02:13,234] INFO: [PROTOCOL] 準備發送 264 bytes
[2025-11-11 10:02:13,234] INFO: [PROTOCOL] 已發送 268/268 bytes
[2025-11-11 10:02:13,234] INFO: [PROTOCOL] ✅ 完整發送 268 bytes
[2025-11-11 10:02:13,337] INFO: [PROTOCOL] 準備發送 264 bytes
[2025-11-11 10:02:13,337] INFO: [PROTOCOL] 已發送 268/268 bytes
[2025-11-11 10:02:13,337] INFO: [PROTOCOL] ✅ 完整發送 268 bytes
[2025-11-11 10:02:13,337] INFO: [PROTOCOL] 準備發送 264 bytes
[2025-11-11 10:02:13,337] INFO: [PROTOCOL] 已發送 268/268 bytes
[2025-11-11 10:02:13,337] INFO: [PROTOCOL] ✅ 完整發送 268 bytes
[2025-11-11 10:02:13,337] INFO: [PROTOCOL] 準備發送 264 bytes
[2025-11-11 10:02:13,338] INFO: [PROTOCOL] 已發送 268/268 bytes
[2025-11-11 10:02:13,338] INFO: [PROTOCOL] ✅ 完整發送 268 bytes
[2025-11-11 10:02:13,338] INFO: [PROTOCOL] 準備發送 264 bytes
[2025-11-11 10:02:13,338] INFO: [PROTOCOL] 已發送 268/268 bytes
[2025-11-11 10:02:13,338] INFO: [PROTOCOL] ✅ 完整發送 268 bytes
[2025-11-11 10:02:13,442] INFO: [PROTOCOL] 準備發送 264 bytes
[2025-11-11 10:02:13,442] INFO: [PROTOCOL] 已發送 268/268 bytes
[2025-11-11 10:02:13,442] INFO: [PROTOCOL] ✅ 完整發送 268 bytes
[2025-11-11 10:02:13,442] INFO: [PROTOCOL] 準備發送 264 bytes
[2025-11-11 10:02:13,442] INFO: [PROTOCOL] 已發送 268/268 bytes
[2025-11-11 10:02:13,442] INFO: [PROTOCOL] ✅ 完整發送 268 bytes
[2025-11-11 10:02:13,442] INFO: [PROTOCOL] 準備發送 264 bytes
[2025-11-11 10:02:13,442] INFO: [PROTOCOL] 已發送 268/268 bytes
[2025-11-11 10:02:13,442] INFO: [PROTOCOL] ✅ 完整發送 268 bytes
[2025-11-11 10:02:13,442] INFO: [PROTOCOL] 準備發送 264 bytes
[2025-11-11 10:02:13,442] INFO: [PROTOCOL] 已發送 268/268 bytes
[2025-11-11 10:02:13,442] INFO: [PROTOCOL] ✅ 完整發送 268 bytes
[2025-11-11 10:02:13,544] INFO: [PROTOCOL] 準備發送 264 bytes
[2025-11-11 10:02:13,544] INFO: [PROTOCOL] 已發送 268/268 bytes
[2025-11-11 10:02:13,544] INFO: [PROTOCOL] ✅ 完整發送 268 bytes
[2025-11-11 10:02:13,544] INFO: [PROTOCOL] 準備發送 264 bytes
[2025-11-11 10:02:13,545] INFO: [PROTOCOL] 已發送 268/268 bytes
[2025-11-11 10:02:13,545] INFO: [PROTOCOL] ✅ 完整發送 268 bytes
[2025-11-11 10:02:13,545] INFO: [PROTOCOL] 準備發送 264 bytes
[2025-11-11 10:02:13,545] INFO: [PROTOCOL] 已發送 268/268 bytes
[2025-11-11 10:02:13,545] INFO: [PROTOCOL] ✅ 完整發送 268 bytes
[2025-11-11 10:02:13,545] INFO: [PROTOCOL] 準備發送 264 bytes
[2025-11-11 10:02:13,545] INFO: [PROTOCOL] 已發送 268/268 bytes
[2025-11-11 10:02:13,545] INFO: [PROTOCOL] ✅ 完整發送 268 bytes
[2025-11-11 10:02:13,650] INFO: [PROTOCOL] 準備發送 264 bytes
[2025-11-11 10:02:13,650] INFO: [PROTOCOL] 已發送 268/268 bytes
[2025-11-11 10:02:13,650] INFO: [PROTOCOL] ✅ 完整發送 268 bytes
[2025-11-11 10:02:13,650] INFO: [PROTOCOL] 準備發送 264 bytes
[2025-11-11 10:02:13,650] INFO: [PROTOCOL] 已發送 268/268 bytes
[2025-11-11 10:02:13,650] INFO: [PROTOCOL] ✅ 完整發送 268 bytes
[2025-11-11 10:02:13,650] INFO: [PROTOCOL] 準備發送 264 bytes
[2025-11-11 10:02:13,650] INFO: [PROTOCOL] 已發送 268/268 bytes
[2025-11-11 10:02:13,650] INFO: [PROTOCOL] ✅ 完整發送 268 bytes
[2025-11-11 10:02:13,650] INFO: [PROTOCOL] 準備發送 264 bytes
[2025-11-11 10:02:13,650] INFO: [PROTOCOL] 已發送 268/268 bytes
[2025-11-11 10:02:13,650] INFO: [PROTOCOL] ✅ 完整發送 268 bytes
[2025-11-11 10:02:13,753] INFO: [PROTOCOL] 準備發送 264 bytes
[2025-11-11 10:02:13,754] INFO: [PROTOCOL] 已發送 268/268 bytes
[2025-11-11 10:02:13,754] INFO: [PROTOCOL] ✅ 完整發送 268 bytes
[2025-11-11 10:02:13,754] INFO: [PROTOCOL] 準備發送 264 bytes
[2025-11-11 10:02:13,754] INFO: [PROTOCOL] 已發送 268/268 bytes
[2025-11-11 10:02:13,754] INFO: [PROTOCOL] ✅ 完整發送 268 bytes
[2025-11-11 10:02:13,754] INFO: [PROTOCOL] 準備發送 264 bytes
[2025-11-11 10:02:13,754] INFO: [PROTOCOL] 已發送 268/268 bytes
[2025-11-11 10:02:13,754] INFO: [PROTOCOL] ✅ 完整發送 268 bytes
[2025-11-11 10:02:13,754] INFO: [PROTOCOL] 準備發送 264 bytes
[2025-11-11 10:02:13,754] INFO: [PROTOCOL] 已發送 268/268 bytes
[2025-11-11 10:02:13,754] INFO: [PROTOCOL] ✅ 完整發送 268 bytes
[2025-11-11 10:02:13,858] INFO: [PROTOCOL] 準備發送 264 bytes
[2025-11-11 10:02:13,858] INFO: [PROTOCOL] 已發送 268/268 bytes
[2025-11-11 10:02:13,859] INFO: [PROTOCOL] ✅ 完整發送 268 bytes
[2025-11-11 10:02:13,859] INFO: [PROTOCOL] 準備發送 264 bytes
[2025-11-11 10:02:13,859] INFO: [PROTOCOL] 已發送 268/268 bytes
[2025-11-11 10:02:13,859] INFO: [PROTOCOL] ✅ 完整發送 268 bytes
[2025-11-11 10:02:13,859] INFO: [PROTOCOL] 準備發送 264 bytes
[2025-11-11 10:02:13,859] INFO: [PROTOCOL] 已發送 268/268 bytes
[2025-11-11 10:02:13,859] INFO: [PROTOCOL] ✅ 完整發送 268 bytes
[2025-11-11 10:02:13,859] INFO: [PROTOCOL] 準備發送 264 bytes
[2025-11-11 10:02:13,859] INFO: [PROTOCOL] 已發送 268/268 bytes
[2025-11-11 10:02:13,859] INFO: [PROTOCOL] ✅ 完整發送 268 bytes
[2025-11-11 10:02:13,960] INFO: [PROTOCOL] 準備發送 264 bytes
[2025-11-11 10:02:13,961] INFO: [PROTOCOL] 已發送 268/268 bytes
[2025-11-11 10:02:13,961] INFO: [PROTOCOL] ✅ 完整發送 268 bytes
[2025-11-11 10:02:13,961] INFO: [PROTOCOL] 準備發送 264 bytes
[2025-11-11 10:02:13,961] INFO: [PROTOCOL] 已發送 268/268 bytes
[2025-11-11 10:02:13,961] INFO: [PROTOCOL] ✅ 完整發送 268 bytes
[2025-11-11 10:02:13,961] INFO: [PROTOCOL] 準備發送 264 bytes
[2025-11-11 10:02:13,961] INFO: [PROTOCOL] 已發送 268/268 bytes
[2025-11-11 10:02:13,961] INFO: [PROTOCOL] ✅ 完整發送 268 bytes
[2025-11-11 10:02:13,961] INFO: [PROTOCOL] 準備發送 264 bytes
[2025-11-11 10:02:13,961] INFO: [PROTOCOL] 已發送 268/268 bytes
[2025-11-11 10:02:13,961] INFO: [PROTOCOL] ✅ 完整發送 268 bytes
[2025-11-11 10:02:14,062] INFO: [PROTOCOL] 準備發送 264 bytes
[2025-11-11 10:02:14,062] INFO: [PROTOCOL] 已發送 268/268 bytes
[2025-11-11 10:02:14,063] INFO: [PROTOCOL] ✅ 完整發送 268 bytes
[2025-11-11 10:02:14,063] INFO: [PROTOCOL] 準備發送 264 bytes
[2025-11-11 10:02:14,063] INFO: [PROTOCOL] 已發送 268/268 bytes
[2025-11-11 10:02:14,063] INFO: [PROTOCOL] ✅ 完整發送 268 bytes
[2025-11-11 10:02:14,063] INFO: [PROTOCOL] 準備發送 264 bytes
[2025-11-11 10:02:14,063] INFO: [PROTOCOL] 已發送 268/268 bytes
[2025-11-11 10:02:14,063] INFO: [PROTOCOL] ✅ 完整發送 268 bytes
[2025-11-11 10:02:14,063] INFO: [PROTOCOL] 準備發送 264 bytes
[2025-11-11 10:02:14,063] INFO: [PROTOCOL] 已發送 268/268 bytes
[2025-11-11 10:02:14,063] INFO: [PROTOCOL] ✅ 完整發送 268 bytes
[2025-11-11 10:02:14,168] INFO: [PROTOCOL] 準備發送 264 bytes
[2025-11-11 10:02:14,168] INFO: [PROTOCOL] 已發送 268/268 bytes
[2025-11-11 10:02:14,168] INFO: [PROTOCOL] ✅ 完整發送 268 bytes
[2025-11-11 10:02:14,168] INFO: [PROTOCOL] 準備發送 264 bytes
[2025-11-11 10:02:14,168] INFO: [PROTOCOL] 已發送 268/268 bytes
[2025-11-11 10:02:14,168] INFO: [PROTOCOL] ✅ 完整發送 268 bytes
[2025-11-11 10:02:14,168] INFO: [PROTOCOL] 準備發送 264 bytes
[2025-11-11 10:02:14,168] INFO: [PROTOCOL] 已發送 268/268 bytes
[2025-11-11 10:02:14,168] INFO: [PROTOCOL] ✅ 完整發送 268 bytes
[2025-11-11 10:02:14,168] INFO: [PROTOCOL] 準備發送 264 bytes
[2025-11-11 10:02:14,168] INFO: [PROTOCOL] 已發送 268/268 bytes
[2025-11-11 10:02:14,169] INFO: [PROTOCOL] ✅ 完整發送 268 bytes
[2025-11-11 10:02:14,272] INFO: [PROTOCOL] 準備發送 264 bytes
[2025-11-11 10:02:14,272] INFO: [PROTOCOL] 已發送 268/268 bytes
[2025-11-11 10:02:14,272] INFO: [PROTOCOL] ✅ 完整發送 268 bytes
[2025-11-11 10:02:14,272] INFO: [PROTOCOL] 準備發送 264 bytes
[2025-11-11 10:02:14,272] INFO: [PROTOCOL] 已發送 268/268 bytes
[2025-11-11 10:02:14,272] INFO: [PROTOCOL] ✅ 完整發送 268 bytes
[2025-11-11 10:02:14,272] INFO: [PROTOCOL] 準備發送 264 bytes
[2025-11-11 10:02:14,272] INFO: [PROTOCOL] 已發送 268/268 bytes
[2025-11-11 10:02:14,272] INFO: [PROTOCOL] ✅ 完整發送 268 bytes
[2025-11-11 10:02:14,272] INFO: [PROTOCOL] 準備發送 264 bytes
[2025-11-11 10:02:14,272] INFO: [PROTOCOL] 已發送 268/268 bytes
[2025-11-11 10:02:14,272] INFO: [PROTOCOL] ✅ 完整發送 268 bytes
[2025-11-11 10:02:14,378] INFO: [PROTOCOL] 準備發送 264 bytes
[2025-11-11 10:02:14,378] INFO: [PROTOCOL] 已發送 268/268 bytes
[2025-11-11 10:02:14,378] INFO: [PROTOCOL] ✅ 完整發送 268 bytes
[2025-11-11 10:02:14,378] INFO: [PROTOCOL] 準備發送 264 bytes
[2025-11-11 10:02:14,378] INFO: [PROTOCOL] 已發送 268/268 bytes
[2025-11-11 10:02:14,378] INFO: [PROTOCOL] ✅ 完整發送 268 bytes
[2025-11-11 10:02:14,378] INFO: [PROTOCOL] 準備發送 264 bytes
[2025-11-11 10:02:14,378] INFO: [PROTOCOL] 已發送 268/268 bytes
[2025-11-11 10:02:14,378] INFO: [PROTOCOL] ✅ 完整發送 268 bytes
[2025-11-11 10:02:14,378] INFO: [PROTOCOL] 準備發送 264 bytes
[2025-11-11 10:02:14,378] INFO: [PROTOCOL] 已發送 268/268 bytes
[2025-11-11 10:02:14,378] INFO: [PROTOCOL] ✅ 完整發送 268 bytes
[2025-11-11 10:02:14,480] INFO: [PROTOCOL] 準備發送 264 bytes
[2025-11-11 10:02:14,480] INFO: [PROTOCOL] 已發送 268/268 bytes
[2025-11-11 10:02:14,480] INFO: [PROTOCOL] ✅ 完整發送 268 bytes
[2025-11-11 10:02:14,480] INFO: [PROTOCOL] 準備發送 264 bytes
[2025-11-11 10:02:14,480] INFO: [PROTOCOL] 已發送 268/268 bytes
[2025-11-11 10:02:14,480] INFO: [PROTOCOL] ✅ 完整發送 268 bytes
[2025-11-11 10:02:14,480] INFO: [PROTOCOL] 準備發送 264 bytes
[2025-11-11 10:02:14,480] INFO: [PROTOCOL] 已發送 268/268 bytes
[2025-11-11 10:02:14,480] INFO: [PROTOCOL] ✅ 完整發送 268 bytes
[2025-11-11 10:02:14,481] INFO: [PROTOCOL] 準備發送 264 bytes
[2025-11-11 10:02:14,481] INFO: [PROTOCOL] 已發送 268/268 bytes
[2025-11-11 10:02:14,481] INFO: [PROTOCOL] ✅ 完整發送 268 bytes
[2025-11-11 10:02:14,583] INFO: [PROTOCOL] 準備發送 264 bytes
[2025-11-11 10:02:14,583] INFO: [PROTOCOL] 已發送 268/268 bytes
[2025-11-11 10:02:14,583] INFO: [PROTOCOL] ✅ 完整發送 268 bytes
[2025-11-11 10:02:14,583] INFO: [PROTOCOL] 準備發送 264 bytes
[2025-11-11 10:02:14,583] INFO: [PROTOCOL] 已發送 268/268 bytes
[2025-11-11 10:02:14,583] INFO: [PROTOCOL] ✅ 完整發送 268 bytes
[2025-11-11 10:02:14,583] INFO: [PROTOCOL] 準備發送 264 bytes
[2025-11-11 10:02:14,583] INFO: [PROTOCOL] 已發送 268/268 bytes
[2025-11-11 10:02:14,583] INFO: [PROTOCOL] ✅ 完整發送 268 bytes
[2025-11-11 10:02:14,583] INFO: [PROTOCOL] 準備發送 264 bytes
[2025-11-11 10:02:14,583] INFO: [PROTOCOL] 已發送 268/268 bytes
[2025-11-11 10:02:14,583] INFO: [PROTOCOL] ✅ 完整發送 268 bytes
[2025-11-11 10:02:14,685] INFO: [PROTOCOL] 準備發送 264 bytes
[2025-11-11 10:02:14,685] INFO: [PROTOCOL] 已發送 268/268 bytes
[2025-11-11 10:02:14,685] INFO: [PROTOCOL] ✅ 完整發送 268 bytes
[2025-11-11 10:02:14,685] INFO: [PROTOCOL] 準備發送 264 bytes
[2025-11-11 10:02:14,686] INFO: [PROTOCOL] 已發送 268/268 bytes
[2025-11-11 10:02:14,686] INFO: [PROTOCOL] ✅ 完整發送 268 bytes
[2025-11-11 10:02:14,686] INFO: [PROTOCOL] 準備發送 264 bytes
[2025-11-11 10:02:14,686] INFO: [PROTOCOL] 已發送 268/268 bytes
[2025-11-11 10:02:14,686] INFO: [PROTOCOL] ✅ 完整發送 268 bytes
[2025-11-11 10:02:14,686] INFO: [PROTOCOL] 準備發送 264 bytes
[2025-11-11 10:02:14,686] INFO: [PROTOCOL] 已發送 268/268 bytes
[2025-11-11 10:02:14,686] INFO: [PROTOCOL] ✅ 完整發送 268 bytes
[2025-11-11 10:02:14,789] INFO: [PROTOCOL] 準備發送 264 bytes
[2025-11-11 10:02:14,789] INFO: [PROTOCOL] 已發送 268/268 bytes
[2025-11-11 10:02:14,790] INFO: [PROTOCOL] ✅ 完整發送 268 bytes
[2025-11-11 10:02:14,790] INFO: [PROTOCOL] 準備發送 264 bytes
[2025-11-11 10:02:14,790] INFO: [PROTOCOL] 已發送 268/268 bytes
[2025-11-11 10:02:14,790] INFO: [PROTOCOL] ✅ 完整發送 268 bytes
[2025-11-11 10:02:14,790] INFO: [PROTOCOL] 準備發送 264 bytes
[2025-11-11 10:02:14,790] INFO: [PROTOCOL] 已發送 268/268 bytes
[2025-11-11 10:02:14,790] INFO: [PROTOCOL] ✅ 完整發送 268 bytes
[2025-11-11 10:02:14,790] INFO: [PROTOCOL] 準備發送 264 bytes
[2025-11-11 10:02:14,790] INFO: [PROTOCOL] 已發送 268/268 bytes
[2025-11-11 10:02:14,790] INFO: [PROTOCOL] ✅ 完整發送 268 bytes
[2025-11-11 10:02:14,893] INFO: [PROTOCOL] 準備發送 264 bytes
[2025-11-11 10:02:14,893] INFO: [PROTOCOL] 已發送 268/268 bytes
[2025-11-11 10:02:14,893] INFO: [PROTOCOL] ✅ 完整發送 268 bytes
[2025-11-11 10:02:14,893] INFO: [PROTOCOL] 準備發送 264 bytes
[2025-11-11 10:02:14,893] INFO: [PROTOCOL] 已發送 268/268 bytes
[2025-11-11 10:02:14,893] INFO: [PROTOCOL] ✅ 完整發送 268 bytes
[2025-11-11 10:02:14,893] INFO: [PROTOCOL] 準備發送 264 bytes
[2025-11-11 10:02:14,893] INFO: [PROTOCOL] 已發送 268/268 bytes
[2025-11-11 10:02:14,893] INFO: [PROTOCOL] ✅ 完整發送 268 bytes
[2025-11-11 10:02:14,893] INFO: [PROTOCOL] 準備發送 264 bytes
[2025-11-11 10:02:14,893] INFO: [PROTOCOL] 已發送 268/268 bytes
[2025-11-11 10:02:14,893] INFO: [PROTOCOL] ✅ 完整發送 268 bytes
[2025-11-11 10:02:14,999] INFO: [PROTOCOL] 準備發送 263 bytes
[2025-11-11 10:02:14,999] INFO: [PROTOCOL] 已發送 267/267 bytes
[2025-11-11 10:02:14,999] INFO: [PROTOCOL] ✅ 完整發送 267 bytes
[2025-11-11 10:02:14,999] INFO: [PROTOCOL] 準備發送 263 bytes
[2025-11-11 10:02:14,999] INFO: [PROTOCOL] 已發送 267/267 bytes
[2025-11-11 10:02:14,999] INFO: [PROTOCOL] ✅ 完整發送 267 bytes
[2025-11-11 10:02:14,999] INFO: [PROTOCOL] 準備發送 263 bytes
[2025-11-11 10:02:14,999] INFO: [PROTOCOL] 已發送 267/267 bytes
[2025-11-11 10:02:14,999] INFO: [PROTOCOL] ✅ 完整發送 267 bytes
[2025-11-11 10:02:14,999] INFO: [PROTOCOL] 準備發送 263 bytes
[2025-11-11 10:02:14,999] INFO: [PROTOCOL] 已發送 267/267 bytes
[2025-11-11 10:02:14,999] INFO: [PROTOCOL] ✅ 完整發送 267 bytes
[2025-11-11 10:02:15,103] INFO: [PROTOCOL] 準備發送 263 bytes
[2025-11-11 10:02:15,103] INFO: [PROTOCOL] 已發送 267/267 bytes
[2025-11-11 10:02:15,103] INFO: [PROTOCOL] ✅ 完整發送 267 bytes
[2025-11-11 10:02:15,103] INFO: [PROTOCOL] 準備發送 263 bytes
[2025-11-11 10:02:15,103] INFO: [PROTOCOL] 已發送 267/267 bytes
[2025-11-11 10:02:15,103] INFO: [PROTOCOL] ✅ 完整發送 267 bytes
[2025-11-11 10:02:15,103] INFO: [PROTOCOL] 準備發送 263 bytes
[2025-11-11 10:02:15,103] INFO: [PROTOCOL] 已發送 267/267 bytes
[2025-11-11 10:02:15,103] INFO: [PROTOCOL] ✅ 完整發送 267 bytes
[2025-11-11 10:02:15,103] INFO: [PROTOCOL] 準備發送 263 bytes
[2025-11-11 10:02:15,103] INFO: [PROTOCOL] 已發送 267/267 bytes
[2025-11-11 10:02:15,103] INFO: [PROTOCOL] ✅ 完整發送 267 bytes
[2025-11-11 10:02:15,209] INFO: [PROTOCOL] 準備發送 263 bytes
[2025-11-11 10:02:15,210] INFO: [PROTOCOL] 已發送 267/267 bytes
[2025-11-11 10:02:15,210] INFO: [PROTOCOL] ✅ 完整發送 267 bytes
[2025-11-11 10:02:15,210] INFO: [PROTOCOL] 準備發送 263 bytes
[2025-11-11 10:02:15,210] INFO: [PROTOCOL] 已發送 267/267 bytes
[2025-11-11 10:02:15,210] INFO: [PROTOCOL] ✅ 完整發送 267 bytes
[2025-11-11 10:02:15,210] INFO: [PROTOCOL] 準備發送 263 bytes
[2025-11-11 10:02:15,210] INFO: [PROTOCOL] 已發送 267/267 bytes
[2025-11-11 10:02:15,210] INFO: [PROTOCOL] ✅ 完整發送 267 bytes
[2025-11-11 10:02:15,210] INFO: [PROTOCOL] 準備發送 263 bytes
[2025-11-11 10:02:15,210] INFO: [PROTOCOL] 已發送 267/267 bytes
[2025-11-11 10:02:15,210] INFO: [PROTOCOL] ✅ 完整發送 267 bytes
[2025-11-11 10:02:15,314] INFO: [PROTOCOL] 準備發送 263 bytes
[2025-11-11 10:02:15,316] INFO: [PROTOCOL] 已發送 267/267 bytes
[2025-11-11 10:02:15,317] INFO: [PROTOCOL] ✅ 完整發送 267 bytes
[2025-11-11 10:02:15,317] INFO: [PROTOCOL] 準備發送 263 bytes
[2025-11-11 10:02:15,317] INFO: [PROTOCOL] 已發送 267/267 bytes
[2025-11-11 10:02:15,317] INFO: [PROTOCOL] ✅ 完整發送 267 bytes
[2025-11-11 10:02:15,317] INFO: [PROTOCOL] 準備發送 263 bytes
[2025-11-11 10:02:15,317] INFO: [PROTOCOL] 已發送 267/267 bytes
[2025-11-11 10:02:15,317] INFO: [PROTOCOL] ✅ 完整發送 267 bytes
[2025-11-11 10:02:15,317] INFO: [PROTOCOL] 準備發送 263 bytes
[2025-11-11 10:02:15,317] INFO: [PROTOCOL] 已發送 267/267 bytes
[2025-11-11 10:02:15,317] INFO: [PROTOCOL] ✅ 完整發送 267 bytes
[2025-11-11 10:02:15,422] INFO: [PROTOCOL] 準備發送 263 bytes
[2025-11-11 10:02:15,424] INFO: [PROTOCOL] 已發送 267/267 bytes
[2025-11-11 10:02:15,424] INFO: [PROTOCOL] ✅ 完整發送 267 bytes
[2025-11-11 10:02:15,424] INFO: [PROTOCOL] 準備發送 263 bytes
[2025-11-11 10:02:15,425] INFO: [PROTOCOL] 已發送 267/267 bytes
[2025-11-11 10:02:15,425] INFO: [PROTOCOL] ✅ 完整發送 267 bytes
[2025-11-11 10:02:15,425] INFO: [PROTOCOL] 準備發送 263 bytes
[2025-11-11 10:02:15,425] INFO: [PROTOCOL] 已發送 267/267 bytes
[2025-11-11 10:02:15,425] INFO: [PROTOCOL] ✅ 完整發送 267 bytes
[2025-11-11 10:02:15,425] INFO: [PROTOCOL] 準備發送 263 bytes
[2025-11-11 10:02:15,425] INFO: [PROTOCOL] 已發送 267/267 bytes
[2025-11-11 10:02:15,425] INFO: [PROTOCOL] ✅ 完整發送 267 bytes
[2025-11-11 10:02:15,529] INFO: [PROTOCOL] 準備發送 265 bytes
[2025-11-11 10:02:15,529] INFO: [PROTOCOL] 已發送 269/269 bytes
[2025-11-11 10:02:15,529] INFO: [PROTOCOL] ✅ 完整發送 269 bytes
[2025-11-11 10:02:15,529] INFO: [PROTOCOL] 準備發送 265 bytes
[2025-11-11 10:02:15,529] INFO: [PROTOCOL] 已發送 269/269 bytes
[2025-11-11 10:02:15,529] INFO: [PROTOCOL] ✅ 完整發送 269 bytes
[2025-11-11 10:02:15,529] INFO: [PROTOCOL] 準備發送 265 bytes
[2025-11-11 10:02:15,529] INFO: [PROTOCOL] 已發送 269/269 bytes
[2025-11-11 10:02:15,529] INFO: [PROTOCOL] ✅ 完整發送 269 bytes
[2025-11-11 10:02:15,529] INFO: [PROTOCOL] 準備發送 265 bytes
[2025-11-11 10:02:15,529] INFO: [PROTOCOL] 已發送 269/269 bytes
[2025-11-11 10:02:15,529] INFO: [PROTOCOL] ✅ 完整發送 269 bytes
[2025-11-11 10:02:15,631] INFO: [PROTOCOL] 準備發送 265 bytes
[2025-11-11 10:02:15,631] INFO: [PROTOCOL] 已發送 269/269 bytes
[2025-11-11 10:02:15,631] INFO: [PROTOCOL] ✅ 完整發送 269 bytes
[2025-11-11 10:02:15,631] INFO: [PROTOCOL] 準備發送 265 bytes
[2025-11-11 10:02:15,631] INFO: [PROTOCOL] 已發送 269/269 bytes
[2025-11-11 10:02:15,631] INFO: [PROTOCOL] ✅ 完整發送 269 bytes
[2025-11-11 10:02:15,631] INFO: [PROTOCOL] 準備發送 265 bytes
[2025-11-11 10:02:15,631] INFO: [PROTOCOL] 已發送 269/269 bytes
[2025-11-11 10:02:15,631] INFO: [PROTOCOL] ✅ 完整發送 269 bytes
[2025-11-11 10:02:15,631] INFO: [PROTOCOL] 準備發送 265 bytes
[2025-11-11 10:02:15,631] INFO: [PROTOCOL] 已發送 269/269 bytes
[2025-11-11 10:02:15,631] INFO: [PROTOCOL] ✅ 完整發送 269 bytes
[2025-11-11 10:02:15,735] INFO: [PROTOCOL] 準備發送 265 bytes
[2025-11-11 10:02:15,736] INFO: [PROTOCOL] 已發送 269/269 bytes
[2025-11-11 10:02:15,736] INFO: [PROTOCOL] ✅ 完整發送 269 bytes
[2025-11-11 10:02:15,738] INFO: [PROTOCOL] 準備發送 265 bytes
[2025-11-11 10:02:15,738] INFO: [PROTOCOL] 已發送 269/269 bytes
[2025-11-11 10:02:15,738] INFO: [PROTOCOL] ✅ 完整發送 269 bytes
[2025-11-11 10:02:15,738] INFO: [PROTOCOL] 準備發送 265 bytes
[2025-11-11 10:02:15,738] INFO: [PROTOCOL] 已發送 269/269 bytes
[2025-11-11 10:02:15,738] INFO: [PROTOCOL] ✅ 完整發送 269 bytes
[2025-11-11 10:02:15,738] INFO: [PROTOCOL] 準備發送 265 bytes
[2025-11-11 10:02:15,740] INFO: [PROTOCOL] 已發送 269/269 bytes
[2025-11-11 10:02:15,740] INFO: [PROTOCOL] ✅ 完整發送 269 bytes
[2025-11-11 10:02:15,845] INFO: [PROTOCOL] 準備發送 265 bytes
[2025-11-11 10:02:15,845] INFO: [PROTOCOL] 已發送 269/269 bytes
[2025-11-11 10:02:15,845] INFO: [PROTOCOL] ✅ 完整發送 269 bytes
[2025-11-11 10:02:15,845] INFO: [PROTOCOL] 準備發送 265 bytes
[2025-11-11 10:02:15,845] INFO: [PROTOCOL] 已發送 269/269 bytes
[2025-11-11 10:02:15,845] INFO: [PROTOCOL] ✅ 完整發送 269 bytes
[2025-11-11 10:02:15,845] INFO: [PROTOCOL] 準備發送 265 bytes
[2025-11-11 10:02:15,845] INFO: [PROTOCOL] 已發送 269/269 bytes
[2025-11-11 10:02:15,845] INFO: [PROTOCOL] ✅ 完整發送 269 bytes
[2025-11-11 10:02:15,845] INFO: [PROTOCOL] 準備發送 265 bytes
[2025-11-11 10:02:15,845] INFO: [PROTOCOL] 已發送 269/269 bytes
[2025-11-11 10:02:15,845] INFO: [PROTOCOL] ✅ 完整發送 269 bytes
[2025-11-11 10:02:15,951] INFO: [PROTOCOL] 準備發送 265 bytes
[2025-11-11 10:02:15,951] INFO: [PROTOCOL] 已發送 269/269 bytes
[2025-11-11 10:02:15,951] INFO: [PROTOCOL] ✅ 完整發送 269 bytes
[2025-11-11 10:02:15,951] INFO: [PROTOCOL] 準備發送 265 bytes
[2025-11-11 10:02:15,951] INFO: [PROTOCOL] 已發送 269/269 bytes
[2025-11-11 10:02:15,951] INFO: [PROTOCOL] ✅ 完整發送 269 bytes
[2025-11-11 10:02:15,951] INFO: [PROTOCOL] 準備發送 265 bytes
[2025-11-11 10:02:15,951] INFO: [PROTOCOL] 已發送 269/269 bytes
[2025-11-11 10:02:15,951] INFO: [PROTOCOL] ✅ 完整發送 269 bytes
[2025-11-11 10:02:15,951] INFO: [PROTOCOL] 準備發送 265 bytes
[2025-11-11 10:02:15,952] INFO: [PROTOCOL] 已發送 269/269 bytes
[2025-11-11 10:02:15,952] INFO: [PROTOCOL] ✅ 完整發送 269 bytes
[2025-11-11 10:02:16,056] INFO: [PROTOCOL] 準備發送 265 bytes
[2025-11-11 10:02:16,056] INFO: [PROTOCOL] 已發送 269/269 bytes
[2025-11-11 10:02:16,056] INFO: [PROTOCOL] ✅ 完整發送 269 bytes
[2025-11-11 10:02:16,056] INFO: [PROTOCOL] 準備發送 265 bytes
[2025-11-11 10:02:16,056] INFO: [PROTOCOL] 已發送 269/269 bytes
[2025-11-11 10:02:16,056] INFO: [PROTOCOL] ✅ 完整發送 269 bytes
[2025-11-11 10:02:16,056] INFO: [PROTOCOL] 準備發送 265 bytes
[2025-11-11 10:02:16,056] INFO: [PROTOCOL] 已發送 269/269 bytes
[2025-11-11 10:02:16,056] INFO: [PROTOCOL] ✅ 完整發送 269 bytes
[2025-11-11 10:02:16,056] INFO: [PROTOCOL] 準備發送 265 bytes
[2025-11-11 10:02:16,056] INFO: [PROTOCOL] 已發送 269/269 bytes
[2025-11-11 10:02:16,056] INFO: [PROTOCOL] ✅ 完整發送 269 bytes
[2025-11-11 10:02:16,160] INFO: [PROTOCOL] 準備發送 265 bytes
[2025-11-11 10:02:16,160] INFO: [PROTOCOL] 已發送 269/269 bytes
[2025-11-11 10:02:16,160] INFO: [PROTOCOL] ✅ 完整發送 269 bytes
[2025-11-11 10:02:16,160] INFO: [PROTOCOL] 準備發送 265 bytes
[2025-11-11 10:02:16,160] INFO: [PROTOCOL] 已發送 269/269 bytes
[2025-11-11 10:02:16,160] INFO: [PROTOCOL] ✅ 完整發送 269 bytes
[2025-11-11 10:02:16,160] INFO: [PROTOCOL] 準備發送 265 bytes
[2025-11-11 10:02:16,160] INFO: [PROTOCOL] 已發送 269/269 bytes
[2025-11-11 10:02:16,160] INFO: [PROTOCOL] ✅ 完整發送 269 bytes
[2025-11-11 10:02:16,160] INFO: [PROTOCOL] 準備發送 265 bytes
[2025-11-11 10:02:16,160] INFO: [PROTOCOL] 已發送 269/269 bytes
[2025-11-11 10:02:16,160] INFO: [PROTOCOL] ✅ 完整發送 269 bytes
[2025-11-11 10:02:16,267] INFO: [PROTOCOL] 準備發送 265 bytes
[2025-11-11 10:02:16,267] INFO: [PROTOCOL] 已發送 269/269 bytes
[2025-11-11 10:02:16,267] INFO: [PROTOCOL] ✅ 完整發送 269 bytes
[2025-11-11 10:02:16,267] INFO: [PROTOCOL] 準備發送 265 bytes
[2025-11-11 10:02:16,267] INFO: [PROTOCOL] 已發送 269/269 bytes
[2025-11-11 10:02:16,267] INFO: [PROTOCOL] ✅ 完整發送 269 bytes
[2025-11-11 10:02:16,267] INFO: [PROTOCOL] 準備發送 265 bytes
[2025-11-11 10:02:16,268] INFO: [PROTOCOL] 已發送 269/269 bytes
[2025-11-11 10:02:16,268] INFO: [PROTOCOL] ✅ 完整發送 269 bytes
[2025-11-11 10:02:16,268] INFO: [PROTOCOL] 準備發送 265 bytes
[2025-11-11 10:02:16,268] INFO: [PROTOCOL] 已發送 269/269 bytes
[2025-11-11 10:02:16,268] INFO: [PROTOCOL] ✅ 完整發送 269 bytes
[2025-11-11 10:02:16,371] INFO: [PROTOCOL] 準備發送 265 bytes
[2025-11-11 10:02:16,371] INFO: [PROTOCOL] 已發送 269/269 bytes
[2025-11-11 10:02:16,371] INFO: [PROTOCOL] ✅ 完整發送 269 bytes
[2025-11-11 10:02:16,372] INFO: [PROTOCOL] 準備發送 265 bytes
[2025-11-11 10:02:16,372] INFO: [PROTOCOL] 已發送 269/269 bytes
[2025-11-11 10:02:16,372] INFO: [PROTOCOL] ✅ 完整發送 269 bytes
[2025-11-11 10:02:16,372] INFO: [PROTOCOL] 準備發送 265 bytes
[2025-11-11 10:02:16,372] INFO: [PROTOCOL] 已發送 269/269 bytes
[2025-11-11 10:02:16,372] INFO: [PROTOCOL] ✅ 完整發送 269 bytes
[2025-11-11 10:02:16,372] INFO: [PROTOCOL] 準備發送 265 bytes
[2025-11-11 10:02:16,372] INFO: [PROTOCOL] 已發送 269/269 bytes
[2025-11-11 10:02:16,372] INFO: [PROTOCOL] ✅ 完整發送 269 bytes
[2025-11-11 10:02:16,476] INFO: [PROTOCOL] 準備發送 265 bytes
[2025-11-11 10:02:16,476] INFO: [PROTOCOL] 已發送 269/269 bytes
[2025-11-11 10:02:16,476] INFO: [PROTOCOL] ✅ 完整發送 269 bytes
[2025-11-11 10:02:16,476] INFO: [PROTOCOL] 準備發送 265 bytes
[2025-11-11 10:02:16,476] INFO: [PROTOCOL] 已發送 269/269 bytes
[2025-11-11 10:02:16,476] INFO: [PROTOCOL] ✅ 完整發送 269 bytes
[2025-11-11 10:02:16,476] INFO: [PROTOCOL] 準備發送 265 bytes
[2025-11-11 10:02:16,476] INFO: [PROTOCOL] 已發送 269/269 bytes
[2025-11-11 10:02:16,476] INFO: [PROTOCOL] ✅ 完整發送 269 bytes
[2025-11-11 10:02:16,476] INFO: [PROTOCOL] 準備發送 265 bytes
[2025-11-11 10:02:16,476] INFO: [PROTOCOL] 已發送 269/269 bytes
[2025-11-11 10:02:16,476] INFO: [PROTOCOL] ✅ 完整發送 269 bytes
[2025-11-11 10:02:16,579] INFO: [PROTOCOL] 準備發送 265 bytes
[2025-11-11 10:02:16,579] INFO: [PROTOCOL] 已發送 269/269 bytes
[2025-11-11 10:02:16,579] INFO: [PROTOCOL] ✅ 完整發送 269 bytes
[2025-11-11 10:02:16,580] INFO: [PROTOCOL] 準備發送 265 bytes
[2025-11-11 10:02:16,580] INFO: [PROTOCOL] 已發送 269/269 bytes
[2025-11-11 10:02:16,580] INFO: [PROTOCOL] ✅ 完整發送 269 bytes
[2025-11-11 10:02:16,580] INFO: [PROTOCOL] 準備發送 265 bytes
[2025-11-11 10:02:16,580] INFO: [PROTOCOL] 已發送 269/269 bytes
[2025-11-11 10:02:16,580] INFO: [PROTOCOL] ✅ 完整發送 269 bytes
[2025-11-11 10:02:16,580] INFO: [PROTOCOL] 準備發送 265 bytes
[2025-11-11 10:02:16,580] INFO: [PROTOCOL] 已發送 269/269 bytes
[2025-11-11 10:02:16,580] INFO: [PROTOCOL] ✅ 完整發送 269 bytes
[2025-11-11 10:02:16,686] INFO: [PROTOCOL] 準備發送 265 bytes
[2025-11-11 10:02:16,686] INFO: [PROTOCOL] 已發送 269/269 bytes
[2025-11-11 10:02:16,686] INFO: [PROTOCOL] ✅ 完整發送 269 bytes
[2025-11-11 10:02:16,686] INFO: [PROTOCOL] 準備發送 265 bytes
[2025-11-11 10:02:16,686] INFO: [PROTOCOL] 已發送 269/269 bytes
[2025-11-11 10:02:16,686] INFO: [PROTOCOL] ✅ 完整發送 269 bytes
[2025-11-11 10:02:16,686] INFO: [PROTOCOL] 準備發送 265 bytes
[2025-11-11 10:02:16,686] INFO: [PROTOCOL] 已發送 269/269 bytes
[2025-11-11 10:02:16,687] INFO: [PROTOCOL] ✅ 完整發送 269 bytes
[2025-11-11 10:02:16,687] INFO: [PROTOCOL] 準備發送 265 bytes
[2025-11-11 10:02:16,687] INFO: [PROTOCOL] 已發送 269/269 bytes
[2025-11-11 10:02:16,687] INFO: [PROTOCOL] ✅ 完整發送 269 bytes
[2025-11-11 10:02:16,791] INFO: [PROTOCOL] 準備發送 265 bytes
[2025-11-11 10:02:16,791] INFO: [PROTOCOL] 已發送 269/269 bytes
[2025-11-11 10:02:16,791] INFO: [PROTOCOL] ✅ 完整發送 269 bytes
[2025-11-11 10:02:16,791] INFO: [PROTOCOL] 準備發送 265 bytes
[2025-11-11 10:02:16,791] INFO: [PROTOCOL] 已發送 269/269 bytes
[2025-11-11 10:02:16,791] INFO: [PROTOCOL] ✅ 完整發送 269 bytes
[2025-11-11 10:02:16,791] INFO: [PROTOCOL] 準備發送 265 bytes
[2025-11-11 10:02:16,791] INFO: [PROTOCOL] 已發送 269/269 bytes
[2025-11-11 10:02:16,791] INFO: [PROTOCOL] ✅ 完整發送 269 bytes
[2025-11-11 10:02:16,791] INFO: [PROTOCOL] 準備發送 265 bytes
[2025-11-11 10:02:16,791] INFO: [PROTOCOL] 已發送 269/269 bytes
[2025-11-11 10:02:16,791] INFO: [PROTOCOL] ✅ 完整發送 269 bytes
[2025-11-11 10:02:16,896] INFO: [PROTOCOL] 準備發送 265 bytes
[2025-11-11 10:02:16,897] INFO: [PROTOCOL] 已發送 269/269 bytes
[2025-11-11 10:02:16,897] INFO: [PROTOCOL] ✅ 完整發送 269 bytes
[2025-11-11 10:02:16,897] INFO: [PROTOCOL] 準備發送 265 bytes
[2025-11-11 10:02:16,897] INFO: [PROTOCOL] 已發送 269/269 bytes
[2025-11-11 10:02:16,897] INFO: [PROTOCOL] ✅ 完整發送 269 bytes
[2025-11-11 10:02:16,897] INFO: [PROTOCOL] 準備發送 265 bytes
[2025-11-11 10:02:16,897] INFO: [PROTOCOL] 已發送 269/269 bytes
[2025-11-11 10:02:16,897] INFO: [PROTOCOL] ✅ 完整發送 269 bytes
[2025-11-11 10:02:16,897] INFO: [PROTOCOL] 準備發送 265 bytes
[2025-11-11 10:02:16,897] INFO: [PROTOCOL] 已發送 269/269 bytes
[2025-11-11 10:02:16,897] INFO: [PROTOCOL] ✅ 完整發送 269 bytes
[2025-11-11 10:02:17,002] INFO: [PROTOCOL] 準備發送 265 bytes
[2025-11-11 10:02:17,003] INFO: [PROTOCOL] 已發送 269/269 bytes
[2025-11-11 10:02:17,003] INFO: [PROTOCOL] ✅ 完整發送 269 bytes
[2025-11-11 10:02:17,003] INFO: [PROTOCOL] 準備發送 265 bytes
[2025-11-11 10:02:17,004] INFO: [PROTOCOL] 已發送 269/269 bytes
[2025-11-11 10:02:17,004] INFO: [PROTOCOL] ✅ 完整發送 269 bytes
[2025-11-11 10:02:17,004] INFO: [PROTOCOL] 準備發送 265 bytes
[2025-11-11 10:02:17,004] INFO: [PROTOCOL] 已發送 269/269 bytes
[2025-11-11 10:02:17,004] INFO: [PROTOCOL] ✅ 完整發送 269 bytes
[2025-11-11 10:02:17,004] INFO: [PROTOCOL] 準備發送 265 bytes
[2025-11-11 10:02:17,004] INFO: [PROTOCOL] 已發送 269/269 bytes
[2025-11-11 10:02:17,004] INFO: [PROTOCOL] ✅ 完整發送 269 bytes
[2025-11-11 10:02:17,108] INFO: [PROTOCOL] 準備發送 265 bytes
[2025-11-11 10:02:17,108] INFO: [PROTOCOL] 已發送 269/269 bytes
[2025-11-11 10:02:17,108] INFO: [PROTOCOL] ✅ 完整發送 269 bytes
[2025-11-11 10:02:17,108] INFO: [PROTOCOL] 準備發送 265 bytes
[2025-11-11 10:02:17,108] INFO: [PROTOCOL] 已發送 269/269 bytes
[2025-11-11 10:02:17,108] INFO: [PROTOCOL] ✅ 完整發送 269 bytes
[2025-11-11 10:02:17,108] INFO: [PROTOCOL] 準備發送 265 bytes
[2025-11-11 10:02:17,108] INFO: [PROTOCOL] 已發送 269/269 bytes
[2025-11-11 10:02:17,108] INFO: [PROTOCOL] ✅ 完整發送 269 bytes
[2025-11-11 10:02:17,108] INFO: [PROTOCOL] 準備發送 265 bytes
[2025-11-11 10:02:17,109] INFO: [PROTOCOL] 已發送 269/269 bytes
[2025-11-11 10:02:17,109] INFO: [PROTOCOL] ✅ 完整發送 269 bytes
[2025-11-11 10:02:17,217] INFO: [PROTOCOL] 準備發送 265 bytes
[2025-11-11 10:02:17,217] INFO: [PROTOCOL] 已發送 269/269 bytes
[2025-11-11 10:02:17,217] INFO: [PROTOCOL] ✅ 完整發送 269 bytes
[2025-11-11 10:02:17,217] INFO: [PROTOCOL] 準備發送 265 bytes
[2025-11-11 10:02:17,218] INFO: [PROTOCOL] 已發送 269/269 bytes
[2025-11-11 10:02:17,218] INFO: [PROTOCOL] ✅ 完整發送 269 bytes
[2025-11-11 10:02:17,218] INFO: [PROTOCOL] 準備發送 265 bytes
[2025-11-11 10:02:17,218] INFO: [PROTOCOL] 已發送 269/269 bytes
[2025-11-11 10:02:17,218] INFO: [PROTOCOL] ✅ 完整發送 269 bytes
[2025-11-11 10:02:17,218] INFO: [PROTOCOL] 準備發送 265 bytes
[2025-11-11 10:02:17,218] INFO: [PROTOCOL] 已發送 269/269 bytes
[2025-11-11 10:02:17,218] INFO: [PROTOCOL] ✅ 完整發送 269 bytes
[2025-11-11 10:02:17,323] INFO: [PROTOCOL] 準備發送 265 bytes
[2025-11-11 10:02:17,323] INFO: [PROTOCOL] 已發送 269/269 bytes
[2025-11-11 10:02:17,323] INFO: [PROTOCOL] ✅ 完整發送 269 bytes
[2025-11-11 10:02:17,323] INFO: [PROTOCOL] 準備發送 265 bytes
[2025-11-11 10:02:17,323] INFO: [PROTOCOL] 已發送 269/269 bytes
[2025-11-11 10:02:17,323] INFO: [PROTOCOL] ✅ 完整發送 269 bytes
[2025-11-11 10:02:17,323] INFO: [PROTOCOL] 準備發送 265 bytes
[2025-11-11 10:02:17,323] INFO: [PROTOCOL] 已發送 269/269 bytes
[2025-11-11 10:02:17,323] INFO: [PROTOCOL] ✅ 完整發送 269 bytes
[2025-11-11 10:02:17,323] INFO: [PROTOCOL] 準備發送 265 bytes
[2025-11-11 10:02:17,323] INFO: [PROTOCOL] 已發送 269/269 bytes
[2025-11-11 10:02:17,323] INFO: [PROTOCOL] ✅ 完整發送 269 bytes
[2025-11-11 10:02:17,425] INFO: [PROTOCOL] 準備發送 265 bytes
[2025-11-11 10:02:17,425] INFO: [PROTOCOL] 已發送 269/269 bytes
[2025-11-11 10:02:17,425] INFO: [PROTOCOL] ✅ 完整發送 269 bytes
[2025-11-11 10:02:17,425] INFO: [PROTOCOL] 準備發送 265 bytes
[2025-11-11 10:02:17,426] INFO: [PROTOCOL] 已發送 269/269 bytes
[2025-11-11 10:02:17,426] INFO: [PROTOCOL] ✅ 完整發送 269 bytes
[2025-11-11 10:02:17,426] INFO: [PROTOCOL] 準備發送 265 bytes
[2025-11-11 10:02:17,426] INFO: [PROTOCOL] 已發送 269/269 bytes
[2025-11-11 10:02:17,426] INFO: [PROTOCOL] ✅ 完整發送 269 bytes
[2025-11-11 10:02:17,426] INFO: [PROTOCOL] 準備發送 265 bytes
[2025-11-11 10:02:17,426] INFO: [PROTOCOL] 已發送 269/269 bytes
[2025-11-11 10:02:17,426] INFO: [PROTOCOL] ✅ 完整發送 269 bytes
[2025-11-11 10:02:17,530] INFO: [PROTOCOL] 準備發送 265 bytes
[2025-11-11 10:02:17,530] INFO: [PROTOCOL] 已發送 269/269 bytes
[2025-11-11 10:02:17,530] INFO: [PROTOCOL] ✅ 完整發送 269 bytes
[2025-11-11 10:02:17,530] INFO: [PROTOCOL] 準備發送 265 bytes
[2025-11-11 10:02:17,530] INFO: [PROTOCOL] 已發送 269/269 bytes
[2025-11-11 10:02:17,530] INFO: [PROTOCOL] ✅ 完整發送 269 bytes
[2025-11-11 10:02:17,530] INFO: [PROTOCOL] 準備發送 265 bytes
[2025-11-11 10:02:17,530] INFO: [PROTOCOL] 已發送 269/269 bytes
[2025-11-11 10:02:17,531] INFO: [PROTOCOL] ✅ 完整發送 269 bytes
[2025-11-11 10:02:17,531] INFO: [PROTOCOL] 準備發送 265 bytes
[2025-11-11 10:02:17,531] INFO: [PROTOCOL] 已發送 269/269 bytes
[2025-11-11 10:02:17,531] INFO: [PROTOCOL] ✅ 完整發送 269 bytes
[2025-11-11 10:02:17,635] INFO: [PROTOCOL] 準備發送 265 bytes
[2025-11-11 10:02:17,635] INFO: [PROTOCOL] 已發送 269/269 bytes
[2025-11-11 10:02:17,635] INFO: [PROTOCOL] ✅ 完整發送 269 bytes
[2025-11-11 10:02:17,635] INFO: [PROTOCOL] 準備發送 265 bytes
[2025-11-11 10:02:17,635] INFO: [PROTOCOL] 已發送 269/269 bytes
[2025-11-11 10:02:17,636] INFO: [PROTOCOL] ✅ 完整發送 269 bytes
[2025-11-11 10:02:17,636] INFO: [PROTOCOL] 準備發送 265 bytes
[2025-11-11 10:02:17,636] INFO: [PROTOCOL] 已發送 269/269 bytes
[2025-11-11 10:02:17,636] INFO: [PROTOCOL] ✅ 完整發送 269 bytes
[2025-11-11 10:02:17,636] INFO: [PROTOCOL] 準備發送 265 bytes
[2025-11-11 10:02:17,636] INFO: [PROTOCOL] 已發送 269/269 bytes
[2025-11-11 10:02:17,636] INFO: [PROTOCOL] ✅ 完整發送 269 bytes
[2025-11-11 10:02:17,741] INFO: [PROTOCOL] 準備發送 265 bytes
[2025-11-11 10:02:17,741] INFO: [PROTOCOL] 已發送 269/269 bytes
[2025-11-11 10:02:17,741] INFO: [PROTOCOL] ✅ 完整發送 269 bytes
[2025-11-11 10:02:17,741] INFO: [PROTOCOL] 準備發送 265 bytes
[2025-11-11 10:02:17,741] INFO: [PROTOCOL] 已發送 269/269 bytes
[2025-11-11 10:02:17,742] INFO: [PROTOCOL] ✅ 完整發送 269 bytes
[2025-11-11 10:02:17,742] INFO: [PROTOCOL] 準備發送 265 bytes
[2025-11-11 10:02:17,742] INFO: [PROTOCOL] 已發送 269/269 bytes
[2025-11-11 10:02:17,742] INFO: [PROTOCOL] ✅ 完整發送 269 bytes
[2025-11-11 10:02:17,742] INFO: [PROTOCOL] 準備發送 265 bytes
[2025-11-11 10:02:17,742] INFO: [PROTOCOL] 已發送 269/269 bytes
[2025-11-11 10:02:17,742] INFO: [PROTOCOL] ✅ 完整發送 269 bytes
[2025-11-11 10:02:17,847] INFO: [PROTOCOL] 準備發送 265 bytes
[2025-11-11 10:02:17,848] INFO: [PROTOCOL] 已發送 269/269 bytes
[2025-11-11 10:02:17,848] INFO: [PROTOCOL] ✅ 完整發送 269 bytes
[2025-11-11 10:02:17,848] INFO: [PROTOCOL] 準備發送 265 bytes
[2025-11-11 10:02:17,848] INFO: [PROTOCOL] 已發送 269/269 bytes
[2025-11-11 10:02:17,848] INFO: [PROTOCOL] ✅ 完整發送 269 bytes
[2025-11-11 10:02:17,848] INFO: [PROTOCOL] 準備發送 265 bytes
[2025-11-11 10:02:17,848] INFO: [PROTOCOL] 已發送 269/269 bytes
[2025-11-11 10:02:17,849] INFO: [PROTOCOL] ✅ 完整發送 269 bytes
[2025-11-11 10:02:17,849] INFO: [PROTOCOL] 準備發送 265 bytes
[2025-11-11 10:02:17,849] INFO: [PROTOCOL] 已發送 269/269 bytes
[2025-11-11 10:02:17,849] INFO: [PROTOCOL] ✅ 完整發送 269 bytes
[2025-11-11 10:02:17,950] INFO: [PROTOCOL] 準備發送 265 bytes
[2025-11-11 10:02:17,951] INFO: [PROTOCOL] 已發送 269/269 bytes
[2025-11-11 10:02:17,951] INFO: [PROTOCOL] ✅ 完整發送 269 bytes
[2025-11-11 10:02:17,951] INFO: [PROTOCOL] 準備發送 265 bytes
[2025-11-11 10:02:17,951] INFO: [PROTOCOL] 已發送 269/269 bytes
[2025-11-11 10:02:17,951] INFO: [PROTOCOL] ✅ 完整發送 269 bytes
[2025-11-11 10:02:17,951] INFO: [PROTOCOL] 準備發送 265 bytes
[2025-11-11 10:02:17,951] INFO: [PROTOCOL] 已發送 269/269 bytes
[2025-11-11 10:02:17,951] INFO: [PROTOCOL] ✅ 完整發送 269 bytes
[2025-11-11 10:02:17,951] INFO: [PROTOCOL] 準備發送 265 bytes
[2025-11-11 10:02:17,951] INFO: [PROTOCOL] 已發送 269/269 bytes
[2025-11-11 10:02:17,952] INFO: [PROTOCOL] ✅ 完整發送 269 bytes
[2025-11-11 10:02:18,057] INFO: [PROTOCOL] 準備發送 265 bytes
[2025-11-11 10:02:18,058] INFO: [PROTOCOL] 已發送 269/269 bytes
[2025-11-11 10:02:18,058] INFO: [PROTOCOL] ✅ 完整發送 269 bytes
[2025-11-11 10:02:18,058] INFO: [PROTOCOL] 準備發送 265 bytes
[2025-11-11 10:02:18,058] INFO: [PROTOCOL] 已發送 269/269 bytes
[2025-11-11 10:02:18,058] INFO: [PROTOCOL] ✅ 完整發送 269 bytes
[2025-11-11 10:02:18,058] INFO: [PROTOCOL] 準備發送 265 bytes
[2025-11-11 10:02:18,059] INFO: [PROTOCOL] 已發送 269/269 bytes
[2025-11-11 10:02:18,059] INFO: [PROTOCOL] ✅ 完整發送 269 bytes
[2025-11-11 10:02:18,059] INFO: [PROTOCOL] 準備發送 265 bytes
[2025-11-11 10:02:18,059] INFO: [PROTOCOL] 已發送 269/269 bytes
[2025-11-11 10:02:18,059] INFO: [PROTOCOL] ✅ 完整發送 269 bytes
[2025-11-11 10:02:18,165] INFO: [PROTOCOL] 準備發送 265 bytes
[2025-11-11 10:02:18,166] INFO: [PROTOCOL] 已發送 269/269 bytes
[2025-11-11 10:02:18,166] INFO: [PROTOCOL] ✅ 完整發送 269 bytes
[2025-11-11 10:02:18,166] INFO: [PROTOCOL] 準備發送 265 bytes
[2025-11-11 10:02:18,166] INFO: [PROTOCOL] 已發送 269/269 bytes
[2025-11-11 10:02:18,166] INFO: [PROTOCOL] ✅ 完整發送 269 bytes
[2025-11-11 10:02:18,166] INFO: [PROTOCOL] 準備發送 265 bytes
[2025-11-11 10:02:18,166] INFO: [PROTOCOL] 已發送 269/269 bytes
[2025-11-11 10:02:18,166] INFO: [PROTOCOL] ✅ 完整發送 269 bytes
[2025-11-11 10:02:18,166] INFO: [PROTOCOL] 準備發送 265 bytes
[2025-11-11 10:02:18,166] INFO: [PROTOCOL] 已發送 269/269 bytes
[2025-11-11 10:02:18,166] INFO: [PROTOCOL] ✅ 完整發送 269 bytes
[2025-11-11 10:02:18,271] INFO: [PROTOCOL] 準備發送 265 bytes
[2025-11-11 10:02:18,271] INFO: [PROTOCOL] 已發送 269/269 bytes
[2025-11-11 10:02:18,271] INFO: [PROTOCOL] ✅ 完整發送 269 bytes
[2025-11-11 10:02:18,271] INFO: [PROTOCOL] 準備發送 265 bytes
[2025-11-11 10:02:18,271] INFO: [PROTOCOL] 已發送 269/269 bytes
[2025-11-11 10:02:18,271] INFO: [PROTOCOL] ✅ 完整發送 269 bytes
[2025-11-11 10:02:18,272] INFO: [PROTOCOL] 準備發送 265 bytes
[2025-11-11 10:02:18,272] INFO: [PROTOCOL] 已發送 269/269 bytes
[2025-11-11 10:02:18,272] INFO: [PROTOCOL] ✅ 完整發送 269 bytes
[2025-11-11 10:02:18,272] INFO: [PROTOCOL] 準備發送 265 bytes
[2025-11-11 10:02:18,272] INFO: [PROTOCOL] 已發送 269/269 bytes
[2025-11-11 10:02:18,272] INFO: [PROTOCOL] ✅ 完整發送 269 bytes
[2025-11-11 10:02:18,377] INFO: [PROTOCOL] 準備發送 265 bytes
[2025-11-11 10:02:18,377] INFO: [PROTOCOL] 已發送 269/269 bytes
[2025-11-11 10:02:18,377] INFO: [PROTOCOL] ✅ 完整發送 269 bytes
[2025-11-11 10:02:18,377] INFO: [PROTOCOL] 準備發送 265 bytes
[2025-11-11 10:02:18,377] INFO: [PROTOCOL] 已發送 269/269 bytes
[2025-11-11 10:02:18,377] INFO: [PROTOCOL] ✅ 完整發送 269 bytes
[2025-11-11 10:02:18,377] INFO: [PROTOCOL] 準備發送 265 bytes
[2025-11-11 10:02:18,377] INFO: [PROTOCOL] 已發送 269/269 bytes
[2025-11-11 10:02:18,377] INFO: [PROTOCOL] ✅ 完整發送 269 bytes
[2025-11-11 10:02:18,377] INFO: [PROTOCOL] 準備發送 265 bytes
[2025-11-11 10:02:18,377] INFO: [PROTOCOL] 已發送 269/269 bytes
[2025-11-11 10:02:18,377] INFO: [PROTOCOL] ✅ 完整發送 269 bytes
[2025-11-11 10:02:18,483] INFO: [PROTOCOL] 準備發送 265 bytes
[2025-11-11 10:02:18,483] INFO: [PROTOCOL] 已發送 269/269 bytes
[2025-11-11 10:02:18,483] INFO: [PROTOCOL] ✅ 完整發送 269 bytes
[2025-11-11 10:02:18,484] INFO: [PROTOCOL] 準備發送 265 bytes
[2025-11-11 10:02:18,485] INFO: [PROTOCOL] 已發送 269/269 bytes
[2025-11-11 10:02:18,485] INFO: [PROTOCOL] ✅ 完整發送 269 bytes
[2025-11-11 10:02:18,486] INFO: [PROTOCOL] 準備發送 265 bytes
[2025-11-11 10:02:18,486] INFO: [PROTOCOL] 已發送 269/269 bytes
[2025-11-11 10:02:18,486] INFO: [PROTOCOL] ✅ 完整發送 269 bytes
[2025-11-11 10:02:18,486] INFO: [PROTOCOL] 準備發送 265 bytes
[2025-11-11 10:02:18,486] INFO: [PROTOCOL] 已發送 269/269 bytes
[2025-11-11 10:02:18,486] INFO: [PROTOCOL] ✅ 完整發送 269 bytes
[2025-11-11 10:02:18,587] INFO: [PROTOCOL] 準備發送 265 bytes
[2025-11-11 10:02:18,587] INFO: [PROTOCOL] 已發送 269/269 bytes
[2025-11-11 10:02:18,587] INFO: [PROTOCOL] ✅ 完整發送 269 bytes
[2025-11-11 10:02:18,587] INFO: [PROTOCOL] 準備發送 265 bytes
[2025-11-11 10:02:18,587] INFO: [PROTOCOL] 已發送 269/269 bytes
[2025-11-11 10:02:18,587] INFO: [PROTOCOL] ✅ 完整發送 269 bytes
[2025-11-11 10:02:18,587] INFO: [PROTOCOL] 準備發送 265 bytes
[2025-11-11 10:02:18,587] INFO: [PROTOCOL] 已發送 269/269 bytes
[2025-11-11 10:02:18,587] INFO: [PROTOCOL] ✅ 完整發送 269 bytes
[2025-11-11 10:02:18,587] INFO: [PROTOCOL] 準備發送 265 bytes
[2025-11-11 10:02:18,587] INFO: [PROTOCOL] 已發送 269/269 bytes
[2025-11-11 10:02:18,587] INFO: [PROTOCOL] ✅ 完整發送 269 bytes
[2025-11-11 10:02:18,690] INFO: [PROTOCOL] 準備發送 265 bytes
[2025-11-11 10:02:18,691] INFO: [PROTOCOL] 已發送 269/269 bytes
[2025-11-11 10:02:18,691] INFO: [PROTOCOL] ✅ 完整發送 269 bytes
[2025-11-11 10:02:18,691] INFO: [PROTOCOL] 準備發送 265 bytes
[2025-11-11 10:02:18,691] INFO: [PROTOCOL] 已發送 269/269 bytes
[2025-11-11 10:02:18,691] INFO: [PROTOCOL] ✅ 完整發送 269 bytes
[2025-11-11 10:02:18,691] INFO: [PROTOCOL] 準備發送 265 bytes
[2025-11-11 10:02:18,691] INFO: [PROTOCOL] 已發送 269/269 bytes
[2025-11-11 10:02:18,691] INFO: [PROTOCOL] ✅ 完整發送 269 bytes
[2025-11-11 10:02:18,691] INFO: [PROTOCOL] 準備發送 265 bytes
[2025-11-11 10:02:18,691] INFO: [PROTOCOL] 已發送 269/269 bytes
[2025-11-11 10:02:18,691] INFO: [PROTOCOL] ✅ 完整發送 269 bytes
[2025-11-11 10:02:18,797] INFO: [PROTOCOL] 準備發送 265 bytes
[2025-11-11 10:02:18,797] INFO: [PROTOCOL] 已發送 269/269 bytes
[2025-11-11 10:02:18,797] INFO: [PROTOCOL] ✅ 完整發送 269 bytes
[2025-11-11 10:02:18,797] INFO: [PROTOCOL] 準備發送 265 bytes
[2025-11-11 10:02:18,797] INFO: [PROTOCOL] 已發送 269/269 bytes
[2025-11-11 10:02:18,797] INFO: [PROTOCOL] ✅ 完整發送 269 bytes
[2025-11-11 10:02:18,797] INFO: [PROTOCOL] 準備發送 265 bytes
[2025-11-11 10:02:18,797] INFO: [PROTOCOL] 已發送 269/269 bytes
[2025-11-11 10:02:18,797] INFO: [PROTOCOL] ✅ 完整發送 269 bytes
[2025-11-11 10:02:18,797] INFO: [PROTOCOL] 準備發送 265 bytes
[2025-11-11 10:02:18,797] INFO: [PROTOCOL] 已發送 269/269 bytes
[2025-11-11 10:02:18,797] INFO: [PROTOCOL] ✅ 完整發送 269 bytes
[2025-11-11 10:02:18,902] INFO: [PROTOCOL] 準備發送 265 bytes
[2025-11-11 10:02:18,902] INFO: [PROTOCOL] 已發送 269/269 bytes
[2025-11-11 10:02:18,902] INFO: [PROTOCOL] ✅ 完整發送 269 bytes
[2025-11-11 10:02:18,902] INFO: [PROTOCOL] 準備發送 265 bytes
[2025-11-11 10:02:18,902] INFO: [PROTOCOL] 已發送 269/269 bytes
[2025-11-11 10:02:18,902] INFO: [PROTOCOL] ✅ 完整發送 269 bytes
[2025-11-11 10:02:18,902] INFO: [PROTOCOL] 準備發送 265 bytes
[2025-11-11 10:02:18,902] INFO: [PROTOCOL] 已發送 269/269 bytes
[2025-11-11 10:02:18,902] INFO: [PROTOCOL] ✅ 完整發送 269 bytes
[2025-11-11 10:02:18,902] INFO: [PROTOCOL] 準備發送 265 bytes
[2025-11-11 10:02:18,902] INFO: [PROTOCOL] 已發送 269/269 bytes
[2025-11-11 10:02:18,902] INFO: [PROTOCOL] ✅ 完整發送 269 bytes
[2025-11-11 10:02:19,003] INFO: [PROTOCOL] 準備發送 265 bytes
[2025-11-11 10:02:19,003] INFO: [PROTOCOL] 已發送 269/269 bytes
[2025-11-11 10:02:19,003] INFO: [PROTOCOL] ✅ 完整發送 269 bytes
[2025-11-11 10:02:19,003] INFO: [PROTOCOL] 準備發送 265 bytes
[2025-11-11 10:02:19,003] INFO: [PROTOCOL] 已發送 269/269 bytes
[2025-11-11 10:02:19,003] INFO: [PROTOCOL] ✅ 完整發送 269 bytes
[2025-11-11 10:02:19,003] INFO: [PROTOCOL] 準備發送 265 bytes
[2025-11-11 10:02:19,003] INFO: [PROTOCOL] 已發送 269/269 bytes
[2025-11-11 10:02:19,003] INFO: [PROTOCOL] ✅ 完整發送 269 bytes
[2025-11-11 10:02:19,003] INFO: [PROTOCOL] 準備發送 265 bytes
[2025-11-11 10:02:19,003] INFO: [PROTOCOL] 已發送 269/269 bytes
[2025-11-11 10:02:19,003] INFO: [PROTOCOL] ✅ 完整發送 269 bytes
[2025-11-11 10:02:19,107] INFO: [PROTOCOL] 準備發送 265 bytes
[2025-11-11 10:02:19,108] INFO: [PROTOCOL] 已發送 269/269 bytes
[2025-11-11 10:02:19,108] INFO: [PROTOCOL] ✅ 完整發送 269 bytes
[2025-11-11 10:02:19,108] INFO: [PROTOCOL] 準備發送 265 bytes
[2025-11-11 10:02:19,108] INFO: [PROTOCOL] 已發送 269/269 bytes
[2025-11-11 10:02:19,108] INFO: [PROTOCOL] ✅ 完整發送 269 bytes
[2025-11-11 10:02:19,109] INFO: [PROTOCOL] 準備發送 265 bytes
[2025-11-11 10:02:19,109] INFO: [PROTOCOL] 已發送 269/269 bytes
[2025-11-11 10:02:19,109] INFO: [PROTOCOL] ✅ 完整發送 269 bytes
[2025-11-11 10:02:19,109] INFO: [PROTOCOL] 準備發送 265 bytes
[2025-11-11 10:02:19,109] INFO: [PROTOCOL] 已發送 269/269 bytes
[2025-11-11 10:02:19,109] INFO: [PROTOCOL] ✅ 完整發送 269 bytes
[2025-11-11 10:02:19,214] INFO: [PROTOCOL] 準備發送 265 bytes
[2025-11-11 10:02:19,214] INFO: [PROTOCOL] 已發送 269/269 bytes
[2025-11-11 10:02:19,214] INFO: [PROTOCOL] ✅ 完整發送 269 bytes
[2025-11-11 10:02:19,214] INFO: [PROTOCOL] 準備發送 265 bytes
[2025-11-11 10:02:19,214] INFO: [PROTOCOL] 已發送 269/269 bytes
[2025-11-11 10:02:19,214] INFO: [PROTOCOL] ✅ 完整發送 269 bytes
[2025-11-11 10:02:19,214] INFO: [PROTOCOL] 準備發送 265 bytes
[2025-11-11 10:02:19,214] INFO: [PROTOCOL] 已發送 269/269 bytes
[2025-11-11 10:02:19,215] INFO: [PROTOCOL] ✅ 完整發送 269 bytes
[2025-11-11 10:02:19,215] INFO: [PROTOCOL] 準備發送 265 bytes
[2025-11-11 10:02:19,215] INFO: [PROTOCOL] 已發送 269/269 bytes
[2025-11-11 10:02:19,215] INFO: [PROTOCOL] ✅ 完整發送 269 bytes
[2025-11-11 10:02:19,317] INFO: [PROTOCOL] 準備發送 265 bytes
[2025-11-11 10:02:19,318] INFO: [PROTOCOL] 已發送 269/269 bytes
[2025-11-11 10:02:19,318] INFO: [PROTOCOL] ✅ 完整發送 269 bytes
[2025-11-11 10:02:19,318] INFO: [PROTOCOL] 準備發送 265 bytes
[2025-11-11 10:02:19,318] INFO: [PROTOCOL] 已發送 269/269 bytes
[2025-11-11 10:02:19,318] INFO: [PROTOCOL] ✅ 完整發送 269 bytes
[2025-11-11 10:02:19,318] INFO: [PROTOCOL] 準備發送 265 bytes
[2025-11-11 10:02:19,318] INFO: [PROTOCOL] 已發送 269/269 bytes
[2025-11-11 10:02:19,318] INFO: [PROTOCOL] ✅ 完整發送 269 bytes
[2025-11-11 10:02:19,318] INFO: [PROTOCOL] 準備發送 265 bytes
[2025-11-11 10:02:19,318] INFO: [PROTOCOL] 已發送 269/269 bytes
[2025-11-11 10:02:19,318] INFO: [PROTOCOL] ✅ 完整發送 269 bytes
[2025-11-11 10:02:19,422] INFO: [PROTOCOL] 準備發送 265 bytes
[2025-11-11 10:02:19,422] INFO: [PROTOCOL] 已發送 269/269 bytes
[2025-11-11 10:02:19,422] INFO: [PROTOCOL] ✅ 完整發送 269 bytes
[2025-11-11 10:02:19,422] INFO: [PROTOCOL] 準備發送 265 bytes
[2025-11-11 10:02:19,422] INFO: [PROTOCOL] 已發送 269/269 bytes
[2025-11-11 10:02:19,422] INFO: [PROTOCOL] ✅ 完整發送 269 bytes
[2025-11-11 10:02:19,422] INFO: [PROTOCOL] 準備發送 265 bytes
[2025-11-11 10:02:19,422] INFO: [PROTOCOL] 已發送 269/269 bytes
[2025-11-11 10:02:19,422] INFO: [PROTOCOL] ✅ 完整發送 269 bytes
[2025-11-11 10:02:19,422] INFO: [PROTOCOL] 準備發送 265 bytes
[2025-11-11 10:02:19,423] INFO: [PROTOCOL] 已發送 269/269 bytes
[2025-11-11 10:02:19,423] INFO: [PROTOCOL] ✅ 完整發送 269 bytes
[2025-11-11 10:02:19,528] INFO: [PROTOCOL] 準備發送 265 bytes
[2025-11-11 10:02:19,528] INFO: [PROTOCOL] 已發送 269/269 bytes
[2025-11-11 10:02:19,528] INFO: [PROTOCOL] ✅ 完整發送 269 bytes
[2025-11-11 10:02:19,528] INFO: [PROTOCOL] 準備發送 265 bytes
[2025-11-11 10:02:19,528] INFO: [PROTOCOL] 已發送 269/269 bytes
[2025-11-11 10:02:19,528] INFO: [PROTOCOL] ✅ 完整發送 269 bytes
[2025-11-11 10:02:19,528] INFO: [PROTOCOL] 準備發送 265 bytes
[2025-11-11 10:02:19,528] INFO: [PROTOCOL] 已發送 269/269 bytes
[2025-11-11 10:02:19,528] INFO: [PROTOCOL] ✅ 完整發送 269 bytes
[2025-11-11 10:02:19,528] INFO: [PROTOCOL] 準備發送 265 bytes
[2025-11-11 10:02:19,528] INFO: [PROTOCOL] 已發送 269/269 bytes
[2025-11-11 10:02:19,528] INFO: [PROTOCOL] ✅ 完整發送 269 bytes
[2025-11-11 10:02:19,634] INFO: [PROTOCOL] 準備發送 264 bytes
[2025-11-11 10:02:19,634] INFO: [PROTOCOL] 已發送 268/268 bytes
[2025-11-11 10:02:19,634] INFO: [PROTOCOL] ✅ 完整發送 268 bytes
[2025-11-11 10:02:19,634] INFO: [PROTOCOL] 準備發送 264 bytes
[2025-11-11 10:02:19,634] INFO: [PROTOCOL] 已發送 268/268 bytes
[2025-11-11 10:02:19,634] INFO: [PROTOCOL] ✅ 完整發送 268 bytes
[2025-11-11 10:02:19,635] INFO: [PROTOCOL] 準備發送 264 bytes
[2025-11-11 10:02:19,635] INFO: [PROTOCOL] 已發送 268/268 bytes
[2025-11-11 10:02:19,635] INFO: [PROTOCOL] ✅ 完整發送 268 bytes
[2025-11-11 10:02:19,635] INFO: [PROTOCOL] 準備發送 264 bytes
[2025-11-11 10:02:19,635] INFO: [PROTOCOL] 已發送 268/268 bytes
[2025-11-11 10:02:19,635] INFO: [PROTOCOL] ✅ 完整發送 268 bytes
[2025-11-11 10:02:19,737] INFO: [PROTOCOL] 準備發送 264 bytes
[2025-11-11 10:02:19,737] INFO: [PROTOCOL] 已發送 268/268 bytes
[2025-11-11 10:02:19,737] INFO: [PROTOCOL] ✅ 完整發送 268 bytes
[2025-11-11 10:02:19,737] INFO: [PROTOCOL] 準備發送 264 bytes
[2025-11-11 10:02:19,737] INFO: [PROTOCOL] 已發送 268/268 bytes
[2025-11-11 10:02:19,737] INFO: [PROTOCOL] ✅ 完整發送 268 bytes
[2025-11-11 10:02:19,737] INFO: [PROTOCOL] 準備發送 264 bytes
[2025-11-11 10:02:19,737] INFO: [PROTOCOL] 已發送 268/268 bytes
[2025-11-11 10:02:19,737] INFO: [PROTOCOL] ✅ 完整發送 268 bytes
[2025-11-11 10:02:19,737] INFO: [PROTOCOL] 準備發送 264 bytes
[2025-11-11 10:02:19,737] INFO: [PROTOCOL] 已發送 268/268 bytes
[2025-11-11 10:02:19,737] INFO: [PROTOCOL] ✅ 完整發送 268 bytes
[2025-11-11 10:02:19,839] INFO: [PROTOCOL] 準備發送 264 bytes
[2025-11-11 10:02:19,839] INFO: [PROTOCOL] 已發送 268/268 bytes
[2025-11-11 10:02:19,840] INFO: [PROTOCOL] ✅ 完整發送 268 bytes
[2025-11-11 10:02:19,840] INFO: [PROTOCOL] 準備發送 264 bytes
[2025-11-11 10:02:19,840] INFO: [PROTOCOL] 已發送 268/268 bytes
[2025-11-11 10:02:19,840] INFO: [PROTOCOL] ✅ 完整發送 268 bytes
[2025-11-11 10:02:19,840] INFO: [PROTOCOL] 準備發送 264 bytes
[2025-11-11 10:02:19,840] INFO: [PROTOCOL] 已發送 268/268 bytes
[2025-11-11 10:02:19,840] INFO: [PROTOCOL] ✅ 完整發送 268 bytes
[2025-11-11 10:02:19,840] INFO: [PROTOCOL] 準備發送 264 bytes
[2025-11-11 10:02:19,840] INFO: [PROTOCOL] 已發送 268/268 bytes
[2025-11-11 10:02:19,840] INFO: [PROTOCOL] ✅ 完整發送 268 bytes
[2025-11-11 10:02:19,940] INFO: [PROTOCOL] 準備發送 264 bytes
[2025-11-11 10:02:19,941] INFO: [PROTOCOL] 已發送 268/268 bytes
[2025-11-11 10:02:19,941] INFO: [PROTOCOL] ✅ 完整發送 268 bytes
[2025-11-11 10:02:19,941] INFO: [PROTOCOL] 準備發送 264 bytes
[2025-11-11 10:02:19,941] INFO: [PROTOCOL] 已發送 268/268 bytes
[2025-11-11 10:02:19,941] INFO: [PROTOCOL] ✅ 完整發送 268 bytes
[2025-11-11 10:02:19,941] INFO: [PROTOCOL] 準備發送 264 bytes
[2025-11-11 10:02:19,941] INFO: [PROTOCOL] 已發送 268/268 bytes
[2025-11-11 10:02:19,941] INFO: [PROTOCOL] ✅ 完整發送 268 bytes
[2025-11-11 10:02:19,941] INFO: [PROTOCOL] 準備發送 264 bytes
[2025-11-11 10:02:19,941] INFO: [PROTOCOL] 已發送 268/268 bytes
[2025-11-11 10:02:19,941] INFO: [PROTOCOL] ✅ 完整發送 268 bytes
[2025-11-11 10:02:20,046] INFO: [PROTOCOL] 準備發送 279 bytes
[2025-11-11 10:02:20,047] INFO: [PROTOCOL] 已發送 283/283 bytes
[2025-11-11 10:02:20,047] INFO: [PROTOCOL] ✅ 完整發送 283 bytes
[2025-11-11 10:02:20,047] INFO: [PROTOCOL] 準備發送 279 bytes
[2025-11-11 10:02:20,047] INFO: [PROTOCOL] 已發送 283/283 bytes
[2025-11-11 10:02:20,047] INFO: [PROTOCOL] ✅ 完整發送 283 bytes
[2025-11-11 10:02:20,047] INFO: [PROTOCOL] 準備發送 279 bytes
[2025-11-11 10:02:20,047] INFO: [PROTOCOL] 已發送 283/283 bytes
[2025-11-11 10:02:20,047] INFO: [PROTOCOL] ✅ 完整發送 283 bytes
[2025-11-11 10:02:20,047] INFO: [PROTOCOL] 準備發送 279 bytes
[2025-11-11 10:02:20,047] INFO: [PROTOCOL] 已發送 283/283 bytes
[2025-11-11 10:02:20,047] INFO: [PROTOCOL] ✅ 完整發送 283 bytes
[2025-11-11 10:02:20,151] INFO: [PROTOCOL] 準備發送 279 bytes
[2025-11-11 10:02:20,152] INFO: [PROTOCOL] 已發送 283/283 bytes
[2025-11-11 10:02:20,152] INFO: [PROTOCOL] ✅ 完整發送 283 bytes
[2025-11-11 10:02:20,152] INFO: [PROTOCOL] 準備發送 279 bytes
[2025-11-11 10:02:20,152] INFO: [PROTOCOL] 已發送 283/283 bytes
[2025-11-11 10:02:20,152] INFO: [PROTOCOL] ✅ 完整發送 283 bytes
[2025-11-11 10:02:20,152] INFO: [PROTOCOL] 準備發送 279 bytes
[2025-11-11 10:02:20,153] INFO: [PROTOCOL] 已發送 283/283 bytes
[2025-11-11 10:02:20,153] INFO: [PROTOCOL] ✅ 完整發送 283 bytes
[2025-11-11 10:02:20,153] INFO: [PROTOCOL] 準備發送 279 bytes
[2025-11-11 10:02:20,153] INFO: [PROTOCOL] 已發送 283/283 bytes
[2025-11-11 10:02:20,153] INFO: [PROTOCOL] ✅ 完整發送 283 bytes
[2025-11-11 10:02:20,259] INFO: [PROTOCOL] 準備發送 279 bytes
[2025-11-11 10:02:20,260] INFO: [PROTOCOL] 已發送 283/283 bytes
[2025-11-11 10:02:20,260] INFO: [PROTOCOL] ✅ 完整發送 283 bytes
[2025-11-11 10:02:20,260] INFO: [PROTOCOL] 準備發送 279 bytes
[2025-11-11 10:02:20,261] INFO: [PROTOCOL] 已發送 283/283 bytes
[2025-11-11 10:02:20,261] INFO: [PROTOCOL] ✅ 完整發送 283 bytes
[2025-11-11 10:02:20,261] INFO: [PROTOCOL] 準備發送 279 bytes
[2025-11-11 10:02:20,262] INFO: [PROTOCOL] 已發送 283/283 bytes
[2025-11-11 10:02:20,262] INFO: [PROTOCOL] ✅ 完整發送 283 bytes
[2025-11-11 10:02:20,262] INFO: [PROTOCOL] 準備發送 279 bytes
[2025-11-11 10:02:20,262] INFO: [PROTOCOL] 已發送 283/283 bytes
[2025-11-11 10:02:20,262] INFO: [PROTOCOL] ✅ 完整發送 283 bytes
[2025-11-11 10:02:20,367] INFO: [PROTOCOL] 準備發送 279 bytes
[2025-11-11 10:02:20,367] INFO: [PROTOCOL] 已發送 283/283 bytes
[2025-11-11 10:02:20,367] INFO: [PROTOCOL] ✅ 完整發送 283 bytes
[2025-11-11 10:02:20,367] INFO: [PROTOCOL] 準備發送 279 bytes
[2025-11-11 10:02:20,367] INFO: [PROTOCOL] 已發送 283/283 bytes
[2025-11-11 10:02:20,367] INFO: [PROTOCOL] ✅ 完整發送 283 bytes
[2025-11-11 10:02:20,367] INFO: [PROTOCOL] 準備發送 279 bytes
[2025-11-11 10:02:20,367] INFO: [PROTOCOL] 已發送 283/283 bytes
[2025-11-11 10:02:20,367] INFO: [PROTOCOL] ✅ 完整發送 283 bytes
[2025-11-11 10:02:20,367] INFO: [PROTOCOL] 準備發送 279 bytes
[2025-11-11 10:02:20,368] INFO: [PROTOCOL] 已發送 283/283 bytes
[2025-11-11 10:02:20,368] INFO: [PROTOCOL] ✅ 完整發送 283 bytes
[2025-11-11 10:02:20,473] INFO: [PROTOCOL] 準備發送 279 bytes
[2025-11-11 10:02:20,473] INFO: [PROTOCOL] 已發送 283/283 bytes
[2025-11-11 10:02:20,473] INFO: [PROTOCOL] ✅ 完整發送 283 bytes
[2025-11-11 10:02:20,473] INFO: [PROTOCOL] 準備發送 279 bytes
[2025-11-11 10:02:20,473] INFO: [PROTOCOL] 已發送 283/283 bytes
[2025-11-11 10:02:20,473] INFO: [PROTOCOL] ✅ 完整發送 283 bytes
[2025-11-11 10:02:20,473] INFO: [PROTOCOL] 準備發送 279 bytes
[2025-11-11 10:02:20,473] INFO: [PROTOCOL] 已發送 283/283 bytes
[2025-11-11 10:02:20,473] INFO: [PROTOCOL] ✅ 完整發送 283 bytes
[2025-11-11 10:02:20,473] INFO: [PROTOCOL] 準備發送 279 bytes
[2025-11-11 10:02:20,473] INFO: [PROTOCOL] 已發送 283/283 bytes
[2025-11-11 10:02:20,473] INFO: [PROTOCOL] ✅ 完整發送 283 bytes
[2025-11-11 10:02:20,575] INFO: [PROTOCOL] 準備發送 280 bytes
[2025-11-11 10:02:20,575] INFO: [PROTOCOL] 已發送 284/284 bytes
[2025-11-11 10:02:20,575] INFO: [PROTOCOL] ✅ 完整發送 284 bytes
[2025-11-11 10:02:20,575] INFO: [PROTOCOL] 準備發送 280 bytes
[2025-11-11 10:02:20,575] INFO: [PROTOCOL] 已發送 284/284 bytes
[2025-11-11 10:02:20,575] INFO: [PROTOCOL] ✅ 完整發送 284 bytes
[2025-11-11 10:02:20,575] INFO: [PROTOCOL] 準備發送 280 bytes
[2025-11-11 10:02:20,575] INFO: [PROTOCOL] 已發送 284/284 bytes
[2025-11-11 10:02:20,575] INFO: [PROTOCOL] ✅ 完整發送 284 bytes
[2025-11-11 10:02:20,575] INFO: [PROTOCOL] 準備發送 280 bytes
[2025-11-11 10:02:20,575] INFO: [PROTOCOL] 已發送 284/284 bytes
[2025-11-11 10:02:20,575] INFO: [PROTOCOL] ✅ 完整發送 284 bytes
[2025-11-11 10:02:20,681] INFO: [PROTOCOL] 準備發送 280 bytes
[2025-11-11 10:02:20,681] INFO: [PROTOCOL] 已發送 284/284 bytes
[2025-11-11 10:02:20,681] INFO: [PROTOCOL] ✅ 完整發送 284 bytes
[2025-11-11 10:02:20,681] INFO: [PROTOCOL] 準備發送 280 bytes
[2025-11-11 10:02:20,681] INFO: [PROTOCOL] 已發送 284/284 bytes
[2025-11-11 10:02:20,681] INFO: [PROTOCOL] ✅ 完整發送 284 bytes
[2025-11-11 10:02:20,681] INFO: [PROTOCOL] 準備發送 280 bytes
[2025-11-11 10:02:20,681] INFO: [PROTOCOL] 已發送 284/284 bytes
[2025-11-11 10:02:20,681] INFO: [PROTOCOL] ✅ 完整發送 284 bytes
[2025-11-11 10:02:20,681] INFO: [PROTOCOL] 準備發送 280 bytes
[2025-11-11 10:02:20,681] INFO: [PROTOCOL] 已發送 284/284 bytes
[2025-11-11 10:02:20,681] INFO: [PROTOCOL] ✅ 完整發送 284 bytes
[2025-11-11 10:02:20,786] INFO: [PROTOCOL] 準備發送 280 bytes
[2025-11-11 10:02:20,787] INFO: [PROTOCOL] 已發送 284/284 bytes
[2025-11-11 10:02:20,787] INFO: [PROTOCOL] ✅ 完整發送 284 bytes
[2025-11-11 10:02:20,787] INFO: [PROTOCOL] 準備發送 280 bytes
[2025-11-11 10:02:20,787] INFO: [PROTOCOL] 已發送 284/284 bytes
[2025-11-11 10:02:20,788] INFO: [PROTOCOL] ✅ 完整發送 284 bytes
[2025-11-11 10:02:20,788] INFO: [PROTOCOL] 準備發送 280 bytes
[2025-11-11 10:02:20,788] INFO: [PROTOCOL] 已發送 284/284 bytes
[2025-11-11 10:02:20,788] INFO: [PROTOCOL] ✅ 完整發送 284 bytes
[2025-11-11 10:02:20,788] INFO: [PROTOCOL] 準備發送 280 bytes
[2025-11-11 10:02:20,788] INFO: [PROTOCOL] 已發送 284/284 bytes
[2025-11-11 10:02:20,789] INFO: [PROTOCOL] ✅ 完整發送 284 bytes
[2025-11-11 10:02:20,894] INFO: [PROTOCOL] 準備發送 281 bytes
[2025-11-11 10:02:20,894] INFO: [PROTOCOL] 已發送 285/285 bytes
[2025-11-11 10:02:20,894] INFO: [PROTOCOL] ✅ 完整發送 285 bytes
[2025-11-11 10:02:20,894] INFO: [PROTOCOL] 準備發送 281 bytes
[2025-11-11 10:02:20,894] INFO: [PROTOCOL] 已發送 285/285 bytes
[2025-11-11 10:02:20,894] INFO: [PROTOCOL] ✅ 完整發送 285 bytes
[2025-11-11 10:02:20,894] INFO: [PROTOCOL] 準備發送 281 bytes
[2025-11-11 10:02:20,894] INFO: [PROTOCOL] 已發送 285/285 bytes
[2025-11-11 10:02:20,894] INFO: [PROTOCOL] ✅ 完整發送 285 bytes
[2025-11-11 10:02:20,894] INFO: [PROTOCOL] 準備發送 281 bytes
[2025-11-11 10:02:20,894] INFO: [PROTOCOL] 已發送 285/285 bytes
[2025-11-11 10:02:20,894] INFO: [PROTOCOL] ✅ 完整發送 285 bytes
[2025-11-11 10:02:21,000] INFO: [PROTOCOL] 準備發送 281 bytes
[2025-11-11 10:02:21,000] INFO: [PROTOCOL] 已發送 285/285 bytes
[2025-11-11 10:02:21,000] INFO: [PROTOCOL] ✅ 完整發送 285 bytes
[2025-11-11 10:02:21,001] INFO: [PROTOCOL] 準備發送 281 bytes
[2025-11-11 10:02:21,001] INFO: [PROTOCOL] 已發送 285/285 bytes
[2025-11-11 10:02:21,001] INFO: [PROTOCOL] ✅ 完整發送 285 bytes
[2025-11-11 10:02:21,001] INFO: [PROTOCOL] 準備發送 281 bytes
[2025-11-11 10:02:21,001] INFO: [PROTOCOL] 已發送 285/285 bytes
[2025-11-11 10:02:21,001] INFO: [PROTOCOL] ✅ 完整發送 285 bytes
[2025-11-11 10:02:21,001] INFO: [PROTOCOL] 準備發送 281 bytes
[2025-11-11 10:02:21,001] INFO: [PROTOCOL] 已發送 285/285 bytes
[2025-11-11 10:02:21,001] INFO: [PROTOCOL] ✅ 完整發送 285 bytes
[2025-11-11 10:02:21,108] INFO: [PROTOCOL] 準備發送 281 bytes
[2025-11-11 10:02:21,109] INFO: [PROTOCOL] 已發送 285/285 bytes
[2025-11-11 10:02:21,109] INFO: [PROTOCOL] ✅ 完整發送 285 bytes
[2025-11-11 10:02:21,110] INFO: [PROTOCOL] 準備發送 281 bytes
[2025-11-11 10:02:21,110] INFO: [PROTOCOL] 已發送 285/285 bytes
[2025-11-11 10:02:21,110] INFO: [PROTOCOL] ✅ 完整發送 285 bytes
[2025-11-11 10:02:21,110] INFO: [PROTOCOL] 準備發送 281 bytes
[2025-11-11 10:02:21,110] INFO: [PROTOCOL] 已發送 285/285 bytes
[2025-11-11 10:02:21,110] INFO: [PROTOCOL] ✅ 完整發送 285 bytes
[2025-11-11 10:02:21,110] INFO: [PROTOCOL] 準備發送 281 bytes
[2025-11-11 10:02:21,110] INFO: [PROTOCOL] 已發送 285/285 bytes
[2025-11-11 10:02:21,110] INFO: [PROTOCOL] ✅ 完整發送 285 bytes
[2025-11-11 10:02:21,215] INFO: [PROTOCOL] 準備發送 281 bytes
[2025-11-11 10:02:21,216] INFO: [PROTOCOL] 已發送 285/285 bytes
[2025-11-11 10:02:21,216] INFO: [PROTOCOL] ✅ 完整發送 285 bytes
[2025-11-11 10:02:21,216] INFO: [PROTOCOL] 準備發送 281 bytes
[2025-11-11 10:02:21,216] INFO: [PROTOCOL] 已發送 285/285 bytes
[2025-11-11 10:02:21,216] INFO: [PROTOCOL] ✅ 完整發送 285 bytes
[2025-11-11 10:02:21,216] INFO: [PROTOCOL] 準備發送 281 bytes
[2025-11-11 10:02:21,216] INFO: [PROTOCOL] 已發送 285/285 bytes
[2025-11-11 10:02:21,216] INFO: [PROTOCOL] ✅ 完整發送 285 bytes
[2025-11-11 10:02:21,216] INFO: [PROTOCOL] 準備發送 281 bytes
[2025-11-11 10:02:21,217] INFO: [PROTOCOL] 已發送 285/285 bytes
[2025-11-11 10:02:21,217] INFO: [PROTOCOL] ✅ 完整發送 285 bytes
[2025-11-11 10:02:21,322] INFO: [PROTOCOL] 準備發送 281 bytes
[2025-11-11 10:02:21,322] INFO: [PROTOCOL] 已發送 285/285 bytes
[2025-11-11 10:02:21,322] INFO: [PROTOCOL] ✅ 完整發送 285 bytes
[2025-11-11 10:02:21,322] INFO: [PROTOCOL] 準備發送 281 bytes
[2025-11-11 10:02:21,323] INFO: [PROTOCOL] 已發送 285/285 bytes
[2025-11-11 10:02:21,323] INFO: [PROTOCOL] ✅ 完整發送 285 bytes
[2025-11-11 10:02:21,323] INFO: [PROTOCOL] 準備發送 281 bytes
[2025-11-11 10:02:21,323] INFO: [PROTOCOL] 已發送 285/285 bytes
[2025-11-11 10:02:21,323] INFO: [PROTOCOL] ✅ 完整發送 285 bytes
[2025-11-11 10:02:21,323] INFO: [PROTOCOL] 準備發送 281 bytes
[2025-11-11 10:02:21,323] INFO: [PROTOCOL] 已發送 285/285 bytes
[2025-11-11 10:02:21,323] INFO: [PROTOCOL] ✅ 完整發送 285 bytes
[2025-11-11 10:02:21,428] INFO: [PROTOCOL] 準備發送 281 bytes
[2025-11-11 10:02:21,428] INFO: [PROTOCOL] 已發送 285/285 bytes
[2025-11-11 10:02:21,429] INFO: [PROTOCOL] ✅ 完整發送 285 bytes
[2025-11-11 10:02:21,429] INFO: [PROTOCOL] 準備發送 281 bytes
[2025-11-11 10:02:21,429] INFO: [PROTOCOL] 已發送 285/285 bytes
[2025-11-11 10:02:21,429] INFO: [PROTOCOL] ✅ 完整發送 285 bytes
[2025-11-11 10:02:21,429] INFO: [PROTOCOL] 準備發送 281 bytes
[2025-11-11 10:02:21,429] INFO: [PROTOCOL] 已發送 285/285 bytes
[2025-11-11 10:02:21,429] INFO: [PROTOCOL] ✅ 完整發送 285 bytes
[2025-11-11 10:02:21,429] INFO: [PROTOCOL] 準備發送 281 bytes
[2025-11-11 10:02:21,429] INFO: [PROTOCOL] 已發送 285/285 bytes
[2025-11-11 10:02:21,429] INFO: [PROTOCOL] ✅ 完整發送 285 bytes
[2025-11-11 10:02:21,431] ERROR: ❌ ProtocolError for 2: 接收失敗: [Errno 54] Connection reset by peer
[2025-11-11 10:02:21,431] WARNING: ⚠️ Player 2 disconnected during game!
[2025-11-11 10:02:21,431] INFO: [PROTOCOL] 準備發送 126 bytes
[2025-11-11 10:02:21,431] INFO: [PROTOCOL] 已發送 130/130 bytes
[2025-11-11 10:02:21,431] INFO: [PROTOCOL] ✅ 完整發送 130 bytes
[2025-11-11 10:02:21,431] INFO: [PROTOCOL] 準備發送 126 bytes
[2025-11-11 10:02:21,431] ERROR: [PROTOCOL] ❌ 發送訊息失敗: 發送失敗: [Errno 32] Broken pipe
[2025-11-11 10:02:21,431] INFO: 📊 Attempting to report game result to lobby: room=24, results={'P1': {'user_id': 1, 'score': 0, 'lines_cleared': 0}, 'P2': {'user_id': 2, 'score': 0, 'lines_cleared': 0}}
[2025-11-11 10:02:21,431] INFO: 📡 Connecting to lobby server at localhost:10002...
[2025-11-11 10:02:21,433] INFO: ✅ Connected to lobby server
[2025-11-11 10:02:21,433] INFO: 🏆 Winner: None
[2025-11-11 10:02:21,433] INFO: 📤 Sending report: {'action': 'report_game_result', 'data': {'room_id': 24, 'winner': None, 'results': {'P1': {'user_id': 1, 'score': 0, 'lines_cleared': 0}, 'P2': {'user_id': 2, 'score': 0, 'lines_cleared': 0}}}}
[2025-11-11 10:02:21,434] INFO: [PROTOCOL] 準備發送 194 bytes
[2025-11-11 10:02:21,434] INFO: [PROTOCOL] 已發送 198/198 bytes
[2025-11-11 10:02:21,434] INFO: [PROTOCOL] ✅ 完整發送 198 bytes
[2025-11-11 10:02:21,434] INFO: ✅ Report sent, waiting for response...
[2025-11-11 10:02:21,440] INFO: 📥 Received response: {'status': 'success', 'message': '遊戲結果已記錄'}
[2025-11-11 10:02:21,440] INFO: ✅ Game result reported to Lobby Server successfully
[2025-11-11 10:02:21,440] INFO: 🏁 Game ended due to player 2 disconnection
[2025-11-11 10:02:21,440] INFO: 🔌 Player 2 input handler stopped
[2025-11-11 10:02:21,510] INFO: 🎮 Game Over! Winner: None
[2025-11-11 10:02:21,510] INFO: [PROTOCOL] 準備發送 158 bytes
[2025-11-11 10:02:21,511] INFO: [PROTOCOL] 已發送 162/162 bytes
[2025-11-11 10:02:21,511] INFO: [PROTOCOL] ✅ 完整發送 162 bytes
[2025-11-11 10:02:21,511] INFO: [PROTOCOL] 準備發送 158 bytes
[2025-11-11 10:02:21,511] ERROR: [PROTOCOL] ❌ 發送訊息失敗: 發送失敗: [Errno 32] Broken pipe
[2025-11-11 10:02:21,511] INFO: 📊 Attempting to report game result to lobby: room=24, results={'P1': {'user_id': 1, 'score': 0, 'lines_cleared': 0, 'max_combo': 0}, 'P2': {'user_id': 2, 'score': 0, 'lines_cleared': 0, 'max_combo': 0}}
[2025-11-11 10:02:21,511] INFO: 📡 Connecting to lobby server at localhost:10002...
[2025-11-11 10:02:21,511] INFO: ✅ Connected to lobby server
[2025-11-11 10:02:21,511] INFO: 🏆 Winner: None
[2025-11-11 10:02:21,512] INFO: 📤 Sending report: {'action': 'report_game_result', 'data': {'room_id': 24, 'winner': None, 'results': {'P1': {'user_id': 1, 'score': 0, 'lines_cleared': 0, 'max_combo': 0}, 'P2': {'user_id': 2, 'score': 0, 'lines_cleared': 0, 'max_combo': 0}}}}
[2025-11-11 10:02:21,512] INFO: [PROTOCOL] 準備發送 226 bytes
[2025-11-11 10:02:21,512] INFO: [PROTOCOL] 已發送 230/230 bytes
[2025-11-11 10:02:21,512] INFO: [PROTOCOL] ✅ 完整發送 230 bytes
[2025-11-11 10:02:21,512] INFO: ✅ Report sent, waiting for response...
[2025-11-11 10:02:21,516] INFO: 📥 Received response: {'status': 'success', 'message': '遊戲結果已記錄'}
[2025-11-11 10:02:21,516] INFO: ✅ Game result reported to Lobby Server successfully
[2025-11-11 10:02:21,516] INFO: 📊 Final results: {'P1': {'user_id': 1, 'score': 0, 'lines_cleared': 0, 'max_combo': 0}, 'P2': {'user_id': 2, 'score': 0, 'lines_cleared': 0, 'max_combo': 0}}
[2025-11-11 10:02:22,407] INFO: 🔌 Player 1 input handler stopped
[2025-11-11 10:02:23,521] INFO: 🛑 Shutting down Game Server...
[2025-11-11 10:02:23,521] INFO: ✅ Game Server shut down
[2025-11-11 10:02:23,521] INFO: 🛑 Shutting down Game Server...
[2025-11-11 10:02:23,521] INFO: ✅ Game Server shut down
