[2025-11-11 10:21:30,266] INFO: 🎮 Game Server started on port 10102
[2025-11-11 10:21:30,266] INFO:    Room: 28, Players: [1, 2]
[2025-11-11 10:21:30,266] INFO:    Seed: 1891098906
[2025-11-11 10:21:32,113] INFO: 📥 Player 1 connected from ('127.0.0.1', 58723)
[2025-11-11 10:21:32,116] INFO: [PROTOCOL] 準備發送 121 bytes
[2025-11-11 10:21:32,132] INFO: [PROTOCOL] 已發送 125/125 bytes
[2025-11-11 10:21:32,132] INFO: [PROTOCOL] ✅ 完整發送 125 bytes
[2025-11-11 10:21:32,132] INFO: ✅ Player 2 (P2) ready
[2025-11-11 10:21:32,132] INFO: 📥 Player 2 connected from ('127.0.0.1', 58724)
[2025-11-11 10:21:32,133] INFO: [PROTOCOL] 準備發送 121 bytes
[2025-11-11 10:21:32,133] INFO: [PROTOCOL] 已發送 125/125 bytes
[2025-11-11 10:21:32,133] INFO: [PROTOCOL] ✅ 完整發送 125 bytes
[2025-11-11 10:21:32,134] INFO: ✅ Player 1 (P1) ready
[2025-11-11 10:21:32,134] INFO: ✅ Both players connected, starting game...
[2025-11-11 10:21:32,134] INFO: 🎮 Starting input handler for player 2
[2025-11-11 10:21:32,135] INFO: 🎮 Starting input handler for player 1
[2025-11-11 10:21:32,241] INFO: [PROTOCOL] 準備發送 262 bytes
[2025-11-11 10:21:32,243] INFO: [PROTOCOL] 已發送 266/266 bytes
[2025-11-11 10:21:32,243] INFO: [PROTOCOL] ✅ 完整發送 266 bytes
[2025-11-11 10:21:32,243] INFO: [PROTOCOL] 準備發送 262 bytes
[2025-11-11 10:21:32,243] INFO: [PROTOCOL] 已發送 266/266 bytes
[2025-11-11 10:21:32,243] INFO: [PROTOCOL] ✅ 完整發送 266 bytes
[2025-11-11 10:21:32,244] INFO: [PROTOCOL] 準備發送 262 bytes
[2025-11-11 10:21:32,244] INFO: [PROTOCOL] 已發送 266/266 bytes
[2025-11-11 10:21:32,244] INFO: [PROTOCOL] ✅ 完整發送 266 bytes
[2025-11-11 10:21:32,244] INFO: [PROTOCOL] 準備發送 262 bytes
[2025-11-11 10:21:32,244] INFO: [PROTOCOL] 已發送 266/266 bytes
[2025-11-11 10:21:32,244] INFO: [PROTOCOL] ✅ 完整發送 266 bytes
[2025-11-11 10:21:32,349] INFO: [PROTOCOL] 準備發送 262 bytes
[2025-11-11 10:21:32,349] INFO: [PROTOCOL] 已發送 266/266 bytes
[2025-11-11 10:21:32,349] INFO: [PROTOCOL] ✅ 完整發送 266 bytes
[2025-11-11 10:21:32,349] INFO: [PROTOCOL] 準備發送 262 bytes
[2025-11-11 10:21:32,349] INFO: [PROTOCOL] 已發送 266/266 bytes
[2025-11-11 10:21:32,350] INFO: [PROTOCOL] ✅ 完整發送 266 bytes
[2025-11-11 10:21:32,350] INFO: [PROTOCOL] 準備發送 262 bytes
[2025-11-11 10:21:32,350] INFO: [PROTOCOL] 已發送 266/266 bytes
[2025-11-11 10:21:32,350] INFO: [PROTOCOL] ✅ 完整發送 266 bytes
[2025-11-11 10:21:32,350] INFO: [PROTOCOL] 準備發送 262 bytes
[2025-11-11 10:21:32,350] INFO: [PROTOCOL] 已發送 266/266 bytes
[2025-11-11 10:21:32,350] INFO: [PROTOCOL] ✅ 完整發送 266 bytes
[2025-11-11 10:21:32,454] INFO: [PROTOCOL] 準備發送 262 bytes
[2025-11-11 10:21:32,455] INFO: [PROTOCOL] 已發送 266/266 bytes
[2025-11-11 10:21:32,455] INFO: [PROTOCOL] ✅ 完整發送 266 bytes
[2025-11-11 10:21:32,455] INFO: [PROTOCOL] 準備發送 262 bytes
[2025-11-11 10:21:32,455] INFO: [PROTOCOL] 已發送 266/266 bytes
[2025-11-11 10:21:32,455] INFO: [PROTOCOL] ✅ 完整發送 266 bytes
[2025-11-11 10:21:32,455] INFO: [PROTOCOL] 準備發送 262 bytes
[2025-11-11 10:21:32,455] INFO: [PROTOCOL] 已發送 266/266 bytes
[2025-11-11 10:21:32,455] INFO: [PROTOCOL] ✅ 完整發送 266 bytes
[2025-11-11 10:21:32,455] INFO: [PROTOCOL] 準備發送 262 bytes
[2025-11-11 10:21:32,455] INFO: [PROTOCOL] 已發送 266/266 bytes
[2025-11-11 10:21:32,455] INFO: [PROTOCOL] ✅ 完整發送 266 bytes
[2025-11-11 10:21:32,561] INFO: [PROTOCOL] 準備發送 262 bytes
[2025-11-11 10:21:32,561] INFO: [PROTOCOL] 已發送 266/266 bytes
[2025-11-11 10:21:32,561] INFO: [PROTOCOL] ✅ 完整發送 266 bytes
[2025-11-11 10:21:32,561] INFO: [PROTOCOL] 準備發送 262 bytes
[2025-11-11 10:21:32,561] INFO: [PROTOCOL] 已發送 266/266 bytes
[2025-11-11 10:21:32,561] INFO: [PROTOCOL] ✅ 完整發送 266 bytes
[2025-11-11 10:21:32,561] INFO: [PROTOCOL] 準備發送 262 bytes
[2025-11-11 10:21:32,561] INFO: [PROTOCOL] 已發送 266/266 bytes
[2025-11-11 10:21:32,561] INFO: [PROTOCOL] ✅ 完整發送 266 bytes
[2025-11-11 10:21:32,561] INFO: [PROTOCOL] 準備發送 262 bytes
[2025-11-11 10:21:32,561] INFO: [PROTOCOL] 已發送 266/266 bytes
[2025-11-11 10:21:32,561] INFO: [PROTOCOL] ✅ 完整發送 266 bytes
[2025-11-11 10:21:32,667] INFO: [PROTOCOL] 準備發送 263 bytes
[2025-11-11 10:21:32,667] INFO: [PROTOCOL] 已發送 267/267 bytes
[2025-11-11 10:21:32,667] INFO: [PROTOCOL] ✅ 完整發送 267 bytes
[2025-11-11 10:21:32,667] INFO: [PROTOCOL] 準備發送 263 bytes
[2025-11-11 10:21:32,667] INFO: [PROTOCOL] 已發送 267/267 bytes
[2025-11-11 10:21:32,667] INFO: [PROTOCOL] ✅ 完整發送 267 bytes
[2025-11-11 10:21:32,667] INFO: [PROTOCOL] 準備發送 263 bytes
[2025-11-11 10:21:32,667] INFO: [PROTOCOL] 已發送 267/267 bytes
[2025-11-11 10:21:32,667] INFO: [PROTOCOL] ✅ 完整發送 267 bytes
[2025-11-11 10:21:32,667] INFO: [PROTOCOL] 準備發送 263 bytes
[2025-11-11 10:21:32,667] INFO: [PROTOCOL] 已發送 267/267 bytes
[2025-11-11 10:21:32,667] INFO: [PROTOCOL] ✅ 完整發送 267 bytes
[2025-11-11 10:21:32,769] INFO: [PROTOCOL] 準備發送 263 bytes
[2025-11-11 10:21:32,769] INFO: [PROTOCOL] 已發送 267/267 bytes
[2025-11-11 10:21:32,769] INFO: [PROTOCOL] ✅ 完整發送 267 bytes
[2025-11-11 10:21:32,769] INFO: [PROTOCOL] 準備發送 263 bytes
[2025-11-11 10:21:32,769] INFO: [PROTOCOL] 已發送 267/267 bytes
[2025-11-11 10:21:32,769] INFO: [PROTOCOL] ✅ 完整發送 267 bytes
[2025-11-11 10:21:32,769] INFO: [PROTOCOL] 準備發送 263 bytes
[2025-11-11 10:21:32,769] INFO: [PROTOCOL] 已發送 267/267 bytes
[2025-11-11 10:21:32,769] INFO: [PROTOCOL] ✅ 完整發送 267 bytes
[2025-11-11 10:21:32,769] INFO: [PROTOCOL] 準備發送 263 bytes
[2025-11-11 10:21:32,769] INFO: [PROTOCOL] 已發送 267/267 bytes
[2025-11-11 10:21:32,769] INFO: [PROTOCOL] ✅ 完整發送 267 bytes
[2025-11-11 10:21:32,875] INFO: [PROTOCOL] 準備發送 263 bytes
[2025-11-11 10:21:32,875] INFO: [PROTOCOL] 已發送 267/267 bytes
[2025-11-11 10:21:32,875] INFO: [PROTOCOL] ✅ 完整發送 267 bytes
[2025-11-11 10:21:32,875] INFO: [PROTOCOL] 準備發送 263 bytes
[2025-11-11 10:21:32,875] INFO: [PROTOCOL] 已發送 267/267 bytes
[2025-11-11 10:21:32,875] INFO: [PROTOCOL] ✅ 完整發送 267 bytes
[2025-11-11 10:21:32,876] INFO: [PROTOCOL] 準備發送 263 bytes
[2025-11-11 10:21:32,876] INFO: [PROTOCOL] 已發送 267/267 bytes
[2025-11-11 10:21:32,876] INFO: [PROTOCOL] ✅ 完整發送 267 bytes
[2025-11-11 10:21:32,876] INFO: [PROTOCOL] 準備發送 263 bytes
[2025-11-11 10:21:32,876] INFO: [PROTOCOL] 已發送 267/267 bytes
[2025-11-11 10:21:32,876] INFO: [PROTOCOL] ✅ 完整發送 267 bytes
[2025-11-11 10:21:32,981] INFO: [PROTOCOL] 準備發送 263 bytes
[2025-11-11 10:21:32,982] INFO: [PROTOCOL] 已發送 267/267 bytes
[2025-11-11 10:21:32,982] INFO: [PROTOCOL] ✅ 完整發送 267 bytes
[2025-11-11 10:21:32,982] INFO: [PROTOCOL] 準備發送 263 bytes
[2025-11-11 10:21:32,982] INFO: [PROTOCOL] 已發送 267/267 bytes
[2025-11-11 10:21:32,982] INFO: [PROTOCOL] ✅ 完整發送 267 bytes
[2025-11-11 10:21:32,982] INFO: [PROTOCOL] 準備發送 263 bytes
[2025-11-11 10:21:32,982] INFO: [PROTOCOL] 已發送 267/267 bytes
[2025-11-11 10:21:32,982] INFO: [PROTOCOL] ✅ 完整發送 267 bytes
[2025-11-11 10:21:32,982] INFO: [PROTOCOL] 準備發送 263 bytes
[2025-11-11 10:21:32,982] INFO: [PROTOCOL] 已發送 267/267 bytes
[2025-11-11 10:21:32,982] INFO: [PROTOCOL] ✅ 完整發送 267 bytes
[2025-11-11 10:21:33,085] INFO: [PROTOCOL] 準備發送 263 bytes
[2025-11-11 10:21:33,086] INFO: [PROTOCOL] 已發送 267/267 bytes
[2025-11-11 10:21:33,086] INFO: [PROTOCOL] ✅ 完整發送 267 bytes
[2025-11-11 10:21:33,086] INFO: [PROTOCOL] 準備發送 263 bytes
[2025-11-11 10:21:33,086] INFO: [PROTOCOL] 已發送 267/267 bytes
[2025-11-11 10:21:33,086] INFO: [PROTOCOL] ✅ 完整發送 267 bytes
[2025-11-11 10:21:33,086] INFO: [PROTOCOL] 準備發送 263 bytes
[2025-11-11 10:21:33,086] INFO: [PROTOCOL] 已發送 267/267 bytes
[2025-11-11 10:21:33,086] INFO: [PROTOCOL] ✅ 完整發送 267 bytes
[2025-11-11 10:21:33,086] INFO: [PROTOCOL] 準備發送 263 bytes
[2025-11-11 10:21:33,086] INFO: [PROTOCOL] 已發送 267/267 bytes
[2025-11-11 10:21:33,086] INFO: [PROTOCOL] ✅ 完整發送 267 bytes
[2025-11-11 10:21:33,191] INFO: [PROTOCOL] 準備發送 264 bytes
[2025-11-11 10:21:33,191] INFO: [PROTOCOL] 已發送 268/268 bytes
[2025-11-11 10:21:33,191] INFO: [PROTOCOL] ✅ 完整發送 268 bytes
[2025-11-11 10:21:33,191] INFO: [PROTOCOL] 準備發送 264 bytes
[2025-11-11 10:21:33,191] INFO: [PROTOCOL] 已發送 268/268 bytes
[2025-11-11 10:21:33,191] INFO: [PROTOCOL] ✅ 完整發送 268 bytes
[2025-11-11 10:21:33,191] INFO: [PROTOCOL] 準備發送 264 bytes
[2025-11-11 10:21:33,191] INFO: [PROTOCOL] 已發送 268/268 bytes
[2025-11-11 10:21:33,191] INFO: [PROTOCOL] ✅ 完整發送 268 bytes
[2025-11-11 10:21:33,191] INFO: [PROTOCOL] 準備發送 264 bytes
[2025-11-11 10:21:33,191] INFO: [PROTOCOL] 已發送 268/268 bytes
[2025-11-11 10:21:33,191] INFO: [PROTOCOL] ✅ 完整發送 268 bytes
[2025-11-11 10:21:33,296] INFO: [PROTOCOL] 準備發送 264 bytes
[2025-11-11 10:21:33,296] INFO: [PROTOCOL] 已發送 268/268 bytes
[2025-11-11 10:21:33,296] INFO: [PROTOCOL] ✅ 完整發送 268 bytes
[2025-11-11 10:21:33,296] INFO: [PROTOCOL] 準備發送 264 bytes
[2025-11-11 10:21:33,296] INFO: [PROTOCOL] 已發送 268/268 bytes
[2025-11-11 10:21:33,296] INFO: [PROTOCOL] ✅ 完整發送 268 bytes
[2025-11-11 10:21:33,296] INFO: [PROTOCOL] 準備發送 264 bytes
[2025-11-11 10:21:33,296] INFO: [PROTOCOL] 已發送 268/268 bytes
[2025-11-11 10:21:33,297] INFO: [PROTOCOL] ✅ 完整發送 268 bytes
[2025-11-11 10:21:33,297] INFO: [PROTOCOL] 準備發送 264 bytes
[2025-11-11 10:21:33,297] INFO: [PROTOCOL] 已發送 268/268 bytes
[2025-11-11 10:21:33,297] INFO: [PROTOCOL] ✅ 完整發送 268 bytes
[2025-11-11 10:21:33,311] INFO: 🎮 Received INPUT from 2: RIGHT (seq: 1)
[2025-11-11 10:21:33,311] INFO: ✅ Processing action: RIGHT
[2025-11-11 10:21:33,399] INFO: [PROTOCOL] 準備發送 264 bytes
[2025-11-11 10:21:33,399] INFO: [PROTOCOL] 已發送 268/268 bytes
[2025-11-11 10:21:33,399] INFO: [PROTOCOL] ✅ 完整發送 268 bytes
[2025-11-11 10:21:33,399] INFO: [PROTOCOL] 準備發送 264 bytes
[2025-11-11 10:21:33,399] INFO: [PROTOCOL] 已發送 268/268 bytes
[2025-11-11 10:21:33,399] INFO: [PROTOCOL] ✅ 完整發送 268 bytes
[2025-11-11 10:21:33,399] INFO: [PROTOCOL] 準備發送 264 bytes
[2025-11-11 10:21:33,399] INFO: [PROTOCOL] 已發送 268/268 bytes
[2025-11-11 10:21:33,399] INFO: [PROTOCOL] ✅ 完整發送 268 bytes
[2025-11-11 10:21:33,399] INFO: [PROTOCOL] 準備發送 264 bytes
[2025-11-11 10:21:33,399] INFO: [PROTOCOL] 已發送 268/268 bytes
[2025-11-11 10:21:33,399] INFO: [PROTOCOL] ✅ 完整發送 268 bytes
[2025-11-11 10:21:33,472] INFO: 🎮 Received INPUT from 2: RIGHT (seq: 2)
[2025-11-11 10:21:33,472] INFO: ✅ Processing action: RIGHT
[2025-11-11 10:21:33,504] INFO: [PROTOCOL] 準備發送 264 bytes
[2025-11-11 10:21:33,505] INFO: [PROTOCOL] 已發送 268/268 bytes
[2025-11-11 10:21:33,505] INFO: [PROTOCOL] ✅ 完整發送 268 bytes
[2025-11-11 10:21:33,505] INFO: [PROTOCOL] 準備發送 264 bytes
[2025-11-11 10:21:33,505] INFO: [PROTOCOL] 已發送 268/268 bytes
[2025-11-11 10:21:33,505] INFO: [PROTOCOL] ✅ 完整發送 268 bytes
[2025-11-11 10:21:33,505] INFO: [PROTOCOL] 準備發送 264 bytes
[2025-11-11 10:21:33,505] INFO: [PROTOCOL] 已發送 268/268 bytes
[2025-11-11 10:21:33,505] INFO: [PROTOCOL] ✅ 完整發送 268 bytes
[2025-11-11 10:21:33,505] INFO: [PROTOCOL] 準備發送 264 bytes
[2025-11-11 10:21:33,505] INFO: [PROTOCOL] 已發送 268/268 bytes
[2025-11-11 10:21:33,505] INFO: [PROTOCOL] ✅ 完整發送 268 bytes
[2025-11-11 10:21:33,610] INFO: [PROTOCOL] 準備發送 264 bytes
[2025-11-11 10:21:33,611] INFO: [PROTOCOL] 已發送 268/268 bytes
[2025-11-11 10:21:33,611] INFO: [PROTOCOL] ✅ 完整發送 268 bytes
[2025-11-11 10:21:33,611] INFO: [PROTOCOL] 準備發送 264 bytes
[2025-11-11 10:21:33,611] INFO: [PROTOCOL] 已發送 268/268 bytes
[2025-11-11 10:21:33,611] INFO: [PROTOCOL] ✅ 完整發送 268 bytes
[2025-11-11 10:21:33,611] INFO: [PROTOCOL] 準備發送 264 bytes
[2025-11-11 10:21:33,611] INFO: [PROTOCOL] 已發送 268/268 bytes
[2025-11-11 10:21:33,611] INFO: [PROTOCOL] ✅ 完整發送 268 bytes
[2025-11-11 10:21:33,611] INFO: [PROTOCOL] 準備發送 264 bytes
[2025-11-11 10:21:33,611] INFO: [PROTOCOL] 已發送 268/268 bytes
[2025-11-11 10:21:33,611] INFO: [PROTOCOL] ✅ 完整發送 268 bytes
[2025-11-11 10:21:33,626] INFO: 🎮 Received INPUT from 2: RIGHT (seq: 3)
[2025-11-11 10:21:33,626] INFO: ✅ Processing action: RIGHT
[2025-11-11 10:21:33,689] INFO: 🎮 Received INPUT from 2: RIGHT (seq: 4)
[2025-11-11 10:21:33,689] INFO: ✅ Processing action: RIGHT
[2025-11-11 10:21:33,713] INFO: [PROTOCOL] 準備發送 264 bytes
[2025-11-11 10:21:33,714] INFO: [PROTOCOL] 已發送 268/268 bytes
[2025-11-11 10:21:33,714] INFO: [PROTOCOL] ✅ 完整發送 268 bytes
[2025-11-11 10:21:33,714] INFO: [PROTOCOL] 準備發送 264 bytes
[2025-11-11 10:21:33,714] INFO: [PROTOCOL] 已發送 268/268 bytes
[2025-11-11 10:21:33,714] INFO: [PROTOCOL] ✅ 完整發送 268 bytes
[2025-11-11 10:21:33,714] INFO: [PROTOCOL] 準備發送 264 bytes
[2025-11-11 10:21:33,714] INFO: [PROTOCOL] 已發送 268/268 bytes
[2025-11-11 10:21:33,714] INFO: [PROTOCOL] ✅ 完整發送 268 bytes
[2025-11-11 10:21:33,714] INFO: [PROTOCOL] 準備發送 264 bytes
[2025-11-11 10:21:33,714] INFO: [PROTOCOL] 已發送 268/268 bytes
[2025-11-11 10:21:33,714] INFO: [PROTOCOL] ✅ 完整發送 268 bytes
[2025-11-11 10:21:33,792] INFO: 🎮 Received INPUT from 2: RIGHT (seq: 5)
[2025-11-11 10:21:33,792] INFO: ✅ Processing action: RIGHT
[2025-11-11 10:21:33,819] INFO: [PROTOCOL] 準備發送 264 bytes
[2025-11-11 10:21:33,820] INFO: [PROTOCOL] 已發送 268/268 bytes
[2025-11-11 10:21:33,820] INFO: [PROTOCOL] ✅ 完整發送 268 bytes
[2025-11-11 10:21:33,820] INFO: [PROTOCOL] 準備發送 264 bytes
[2025-11-11 10:21:33,820] INFO: [PROTOCOL] 已發送 268/268 bytes
[2025-11-11 10:21:33,820] INFO: [PROTOCOL] ✅ 完整發送 268 bytes
[2025-11-11 10:21:33,820] INFO: [PROTOCOL] 準備發送 264 bytes
[2025-11-11 10:21:33,820] INFO: [PROTOCOL] 已發送 268/268 bytes
[2025-11-11 10:21:33,820] INFO: [PROTOCOL] ✅ 完整發送 268 bytes
[2025-11-11 10:21:33,820] INFO: [PROTOCOL] 準備發送 264 bytes
[2025-11-11 10:21:33,820] INFO: [PROTOCOL] 已發送 268/268 bytes
[2025-11-11 10:21:33,820] INFO: [PROTOCOL] ✅ 完整發送 268 bytes
[2025-11-11 10:21:33,856] INFO: 🎮 Received INPUT from 2: RIGHT (seq: 6)
[2025-11-11 10:21:33,856] INFO: ✅ Processing action: RIGHT
[2025-11-11 10:21:33,926] INFO: [PROTOCOL] 準備發送 264 bytes
[2025-11-11 10:21:33,927] INFO: [PROTOCOL] 已發送 268/268 bytes
[2025-11-11 10:21:33,927] INFO: [PROTOCOL] ✅ 完整發送 268 bytes
[2025-11-11 10:21:33,927] INFO: [PROTOCOL] 準備發送 264 bytes
[2025-11-11 10:21:33,927] INFO: [PROTOCOL] 已發送 268/268 bytes
[2025-11-11 10:21:33,927] INFO: [PROTOCOL] ✅ 完整發送 268 bytes
[2025-11-11 10:21:33,927] INFO: [PROTOCOL] 準備發送 264 bytes
[2025-11-11 10:21:33,927] INFO: [PROTOCOL] 已發送 268/268 bytes
[2025-11-11 10:21:33,928] INFO: [PROTOCOL] ✅ 完整發送 268 bytes
[2025-11-11 10:21:33,928] INFO: [PROTOCOL] 準備發送 264 bytes
[2025-11-11 10:21:33,928] INFO: [PROTOCOL] 已發送 268/268 bytes
[2025-11-11 10:21:33,928] INFO: [PROTOCOL] ✅ 完整發送 268 bytes
[2025-11-11 10:21:34,033] INFO: [PROTOCOL] 準備發送 264 bytes
[2025-11-11 10:21:34,034] INFO: [PROTOCOL] 已發送 268/268 bytes
[2025-11-11 10:21:34,034] INFO: [PROTOCOL] ✅ 完整發送 268 bytes
[2025-11-11 10:21:34,034] INFO: [PROTOCOL] 準備發送 264 bytes
[2025-11-11 10:21:34,034] INFO: [PROTOCOL] 已發送 268/268 bytes
[2025-11-11 10:21:34,034] INFO: [PROTOCOL] ✅ 完整發送 268 bytes
[2025-11-11 10:21:34,034] INFO: [PROTOCOL] 準備發送 264 bytes
[2025-11-11 10:21:34,034] INFO: [PROTOCOL] 已發送 268/268 bytes
[2025-11-11 10:21:34,034] INFO: [PROTOCOL] ✅ 完整發送 268 bytes
[2025-11-11 10:21:34,034] INFO: [PROTOCOL] 準備發送 264 bytes
[2025-11-11 10:21:34,034] INFO: [PROTOCOL] 已發送 268/268 bytes
[2025-11-11 10:21:34,035] INFO: [PROTOCOL] ✅ 完整發送 268 bytes
[2025-11-11 10:21:34,139] INFO: [PROTOCOL] 準備發送 264 bytes
[2025-11-11 10:21:34,139] INFO: [PROTOCOL] 已發送 268/268 bytes
[2025-11-11 10:21:34,139] INFO: [PROTOCOL] ✅ 完整發送 268 bytes
[2025-11-11 10:21:34,140] INFO: [PROTOCOL] 準備發送 264 bytes
[2025-11-11 10:21:34,140] INFO: [PROTOCOL] 已發送 268/268 bytes
[2025-11-11 10:21:34,140] INFO: [PROTOCOL] ✅ 完整發送 268 bytes
[2025-11-11 10:21:34,140] INFO: [PROTOCOL] 準備發送 264 bytes
[2025-11-11 10:21:34,140] INFO: [PROTOCOL] 已發送 268/268 bytes
[2025-11-11 10:21:34,140] INFO: [PROTOCOL] ✅ 完整發送 268 bytes
[2025-11-11 10:21:34,140] INFO: [PROTOCOL] 準備發送 264 bytes
[2025-11-11 10:21:34,140] INFO: [PROTOCOL] 已發送 268/268 bytes
[2025-11-11 10:21:34,140] INFO: [PROTOCOL] ✅ 完整發送 268 bytes
[2025-11-11 10:21:34,246] INFO: [PROTOCOL] 準備發送 264 bytes
[2025-11-11 10:21:34,246] INFO: [PROTOCOL] 已發送 268/268 bytes
[2025-11-11 10:21:34,246] INFO: [PROTOCOL] ✅ 完整發送 268 bytes
[2025-11-11 10:21:34,247] INFO: [PROTOCOL] 準備發送 264 bytes
[2025-11-11 10:21:34,247] INFO: [PROTOCOL] 已發送 268/268 bytes
[2025-11-11 10:21:34,247] INFO: [PROTOCOL] ✅ 完整發送 268 bytes
[2025-11-11 10:21:34,247] INFO: [PROTOCOL] 準備發送 264 bytes
[2025-11-11 10:21:34,247] INFO: [PROTOCOL] 已發送 268/268 bytes
[2025-11-11 10:21:34,247] INFO: [PROTOCOL] ✅ 完整發送 268 bytes
[2025-11-11 10:21:34,247] INFO: [PROTOCOL] 準備發送 264 bytes
[2025-11-11 10:21:34,247] INFO: [PROTOCOL] 已發送 268/268 bytes
[2025-11-11 10:21:34,247] INFO: [PROTOCOL] ✅ 完整發送 268 bytes
[2025-11-11 10:21:34,351] INFO: [PROTOCOL] 準備發送 264 bytes
[2025-11-11 10:21:34,352] INFO: [PROTOCOL] 已發送 268/268 bytes
[2025-11-11 10:21:34,352] INFO: [PROTOCOL] ✅ 完整發送 268 bytes
[2025-11-11 10:21:34,352] INFO: [PROTOCOL] 準備發送 264 bytes
[2025-11-11 10:21:34,352] INFO: [PROTOCOL] 已發送 268/268 bytes
[2025-11-11 10:21:34,352] INFO: [PROTOCOL] ✅ 完整發送 268 bytes
[2025-11-11 10:21:34,352] INFO: [PROTOCOL] 準備發送 264 bytes
[2025-11-11 10:21:34,352] INFO: [PROTOCOL] 已發送 268/268 bytes
[2025-11-11 10:21:34,353] INFO: [PROTOCOL] ✅ 完整發送 268 bytes
[2025-11-11 10:21:34,353] INFO: [PROTOCOL] 準備發送 264 bytes
[2025-11-11 10:21:34,353] INFO: [PROTOCOL] 已發送 268/268 bytes
[2025-11-11 10:21:34,353] INFO: [PROTOCOL] ✅ 完整發送 268 bytes
[2025-11-11 10:21:34,458] INFO: [PROTOCOL] 準備發送 264 bytes
[2025-11-11 10:21:34,458] INFO: [PROTOCOL] 已發送 268/268 bytes
[2025-11-11 10:21:34,459] INFO: [PROTOCOL] ✅ 完整發送 268 bytes
[2025-11-11 10:21:34,459] INFO: [PROTOCOL] 準備發送 264 bytes
[2025-11-11 10:21:34,459] INFO: [PROTOCOL] 已發送 268/268 bytes
[2025-11-11 10:21:34,459] INFO: [PROTOCOL] ✅ 完整發送 268 bytes
[2025-11-11 10:21:34,459] INFO: [PROTOCOL] 準備發送 264 bytes
[2025-11-11 10:21:34,459] INFO: [PROTOCOL] 已發送 268/268 bytes
[2025-11-11 10:21:34,459] INFO: [PROTOCOL] ✅ 完整發送 268 bytes
[2025-11-11 10:21:34,459] INFO: [PROTOCOL] 準備發送 264 bytes
[2025-11-11 10:21:34,459] INFO: [PROTOCOL] 已發送 268/268 bytes
[2025-11-11 10:21:34,459] INFO: [PROTOCOL] ✅ 完整發送 268 bytes
[2025-11-11 10:21:34,565] INFO: [PROTOCOL] 準備發送 264 bytes
[2025-11-11 10:21:34,566] INFO: [PROTOCOL] 已發送 268/268 bytes
[2025-11-11 10:21:34,566] INFO: [PROTOCOL] ✅ 完整發送 268 bytes
[2025-11-11 10:21:34,566] INFO: [PROTOCOL] 準備發送 264 bytes
[2025-11-11 10:21:34,566] INFO: [PROTOCOL] 已發送 268/268 bytes
[2025-11-11 10:21:34,566] INFO: [PROTOCOL] ✅ 完整發送 268 bytes
[2025-11-11 10:21:34,566] INFO: [PROTOCOL] 準備發送 264 bytes
[2025-11-11 10:21:34,566] INFO: [PROTOCOL] 已發送 268/268 bytes
[2025-11-11 10:21:34,566] INFO: [PROTOCOL] ✅ 完整發送 268 bytes
[2025-11-11 10:21:34,567] INFO: [PROTOCOL] 準備發送 264 bytes
[2025-11-11 10:21:34,567] INFO: [PROTOCOL] 已發送 268/268 bytes
[2025-11-11 10:21:34,567] INFO: [PROTOCOL] ✅ 完整發送 268 bytes
[2025-11-11 10:21:34,673] INFO: [PROTOCOL] 準備發送 264 bytes
[2025-11-11 10:21:34,673] INFO: [PROTOCOL] 已發送 268/268 bytes
[2025-11-11 10:21:34,673] INFO: [PROTOCOL] ✅ 完整發送 268 bytes
[2025-11-11 10:21:34,673] INFO: [PROTOCOL] 準備發送 264 bytes
[2025-11-11 10:21:34,673] INFO: [PROTOCOL] 已發送 268/268 bytes
[2025-11-11 10:21:34,674] INFO: [PROTOCOL] ✅ 完整發送 268 bytes
[2025-11-11 10:21:34,674] INFO: [PROTOCOL] 準備發送 264 bytes
[2025-11-11 10:21:34,674] INFO: [PROTOCOL] 已發送 268/268 bytes
[2025-11-11 10:21:34,674] INFO: [PROTOCOL] ✅ 完整發送 268 bytes
[2025-11-11 10:21:34,674] INFO: [PROTOCOL] 準備發送 264 bytes
[2025-11-11 10:21:34,674] INFO: [PROTOCOL] 已發送 268/268 bytes
[2025-11-11 10:21:34,674] INFO: [PROTOCOL] ✅ 完整發送 268 bytes
[2025-11-11 10:21:34,779] INFO: [PROTOCOL] 準備發送 264 bytes
[2025-11-11 10:21:34,779] INFO: [PROTOCOL] 已發送 268/268 bytes
[2025-11-11 10:21:34,779] INFO: [PROTOCOL] ✅ 完整發送 268 bytes
[2025-11-11 10:21:34,779] INFO: [PROTOCOL] 準備發送 264 bytes
[2025-11-11 10:21:34,780] INFO: [PROTOCOL] 已發送 268/268 bytes
[2025-11-11 10:21:34,780] INFO: [PROTOCOL] ✅ 完整發送 268 bytes
[2025-11-11 10:21:34,780] INFO: [PROTOCOL] 準備發送 264 bytes
[2025-11-11 10:21:34,780] INFO: [PROTOCOL] 已發送 268/268 bytes
[2025-11-11 10:21:34,780] INFO: [PROTOCOL] ✅ 完整發送 268 bytes
[2025-11-11 10:21:34,780] INFO: [PROTOCOL] 準備發送 264 bytes
[2025-11-11 10:21:34,780] INFO: [PROTOCOL] 已發送 268/268 bytes
[2025-11-11 10:21:34,780] INFO: [PROTOCOL] ✅ 完整發送 268 bytes
[2025-11-11 10:21:34,826] INFO: 🎮 Received INPUT from 2: CCW (seq: 7)
[2025-11-11 10:21:34,826] INFO: ✅ Processing action: CCW
[2025-11-11 10:21:34,885] INFO: [PROTOCOL] 準備發送 272 bytes
[2025-11-11 10:21:34,885] INFO: [PROTOCOL] 已發送 276/276 bytes
[2025-11-11 10:21:34,885] INFO: [PROTOCOL] ✅ 完整發送 276 bytes
[2025-11-11 10:21:34,885] INFO: [PROTOCOL] 準備發送 272 bytes
[2025-11-11 10:21:34,885] INFO: [PROTOCOL] 已發送 276/276 bytes
[2025-11-11 10:21:34,885] INFO: [PROTOCOL] ✅ 完整發送 276 bytes
[2025-11-11 10:21:34,885] INFO: [PROTOCOL] 準備發送 264 bytes
[2025-11-11 10:21:34,885] INFO: [PROTOCOL] 已發送 268/268 bytes
[2025-11-11 10:21:34,885] INFO: [PROTOCOL] ✅ 完整發送 268 bytes
[2025-11-11 10:21:34,885] INFO: [PROTOCOL] 準備發送 264 bytes
[2025-11-11 10:21:34,886] INFO: [PROTOCOL] 已發送 268/268 bytes
[2025-11-11 10:21:34,886] INFO: [PROTOCOL] ✅ 完整發送 268 bytes
[2025-11-11 10:21:34,991] INFO: [PROTOCOL] 準備發送 272 bytes
[2025-11-11 10:21:34,991] INFO: [PROTOCOL] 已發送 276/276 bytes
[2025-11-11 10:21:34,992] INFO: [PROTOCOL] ✅ 完整發送 276 bytes
[2025-11-11 10:21:34,992] INFO: [PROTOCOL] 準備發送 272 bytes
[2025-11-11 10:21:34,992] INFO: [PROTOCOL] 已發送 276/276 bytes
[2025-11-11 10:21:34,992] INFO: [PROTOCOL] ✅ 完整發送 276 bytes
[2025-11-11 10:21:34,993] INFO: [PROTOCOL] 準備發送 264 bytes
[2025-11-11 10:21:34,993] INFO: [PROTOCOL] 已發送 268/268 bytes
[2025-11-11 10:21:34,993] INFO: [PROTOCOL] ✅ 完整發送 268 bytes
[2025-11-11 10:21:34,993] INFO: [PROTOCOL] 準備發送 264 bytes
[2025-11-11 10:21:34,993] INFO: [PROTOCOL] 已發送 268/268 bytes
[2025-11-11 10:21:34,993] INFO: [PROTOCOL] ✅ 完整發送 268 bytes
[2025-11-11 10:21:35,029] INFO: 🎮 Received INPUT from 2: CCW (seq: 8)
[2025-11-11 10:21:35,030] INFO: ✅ Processing action: CCW
[2025-11-11 10:21:35,094] INFO: 🎮 Received INPUT from 2: CCW (seq: 9)
[2025-11-11 10:21:35,094] INFO: ✅ Processing action: CCW
[2025-11-11 10:21:35,098] INFO: [PROTOCOL] 準備發送 272 bytes
[2025-11-11 10:21:35,102] INFO: [PROTOCOL] 已發送 276/276 bytes
[2025-11-11 10:21:35,102] INFO: [PROTOCOL] ✅ 完整發送 276 bytes
[2025-11-11 10:21:35,102] INFO: [PROTOCOL] 準備發送 272 bytes
[2025-11-11 10:21:35,102] INFO: [PROTOCOL] 已發送 276/276 bytes
[2025-11-11 10:21:35,102] INFO: [PROTOCOL] ✅ 完整發送 276 bytes
[2025-11-11 10:21:35,102] INFO: [PROTOCOL] 準備發送 264 bytes
[2025-11-11 10:21:35,102] INFO: [PROTOCOL] 已發送 268/268 bytes
[2025-11-11 10:21:35,102] INFO: [PROTOCOL] ✅ 完整發送 268 bytes
[2025-11-11 10:21:35,102] INFO: [PROTOCOL] 準備發送 264 bytes
[2025-11-11 10:21:35,102] INFO: [PROTOCOL] 已發送 268/268 bytes
[2025-11-11 10:21:35,102] INFO: [PROTOCOL] ✅ 完整發送 268 bytes
[2025-11-11 10:21:35,208] INFO: [PROTOCOL] 準備發送 272 bytes
[2025-11-11 10:21:35,208] INFO: [PROTOCOL] 已發送 276/276 bytes
[2025-11-11 10:21:35,208] INFO: [PROTOCOL] ✅ 完整發送 276 bytes
[2025-11-11 10:21:35,208] INFO: [PROTOCOL] 準備發送 272 bytes
[2025-11-11 10:21:35,209] INFO: [PROTOCOL] 已發送 276/276 bytes
[2025-11-11 10:21:35,209] INFO: [PROTOCOL] ✅ 完整發送 276 bytes
[2025-11-11 10:21:35,209] INFO: [PROTOCOL] 準備發送 264 bytes
[2025-11-11 10:21:35,209] INFO: [PROTOCOL] 已發送 268/268 bytes
[2025-11-11 10:21:35,209] INFO: [PROTOCOL] ✅ 完整發送 268 bytes
[2025-11-11 10:21:35,209] INFO: [PROTOCOL] 準備發送 264 bytes
[2025-11-11 10:21:35,209] INFO: [PROTOCOL] 已發送 268/268 bytes
[2025-11-11 10:21:35,209] INFO: [PROTOCOL] ✅ 完整發送 268 bytes
[2025-11-11 10:21:35,313] INFO: [PROTOCOL] 準備發送 272 bytes
[2025-11-11 10:21:35,313] INFO: [PROTOCOL] 已發送 276/276 bytes
[2025-11-11 10:21:35,313] INFO: [PROTOCOL] ✅ 完整發送 276 bytes
[2025-11-11 10:21:35,313] INFO: [PROTOCOL] 準備發送 272 bytes
[2025-11-11 10:21:35,313] INFO: [PROTOCOL] 已發送 276/276 bytes
[2025-11-11 10:21:35,313] INFO: [PROTOCOL] ✅ 完整發送 276 bytes
[2025-11-11 10:21:35,313] INFO: [PROTOCOL] 準備發送 264 bytes
[2025-11-11 10:21:35,313] INFO: [PROTOCOL] 已發送 268/268 bytes
[2025-11-11 10:21:35,313] INFO: [PROTOCOL] ✅ 完整發送 268 bytes
[2025-11-11 10:21:35,313] INFO: [PROTOCOL] 準備發送 264 bytes
[2025-11-11 10:21:35,313] INFO: [PROTOCOL] 已發送 268/268 bytes
[2025-11-11 10:21:35,313] INFO: [PROTOCOL] ✅ 完整發送 268 bytes
[2025-11-11 10:21:35,419] INFO: [PROTOCOL] 準備發送 272 bytes
[2025-11-11 10:21:35,420] INFO: [PROTOCOL] 已發送 276/276 bytes
[2025-11-11 10:21:35,420] INFO: [PROTOCOL] ✅ 完整發送 276 bytes
[2025-11-11 10:21:35,420] INFO: [PROTOCOL] 準備發送 272 bytes
[2025-11-11 10:21:35,420] INFO: [PROTOCOL] 已發送 276/276 bytes
[2025-11-11 10:21:35,420] INFO: [PROTOCOL] ✅ 完整發送 276 bytes
[2025-11-11 10:21:35,420] INFO: [PROTOCOL] 準備發送 264 bytes
[2025-11-11 10:21:35,420] INFO: [PROTOCOL] 已發送 268/268 bytes
[2025-11-11 10:21:35,420] INFO: [PROTOCOL] ✅ 完整發送 268 bytes
[2025-11-11 10:21:35,420] INFO: [PROTOCOL] 準備發送 264 bytes
[2025-11-11 10:21:35,420] INFO: [PROTOCOL] 已發送 268/268 bytes
[2025-11-11 10:21:35,420] INFO: [PROTOCOL] ✅ 完整發送 268 bytes
[2025-11-11 10:21:35,524] INFO: [PROTOCOL] 準備發送 272 bytes
[2025-11-11 10:21:35,525] INFO: [PROTOCOL] 已發送 276/276 bytes
[2025-11-11 10:21:35,525] INFO: [PROTOCOL] ✅ 完整發送 276 bytes
[2025-11-11 10:21:35,525] INFO: [PROTOCOL] 準備發送 272 bytes
[2025-11-11 10:21:35,525] INFO: [PROTOCOL] 已發送 276/276 bytes
[2025-11-11 10:21:35,525] INFO: [PROTOCOL] ✅ 完整發送 276 bytes
[2025-11-11 10:21:35,525] INFO: [PROTOCOL] 準備發送 264 bytes
[2025-11-11 10:21:35,525] INFO: [PROTOCOL] 已發送 268/268 bytes
[2025-11-11 10:21:35,526] INFO: [PROTOCOL] ✅ 完整發送 268 bytes
[2025-11-11 10:21:35,526] INFO: [PROTOCOL] 準備發送 264 bytes
[2025-11-11 10:21:35,526] INFO: [PROTOCOL] 已發送 268/268 bytes
[2025-11-11 10:21:35,526] INFO: [PROTOCOL] ✅ 完整發送 268 bytes
[2025-11-11 10:21:35,620] INFO: 🎮 Received INPUT from 2: CCW (seq: 10)
[2025-11-11 10:21:35,621] INFO: ✅ Processing action: CCW
[2025-11-11 10:21:35,627] INFO: [PROTOCOL] 準備發送 264 bytes
[2025-11-11 10:21:35,627] INFO: [PROTOCOL] 已發送 268/268 bytes
[2025-11-11 10:21:35,627] INFO: [PROTOCOL] ✅ 完整發送 268 bytes
[2025-11-11 10:21:35,627] INFO: [PROTOCOL] 準備發送 264 bytes
[2025-11-11 10:21:35,628] INFO: [PROTOCOL] 已發送 268/268 bytes
[2025-11-11 10:21:35,628] INFO: [PROTOCOL] ✅ 完整發送 268 bytes
[2025-11-11 10:21:35,628] INFO: [PROTOCOL] 準備發送 264 bytes
[2025-11-11 10:21:35,628] INFO: [PROTOCOL] 已發送 268/268 bytes
[2025-11-11 10:21:35,628] INFO: [PROTOCOL] ✅ 完整發送 268 bytes
[2025-11-11 10:21:35,628] INFO: [PROTOCOL] 準備發送 264 bytes
[2025-11-11 10:21:35,628] INFO: [PROTOCOL] 已發送 268/268 bytes
[2025-11-11 10:21:35,628] INFO: [PROTOCOL] ✅ 完整發送 268 bytes
[2025-11-11 10:21:35,684] INFO: 🎮 Received INPUT from 2: CCW (seq: 11)
[2025-11-11 10:21:35,684] INFO: ✅ Processing action: CCW
[2025-11-11 10:21:35,733] INFO: [PROTOCOL] 準備發送 272 bytes
[2025-11-11 10:21:35,733] INFO: [PROTOCOL] 已發送 276/276 bytes
[2025-11-11 10:21:35,733] INFO: [PROTOCOL] ✅ 完整發送 276 bytes
[2025-11-11 10:21:35,733] INFO: [PROTOCOL] 準備發送 272 bytes
[2025-11-11 10:21:35,733] INFO: [PROTOCOL] 已發送 276/276 bytes
[2025-11-11 10:21:35,733] INFO: [PROTOCOL] ✅ 完整發送 276 bytes
[2025-11-11 10:21:35,733] INFO: [PROTOCOL] 準備發送 264 bytes
[2025-11-11 10:21:35,733] INFO: [PROTOCOL] 已發送 268/268 bytes
[2025-11-11 10:21:35,733] INFO: [PROTOCOL] ✅ 完整發送 268 bytes
[2025-11-11 10:21:35,733] INFO: [PROTOCOL] 準備發送 264 bytes
[2025-11-11 10:21:35,733] INFO: [PROTOCOL] 已發送 268/268 bytes
[2025-11-11 10:21:35,734] INFO: [PROTOCOL] ✅ 完整發送 268 bytes
[2025-11-11 10:21:35,837] INFO: [PROTOCOL] 準備發送 272 bytes
[2025-11-11 10:21:35,837] INFO: [PROTOCOL] 已發送 276/276 bytes
[2025-11-11 10:21:35,837] INFO: [PROTOCOL] ✅ 完整發送 276 bytes
[2025-11-11 10:21:35,838] INFO: [PROTOCOL] 準備發送 272 bytes
[2025-11-11 10:21:35,838] INFO: [PROTOCOL] 已發送 276/276 bytes
[2025-11-11 10:21:35,838] INFO: [PROTOCOL] ✅ 完整發送 276 bytes
[2025-11-11 10:21:35,838] INFO: [PROTOCOL] 準備發送 264 bytes
[2025-11-11 10:21:35,838] INFO: [PROTOCOL] 已發送 268/268 bytes
[2025-11-11 10:21:35,838] INFO: [PROTOCOL] ✅ 完整發送 268 bytes
[2025-11-11 10:21:35,838] INFO: [PROTOCOL] 準備發送 264 bytes
[2025-11-11 10:21:35,838] INFO: [PROTOCOL] 已發送 268/268 bytes
[2025-11-11 10:21:35,838] INFO: [PROTOCOL] ✅ 完整發送 268 bytes
[2025-11-11 10:21:35,948] INFO: [PROTOCOL] 準備發送 272 bytes
[2025-11-11 10:21:35,948] INFO: [PROTOCOL] 已發送 276/276 bytes
[2025-11-11 10:21:35,948] INFO: [PROTOCOL] ✅ 完整發送 276 bytes
[2025-11-11 10:21:35,948] INFO: [PROTOCOL] 準備發送 272 bytes
[2025-11-11 10:21:35,949] INFO: [PROTOCOL] 已發送 276/276 bytes
[2025-11-11 10:21:35,949] INFO: [PROTOCOL] ✅ 完整發送 276 bytes
[2025-11-11 10:21:35,949] INFO: [PROTOCOL] 準備發送 264 bytes
[2025-11-11 10:21:35,949] INFO: [PROTOCOL] 已發送 268/268 bytes
[2025-11-11 10:21:35,949] INFO: [PROTOCOL] ✅ 完整發送 268 bytes
[2025-11-11 10:21:35,949] INFO: [PROTOCOL] 準備發送 264 bytes
[2025-11-11 10:21:35,949] INFO: [PROTOCOL] 已發送 268/268 bytes
[2025-11-11 10:21:35,949] INFO: [PROTOCOL] ✅ 完整發送 268 bytes
[2025-11-11 10:21:36,052] INFO: [PROTOCOL] 準備發送 272 bytes
[2025-11-11 10:21:36,052] INFO: [PROTOCOL] 已發送 276/276 bytes
[2025-11-11 10:21:36,052] INFO: [PROTOCOL] ✅ 完整發送 276 bytes
[2025-11-11 10:21:36,053] INFO: [PROTOCOL] 準備發送 272 bytes
[2025-11-11 10:21:36,053] INFO: [PROTOCOL] 已發送 276/276 bytes
[2025-11-11 10:21:36,053] INFO: [PROTOCOL] ✅ 完整發送 276 bytes
[2025-11-11 10:21:36,053] INFO: [PROTOCOL] 準備發送 264 bytes
[2025-11-11 10:21:36,053] INFO: [PROTOCOL] 已發送 268/268 bytes
[2025-11-11 10:21:36,053] INFO: [PROTOCOL] ✅ 完整發送 268 bytes
[2025-11-11 10:21:36,053] INFO: [PROTOCOL] 準備發送 264 bytes
[2025-11-11 10:21:36,053] INFO: [PROTOCOL] 已發送 268/268 bytes
[2025-11-11 10:21:36,053] INFO: [PROTOCOL] ✅ 完整發送 268 bytes
[2025-11-11 10:21:36,158] INFO: [PROTOCOL] 準備發送 272 bytes
[2025-11-11 10:21:36,158] INFO: [PROTOCOL] 已發送 276/276 bytes
[2025-11-11 10:21:36,158] INFO: [PROTOCOL] ✅ 完整發送 276 bytes
[2025-11-11 10:21:36,158] INFO: [PROTOCOL] 準備發送 272 bytes
[2025-11-11 10:21:36,158] INFO: [PROTOCOL] 已發送 276/276 bytes
[2025-11-11 10:21:36,158] INFO: [PROTOCOL] ✅ 完整發送 276 bytes
[2025-11-11 10:21:36,158] INFO: [PROTOCOL] 準備發送 264 bytes
[2025-11-11 10:21:36,158] INFO: [PROTOCOL] 已發送 268/268 bytes
[2025-11-11 10:21:36,158] INFO: [PROTOCOL] ✅ 完整發送 268 bytes
[2025-11-11 10:21:36,158] INFO: [PROTOCOL] 準備發送 264 bytes
[2025-11-11 10:21:36,158] INFO: [PROTOCOL] 已發送 268/268 bytes
[2025-11-11 10:21:36,158] INFO: [PROTOCOL] ✅ 完整發送 268 bytes
[2025-11-11 10:21:36,245] INFO: 🎮 Received INPUT from 2: CCW (seq: 12)
[2025-11-11 10:21:36,245] INFO: ✅ Processing action: CCW
[2025-11-11 10:21:36,264] INFO: [PROTOCOL] 準備發送 263 bytes
[2025-11-11 10:21:36,264] INFO: [PROTOCOL] 已發送 267/267 bytes
[2025-11-11 10:21:36,264] INFO: [PROTOCOL] ✅ 完整發送 267 bytes
[2025-11-11 10:21:36,264] INFO: [PROTOCOL] 準備發送 263 bytes
[2025-11-11 10:21:36,264] INFO: [PROTOCOL] 已發送 267/267 bytes
[2025-11-11 10:21:36,264] INFO: [PROTOCOL] ✅ 完整發送 267 bytes
[2025-11-11 10:21:36,264] INFO: [PROTOCOL] 準備發送 264 bytes
[2025-11-11 10:21:36,264] INFO: [PROTOCOL] 已發送 268/268 bytes
[2025-11-11 10:21:36,264] INFO: [PROTOCOL] ✅ 完整發送 268 bytes
[2025-11-11 10:21:36,264] INFO: [PROTOCOL] 準備發送 264 bytes
[2025-11-11 10:21:36,265] INFO: [PROTOCOL] 已發送 268/268 bytes
[2025-11-11 10:21:36,265] INFO: [PROTOCOL] ✅ 完整發送 268 bytes
[2025-11-11 10:21:36,369] INFO: [PROTOCOL] 準備發送 263 bytes
[2025-11-11 10:21:36,370] INFO: [PROTOCOL] 已發送 267/267 bytes
[2025-11-11 10:21:36,370] INFO: [PROTOCOL] ✅ 完整發送 267 bytes
[2025-11-11 10:21:36,370] INFO: [PROTOCOL] 準備發送 263 bytes
[2025-11-11 10:21:36,370] INFO: [PROTOCOL] 已發送 267/267 bytes
[2025-11-11 10:21:36,370] INFO: [PROTOCOL] ✅ 完整發送 267 bytes
[2025-11-11 10:21:36,370] INFO: [PROTOCOL] 準備發送 264 bytes
[2025-11-11 10:21:36,370] INFO: [PROTOCOL] 已發送 268/268 bytes
[2025-11-11 10:21:36,370] INFO: [PROTOCOL] ✅ 完整發送 268 bytes
[2025-11-11 10:21:36,371] INFO: [PROTOCOL] 準備發送 264 bytes
[2025-11-11 10:21:36,371] INFO: [PROTOCOL] 已發送 268/268 bytes
[2025-11-11 10:21:36,371] INFO: [PROTOCOL] ✅ 完整發送 268 bytes
[2025-11-11 10:21:36,475] INFO: [PROTOCOL] 準備發送 263 bytes
[2025-11-11 10:21:36,475] INFO: [PROTOCOL] 已發送 267/267 bytes
[2025-11-11 10:21:36,475] INFO: [PROTOCOL] ✅ 完整發送 267 bytes
[2025-11-11 10:21:36,475] INFO: [PROTOCOL] 準備發送 263 bytes
[2025-11-11 10:21:36,476] INFO: [PROTOCOL] 已發送 267/267 bytes
[2025-11-11 10:21:36,476] INFO: [PROTOCOL] ✅ 完整發送 267 bytes
[2025-11-11 10:21:36,476] INFO: [PROTOCOL] 準備發送 264 bytes
[2025-11-11 10:21:36,476] INFO: [PROTOCOL] 已發送 268/268 bytes
[2025-11-11 10:21:36,476] INFO: [PROTOCOL] ✅ 完整發送 268 bytes
[2025-11-11 10:21:36,476] INFO: [PROTOCOL] 準備發送 264 bytes
[2025-11-11 10:21:36,476] INFO: [PROTOCOL] 已發送 268/268 bytes
[2025-11-11 10:21:36,476] INFO: [PROTOCOL] ✅ 完整發送 268 bytes
[2025-11-11 10:21:36,582] INFO: [PROTOCOL] 準備發送 263 bytes
[2025-11-11 10:21:36,582] INFO: [PROTOCOL] 已發送 267/267 bytes
[2025-11-11 10:21:36,583] INFO: [PROTOCOL] ✅ 完整發送 267 bytes
[2025-11-11 10:21:36,583] INFO: [PROTOCOL] 準備發送 263 bytes
[2025-11-11 10:21:36,583] INFO: [PROTOCOL] 已發送 267/267 bytes
[2025-11-11 10:21:36,583] INFO: [PROTOCOL] ✅ 完整發送 267 bytes
[2025-11-11 10:21:36,583] INFO: [PROTOCOL] 準備發送 264 bytes
[2025-11-11 10:21:36,583] INFO: [PROTOCOL] 已發送 268/268 bytes
[2025-11-11 10:21:36,583] INFO: [PROTOCOL] ✅ 完整發送 268 bytes
[2025-11-11 10:21:36,583] INFO: [PROTOCOL] 準備發送 264 bytes
[2025-11-11 10:21:36,583] INFO: [PROTOCOL] 已發送 268/268 bytes
[2025-11-11 10:21:36,583] INFO: [PROTOCOL] ✅ 完整發送 268 bytes
[2025-11-11 10:21:36,689] INFO: [PROTOCOL] 準備發送 263 bytes
[2025-11-11 10:21:36,689] INFO: [PROTOCOL] 已發送 267/267 bytes
[2025-11-11 10:21:36,689] INFO: [PROTOCOL] ✅ 完整發送 267 bytes
[2025-11-11 10:21:36,689] INFO: [PROTOCOL] 準備發送 263 bytes
[2025-11-11 10:21:36,690] INFO: [PROTOCOL] 已發送 267/267 bytes
[2025-11-11 10:21:36,690] INFO: [PROTOCOL] ✅ 完整發送 267 bytes
[2025-11-11 10:21:36,690] INFO: [PROTOCOL] 準備發送 264 bytes
[2025-11-11 10:21:36,690] INFO: [PROTOCOL] 已發送 268/268 bytes
[2025-11-11 10:21:36,690] INFO: [PROTOCOL] ✅ 完整發送 268 bytes
[2025-11-11 10:21:36,690] INFO: [PROTOCOL] 準備發送 264 bytes
[2025-11-11 10:21:36,691] INFO: [PROTOCOL] 已發送 268/268 bytes
[2025-11-11 10:21:36,691] INFO: [PROTOCOL] ✅ 完整發送 268 bytes
[2025-11-11 10:21:36,739] INFO: 🎮 Received INPUT from 2: DOWN (seq: 13)
[2025-11-11 10:21:36,739] INFO: ✅ Processing action: DOWN
[2025-11-11 10:21:36,796] INFO: [PROTOCOL] 準備發送 265 bytes
[2025-11-11 10:21:36,796] INFO: [PROTOCOL] 已發送 269/269 bytes
[2025-11-11 10:21:36,796] INFO: [PROTOCOL] ✅ 完整發送 269 bytes
[2025-11-11 10:21:36,796] INFO: [PROTOCOL] 準備發送 265 bytes
[2025-11-11 10:21:36,796] INFO: [PROTOCOL] 已發送 269/269 bytes
[2025-11-11 10:21:36,796] INFO: [PROTOCOL] ✅ 完整發送 269 bytes
[2025-11-11 10:21:36,796] INFO: [PROTOCOL] 準備發送 263 bytes
[2025-11-11 10:21:36,796] INFO: [PROTOCOL] 已發送 267/267 bytes
[2025-11-11 10:21:36,796] INFO: [PROTOCOL] ✅ 完整發送 267 bytes
[2025-11-11 10:21:36,796] INFO: [PROTOCOL] 準備發送 263 bytes
[2025-11-11 10:21:36,797] INFO: [PROTOCOL] 已發送 267/267 bytes
[2025-11-11 10:21:36,797] INFO: [PROTOCOL] ✅ 完整發送 267 bytes
[2025-11-11 10:21:36,800] INFO: 🎮 Received INPUT from 2: DOWN (seq: 14)
[2025-11-11 10:21:36,800] INFO: ✅ Processing action: DOWN
[2025-11-11 10:21:36,869] INFO: 🎮 Received INPUT from 2: DOWN (seq: 15)
[2025-11-11 10:21:36,869] INFO: ✅ Processing action: DOWN
[2025-11-11 10:21:36,900] INFO: [PROTOCOL] 準備發送 265 bytes
[2025-11-11 10:21:36,900] INFO: [PROTOCOL] 已發送 269/269 bytes
[2025-11-11 10:21:36,900] INFO: [PROTOCOL] ✅ 完整發送 269 bytes
[2025-11-11 10:21:36,900] INFO: [PROTOCOL] 準備發送 265 bytes
[2025-11-11 10:21:36,900] INFO: [PROTOCOL] 已發送 269/269 bytes
[2025-11-11 10:21:36,901] INFO: [PROTOCOL] ✅ 完整發送 269 bytes
[2025-11-11 10:21:36,901] INFO: [PROTOCOL] 準備發送 263 bytes
[2025-11-11 10:21:36,901] INFO: [PROTOCOL] 已發送 267/267 bytes
[2025-11-11 10:21:36,901] INFO: [PROTOCOL] ✅ 完整發送 267 bytes
[2025-11-11 10:21:36,901] INFO: [PROTOCOL] 準備發送 263 bytes
[2025-11-11 10:21:36,901] INFO: [PROTOCOL] 已發送 267/267 bytes
[2025-11-11 10:21:36,901] INFO: [PROTOCOL] ✅ 完整發送 267 bytes
[2025-11-11 10:21:36,918] INFO: 🎮 Received INPUT from 2: DOWN (seq: 16)
[2025-11-11 10:21:36,918] INFO: ✅ Processing action: DOWN
[2025-11-11 10:21:36,970] INFO: 🎮 Received INPUT from 2: DOWN (seq: 17)
[2025-11-11 10:21:36,970] INFO: ✅ Processing action: DOWN
[2025-11-11 10:21:37,003] INFO: [PROTOCOL] 準備發送 265 bytes
[2025-11-11 10:21:37,004] INFO: [PROTOCOL] 已發送 269/269 bytes
[2025-11-11 10:21:37,004] INFO: [PROTOCOL] ✅ 完整發送 269 bytes
[2025-11-11 10:21:37,004] INFO: [PROTOCOL] 準備發送 265 bytes
[2025-11-11 10:21:37,004] INFO: [PROTOCOL] 已發送 269/269 bytes
[2025-11-11 10:21:37,004] INFO: [PROTOCOL] ✅ 完整發送 269 bytes
[2025-11-11 10:21:37,004] INFO: [PROTOCOL] 準備發送 263 bytes
[2025-11-11 10:21:37,004] INFO: [PROTOCOL] 已發送 267/267 bytes
[2025-11-11 10:21:37,004] INFO: [PROTOCOL] ✅ 完整發送 267 bytes
[2025-11-11 10:21:37,004] INFO: [PROTOCOL] 準備發送 263 bytes
[2025-11-11 10:21:37,004] INFO: [PROTOCOL] 已發送 267/267 bytes
[2025-11-11 10:21:37,004] INFO: [PROTOCOL] ✅ 完整發送 267 bytes
[2025-11-11 10:21:37,022] INFO: 🎮 Received INPUT from 2: DOWN (seq: 18)
[2025-11-11 10:21:37,022] INFO: ✅ Processing action: DOWN
[2025-11-11 10:21:37,072] INFO: 🎮 Received INPUT from 2: DOWN (seq: 19)
[2025-11-11 10:21:37,072] INFO: ✅ Processing action: DOWN
[2025-11-11 10:21:37,119] INFO: [PROTOCOL] 準備發送 265 bytes
[2025-11-11 10:21:37,119] INFO: [PROTOCOL] 已發送 269/269 bytes
[2025-11-11 10:21:37,119] INFO: [PROTOCOL] ✅ 完整發送 269 bytes
[2025-11-11 10:21:37,119] INFO: [PROTOCOL] 準備發送 265 bytes
[2025-11-11 10:21:37,119] INFO: [PROTOCOL] 已發送 269/269 bytes
[2025-11-11 10:21:37,119] INFO: [PROTOCOL] ✅ 完整發送 269 bytes
[2025-11-11 10:21:37,119] INFO: [PROTOCOL] 準備發送 263 bytes
[2025-11-11 10:21:37,119] INFO: [PROTOCOL] 已發送 267/267 bytes
[2025-11-11 10:21:37,119] INFO: [PROTOCOL] ✅ 完整發送 267 bytes
[2025-11-11 10:21:37,119] INFO: [PROTOCOL] 準備發送 263 bytes
[2025-11-11 10:21:37,119] INFO: [PROTOCOL] 已發送 267/267 bytes
[2025-11-11 10:21:37,119] INFO: [PROTOCOL] ✅ 完整發送 267 bytes
[2025-11-11 10:21:37,123] INFO: 🎮 Received INPUT from 2: DOWN (seq: 20)
[2025-11-11 10:21:37,123] INFO: ✅ Processing action: DOWN
[2025-11-11 10:21:37,176] INFO: 🎮 Received INPUT from 2: DOWN (seq: 21)
[2025-11-11 10:21:37,176] INFO: ✅ Processing action: DOWN
[2025-11-11 10:21:37,224] INFO: [PROTOCOL] 準備發送 280 bytes
[2025-11-11 10:21:37,224] INFO: [PROTOCOL] 已發送 284/284 bytes
[2025-11-11 10:21:37,224] INFO: [PROTOCOL] ✅ 完整發送 284 bytes
[2025-11-11 10:21:37,224] INFO: [PROTOCOL] 準備發送 280 bytes
[2025-11-11 10:21:37,224] INFO: [PROTOCOL] 已發送 284/284 bytes
[2025-11-11 10:21:37,224] INFO: [PROTOCOL] ✅ 完整發送 284 bytes
[2025-11-11 10:21:37,224] INFO: [PROTOCOL] 準備發送 265 bytes
[2025-11-11 10:21:37,224] INFO: [PROTOCOL] 已發送 269/269 bytes
[2025-11-11 10:21:37,224] INFO: [PROTOCOL] ✅ 完整發送 269 bytes
[2025-11-11 10:21:37,224] INFO: [PROTOCOL] 準備發送 265 bytes
[2025-11-11 10:21:37,224] INFO: [PROTOCOL] 已發送 269/269 bytes
[2025-11-11 10:21:37,224] INFO: [PROTOCOL] ✅ 完整發送 269 bytes
[2025-11-11 10:21:37,226] INFO: 🎮 Received INPUT from 2: DOWN (seq: 22)
[2025-11-11 10:21:37,226] INFO: ✅ Processing action: DOWN
[2025-11-11 10:21:37,330] INFO: [PROTOCOL] 準備發送 280 bytes
[2025-11-11 10:21:37,330] INFO: [PROTOCOL] 已發送 284/284 bytes
[2025-11-11 10:21:37,330] INFO: [PROTOCOL] ✅ 完整發送 284 bytes
[2025-11-11 10:21:37,330] INFO: [PROTOCOL] 準備發送 280 bytes
[2025-11-11 10:21:37,330] INFO: [PROTOCOL] 已發送 284/284 bytes
[2025-11-11 10:21:37,330] INFO: [PROTOCOL] ✅ 完整發送 284 bytes
[2025-11-11 10:21:37,330] INFO: [PROTOCOL] 準備發送 265 bytes
[2025-11-11 10:21:37,330] INFO: [PROTOCOL] 已發送 269/269 bytes
[2025-11-11 10:21:37,330] INFO: [PROTOCOL] ✅ 完整發送 269 bytes
[2025-11-11 10:21:37,330] INFO: [PROTOCOL] 準備發送 265 bytes
[2025-11-11 10:21:37,330] INFO: [PROTOCOL] 已發送 269/269 bytes
[2025-11-11 10:21:37,330] INFO: [PROTOCOL] ✅ 完整發送 269 bytes
[2025-11-11 10:21:37,435] INFO: [PROTOCOL] 準備發送 280 bytes
[2025-11-11 10:21:37,436] INFO: [PROTOCOL] 已發送 284/284 bytes
[2025-11-11 10:21:37,436] INFO: [PROTOCOL] ✅ 完整發送 284 bytes
[2025-11-11 10:21:37,436] INFO: [PROTOCOL] 準備發送 280 bytes
[2025-11-11 10:21:37,436] INFO: [PROTOCOL] 已發送 284/284 bytes
[2025-11-11 10:21:37,437] INFO: [PROTOCOL] ✅ 完整發送 284 bytes
[2025-11-11 10:21:37,437] INFO: [PROTOCOL] 準備發送 265 bytes
[2025-11-11 10:21:37,437] INFO: [PROTOCOL] 已發送 269/269 bytes
[2025-11-11 10:21:37,437] INFO: [PROTOCOL] ✅ 完整發送 269 bytes
[2025-11-11 10:21:37,438] INFO: [PROTOCOL] 準備發送 265 bytes
[2025-11-11 10:21:37,438] INFO: [PROTOCOL] 已發送 269/269 bytes
[2025-11-11 10:21:37,438] INFO: [PROTOCOL] ✅ 完整發送 269 bytes
[2025-11-11 10:21:37,539] INFO: [PROTOCOL] 準備發送 280 bytes
[2025-11-11 10:21:37,539] INFO: [PROTOCOL] 已發送 284/284 bytes
[2025-11-11 10:21:37,539] INFO: [PROTOCOL] ✅ 完整發送 284 bytes
[2025-11-11 10:21:37,539] INFO: [PROTOCOL] 準備發送 280 bytes
[2025-11-11 10:21:37,539] INFO: [PROTOCOL] 已發送 284/284 bytes
[2025-11-11 10:21:37,539] INFO: [PROTOCOL] ✅ 完整發送 284 bytes
[2025-11-11 10:21:37,539] INFO: [PROTOCOL] 準備發送 265 bytes
[2025-11-11 10:21:37,539] INFO: [PROTOCOL] 已發送 269/269 bytes
[2025-11-11 10:21:37,540] INFO: [PROTOCOL] ✅ 完整發送 269 bytes
[2025-11-11 10:21:37,540] INFO: [PROTOCOL] 準備發送 265 bytes
[2025-11-11 10:21:37,540] INFO: [PROTOCOL] 已發送 269/269 bytes
[2025-11-11 10:21:37,540] INFO: [PROTOCOL] ✅ 完整發送 269 bytes
[2025-11-11 10:21:37,644] INFO: [PROTOCOL] 準備發送 280 bytes
[2025-11-11 10:21:37,644] INFO: [PROTOCOL] 已發送 284/284 bytes
[2025-11-11 10:21:37,644] INFO: [PROTOCOL] ✅ 完整發送 284 bytes
[2025-11-11 10:21:37,644] INFO: [PROTOCOL] 準備發送 280 bytes
[2025-11-11 10:21:37,645] INFO: [PROTOCOL] 已發送 284/284 bytes
[2025-11-11 10:21:37,645] INFO: [PROTOCOL] ✅ 完整發送 284 bytes
[2025-11-11 10:21:37,645] INFO: [PROTOCOL] 準備發送 265 bytes
[2025-11-11 10:21:37,645] INFO: [PROTOCOL] 已發送 269/269 bytes
[2025-11-11 10:21:37,645] INFO: [PROTOCOL] ✅ 完整發送 269 bytes
[2025-11-11 10:21:37,645] INFO: [PROTOCOL] 準備發送 265 bytes
[2025-11-11 10:21:37,645] INFO: [PROTOCOL] 已發送 269/269 bytes
[2025-11-11 10:21:37,645] INFO: [PROTOCOL] ✅ 完整發送 269 bytes
[2025-11-11 10:21:37,746] INFO: [PROTOCOL] 準備發送 280 bytes
[2025-11-11 10:21:37,746] INFO: [PROTOCOL] 已發送 284/284 bytes
[2025-11-11 10:21:37,746] INFO: [PROTOCOL] ✅ 完整發送 284 bytes
[2025-11-11 10:21:37,746] INFO: [PROTOCOL] 準備發送 280 bytes
[2025-11-11 10:21:37,747] INFO: [PROTOCOL] 已發送 284/284 bytes
[2025-11-11 10:21:37,747] INFO: [PROTOCOL] ✅ 完整發送 284 bytes
[2025-11-11 10:21:37,747] INFO: [PROTOCOL] 準備發送 265 bytes
[2025-11-11 10:21:37,747] INFO: [PROTOCOL] 已發送 269/269 bytes
[2025-11-11 10:21:37,747] INFO: [PROTOCOL] ✅ 完整發送 269 bytes
[2025-11-11 10:21:37,747] INFO: [PROTOCOL] 準備發送 265 bytes
[2025-11-11 10:21:37,747] INFO: [PROTOCOL] 已發送 269/269 bytes
[2025-11-11 10:21:37,747] INFO: [PROTOCOL] ✅ 完整發送 269 bytes
[2025-11-11 10:21:37,853] INFO: [PROTOCOL] 準備發送 280 bytes
[2025-11-11 10:21:37,853] INFO: [PROTOCOL] 已發送 284/284 bytes
[2025-11-11 10:21:37,853] INFO: [PROTOCOL] ✅ 完整發送 284 bytes
[2025-11-11 10:21:37,853] INFO: [PROTOCOL] 準備發送 280 bytes
[2025-11-11 10:21:37,853] INFO: [PROTOCOL] 已發送 284/284 bytes
[2025-11-11 10:21:37,853] INFO: [PROTOCOL] ✅ 完整發送 284 bytes
[2025-11-11 10:21:37,853] INFO: [PROTOCOL] 準備發送 265 bytes
[2025-11-11 10:21:37,853] INFO: [PROTOCOL] 已發送 269/269 bytes
[2025-11-11 10:21:37,853] INFO: [PROTOCOL] ✅ 完整發送 269 bytes
[2025-11-11 10:21:37,853] INFO: [PROTOCOL] 準備發送 265 bytes
[2025-11-11 10:21:37,853] INFO: [PROTOCOL] 已發送 269/269 bytes
[2025-11-11 10:21:37,853] INFO: [PROTOCOL] ✅ 完整發送 269 bytes
[2025-11-11 10:21:37,958] INFO: [PROTOCOL] 準備發送 280 bytes
[2025-11-11 10:21:37,959] INFO: [PROTOCOL] 已發送 284/284 bytes
[2025-11-11 10:21:37,959] INFO: [PROTOCOL] ✅ 完整發送 284 bytes
[2025-11-11 10:21:37,959] INFO: [PROTOCOL] 準備發送 280 bytes
[2025-11-11 10:21:37,959] INFO: [PROTOCOL] 已發送 284/284 bytes
[2025-11-11 10:21:37,959] INFO: [PROTOCOL] ✅ 完整發送 284 bytes
[2025-11-11 10:21:37,959] INFO: [PROTOCOL] 準備發送 265 bytes
[2025-11-11 10:21:37,959] INFO: [PROTOCOL] 已發送 269/269 bytes
[2025-11-11 10:21:37,959] INFO: [PROTOCOL] ✅ 完整發送 269 bytes
[2025-11-11 10:21:37,959] INFO: [PROTOCOL] 準備發送 265 bytes
[2025-11-11 10:21:37,959] INFO: [PROTOCOL] 已發送 269/269 bytes
[2025-11-11 10:21:37,959] INFO: [PROTOCOL] ✅ 完整發送 269 bytes
[2025-11-11 10:21:38,064] INFO: [PROTOCOL] 準備發送 280 bytes
[2025-11-11 10:21:38,065] INFO: [PROTOCOL] 已發送 284/284 bytes
[2025-11-11 10:21:38,065] INFO: [PROTOCOL] ✅ 完整發送 284 bytes
[2025-11-11 10:21:38,065] INFO: [PROTOCOL] 準備發送 280 bytes
[2025-11-11 10:21:38,065] INFO: [PROTOCOL] 已發送 284/284 bytes
[2025-11-11 10:21:38,065] INFO: [PROTOCOL] ✅ 完整發送 284 bytes
[2025-11-11 10:21:38,066] INFO: [PROTOCOL] 準備發送 265 bytes
[2025-11-11 10:21:38,066] INFO: [PROTOCOL] 已發送 269/269 bytes
[2025-11-11 10:21:38,066] INFO: [PROTOCOL] ✅ 完整發送 269 bytes
[2025-11-11 10:21:38,066] INFO: [PROTOCOL] 準備發送 265 bytes
[2025-11-11 10:21:38,066] INFO: [PROTOCOL] 已發送 269/269 bytes
[2025-11-11 10:21:38,066] INFO: [PROTOCOL] ✅ 完整發送 269 bytes
[2025-11-11 10:21:38,172] INFO: [PROTOCOL] 準備發送 280 bytes
[2025-11-11 10:21:38,172] INFO: [PROTOCOL] 已發送 284/284 bytes
[2025-11-11 10:21:38,172] INFO: [PROTOCOL] ✅ 完整發送 284 bytes
[2025-11-11 10:21:38,172] INFO: [PROTOCOL] 準備發送 280 bytes
[2025-11-11 10:21:38,172] INFO: [PROTOCOL] 已發送 284/284 bytes
[2025-11-11 10:21:38,173] INFO: [PROTOCOL] ✅ 完整發送 284 bytes
[2025-11-11 10:21:38,173] INFO: [PROTOCOL] 準備發送 265 bytes
[2025-11-11 10:21:38,173] INFO: [PROTOCOL] 已發送 269/269 bytes
[2025-11-11 10:21:38,173] INFO: [PROTOCOL] ✅ 完整發送 269 bytes
[2025-11-11 10:21:38,173] INFO: [PROTOCOL] 準備發送 265 bytes
[2025-11-11 10:21:38,173] INFO: [PROTOCOL] 已發送 269/269 bytes
[2025-11-11 10:21:38,173] INFO: [PROTOCOL] ✅ 完整發送 269 bytes
[2025-11-11 10:21:38,280] INFO: [PROTOCOL] 準備發送 280 bytes
[2025-11-11 10:21:38,280] INFO: [PROTOCOL] 已發送 284/284 bytes
[2025-11-11 10:21:38,280] INFO: [PROTOCOL] ✅ 完整發送 284 bytes
[2025-11-11 10:21:38,280] INFO: [PROTOCOL] 準備發送 280 bytes
[2025-11-11 10:21:38,281] INFO: [PROTOCOL] 已發送 284/284 bytes
[2025-11-11 10:21:38,281] INFO: [PROTOCOL] ✅ 完整發送 284 bytes
[2025-11-11 10:21:38,281] INFO: [PROTOCOL] 準備發送 265 bytes
[2025-11-11 10:21:38,281] INFO: [PROTOCOL] 已發送 269/269 bytes
[2025-11-11 10:21:38,281] INFO: [PROTOCOL] ✅ 完整發送 269 bytes
[2025-11-11 10:21:38,281] INFO: [PROTOCOL] 準備發送 265 bytes
[2025-11-11 10:21:38,281] INFO: [PROTOCOL] 已發送 269/269 bytes
[2025-11-11 10:21:38,281] INFO: [PROTOCOL] ✅ 完整發送 269 bytes
[2025-11-11 10:21:38,384] INFO: [PROTOCOL] 準備發送 280 bytes
[2025-11-11 10:21:38,385] INFO: [PROTOCOL] 已發送 284/284 bytes
[2025-11-11 10:21:38,385] INFO: [PROTOCOL] ✅ 完整發送 284 bytes
[2025-11-11 10:21:38,385] INFO: [PROTOCOL] 準備發送 280 bytes
[2025-11-11 10:21:38,385] INFO: [PROTOCOL] 已發送 284/284 bytes
[2025-11-11 10:21:38,385] INFO: [PROTOCOL] ✅ 完整發送 284 bytes
[2025-11-11 10:21:38,385] INFO: [PROTOCOL] 準備發送 265 bytes
[2025-11-11 10:21:38,385] INFO: [PROTOCOL] 已發送 269/269 bytes
[2025-11-11 10:21:38,385] INFO: [PROTOCOL] ✅ 完整發送 269 bytes
[2025-11-11 10:21:38,386] INFO: [PROTOCOL] 準備發送 265 bytes
[2025-11-11 10:21:38,386] INFO: [PROTOCOL] 已發送 269/269 bytes
[2025-11-11 10:21:38,386] INFO: [PROTOCOL] ✅ 完整發送 269 bytes
[2025-11-11 10:21:38,491] INFO: [PROTOCOL] 準備發送 280 bytes
[2025-11-11 10:21:38,491] INFO: [PROTOCOL] 已發送 284/284 bytes
[2025-11-11 10:21:38,491] INFO: [PROTOCOL] ✅ 完整發送 284 bytes
[2025-11-11 10:21:38,491] INFO: [PROTOCOL] 準備發送 280 bytes
[2025-11-11 10:21:38,491] INFO: [PROTOCOL] 已發送 284/284 bytes
[2025-11-11 10:21:38,491] INFO: [PROTOCOL] ✅ 完整發送 284 bytes
[2025-11-11 10:21:38,491] INFO: [PROTOCOL] 準備發送 265 bytes
[2025-11-11 10:21:38,491] INFO: [PROTOCOL] 已發送 269/269 bytes
[2025-11-11 10:21:38,491] INFO: [PROTOCOL] ✅ 完整發送 269 bytes
[2025-11-11 10:21:38,491] INFO: [PROTOCOL] 準備發送 265 bytes
[2025-11-11 10:21:38,491] INFO: [PROTOCOL] 已發送 269/269 bytes
[2025-11-11 10:21:38,491] INFO: [PROTOCOL] ✅ 完整發送 269 bytes
[2025-11-11 10:21:38,596] INFO: [PROTOCOL] 準備發送 280 bytes
[2025-11-11 10:21:38,596] INFO: [PROTOCOL] 已發送 284/284 bytes
[2025-11-11 10:21:38,596] INFO: [PROTOCOL] ✅ 完整發送 284 bytes
[2025-11-11 10:21:38,596] INFO: [PROTOCOL] 準備發送 280 bytes
[2025-11-11 10:21:38,597] INFO: [PROTOCOL] 已發送 284/284 bytes
[2025-11-11 10:21:38,597] INFO: [PROTOCOL] ✅ 完整發送 284 bytes
[2025-11-11 10:21:38,597] INFO: [PROTOCOL] 準備發送 265 bytes
[2025-11-11 10:21:38,597] INFO: [PROTOCOL] 已發送 269/269 bytes
[2025-11-11 10:21:38,597] INFO: [PROTOCOL] ✅ 完整發送 269 bytes
[2025-11-11 10:21:38,597] INFO: [PROTOCOL] 準備發送 265 bytes
[2025-11-11 10:21:38,597] INFO: [PROTOCOL] 已發送 269/269 bytes
[2025-11-11 10:21:38,597] INFO: [PROTOCOL] ✅ 完整發送 269 bytes
[2025-11-11 10:21:38,702] INFO: [PROTOCOL] 準備發送 280 bytes
[2025-11-11 10:21:38,702] INFO: [PROTOCOL] 已發送 284/284 bytes
[2025-11-11 10:21:38,702] INFO: [PROTOCOL] ✅ 完整發送 284 bytes
[2025-11-11 10:21:38,702] INFO: [PROTOCOL] 準備發送 280 bytes
[2025-11-11 10:21:38,702] INFO: [PROTOCOL] 已發送 284/284 bytes
[2025-11-11 10:21:38,702] INFO: [PROTOCOL] ✅ 完整發送 284 bytes
[2025-11-11 10:21:38,702] INFO: [PROTOCOL] 準備發送 265 bytes
[2025-11-11 10:21:38,703] INFO: [PROTOCOL] 已發送 269/269 bytes
[2025-11-11 10:21:38,703] INFO: [PROTOCOL] ✅ 完整發送 269 bytes
[2025-11-11 10:21:38,703] INFO: [PROTOCOL] 準備發送 265 bytes
[2025-11-11 10:21:38,703] INFO: [PROTOCOL] 已發送 269/269 bytes
[2025-11-11 10:21:38,703] INFO: [PROTOCOL] ✅ 完整發送 269 bytes
[2025-11-11 10:21:38,808] INFO: [PROTOCOL] 準備發送 280 bytes
[2025-11-11 10:21:38,808] INFO: [PROTOCOL] 已發送 284/284 bytes
[2025-11-11 10:21:38,809] INFO: [PROTOCOL] ✅ 完整發送 284 bytes
[2025-11-11 10:21:38,809] INFO: [PROTOCOL] 準備發送 280 bytes
[2025-11-11 10:21:38,809] INFO: [PROTOCOL] 已發送 284/284 bytes
[2025-11-11 10:21:38,809] INFO: [PROTOCOL] ✅ 完整發送 284 bytes
[2025-11-11 10:21:38,809] INFO: [PROTOCOL] 準備發送 265 bytes
[2025-11-11 10:21:38,809] INFO: [PROTOCOL] 已發送 269/269 bytes
[2025-11-11 10:21:38,809] INFO: [PROTOCOL] ✅ 完整發送 269 bytes
[2025-11-11 10:21:38,810] INFO: [PROTOCOL] 準備發送 265 bytes
[2025-11-11 10:21:38,810] INFO: [PROTOCOL] 已發送 269/269 bytes
[2025-11-11 10:21:38,810] INFO: [PROTOCOL] ✅ 完整發送 269 bytes
[2025-11-11 10:21:38,914] INFO: [PROTOCOL] 準備發送 280 bytes
[2025-11-11 10:21:38,914] INFO: [PROTOCOL] 已發送 284/284 bytes
[2025-11-11 10:21:38,915] INFO: [PROTOCOL] ✅ 完整發送 284 bytes
[2025-11-11 10:21:38,915] INFO: [PROTOCOL] 準備發送 280 bytes
[2025-11-11 10:21:38,915] INFO: [PROTOCOL] 已發送 284/284 bytes
[2025-11-11 10:21:38,916] INFO: [PROTOCOL] ✅ 完整發送 284 bytes
[2025-11-11 10:21:38,916] INFO: [PROTOCOL] 準備發送 265 bytes
[2025-11-11 10:21:38,916] INFO: [PROTOCOL] 已發送 269/269 bytes
[2025-11-11 10:21:38,916] INFO: [PROTOCOL] ✅ 完整發送 269 bytes
[2025-11-11 10:21:38,916] INFO: [PROTOCOL] 準備發送 265 bytes
[2025-11-11 10:21:38,916] INFO: [PROTOCOL] 已發送 269/269 bytes
[2025-11-11 10:21:38,917] INFO: [PROTOCOL] ✅ 完整發送 269 bytes
[2025-11-11 10:21:39,022] INFO: [PROTOCOL] 準備發送 280 bytes
[2025-11-11 10:21:39,023] INFO: [PROTOCOL] 已發送 284/284 bytes
[2025-11-11 10:21:39,023] INFO: [PROTOCOL] ✅ 完整發送 284 bytes
[2025-11-11 10:21:39,023] INFO: [PROTOCOL] 準備發送 280 bytes
[2025-11-11 10:21:39,023] INFO: [PROTOCOL] 已發送 284/284 bytes
[2025-11-11 10:21:39,023] INFO: [PROTOCOL] ✅ 完整發送 284 bytes
[2025-11-11 10:21:39,023] INFO: [PROTOCOL] 準備發送 265 bytes
[2025-11-11 10:21:39,023] INFO: [PROTOCOL] 已發送 269/269 bytes
[2025-11-11 10:21:39,023] INFO: [PROTOCOL] ✅ 完整發送 269 bytes
[2025-11-11 10:21:39,023] INFO: [PROTOCOL] 準備發送 265 bytes
[2025-11-11 10:21:39,023] INFO: [PROTOCOL] 已發送 269/269 bytes
[2025-11-11 10:21:39,023] INFO: [PROTOCOL] ✅ 完整發送 269 bytes
[2025-11-11 10:21:39,128] INFO: [PROTOCOL] 準備發送 280 bytes
[2025-11-11 10:21:39,129] INFO: [PROTOCOL] 已發送 284/284 bytes
[2025-11-11 10:21:39,129] INFO: [PROTOCOL] ✅ 完整發送 284 bytes
[2025-11-11 10:21:39,129] INFO: [PROTOCOL] 準備發送 280 bytes
[2025-11-11 10:21:39,129] INFO: [PROTOCOL] 已發送 284/284 bytes
[2025-11-11 10:21:39,129] INFO: [PROTOCOL] ✅ 完整發送 284 bytes
[2025-11-11 10:21:39,129] INFO: [PROTOCOL] 準備發送 265 bytes
[2025-11-11 10:21:39,129] INFO: [PROTOCOL] 已發送 269/269 bytes
[2025-11-11 10:21:39,129] INFO: [PROTOCOL] ✅ 完整發送 269 bytes
[2025-11-11 10:21:39,129] INFO: [PROTOCOL] 準備發送 265 bytes
[2025-11-11 10:21:39,129] INFO: [PROTOCOL] 已發送 269/269 bytes
[2025-11-11 10:21:39,129] INFO: [PROTOCOL] ✅ 完整發送 269 bytes
[2025-11-11 10:21:39,234] INFO: [PROTOCOL] 準備發送 280 bytes
[2025-11-11 10:21:39,234] INFO: [PROTOCOL] 已發送 284/284 bytes
[2025-11-11 10:21:39,234] INFO: [PROTOCOL] ✅ 完整發送 284 bytes
[2025-11-11 10:21:39,234] INFO: [PROTOCOL] 準備發送 280 bytes
[2025-11-11 10:21:39,234] INFO: [PROTOCOL] 已發送 284/284 bytes
[2025-11-11 10:21:39,234] INFO: [PROTOCOL] ✅ 完整發送 284 bytes
[2025-11-11 10:21:39,234] INFO: [PROTOCOL] 準備發送 265 bytes
[2025-11-11 10:21:39,234] INFO: [PROTOCOL] 已發送 269/269 bytes
[2025-11-11 10:21:39,234] INFO: [PROTOCOL] ✅ 完整發送 269 bytes
[2025-11-11 10:21:39,234] INFO: [PROTOCOL] 準備發送 265 bytes
[2025-11-11 10:21:39,234] INFO: [PROTOCOL] 已發送 269/269 bytes
[2025-11-11 10:21:39,234] INFO: [PROTOCOL] ✅ 完整發送 269 bytes
[2025-11-11 10:21:39,339] INFO: [PROTOCOL] 準備發送 280 bytes
[2025-11-11 10:21:39,340] INFO: [PROTOCOL] 已發送 284/284 bytes
[2025-11-11 10:21:39,340] INFO: [PROTOCOL] ✅ 完整發送 284 bytes
[2025-11-11 10:21:39,340] INFO: [PROTOCOL] 準備發送 280 bytes
[2025-11-11 10:21:39,340] INFO: [PROTOCOL] 已發送 284/284 bytes
[2025-11-11 10:21:39,340] INFO: [PROTOCOL] ✅ 完整發送 284 bytes
[2025-11-11 10:21:39,340] INFO: [PROTOCOL] 準備發送 265 bytes
[2025-11-11 10:21:39,340] INFO: [PROTOCOL] 已發送 269/269 bytes
[2025-11-11 10:21:39,340] INFO: [PROTOCOL] ✅ 完整發送 269 bytes
[2025-11-11 10:21:39,340] INFO: [PROTOCOL] 準備發送 265 bytes
[2025-11-11 10:21:39,340] INFO: [PROTOCOL] 已發送 269/269 bytes
[2025-11-11 10:21:39,340] INFO: [PROTOCOL] ✅ 完整發送 269 bytes
[2025-11-11 10:21:39,441] INFO: [PROTOCOL] 準備發送 280 bytes
[2025-11-11 10:21:39,441] INFO: [PROTOCOL] 已發送 284/284 bytes
[2025-11-11 10:21:39,441] INFO: [PROTOCOL] ✅ 完整發送 284 bytes
[2025-11-11 10:21:39,441] INFO: [PROTOCOL] 準備發送 280 bytes
[2025-11-11 10:21:39,442] INFO: [PROTOCOL] 已發送 284/284 bytes
[2025-11-11 10:21:39,442] INFO: [PROTOCOL] ✅ 完整發送 284 bytes
[2025-11-11 10:21:39,442] INFO: [PROTOCOL] 準備發送 265 bytes
[2025-11-11 10:21:39,442] INFO: [PROTOCOL] 已發送 269/269 bytes
[2025-11-11 10:21:39,442] INFO: [PROTOCOL] ✅ 完整發送 269 bytes
[2025-11-11 10:21:39,442] INFO: [PROTOCOL] 準備發送 265 bytes
[2025-11-11 10:21:39,442] INFO: [PROTOCOL] 已發送 269/269 bytes
[2025-11-11 10:21:39,442] INFO: [PROTOCOL] ✅ 完整發送 269 bytes
[2025-11-11 10:21:39,547] INFO: [PROTOCOL] 準備發送 280 bytes
[2025-11-11 10:21:39,547] INFO: [PROTOCOL] 已發送 284/284 bytes
[2025-11-11 10:21:39,547] INFO: [PROTOCOL] ✅ 完整發送 284 bytes
[2025-11-11 10:21:39,547] INFO: [PROTOCOL] 準備發送 280 bytes
[2025-11-11 10:21:39,547] INFO: [PROTOCOL] 已發送 284/284 bytes
[2025-11-11 10:21:39,547] INFO: [PROTOCOL] ✅ 完整發送 284 bytes
[2025-11-11 10:21:39,547] INFO: [PROTOCOL] 準備發送 265 bytes
[2025-11-11 10:21:39,547] INFO: [PROTOCOL] 已發送 269/269 bytes
[2025-11-11 10:21:39,547] INFO: [PROTOCOL] ✅ 完整發送 269 bytes
[2025-11-11 10:21:39,547] INFO: [PROTOCOL] 準備發送 265 bytes
[2025-11-11 10:21:39,547] INFO: [PROTOCOL] 已發送 269/269 bytes
[2025-11-11 10:21:39,547] INFO: [PROTOCOL] ✅ 完整發送 269 bytes
[2025-11-11 10:21:39,653] INFO: [PROTOCOL] 準備發送 280 bytes
[2025-11-11 10:21:39,653] INFO: [PROTOCOL] 已發送 284/284 bytes
[2025-11-11 10:21:39,653] INFO: [PROTOCOL] ✅ 完整發送 284 bytes
[2025-11-11 10:21:39,653] INFO: [PROTOCOL] 準備發送 280 bytes
[2025-11-11 10:21:39,653] INFO: [PROTOCOL] 已發送 284/284 bytes
[2025-11-11 10:21:39,653] INFO: [PROTOCOL] ✅ 完整發送 284 bytes
[2025-11-11 10:21:39,653] INFO: [PROTOCOL] 準備發送 265 bytes
[2025-11-11 10:21:39,653] INFO: [PROTOCOL] 已發送 269/269 bytes
[2025-11-11 10:21:39,653] INFO: [PROTOCOL] ✅ 完整發送 269 bytes
[2025-11-11 10:21:39,653] INFO: [PROTOCOL] 準備發送 265 bytes
[2025-11-11 10:21:39,653] INFO: [PROTOCOL] 已發送 269/269 bytes
[2025-11-11 10:21:39,653] INFO: [PROTOCOL] ✅ 完整發送 269 bytes
[2025-11-11 10:21:39,758] INFO: [PROTOCOL] 準備發送 280 bytes
[2025-11-11 10:21:39,758] INFO: [PROTOCOL] 已發送 284/284 bytes
[2025-11-11 10:21:39,758] INFO: [PROTOCOL] ✅ 完整發送 284 bytes
[2025-11-11 10:21:39,758] INFO: [PROTOCOL] 準備發送 280 bytes
[2025-11-11 10:21:39,758] INFO: [PROTOCOL] 已發送 284/284 bytes
[2025-11-11 10:21:39,758] INFO: [PROTOCOL] ✅ 完整發送 284 bytes
[2025-11-11 10:21:39,758] INFO: [PROTOCOL] 準備發送 265 bytes
[2025-11-11 10:21:39,758] INFO: [PROTOCOL] 已發送 269/269 bytes
[2025-11-11 10:21:39,758] INFO: [PROTOCOL] ✅ 完整發送 269 bytes
[2025-11-11 10:21:39,758] INFO: [PROTOCOL] 準備發送 265 bytes
[2025-11-11 10:21:39,758] INFO: [PROTOCOL] 已發送 269/269 bytes
[2025-11-11 10:21:39,758] INFO: [PROTOCOL] ✅ 完整發送 269 bytes
[2025-11-11 10:21:39,863] INFO: [PROTOCOL] 準備發送 280 bytes
[2025-11-11 10:21:39,863] INFO: [PROTOCOL] 已發送 284/284 bytes
[2025-11-11 10:21:39,863] INFO: [PROTOCOL] ✅ 完整發送 284 bytes
[2025-11-11 10:21:39,863] INFO: [PROTOCOL] 準備發送 280 bytes
[2025-11-11 10:21:39,863] INFO: [PROTOCOL] 已發送 284/284 bytes
[2025-11-11 10:21:39,863] INFO: [PROTOCOL] ✅ 完整發送 284 bytes
[2025-11-11 10:21:39,864] INFO: [PROTOCOL] 準備發送 265 bytes
[2025-11-11 10:21:39,864] INFO: [PROTOCOL] 已發送 269/269 bytes
[2025-11-11 10:21:39,864] INFO: [PROTOCOL] ✅ 完整發送 269 bytes
[2025-11-11 10:21:39,864] INFO: [PROTOCOL] 準備發送 265 bytes
[2025-11-11 10:21:39,864] INFO: [PROTOCOL] 已發送 269/269 bytes
[2025-11-11 10:21:39,864] INFO: [PROTOCOL] ✅ 完整發送 269 bytes
[2025-11-11 10:21:39,969] INFO: [PROTOCOL] 準備發送 280 bytes
[2025-11-11 10:21:39,969] INFO: [PROTOCOL] 已發送 284/284 bytes
[2025-11-11 10:21:39,969] INFO: [PROTOCOL] ✅ 完整發送 284 bytes
[2025-11-11 10:21:39,969] INFO: [PROTOCOL] 準備發送 280 bytes
[2025-11-11 10:21:39,969] INFO: [PROTOCOL] 已發送 284/284 bytes
[2025-11-11 10:21:39,969] INFO: [PROTOCOL] ✅ 完整發送 284 bytes
[2025-11-11 10:21:39,969] INFO: [PROTOCOL] 準備發送 265 bytes
[2025-11-11 10:21:39,969] INFO: [PROTOCOL] 已發送 269/269 bytes
[2025-11-11 10:21:39,969] INFO: [PROTOCOL] ✅ 完整發送 269 bytes
[2025-11-11 10:21:39,969] INFO: [PROTOCOL] 準備發送 265 bytes
[2025-11-11 10:21:39,969] INFO: [PROTOCOL] 已發送 269/269 bytes
[2025-11-11 10:21:39,969] INFO: [PROTOCOL] ✅ 完整發送 269 bytes
[2025-11-11 10:21:40,074] INFO: [PROTOCOL] 準備發送 280 bytes
[2025-11-11 10:21:40,075] INFO: [PROTOCOL] 已發送 284/284 bytes
[2025-11-11 10:21:40,075] INFO: [PROTOCOL] ✅ 完整發送 284 bytes
[2025-11-11 10:21:40,075] INFO: [PROTOCOL] 準備發送 280 bytes
[2025-11-11 10:21:40,075] INFO: [PROTOCOL] 已發送 284/284 bytes
[2025-11-11 10:21:40,075] INFO: [PROTOCOL] ✅ 完整發送 284 bytes
[2025-11-11 10:21:40,075] INFO: [PROTOCOL] 準備發送 265 bytes
[2025-11-11 10:21:40,075] INFO: [PROTOCOL] 已發送 269/269 bytes
[2025-11-11 10:21:40,075] INFO: [PROTOCOL] ✅ 完整發送 269 bytes
[2025-11-11 10:21:40,075] INFO: [PROTOCOL] 準備發送 265 bytes
[2025-11-11 10:21:40,075] INFO: [PROTOCOL] 已發送 269/269 bytes
[2025-11-11 10:21:40,075] INFO: [PROTOCOL] ✅ 完整發送 269 bytes
[2025-11-11 10:21:40,180] INFO: [PROTOCOL] 準備發送 280 bytes
[2025-11-11 10:21:40,181] INFO: [PROTOCOL] 已發送 284/284 bytes
[2025-11-11 10:21:40,181] INFO: [PROTOCOL] ✅ 完整發送 284 bytes
[2025-11-11 10:21:40,181] INFO: [PROTOCOL] 準備發送 280 bytes
[2025-11-11 10:21:40,181] INFO: [PROTOCOL] 已發送 284/284 bytes
[2025-11-11 10:21:40,181] INFO: [PROTOCOL] ✅ 完整發送 284 bytes
[2025-11-11 10:21:40,181] INFO: [PROTOCOL] 準備發送 265 bytes
[2025-11-11 10:21:40,181] INFO: [PROTOCOL] 已發送 269/269 bytes
[2025-11-11 10:21:40,181] INFO: [PROTOCOL] ✅ 完整發送 269 bytes
[2025-11-11 10:21:40,181] INFO: [PROTOCOL] 準備發送 265 bytes
[2025-11-11 10:21:40,181] INFO: [PROTOCOL] 已發送 269/269 bytes
[2025-11-11 10:21:40,181] INFO: [PROTOCOL] ✅ 完整發送 269 bytes
[2025-11-11 10:21:40,283] INFO: [PROTOCOL] 準備發送 279 bytes
[2025-11-11 10:21:40,283] INFO: [PROTOCOL] 已發送 283/283 bytes
[2025-11-11 10:21:40,283] INFO: [PROTOCOL] ✅ 完整發送 283 bytes
[2025-11-11 10:21:40,283] INFO: [PROTOCOL] 準備發送 279 bytes
[2025-11-11 10:21:40,283] INFO: [PROTOCOL] 已發送 283/283 bytes
[2025-11-11 10:21:40,283] INFO: [PROTOCOL] ✅ 完整發送 283 bytes
[2025-11-11 10:21:40,283] INFO: [PROTOCOL] 準備發送 265 bytes
[2025-11-11 10:21:40,283] INFO: [PROTOCOL] 已發送 269/269 bytes
[2025-11-11 10:21:40,283] INFO: [PROTOCOL] ✅ 完整發送 269 bytes
[2025-11-11 10:21:40,283] INFO: [PROTOCOL] 準備發送 265 bytes
[2025-11-11 10:21:40,283] INFO: [PROTOCOL] 已發送 269/269 bytes
[2025-11-11 10:21:40,283] INFO: [PROTOCOL] ✅ 完整發送 269 bytes
[2025-11-11 10:21:40,385] INFO: [PROTOCOL] 準備發送 279 bytes
[2025-11-11 10:21:40,386] INFO: [PROTOCOL] 已發送 283/283 bytes
[2025-11-11 10:21:40,386] INFO: [PROTOCOL] ✅ 完整發送 283 bytes
[2025-11-11 10:21:40,386] INFO: [PROTOCOL] 準備發送 279 bytes
[2025-11-11 10:21:40,386] INFO: [PROTOCOL] 已發送 283/283 bytes
[2025-11-11 10:21:40,386] INFO: [PROTOCOL] ✅ 完整發送 283 bytes
[2025-11-11 10:21:40,386] INFO: [PROTOCOL] 準備發送 265 bytes
[2025-11-11 10:21:40,386] INFO: [PROTOCOL] 已發送 269/269 bytes
[2025-11-11 10:21:40,386] INFO: [PROTOCOL] ✅ 完整發送 269 bytes
[2025-11-11 10:21:40,386] INFO: [PROTOCOL] 準備發送 265 bytes
[2025-11-11 10:21:40,386] INFO: [PROTOCOL] 已發送 269/269 bytes
[2025-11-11 10:21:40,386] INFO: [PROTOCOL] ✅ 完整發送 269 bytes
[2025-11-11 10:21:40,491] INFO: [PROTOCOL] 準備發送 279 bytes
[2025-11-11 10:21:40,492] INFO: [PROTOCOL] 已發送 283/283 bytes
[2025-11-11 10:21:40,492] INFO: [PROTOCOL] ✅ 完整發送 283 bytes
[2025-11-11 10:21:40,492] INFO: [PROTOCOL] 準備發送 279 bytes
[2025-11-11 10:21:40,492] INFO: [PROTOCOL] 已發送 283/283 bytes
[2025-11-11 10:21:40,492] INFO: [PROTOCOL] ✅ 完整發送 283 bytes
[2025-11-11 10:21:40,492] INFO: [PROTOCOL] 準備發送 265 bytes
[2025-11-11 10:21:40,492] INFO: [PROTOCOL] 已發送 269/269 bytes
[2025-11-11 10:21:40,492] INFO: [PROTOCOL] ✅ 完整發送 269 bytes
[2025-11-11 10:21:40,492] INFO: [PROTOCOL] 準備發送 265 bytes
[2025-11-11 10:21:40,492] INFO: [PROTOCOL] 已發送 269/269 bytes
[2025-11-11 10:21:40,492] INFO: [PROTOCOL] ✅ 完整發送 269 bytes
[2025-11-11 10:21:40,598] INFO: [PROTOCOL] 準備發送 279 bytes
[2025-11-11 10:21:40,598] INFO: [PROTOCOL] 已發送 283/283 bytes
[2025-11-11 10:21:40,598] INFO: [PROTOCOL] ✅ 完整發送 283 bytes
[2025-11-11 10:21:40,598] INFO: [PROTOCOL] 準備發送 279 bytes
[2025-11-11 10:21:40,598] INFO: [PROTOCOL] 已發送 283/283 bytes
[2025-11-11 10:21:40,598] INFO: [PROTOCOL] ✅ 完整發送 283 bytes
[2025-11-11 10:21:40,598] INFO: [PROTOCOL] 準備發送 265 bytes
[2025-11-11 10:21:40,598] INFO: [PROTOCOL] 已發送 269/269 bytes
[2025-11-11 10:21:40,598] INFO: [PROTOCOL] ✅ 完整發送 269 bytes
[2025-11-11 10:21:40,598] INFO: [PROTOCOL] 準備發送 265 bytes
[2025-11-11 10:21:40,598] INFO: [PROTOCOL] 已發送 269/269 bytes
[2025-11-11 10:21:40,598] INFO: [PROTOCOL] ✅ 完整發送 269 bytes
[2025-11-11 10:21:40,703] INFO: [PROTOCOL] 準備發送 279 bytes
[2025-11-11 10:21:40,704] INFO: [PROTOCOL] 已發送 283/283 bytes
[2025-11-11 10:21:40,704] INFO: [PROTOCOL] ✅ 完整發送 283 bytes
[2025-11-11 10:21:40,704] INFO: [PROTOCOL] 準備發送 279 bytes
[2025-11-11 10:21:40,704] INFO: [PROTOCOL] 已發送 283/283 bytes
[2025-11-11 10:21:40,704] INFO: [PROTOCOL] ✅ 完整發送 283 bytes
[2025-11-11 10:21:40,704] INFO: [PROTOCOL] 準備發送 265 bytes
[2025-11-11 10:21:40,704] INFO: [PROTOCOL] 已發送 269/269 bytes
[2025-11-11 10:21:40,704] INFO: [PROTOCOL] ✅ 完整發送 269 bytes
[2025-11-11 10:21:40,704] INFO: [PROTOCOL] 準備發送 265 bytes
[2025-11-11 10:21:40,705] INFO: [PROTOCOL] 已發送 269/269 bytes
[2025-11-11 10:21:40,705] INFO: [PROTOCOL] ✅ 完整發送 269 bytes
[2025-11-11 10:21:40,807] INFO: [PROTOCOL] 準備發送 279 bytes
[2025-11-11 10:21:40,807] INFO: [PROTOCOL] 已發送 283/283 bytes
[2025-11-11 10:21:40,807] INFO: [PROTOCOL] ✅ 完整發送 283 bytes
[2025-11-11 10:21:40,807] INFO: [PROTOCOL] 準備發送 279 bytes
[2025-11-11 10:21:40,807] INFO: [PROTOCOL] 已發送 283/283 bytes
[2025-11-11 10:21:40,808] INFO: [PROTOCOL] ✅ 完整發送 283 bytes
[2025-11-11 10:21:40,808] INFO: [PROTOCOL] 準備發送 265 bytes
[2025-11-11 10:21:40,808] INFO: [PROTOCOL] 已發送 269/269 bytes
[2025-11-11 10:21:40,808] INFO: [PROTOCOL] ✅ 完整發送 269 bytes
[2025-11-11 10:21:40,808] INFO: [PROTOCOL] 準備發送 265 bytes
[2025-11-11 10:21:40,808] INFO: [PROTOCOL] 已發送 269/269 bytes
[2025-11-11 10:21:40,808] INFO: [PROTOCOL] ✅ 完整發送 269 bytes
[2025-11-11 10:21:40,914] INFO: [PROTOCOL] 準備發送 279 bytes
[2025-11-11 10:21:40,914] INFO: [PROTOCOL] 已發送 283/283 bytes
[2025-11-11 10:21:40,914] INFO: [PROTOCOL] ✅ 完整發送 283 bytes
[2025-11-11 10:21:40,914] INFO: [PROTOCOL] 準備發送 279 bytes
[2025-11-11 10:21:40,914] INFO: [PROTOCOL] 已發送 283/283 bytes
[2025-11-11 10:21:40,914] INFO: [PROTOCOL] ✅ 完整發送 283 bytes
[2025-11-11 10:21:40,914] INFO: [PROTOCOL] 準備發送 265 bytes
[2025-11-11 10:21:40,914] INFO: [PROTOCOL] 已發送 269/269 bytes
[2025-11-11 10:21:40,914] INFO: [PROTOCOL] ✅ 完整發送 269 bytes
[2025-11-11 10:21:40,914] INFO: [PROTOCOL] 準備發送 265 bytes
[2025-11-11 10:21:40,915] INFO: [PROTOCOL] 已發送 269/269 bytes
[2025-11-11 10:21:40,915] INFO: [PROTOCOL] ✅ 完整發送 269 bytes
[2025-11-11 10:21:41,019] INFO: [PROTOCOL] 準備發送 279 bytes
[2025-11-11 10:21:41,019] INFO: [PROTOCOL] 已發送 283/283 bytes
[2025-11-11 10:21:41,020] INFO: [PROTOCOL] ✅ 完整發送 283 bytes
[2025-11-11 10:21:41,020] INFO: [PROTOCOL] 準備發送 279 bytes
[2025-11-11 10:21:41,020] INFO: [PROTOCOL] 已發送 283/283 bytes
[2025-11-11 10:21:41,020] INFO: [PROTOCOL] ✅ 完整發送 283 bytes
[2025-11-11 10:21:41,020] INFO: [PROTOCOL] 準備發送 265 bytes
[2025-11-11 10:21:41,020] INFO: [PROTOCOL] 已發送 269/269 bytes
[2025-11-11 10:21:41,020] INFO: [PROTOCOL] ✅ 完整發送 269 bytes
[2025-11-11 10:21:41,020] INFO: [PROTOCOL] 準備發送 265 bytes
[2025-11-11 10:21:41,020] INFO: [PROTOCOL] 已發送 269/269 bytes
[2025-11-11 10:21:41,020] INFO: [PROTOCOL] ✅ 完整發送 269 bytes
[2025-11-11 10:21:41,126] INFO: [PROTOCOL] 準備發送 279 bytes
[2025-11-11 10:21:41,126] INFO: [PROTOCOL] 已發送 283/283 bytes
[2025-11-11 10:21:41,126] INFO: [PROTOCOL] ✅ 完整發送 283 bytes
[2025-11-11 10:21:41,126] INFO: [PROTOCOL] 準備發送 279 bytes
[2025-11-11 10:21:41,126] INFO: [PROTOCOL] 已發送 283/283 bytes
[2025-11-11 10:21:41,126] INFO: [PROTOCOL] ✅ 完整發送 283 bytes
[2025-11-11 10:21:41,126] INFO: [PROTOCOL] 準備發送 265 bytes
[2025-11-11 10:21:41,127] INFO: [PROTOCOL] 已發送 269/269 bytes
[2025-11-11 10:21:41,127] INFO: [PROTOCOL] ✅ 完整發送 269 bytes
[2025-11-11 10:21:41,127] INFO: [PROTOCOL] 準備發送 265 bytes
[2025-11-11 10:21:41,127] INFO: [PROTOCOL] 已發送 269/269 bytes
[2025-11-11 10:21:41,127] INFO: [PROTOCOL] ✅ 完整發送 269 bytes
[2025-11-11 10:21:41,233] INFO: [PROTOCOL] 準備發送 279 bytes
[2025-11-11 10:21:41,233] INFO: [PROTOCOL] 已發送 283/283 bytes
[2025-11-11 10:21:41,234] INFO: [PROTOCOL] ✅ 完整發送 283 bytes
[2025-11-11 10:21:41,234] INFO: [PROTOCOL] 準備發送 279 bytes
[2025-11-11 10:21:41,234] INFO: [PROTOCOL] 已發送 283/283 bytes
[2025-11-11 10:21:41,234] INFO: [PROTOCOL] ✅ 完整發送 283 bytes
[2025-11-11 10:21:41,234] INFO: [PROTOCOL] 準備發送 265 bytes
[2025-11-11 10:21:41,234] INFO: [PROTOCOL] 已發送 269/269 bytes
[2025-11-11 10:21:41,235] INFO: [PROTOCOL] ✅ 完整發送 269 bytes
[2025-11-11 10:21:41,235] INFO: [PROTOCOL] 準備發送 265 bytes
[2025-11-11 10:21:41,235] INFO: [PROTOCOL] 已發送 269/269 bytes
[2025-11-11 10:21:41,235] INFO: [PROTOCOL] ✅ 完整發送 269 bytes
[2025-11-11 10:21:41,341] INFO: [PROTOCOL] 準備發送 281 bytes
[2025-11-11 10:21:41,341] INFO: [PROTOCOL] 已發送 285/285 bytes
[2025-11-11 10:21:41,342] INFO: [PROTOCOL] ✅ 完整發送 285 bytes
[2025-11-11 10:21:41,342] INFO: [PROTOCOL] 準備發送 281 bytes
[2025-11-11 10:21:41,342] INFO: [PROTOCOL] 已發送 285/285 bytes
[2025-11-11 10:21:41,342] INFO: [PROTOCOL] ✅ 完整發送 285 bytes
[2025-11-11 10:21:41,342] INFO: [PROTOCOL] 準備發送 264 bytes
[2025-11-11 10:21:41,342] INFO: [PROTOCOL] 已發送 268/268 bytes
[2025-11-11 10:21:41,342] INFO: [PROTOCOL] ✅ 完整發送 268 bytes
[2025-11-11 10:21:41,342] INFO: [PROTOCOL] 準備發送 264 bytes
[2025-11-11 10:21:41,343] INFO: [PROTOCOL] 已發送 268/268 bytes
[2025-11-11 10:21:41,343] INFO: [PROTOCOL] ✅ 完整發送 268 bytes
[2025-11-11 10:21:41,448] INFO: [PROTOCOL] 準備發送 281 bytes
[2025-11-11 10:21:41,449] INFO: [PROTOCOL] 已發送 285/285 bytes
[2025-11-11 10:21:41,450] INFO: [PROTOCOL] ✅ 完整發送 285 bytes
[2025-11-11 10:21:41,450] INFO: [PROTOCOL] 準備發送 281 bytes
[2025-11-11 10:21:41,450] INFO: [PROTOCOL] 已發送 285/285 bytes
[2025-11-11 10:21:41,450] INFO: [PROTOCOL] ✅ 完整發送 285 bytes
[2025-11-11 10:21:41,450] INFO: [PROTOCOL] 準備發送 264 bytes
[2025-11-11 10:21:41,451] INFO: [PROTOCOL] 已發送 268/268 bytes
[2025-11-11 10:21:41,451] INFO: [PROTOCOL] ✅ 完整發送 268 bytes
[2025-11-11 10:21:41,451] INFO: [PROTOCOL] 準備發送 264 bytes
[2025-11-11 10:21:41,451] INFO: [PROTOCOL] 已發送 268/268 bytes
[2025-11-11 10:21:41,451] INFO: [PROTOCOL] ✅ 完整發送 268 bytes
[2025-11-11 10:21:41,553] INFO: [PROTOCOL] 準備發送 281 bytes
[2025-11-11 10:21:41,554] INFO: [PROTOCOL] 已發送 285/285 bytes
[2025-11-11 10:21:41,554] INFO: [PROTOCOL] ✅ 完整發送 285 bytes
[2025-11-11 10:21:41,554] INFO: [PROTOCOL] 準備發送 281 bytes
[2025-11-11 10:21:41,554] INFO: [PROTOCOL] 已發送 285/285 bytes
[2025-11-11 10:21:41,554] INFO: [PROTOCOL] ✅ 完整發送 285 bytes
[2025-11-11 10:21:41,554] INFO: [PROTOCOL] 準備發送 264 bytes
[2025-11-11 10:21:41,554] INFO: [PROTOCOL] 已發送 268/268 bytes
[2025-11-11 10:21:41,555] INFO: [PROTOCOL] ✅ 完整發送 268 bytes
[2025-11-11 10:21:41,555] INFO: [PROTOCOL] 準備發送 264 bytes
[2025-11-11 10:21:41,555] INFO: [PROTOCOL] 已發送 268/268 bytes
[2025-11-11 10:21:41,555] INFO: [PROTOCOL] ✅ 完整發送 268 bytes
[2025-11-11 10:21:41,659] INFO: [PROTOCOL] 準備發送 281 bytes
[2025-11-11 10:21:41,659] INFO: [PROTOCOL] 已發送 285/285 bytes
[2025-11-11 10:21:41,659] INFO: [PROTOCOL] ✅ 完整發送 285 bytes
[2025-11-11 10:21:41,659] INFO: [PROTOCOL] 準備發送 281 bytes
[2025-11-11 10:21:41,659] INFO: [PROTOCOL] 已發送 285/285 bytes
[2025-11-11 10:21:41,659] INFO: [PROTOCOL] ✅ 完整發送 285 bytes
[2025-11-11 10:21:41,659] INFO: [PROTOCOL] 準備發送 264 bytes
[2025-11-11 10:21:41,659] INFO: [PROTOCOL] 已發送 268/268 bytes
[2025-11-11 10:21:41,659] INFO: [PROTOCOL] ✅ 完整發送 268 bytes
[2025-11-11 10:21:41,659] INFO: [PROTOCOL] 準備發送 264 bytes
[2025-11-11 10:21:41,659] INFO: [PROTOCOL] 已發送 268/268 bytes
[2025-11-11 10:21:41,659] INFO: [PROTOCOL] ✅ 完整發送 268 bytes
[2025-11-11 10:21:41,669] INFO: 🎮 Received INPUT from 1: DOWN (seq: 1)
[2025-11-11 10:21:41,669] INFO: ✅ Processing action: DOWN
[2025-11-11 10:21:41,720] INFO: 🎮 Received INPUT from 1: DOWN (seq: 2)
[2025-11-11 10:21:41,720] INFO: ✅ Processing action: DOWN
[2025-11-11 10:21:41,764] INFO: [PROTOCOL] 準備發送 281 bytes
[2025-11-11 10:21:41,764] INFO: [PROTOCOL] 已發送 285/285 bytes
[2025-11-11 10:21:41,764] INFO: [PROTOCOL] ✅ 完整發送 285 bytes
[2025-11-11 10:21:41,764] INFO: [PROTOCOL] 準備發送 281 bytes
[2025-11-11 10:21:41,764] INFO: [PROTOCOL] 已發送 285/285 bytes
[2025-11-11 10:21:41,764] INFO: [PROTOCOL] ✅ 完整發送 285 bytes
[2025-11-11 10:21:41,764] INFO: [PROTOCOL] 準備發送 280 bytes
[2025-11-11 10:21:41,764] INFO: [PROTOCOL] 已發送 284/284 bytes
[2025-11-11 10:21:41,764] INFO: [PROTOCOL] ✅ 完整發送 284 bytes
[2025-11-11 10:21:41,764] INFO: [PROTOCOL] 準備發送 280 bytes
[2025-11-11 10:21:41,764] INFO: [PROTOCOL] 已發送 284/284 bytes
[2025-11-11 10:21:41,764] INFO: [PROTOCOL] ✅ 完整發送 284 bytes
[2025-11-11 10:21:41,771] INFO: 🎮 Received INPUT from 1: DOWN (seq: 3)
[2025-11-11 10:21:41,771] INFO: ✅ Processing action: DOWN
[2025-11-11 10:21:41,822] INFO: 🎮 Received INPUT from 1: DOWN (seq: 4)
[2025-11-11 10:21:41,822] INFO: ✅ Processing action: DOWN
[2025-11-11 10:21:41,866] INFO: [PROTOCOL] 準備發送 281 bytes
[2025-11-11 10:21:41,867] INFO: [PROTOCOL] 已發送 285/285 bytes
[2025-11-11 10:21:41,867] INFO: [PROTOCOL] ✅ 完整發送 285 bytes
[2025-11-11 10:21:41,867] INFO: [PROTOCOL] 準備發送 281 bytes
[2025-11-11 10:21:41,867] INFO: [PROTOCOL] 已發送 285/285 bytes
[2025-11-11 10:21:41,867] INFO: [PROTOCOL] ✅ 完整發送 285 bytes
[2025-11-11 10:21:41,867] INFO: [PROTOCOL] 準備發送 280 bytes
[2025-11-11 10:21:41,867] INFO: [PROTOCOL] 已發送 284/284 bytes
[2025-11-11 10:21:41,867] INFO: [PROTOCOL] ✅ 完整發送 284 bytes
[2025-11-11 10:21:41,868] INFO: [PROTOCOL] 準備發送 280 bytes
[2025-11-11 10:21:41,868] INFO: [PROTOCOL] 已發送 284/284 bytes
[2025-11-11 10:21:41,868] INFO: [PROTOCOL] ✅ 完整發送 284 bytes
[2025-11-11 10:21:41,873] INFO: 🎮 Received INPUT from 1: DOWN (seq: 5)
[2025-11-11 10:21:41,873] INFO: ✅ Processing action: DOWN
[2025-11-11 10:21:41,924] INFO: 🎮 Received INPUT from 1: DOWN (seq: 6)
[2025-11-11 10:21:41,925] INFO: ✅ Processing action: DOWN
[2025-11-11 10:21:41,972] INFO: [PROTOCOL] 準備發送 281 bytes
[2025-11-11 10:21:41,973] INFO: [PROTOCOL] 已發送 285/285 bytes
[2025-11-11 10:21:41,973] INFO: [PROTOCOL] ✅ 完整發送 285 bytes
[2025-11-11 10:21:41,973] INFO: [PROTOCOL] 準備發送 281 bytes
[2025-11-11 10:21:41,973] INFO: [PROTOCOL] 已發送 285/285 bytes
[2025-11-11 10:21:41,973] INFO: [PROTOCOL] ✅ 完整發送 285 bytes
[2025-11-11 10:21:41,973] INFO: [PROTOCOL] 準備發送 280 bytes
[2025-11-11 10:21:41,973] INFO: [PROTOCOL] 已發送 284/284 bytes
[2025-11-11 10:21:41,973] INFO: [PROTOCOL] ✅ 完整發送 284 bytes
[2025-11-11 10:21:41,973] INFO: [PROTOCOL] 準備發送 280 bytes
[2025-11-11 10:21:41,973] INFO: [PROTOCOL] 已發送 284/284 bytes
[2025-11-11 10:21:41,973] INFO: [PROTOCOL] ✅ 完整發送 284 bytes
[2025-11-11 10:21:41,975] INFO: 🎮 Received INPUT from 1: DOWN (seq: 7)
[2025-11-11 10:21:41,975] INFO: ✅ Processing action: DOWN
[2025-11-11 10:21:42,026] INFO: 🎮 Received INPUT from 1: DOWN (seq: 8)
[2025-11-11 10:21:42,026] INFO: ✅ Processing action: DOWN
[2025-11-11 10:21:42,075] INFO: [PROTOCOL] 準備發送 281 bytes
[2025-11-11 10:21:42,075] INFO: [PROTOCOL] 已發送 285/285 bytes
[2025-11-11 10:21:42,075] INFO: [PROTOCOL] ✅ 完整發送 285 bytes
[2025-11-11 10:21:42,075] INFO: [PROTOCOL] 準備發送 281 bytes
[2025-11-11 10:21:42,075] INFO: [PROTOCOL] 已發送 285/285 bytes
[2025-11-11 10:21:42,076] INFO: [PROTOCOL] ✅ 完整發送 285 bytes
[2025-11-11 10:21:42,076] INFO: [PROTOCOL] 準備發送 279 bytes
[2025-11-11 10:21:42,076] INFO: [PROTOCOL] 已發送 283/283 bytes
[2025-11-11 10:21:42,076] INFO: [PROTOCOL] ✅ 完整發送 283 bytes
[2025-11-11 10:21:42,076] INFO: [PROTOCOL] 準備發送 279 bytes
[2025-11-11 10:21:42,076] INFO: [PROTOCOL] 已發送 283/283 bytes
[2025-11-11 10:21:42,076] INFO: [PROTOCOL] ✅ 完整發送 283 bytes
[2025-11-11 10:21:42,076] INFO: 🎮 Received INPUT from 1: DOWN (seq: 9)
[2025-11-11 10:21:42,076] INFO: ✅ Processing action: DOWN
[2025-11-11 10:21:42,127] INFO: 🎮 Received INPUT from 1: DOWN (seq: 10)
[2025-11-11 10:21:42,127] INFO: ✅ Processing action: DOWN
[2025-11-11 10:21:42,177] INFO: 🎮 Received INPUT from 1: DOWN (seq: 11)
[2025-11-11 10:21:42,177] INFO: ✅ Processing action: DOWN
[2025-11-11 10:21:42,179] INFO: [PROTOCOL] 準備發送 281 bytes
[2025-11-11 10:21:42,179] INFO: [PROTOCOL] 已發送 285/285 bytes
[2025-11-11 10:21:42,179] INFO: [PROTOCOL] ✅ 完整發送 285 bytes
[2025-11-11 10:21:42,180] INFO: [PROTOCOL] 準備發送 281 bytes
[2025-11-11 10:21:42,180] INFO: [PROTOCOL] 已發送 285/285 bytes
[2025-11-11 10:21:42,180] INFO: [PROTOCOL] ✅ 完整發送 285 bytes
[2025-11-11 10:21:42,180] INFO: [PROTOCOL] 準備發送 281 bytes
[2025-11-11 10:21:42,181] INFO: [PROTOCOL] 已發送 285/285 bytes
[2025-11-11 10:21:42,181] INFO: [PROTOCOL] ✅ 完整發送 285 bytes
[2025-11-11 10:21:42,181] INFO: [PROTOCOL] 準備發送 281 bytes
[2025-11-11 10:21:42,181] INFO: [PROTOCOL] 已發送 285/285 bytes
[2025-11-11 10:21:42,181] INFO: [PROTOCOL] ✅ 完整發送 285 bytes
[2025-11-11 10:21:42,228] INFO: 🎮 Received INPUT from 1: DOWN (seq: 12)
[2025-11-11 10:21:42,228] INFO: ✅ Processing action: DOWN
[2025-11-11 10:21:42,280] INFO: 🎮 Received INPUT from 1: DOWN (seq: 13)
[2025-11-11 10:21:42,280] INFO: ✅ Processing action: DOWN
[2025-11-11 10:21:42,283] INFO: [PROTOCOL] 準備發送 281 bytes
[2025-11-11 10:21:42,283] INFO: [PROTOCOL] 已發送 285/285 bytes
[2025-11-11 10:21:42,283] INFO: [PROTOCOL] ✅ 完整發送 285 bytes
[2025-11-11 10:21:42,283] INFO: [PROTOCOL] 準備發送 281 bytes
[2025-11-11 10:21:42,284] INFO: [PROTOCOL] 已發送 285/285 bytes
[2025-11-11 10:21:42,284] INFO: [PROTOCOL] ✅ 完整發送 285 bytes
[2025-11-11 10:21:42,284] INFO: [PROTOCOL] 準備發送 281 bytes
[2025-11-11 10:21:42,284] INFO: [PROTOCOL] 已發送 285/285 bytes
[2025-11-11 10:21:42,284] INFO: [PROTOCOL] ✅ 完整發送 285 bytes
[2025-11-11 10:21:42,284] INFO: [PROTOCOL] 準備發送 281 bytes
[2025-11-11 10:21:42,284] INFO: [PROTOCOL] 已發送 285/285 bytes
[2025-11-11 10:21:42,284] INFO: [PROTOCOL] ✅ 完整發送 285 bytes
[2025-11-11 10:21:42,347] INFO: 🎮 Received INPUT from 1: DOWN (seq: 14)
[2025-11-11 10:21:42,348] INFO: ✅ Processing action: DOWN
[2025-11-11 10:21:42,389] INFO: [PROTOCOL] 準備發送 281 bytes
[2025-11-11 10:21:42,389] INFO: [PROTOCOL] 已發送 285/285 bytes
[2025-11-11 10:21:42,390] INFO: [PROTOCOL] ✅ 完整發送 285 bytes
[2025-11-11 10:21:42,390] INFO: [PROTOCOL] 準備發送 281 bytes
[2025-11-11 10:21:42,390] INFO: [PROTOCOL] 已發送 285/285 bytes
[2025-11-11 10:21:42,390] INFO: [PROTOCOL] ✅ 完整發送 285 bytes
[2025-11-11 10:21:42,390] INFO: [PROTOCOL] 準備發送 281 bytes
[2025-11-11 10:21:42,390] INFO: [PROTOCOL] 已發送 285/285 bytes
[2025-11-11 10:21:42,390] INFO: [PROTOCOL] ✅ 完整發送 285 bytes
[2025-11-11 10:21:42,390] INFO: [PROTOCOL] 準備發送 281 bytes
[2025-11-11 10:21:42,390] INFO: [PROTOCOL] 已發送 285/285 bytes
[2025-11-11 10:21:42,390] INFO: [PROTOCOL] ✅ 完整發送 285 bytes
[2025-11-11 10:21:42,414] INFO: 🎮 Received INPUT from 1: DOWN (seq: 15)
[2025-11-11 10:21:42,414] INFO: ✅ Processing action: DOWN
[2025-11-11 10:21:42,464] INFO: 🎮 Received INPUT from 1: DOWN (seq: 16)
[2025-11-11 10:21:42,464] INFO: ✅ Processing action: DOWN
[2025-11-11 10:21:42,495] INFO: [PROTOCOL] 準備發送 281 bytes
[2025-11-11 10:21:42,495] INFO: [PROTOCOL] 已發送 285/285 bytes
[2025-11-11 10:21:42,495] INFO: [PROTOCOL] ✅ 完整發送 285 bytes
[2025-11-11 10:21:42,495] INFO: [PROTOCOL] 準備發送 281 bytes
[2025-11-11 10:21:42,496] INFO: [PROTOCOL] 已發送 285/285 bytes
[2025-11-11 10:21:42,496] INFO: [PROTOCOL] ✅ 完整發送 285 bytes
[2025-11-11 10:21:42,496] INFO: [PROTOCOL] 準備發送 295 bytes
[2025-11-11 10:21:42,496] INFO: [PROTOCOL] 已發送 299/299 bytes
[2025-11-11 10:21:42,496] INFO: [PROTOCOL] ✅ 完整發送 299 bytes
[2025-11-11 10:21:42,496] INFO: [PROTOCOL] 準備發送 295 bytes
[2025-11-11 10:21:42,496] INFO: [PROTOCOL] 已發送 299/299 bytes
[2025-11-11 10:21:42,496] INFO: [PROTOCOL] ✅ 完整發送 299 bytes
[2025-11-11 10:21:42,531] INFO: 🎮 Received INPUT from 1: DOWN (seq: 17)
[2025-11-11 10:21:42,531] INFO: ✅ Processing action: DOWN
[2025-11-11 10:21:42,603] INFO: 🎮 Received INPUT from 1: DOWN (seq: 18)
[2025-11-11 10:21:42,603] INFO: [PROTOCOL] 準備發送 281 bytes
[2025-11-11 10:21:42,603] INFO: ✅ Processing action: DOWN
[2025-11-11 10:21:42,604] INFO: [PROTOCOL] 已發送 285/285 bytes
[2025-11-11 10:21:42,604] INFO: [PROTOCOL] ✅ 完整發送 285 bytes
[2025-11-11 10:21:42,604] INFO: [PROTOCOL] 準備發送 281 bytes
[2025-11-11 10:21:42,604] INFO: [PROTOCOL] 已發送 285/285 bytes
[2025-11-11 10:21:42,604] INFO: [PROTOCOL] ✅ 完整發送 285 bytes
[2025-11-11 10:21:42,604] INFO: [PROTOCOL] 準備發送 296 bytes
[2025-11-11 10:21:42,604] INFO: [PROTOCOL] 已發送 300/300 bytes
[2025-11-11 10:21:42,604] INFO: [PROTOCOL] ✅ 完整發送 300 bytes
[2025-11-11 10:21:42,604] INFO: [PROTOCOL] 準備發送 296 bytes
[2025-11-11 10:21:42,604] INFO: [PROTOCOL] 已發送 300/300 bytes
[2025-11-11 10:21:42,604] INFO: [PROTOCOL] ✅ 完整發送 300 bytes
[2025-11-11 10:21:42,650] INFO: 🎮 Received INPUT from 1: DOWN (seq: 19)
[2025-11-11 10:21:42,651] INFO: ✅ Processing action: DOWN
[2025-11-11 10:21:42,702] INFO: 🎮 Received INPUT from 1: DOWN (seq: 20)
[2025-11-11 10:21:42,702] INFO: ✅ Processing action: DOWN
[2025-11-11 10:21:42,706] INFO: [PROTOCOL] 準備發送 282 bytes
[2025-11-11 10:21:42,706] INFO: [PROTOCOL] 已發送 286/286 bytes
[2025-11-11 10:21:42,706] INFO: [PROTOCOL] ✅ 完整發送 286 bytes
[2025-11-11 10:21:42,706] INFO: [PROTOCOL] 準備發送 282 bytes
[2025-11-11 10:21:42,706] INFO: [PROTOCOL] 已發送 286/286 bytes
[2025-11-11 10:21:42,706] INFO: [PROTOCOL] ✅ 完整發送 286 bytes
[2025-11-11 10:21:42,706] INFO: [PROTOCOL] 準備發送 297 bytes
[2025-11-11 10:21:42,706] INFO: [PROTOCOL] 已發送 301/301 bytes
[2025-11-11 10:21:42,706] INFO: [PROTOCOL] ✅ 完整發送 301 bytes
[2025-11-11 10:21:42,706] INFO: [PROTOCOL] 準備發送 297 bytes
[2025-11-11 10:21:42,706] INFO: [PROTOCOL] 已發送 301/301 bytes
[2025-11-11 10:21:42,706] INFO: [PROTOCOL] ✅ 完整發送 301 bytes
[2025-11-11 10:21:42,770] INFO: 🎮 Received INPUT from 1: DOWN (seq: 21)
[2025-11-11 10:21:42,771] INFO: ✅ Processing action: DOWN
[2025-11-11 10:21:42,811] INFO: [PROTOCOL] 準備發送 282 bytes
[2025-11-11 10:21:42,811] INFO: [PROTOCOL] 已發送 286/286 bytes
[2025-11-11 10:21:42,812] INFO: [PROTOCOL] ✅ 完整發送 286 bytes
[2025-11-11 10:21:42,812] INFO: [PROTOCOL] 準備發送 282 bytes
[2025-11-11 10:21:42,812] INFO: [PROTOCOL] 已發送 286/286 bytes
[2025-11-11 10:21:42,812] INFO: [PROTOCOL] ✅ 完整發送 286 bytes
[2025-11-11 10:21:42,812] INFO: [PROTOCOL] 準備發送 296 bytes
[2025-11-11 10:21:42,812] INFO: [PROTOCOL] 已發送 300/300 bytes
[2025-11-11 10:21:42,812] INFO: [PROTOCOL] ✅ 完整發送 300 bytes
[2025-11-11 10:21:42,812] INFO: [PROTOCOL] 準備發送 296 bytes
[2025-11-11 10:21:42,812] INFO: [PROTOCOL] 已發送 300/300 bytes
[2025-11-11 10:21:42,812] INFO: [PROTOCOL] ✅ 完整發送 300 bytes
[2025-11-11 10:21:42,856] INFO: 🎮 Received INPUT from 1: HARD_DROP (seq: 22)
[2025-11-11 10:21:42,856] INFO: ✅ Processing action: HARD_DROP
[2025-11-11 10:21:42,919] INFO: [PROTOCOL] 準備發送 282 bytes
[2025-11-11 10:21:42,920] INFO: [PROTOCOL] 已發送 286/286 bytes
[2025-11-11 10:21:42,920] INFO: [PROTOCOL] ✅ 完整發送 286 bytes
[2025-11-11 10:21:42,922] INFO: 🎮 Received INPUT from 1: HARD_DROP (seq: 23)
[2025-11-11 10:21:42,922] INFO: [PROTOCOL] 準備發送 282 bytes
[2025-11-11 10:21:42,922] INFO: ✅ Processing action: HARD_DROP
[2025-11-11 10:21:42,922] INFO: [PROTOCOL] 已發送 286/286 bytes
[2025-11-11 10:21:42,922] INFO: [PROTOCOL] ✅ 完整發送 286 bytes
[2025-11-11 10:21:42,922] INFO: [PROTOCOL] 準備發送 312 bytes
[2025-11-11 10:21:42,923] INFO: [PROTOCOL] 已發送 316/316 bytes
[2025-11-11 10:21:42,923] INFO: [PROTOCOL] ✅ 完整發送 316 bytes
[2025-11-11 10:21:42,923] INFO: [PROTOCOL] 準備發送 312 bytes
[2025-11-11 10:21:42,923] INFO: [PROTOCOL] 已發送 316/316 bytes
[2025-11-11 10:21:42,923] INFO: [PROTOCOL] ✅ 完整發送 316 bytes
[2025-11-11 10:21:43,029] INFO: [PROTOCOL] 準備發送 282 bytes
[2025-11-11 10:21:43,029] INFO: [PROTOCOL] 已發送 286/286 bytes
[2025-11-11 10:21:43,029] INFO: [PROTOCOL] ✅ 完整發送 286 bytes
[2025-11-11 10:21:43,029] INFO: [PROTOCOL] 準備發送 282 bytes
[2025-11-11 10:21:43,029] INFO: [PROTOCOL] 已發送 286/286 bytes
[2025-11-11 10:21:43,029] INFO: [PROTOCOL] ✅ 完整發送 286 bytes
[2025-11-11 10:21:43,030] INFO: [PROTOCOL] 準備發送 328 bytes
[2025-11-11 10:21:43,030] INFO: [PROTOCOL] 已發送 332/332 bytes
[2025-11-11 10:21:43,030] INFO: [PROTOCOL] ✅ 完整發送 332 bytes
[2025-11-11 10:21:43,030] INFO: [PROTOCOL] 準備發送 328 bytes
[2025-11-11 10:21:43,030] INFO: [PROTOCOL] 已發送 332/332 bytes
[2025-11-11 10:21:43,030] INFO: [PROTOCOL] ✅ 完整發送 332 bytes
[2025-11-11 10:21:43,136] INFO: [PROTOCOL] 準備發送 282 bytes
[2025-11-11 10:21:43,137] INFO: [PROTOCOL] 已發送 286/286 bytes
[2025-11-11 10:21:43,137] INFO: [PROTOCOL] ✅ 完整發送 286 bytes
[2025-11-11 10:21:43,137] INFO: [PROTOCOL] 準備發送 282 bytes
[2025-11-11 10:21:43,137] INFO: [PROTOCOL] 已發送 286/286 bytes
[2025-11-11 10:21:43,137] INFO: [PROTOCOL] ✅ 完整發送 286 bytes
[2025-11-11 10:21:43,137] INFO: [PROTOCOL] 準備發送 328 bytes
[2025-11-11 10:21:43,137] INFO: [PROTOCOL] 已發送 332/332 bytes
[2025-11-11 10:21:43,137] INFO: [PROTOCOL] ✅ 完整發送 332 bytes
[2025-11-11 10:21:43,138] INFO: [PROTOCOL] 準備發送 328 bytes
[2025-11-11 10:21:43,138] INFO: [PROTOCOL] 已發送 332/332 bytes
[2025-11-11 10:21:43,138] INFO: [PROTOCOL] ✅ 完整發送 332 bytes
[2025-11-11 10:21:43,183] INFO: 🎮 Received INPUT from 1: HARD_DROP (seq: 24)
[2025-11-11 10:21:43,183] INFO: ✅ Processing action: HARD_DROP
[2025-11-11 10:21:43,239] INFO: [PROTOCOL] 準備發送 282 bytes
[2025-11-11 10:21:43,240] INFO: [PROTOCOL] 已發送 286/286 bytes
[2025-11-11 10:21:43,240] INFO: [PROTOCOL] ✅ 完整發送 286 bytes
[2025-11-11 10:21:43,240] INFO: [PROTOCOL] 準備發送 282 bytes
[2025-11-11 10:21:43,240] INFO: [PROTOCOL] 已發送 286/286 bytes
[2025-11-11 10:21:43,241] INFO: [PROTOCOL] ✅ 完整發送 286 bytes
[2025-11-11 10:21:43,241] INFO: [PROTOCOL] 準備發送 336 bytes
[2025-11-11 10:21:43,241] INFO: [PROTOCOL] 已發送 340/340 bytes
[2025-11-11 10:21:43,242] INFO: [PROTOCOL] ✅ 完整發送 340 bytes
[2025-11-11 10:21:43,242] INFO: [PROTOCOL] 準備發送 336 bytes
[2025-11-11 10:21:43,242] INFO: [PROTOCOL] 已發送 340/340 bytes
[2025-11-11 10:21:43,242] INFO: [PROTOCOL] ✅ 完整發送 340 bytes
[2025-11-11 10:21:43,346] INFO: [PROTOCOL] 準備發送 282 bytes
[2025-11-11 10:21:43,346] INFO: [PROTOCOL] 已發送 286/286 bytes
[2025-11-11 10:21:43,346] INFO: [PROTOCOL] ✅ 完整發送 286 bytes
[2025-11-11 10:21:43,346] INFO: [PROTOCOL] 準備發送 282 bytes
[2025-11-11 10:21:43,346] INFO: [PROTOCOL] 已發送 286/286 bytes
[2025-11-11 10:21:43,346] INFO: [PROTOCOL] ✅ 完整發送 286 bytes
[2025-11-11 10:21:43,347] INFO: [PROTOCOL] 準備發送 336 bytes
[2025-11-11 10:21:43,347] INFO: [PROTOCOL] 已發送 340/340 bytes
[2025-11-11 10:21:43,347] INFO: [PROTOCOL] ✅ 完整發送 340 bytes
[2025-11-11 10:21:43,347] INFO: [PROTOCOL] 準備發送 336 bytes
[2025-11-11 10:21:43,347] INFO: [PROTOCOL] 已發送 340/340 bytes
[2025-11-11 10:21:43,347] INFO: [PROTOCOL] ✅ 完整發送 340 bytes
[2025-11-11 10:21:43,410] INFO: 🎮 Received INPUT from 1: HARD_DROP (seq: 25)
[2025-11-11 10:21:43,410] INFO: ✅ Processing action: HARD_DROP
[2025-11-11 10:21:43,448] INFO: [PROTOCOL] 準備發送 282 bytes
[2025-11-11 10:21:43,449] INFO: [PROTOCOL] 已發送 286/286 bytes
[2025-11-11 10:21:43,450] INFO: [PROTOCOL] ✅ 完整發送 286 bytes
[2025-11-11 10:21:43,450] INFO: [PROTOCOL] 準備發送 282 bytes
[2025-11-11 10:21:43,450] INFO: [PROTOCOL] 已發送 286/286 bytes
[2025-11-11 10:21:43,451] INFO: [PROTOCOL] ✅ 完整發送 286 bytes
[2025-11-11 10:21:43,452] INFO: [PROTOCOL] 準備發送 351 bytes
[2025-11-11 10:21:43,453] INFO: [PROTOCOL] 已發送 355/355 bytes
[2025-11-11 10:21:43,453] INFO: [PROTOCOL] ✅ 完整發送 355 bytes
[2025-11-11 10:21:43,453] INFO: [PROTOCOL] 準備發送 351 bytes
[2025-11-11 10:21:43,453] INFO: [PROTOCOL] 已發送 355/355 bytes
[2025-11-11 10:21:43,453] INFO: [PROTOCOL] ✅ 完整發送 355 bytes
[2025-11-11 10:21:43,558] INFO: [PROTOCOL] 準備發送 282 bytes
[2025-11-11 10:21:43,558] INFO: [PROTOCOL] 已發送 286/286 bytes
[2025-11-11 10:21:43,559] INFO: [PROTOCOL] ✅ 完整發送 286 bytes
[2025-11-11 10:21:43,559] INFO: [PROTOCOL] 準備發送 282 bytes
[2025-11-11 10:21:43,559] INFO: [PROTOCOL] 已發送 286/286 bytes
[2025-11-11 10:21:43,559] INFO: [PROTOCOL] ✅ 完整發送 286 bytes
[2025-11-11 10:21:43,559] INFO: [PROTOCOL] 準備發送 351 bytes
[2025-11-11 10:21:43,559] INFO: [PROTOCOL] 已發送 355/355 bytes
[2025-11-11 10:21:43,559] INFO: [PROTOCOL] ✅ 完整發送 355 bytes
[2025-11-11 10:21:43,559] INFO: [PROTOCOL] 準備發送 351 bytes
[2025-11-11 10:21:43,559] INFO: [PROTOCOL] 已發送 355/355 bytes
[2025-11-11 10:21:43,559] INFO: [PROTOCOL] ✅ 完整發送 355 bytes
[2025-11-11 10:21:43,579] INFO: 🎮 Received INPUT from 1: HARD_DROP (seq: 26)
[2025-11-11 10:21:43,580] INFO: ✅ Processing action: HARD_DROP
[2025-11-11 10:21:43,645] INFO: 🎮 Received INPUT from 1: HARD_DROP (seq: 27)
[2025-11-11 10:21:43,645] INFO: ✅ Processing action: HARD_DROP
[2025-11-11 10:21:43,661] INFO: [PROTOCOL] 準備發送 282 bytes
[2025-11-11 10:21:43,662] INFO: [PROTOCOL] 已發送 286/286 bytes
[2025-11-11 10:21:43,662] INFO: [PROTOCOL] ✅ 完整發送 286 bytes
[2025-11-11 10:21:43,662] INFO: [PROTOCOL] 準備發送 282 bytes
[2025-11-11 10:21:43,662] INFO: [PROTOCOL] 已發送 286/286 bytes
[2025-11-11 10:21:43,662] INFO: [PROTOCOL] ✅ 完整發送 286 bytes
[2025-11-11 10:21:43,663] INFO: [PROTOCOL] 準備發送 383 bytes
[2025-11-11 10:21:43,663] INFO: [PROTOCOL] 已發送 387/387 bytes
[2025-11-11 10:21:43,663] INFO: [PROTOCOL] ✅ 完整發送 387 bytes
[2025-11-11 10:21:43,663] INFO: [PROTOCOL] 準備發送 383 bytes
[2025-11-11 10:21:43,663] INFO: [PROTOCOL] 已發送 387/387 bytes
[2025-11-11 10:21:43,664] INFO: [PROTOCOL] ✅ 完整發送 387 bytes
[2025-11-11 10:21:43,763] INFO: 🎮 Received INPUT from 1: HARD_DROP (seq: 28)
[2025-11-11 10:21:43,764] INFO: ✅ Processing action: HARD_DROP
[2025-11-11 10:21:43,766] INFO: [PROTOCOL] 準備發送 282 bytes
[2025-11-11 10:21:43,766] INFO: [PROTOCOL] 已發送 286/286 bytes
[2025-11-11 10:21:43,766] INFO: [PROTOCOL] ✅ 完整發送 286 bytes
[2025-11-11 10:21:43,766] INFO: [PROTOCOL] 準備發送 282 bytes
[2025-11-11 10:21:43,766] INFO: [PROTOCOL] 已發送 286/286 bytes
[2025-11-11 10:21:43,766] INFO: [PROTOCOL] ✅ 完整發送 286 bytes
[2025-11-11 10:21:43,767] INFO: [PROTOCOL] 準備發送 392 bytes
[2025-11-11 10:21:43,767] INFO: [PROTOCOL] 已發送 396/396 bytes
[2025-11-11 10:21:43,767] INFO: [PROTOCOL] ✅ 完整發送 396 bytes
[2025-11-11 10:21:43,767] INFO: [PROTOCOL] 準備發送 392 bytes
[2025-11-11 10:21:43,767] INFO: [PROTOCOL] 已發送 396/396 bytes
[2025-11-11 10:21:43,767] INFO: [PROTOCOL] ✅ 完整發送 396 bytes
[2025-11-11 10:21:43,814] INFO: 🎮 Received INPUT from 1: HARD_DROP (seq: 29)
[2025-11-11 10:21:43,814] INFO: ✅ Processing action: HARD_DROP
[2025-11-11 10:21:43,868] INFO: [PROTOCOL] 準備發送 282 bytes
[2025-11-11 10:21:43,868] INFO: [PROTOCOL] 已發送 286/286 bytes
[2025-11-11 10:21:43,868] INFO: [PROTOCOL] ✅ 完整發送 286 bytes
[2025-11-11 10:21:43,869] INFO: [PROTOCOL] 準備發送 282 bytes
[2025-11-11 10:21:43,869] INFO: [PROTOCOL] 已發送 286/286 bytes
[2025-11-11 10:21:43,869] INFO: [PROTOCOL] ✅ 完整發送 286 bytes
[2025-11-11 10:21:43,869] INFO: [PROTOCOL] 準備發送 406 bytes
[2025-11-11 10:21:43,869] INFO: [PROTOCOL] 已發送 410/410 bytes
[2025-11-11 10:21:43,869] INFO: [PROTOCOL] ✅ 完整發送 410 bytes
[2025-11-11 10:21:43,869] INFO: [PROTOCOL] 準備發送 406 bytes
[2025-11-11 10:21:43,869] INFO: [PROTOCOL] 已發送 410/410 bytes
[2025-11-11 10:21:43,869] INFO: [PROTOCOL] ✅ 完整發送 410 bytes
[2025-11-11 10:21:43,955] INFO: 🎮 Received INPUT from 1: HARD_DROP (seq: 30)
[2025-11-11 10:21:43,956] INFO: ✅ Processing action: HARD_DROP
[2025-11-11 10:21:43,974] INFO: [PROTOCOL] 準備發送 282 bytes
[2025-11-11 10:21:43,974] INFO: [PROTOCOL] 已發送 286/286 bytes
[2025-11-11 10:21:43,974] INFO: [PROTOCOL] ✅ 完整發送 286 bytes
[2025-11-11 10:21:43,975] INFO: [PROTOCOL] 準備發送 282 bytes
[2025-11-11 10:21:43,975] INFO: [PROTOCOL] 已發送 286/286 bytes
[2025-11-11 10:21:43,975] INFO: [PROTOCOL] ✅ 完整發送 286 bytes
[2025-11-11 10:21:43,975] INFO: [PROTOCOL] 準備發送 405 bytes
[2025-11-11 10:21:43,975] INFO: [PROTOCOL] 已發送 409/409 bytes
[2025-11-11 10:21:43,975] INFO: [PROTOCOL] ✅ 完整發送 409 bytes
[2025-11-11 10:21:43,975] INFO: [PROTOCOL] 準備發送 405 bytes
[2025-11-11 10:21:43,975] INFO: [PROTOCOL] 已發送 409/409 bytes
[2025-11-11 10:21:43,975] INFO: [PROTOCOL] ✅ 完整發送 409 bytes
[2025-11-11 10:21:44,018] INFO: 🎮 Received INPUT from 1: HARD_DROP (seq: 31)
[2025-11-11 10:21:44,019] INFO: ✅ Processing action: HARD_DROP
[2025-11-11 10:21:44,046] INFO: 🎮 Game Over! Winner: 2
[2025-11-11 10:21:44,046] INFO: [PROTOCOL] 準備發送 155 bytes
[2025-11-11 10:21:44,046] INFO: [PROTOCOL] 已發送 159/159 bytes
[2025-11-11 10:21:44,046] INFO: [PROTOCOL] ✅ 完整發送 159 bytes
[2025-11-11 10:21:44,047] INFO: [PROTOCOL] 準備發送 155 bytes
[2025-11-11 10:21:44,047] INFO: [PROTOCOL] 已發送 159/159 bytes
[2025-11-11 10:21:44,047] INFO: [PROTOCOL] ✅ 完整發送 159 bytes
[2025-11-11 10:21:44,047] INFO: 📊 Attempting to report game result to lobby: room=28, results={'P2': {'user_id': 2, 'score': 0, 'lines_cleared': 0, 'max_combo': 0}, 'P1': {'user_id': 1, 'score': 0, 'lines_cleared': 0, 'max_combo': 0}}
[2025-11-11 10:21:44,048] INFO: 📡 Connecting to lobby server at localhost:10002...
[2025-11-11 10:21:44,068] INFO: ✅ Connected to lobby server
[2025-11-11 10:21:44,068] INFO: 🏆 Winner: P2
[2025-11-11 10:21:44,069] INFO: 📤 Sending report: {'action': 'report_game_result', 'data': {'room_id': 28, 'winner': 'P2', 'results': {'P2': {'user_id': 2, 'score': 0, 'lines_cleared': 0, 'max_combo': 0}, 'P1': {'user_id': 1, 'score': 0, 'lines_cleared': 0, 'max_combo': 0}}}}
[2025-11-11 10:21:44,069] INFO: [PROTOCOL] 準備發送 226 bytes
[2025-11-11 10:21:44,069] INFO: [PROTOCOL] 已發送 230/230 bytes
[2025-11-11 10:21:44,069] INFO: [PROTOCOL] ✅ 完整發送 230 bytes
[2025-11-11 10:21:44,069] INFO: ✅ Report sent, waiting for response...
[2025-11-11 10:21:44,076] INFO: 📥 Received response: {'status': 'success', 'message': '遊戲結果已記錄'}
[2025-11-11 10:21:44,076] INFO: ✅ Game result reported to Lobby Server successfully
[2025-11-11 10:21:44,076] INFO: 📊 Final results: {'P2': {'user_id': 2, 'score': 0, 'lines_cleared': 0, 'max_combo': 0}, 'P1': {'user_id': 1, 'score': 0, 'lines_cleared': 0, 'max_combo': 0}}
[2025-11-11 10:21:44,233] INFO: 🔌 Player 2 input handler stopped
[2025-11-11 10:21:45,020] INFO: 🔌 Player 1 input handler stopped
[2025-11-11 10:21:46,081] INFO: 🛑 Shutting down Game Server...
[2025-11-11 10:21:46,081] INFO: ✅ Game Server shut down
[2025-11-11 10:21:46,081] INFO: 🛑 Shutting down Game Server...
[2025-11-11 10:21:46,081] INFO: ✅ Game Server shut down
