[2025-11-10 03:04:39,674] INFO: 🎮 Game Server started on port 10102
[2025-11-10 03:04:39,674] INFO:    Room: 12, Players: [1, 2]
[2025-11-10 03:04:39,674] INFO:    Seed: 1778488313
[2025-11-10 03:04:41,814] INFO: 📥 Player 1 connected from ('127.0.0.1', 64956)
[2025-11-10 03:04:41,815] INFO: ✅ Player 2 (P2) ready
[2025-11-10 03:04:41,816] INFO: 📥 Player 2 connected from ('127.0.0.1', 64957)
[2025-11-10 03:04:41,816] INFO: ✅ Player 1 (P1) ready
[2025-11-10 03:04:41,816] INFO: ✅ Both players connected, starting game...
[2025-11-10 03:04:41,816] INFO: 🎮 Starting input handler for player 2
[2025-11-10 03:04:41,817] INFO: 🎮 Starting input handler for player 1
[2025-11-10 03:04:45,016] INFO: 🎮 Received INPUT from 2: RIGHT (seq: 1)
[2025-11-10 03:04:45,016] INFO: ✅ Processing action: RIGHT
[2025-11-10 03:04:45,075] INFO: 🎮 Received INPUT from 2: RIGHT (seq: 2)
[2025-11-10 03:04:45,075] INFO: ✅ Processing action: RIGHT
[2025-11-10 03:04:45,159] INFO: 🎮 Received INPUT from 2: RIGHT (seq: 3)
[2025-11-10 03:04:45,159] INFO: ✅ Processing action: RIGHT
[2025-11-10 03:04:45,226] INFO: 🎮 Received INPUT from 2: RIGHT (seq: 4)
[2025-11-10 03:04:45,227] INFO: ✅ Processing action: RIGHT
[2025-11-10 03:04:45,329] INFO: 🎮 Received INPUT from 2: RIGHT (seq: 5)
[2025-11-10 03:04:45,329] INFO: ✅ Processing action: RIGHT
[2025-11-10 03:04:45,380] INFO: 🎮 Received INPUT from 2: RIGHT (seq: 6)
[2025-11-10 03:04:45,381] INFO: ✅ Processing action: RIGHT
[2025-11-10 03:04:45,604] INFO: 🎮 Received INPUT from 2: DOWN (seq: 7)
[2025-11-10 03:04:45,604] INFO: ✅ Processing action: DOWN
[2025-11-10 03:04:45,669] INFO: 🎮 Received INPUT from 2: DOWN (seq: 8)
[2025-11-10 03:04:45,669] INFO: ✅ Processing action: DOWN
[2025-11-10 03:04:45,720] INFO: 🎮 Received INPUT from 2: DOWN (seq: 9)
[2025-11-10 03:04:45,720] INFO: ✅ Processing action: DOWN
[2025-11-10 03:04:45,770] INFO: 🎮 Received INPUT from 2: DOWN (seq: 10)
[2025-11-10 03:04:45,770] INFO: ✅ Processing action: DOWN
[2025-11-10 03:04:45,821] INFO: 🎮 Received INPUT from 2: DOWN (seq: 11)
[2025-11-10 03:04:45,821] INFO: ✅ Processing action: DOWN
[2025-11-10 03:04:45,872] INFO: 🎮 Received INPUT from 2: DOWN (seq: 12)
[2025-11-10 03:04:45,873] INFO: ✅ Processing action: DOWN
[2025-11-10 03:04:45,924] INFO: 🎮 Received INPUT from 2: DOWN (seq: 13)
[2025-11-10 03:04:45,924] INFO: ✅ Processing action: DOWN
[2025-11-10 03:04:45,974] INFO: 🎮 Received INPUT from 2: DOWN (seq: 14)
[2025-11-10 03:04:45,975] INFO: ✅ Processing action: DOWN
[2025-11-10 03:04:46,025] INFO: 🎮 Received INPUT from 2: DOWN (seq: 15)
[2025-11-10 03:04:46,026] INFO: ✅ Processing action: DOWN
[2025-11-10 03:04:46,091] INFO: 🎮 Received INPUT from 2: DOWN (seq: 16)
[2025-11-10 03:04:46,092] INFO: ✅ Processing action: DOWN
[2025-11-10 03:04:46,143] INFO: 🎮 Received INPUT from 2: DOWN (seq: 17)
[2025-11-10 03:04:46,143] INFO: ✅ Processing action: DOWN
[2025-11-10 03:04:46,194] INFO: 🎮 Received INPUT from 2: DOWN (seq: 18)
[2025-11-10 03:04:46,194] INFO: ✅ Processing action: DOWN
[2025-11-10 03:04:46,259] INFO: 🎮 Received INPUT from 2: DOWN (seq: 19)
[2025-11-10 03:04:46,259] INFO: ✅ Processing action: DOWN
[2025-11-10 03:04:46,294] INFO: 🎮 Received INPUT from 2: LEFT (seq: 20)
[2025-11-10 03:04:46,294] INFO: ✅ Processing action: LEFT
[2025-11-10 03:04:46,325] INFO: 🎮 Received INPUT from 2: DOWN (seq: 21)
[2025-11-10 03:04:46,326] INFO: ✅ Processing action: DOWN
[2025-11-10 03:04:46,360] INFO: 🎮 Received INPUT from 2: LEFT (seq: 22)
[2025-11-10 03:04:46,360] INFO: ✅ Processing action: LEFT
[2025-11-10 03:04:46,376] INFO: 🎮 Received INPUT from 2: DOWN (seq: 23)
[2025-11-10 03:04:46,376] INFO: ✅ Processing action: DOWN
[2025-11-10 03:04:46,410] INFO: 🎮 Received INPUT from 2: LEFT (seq: 24)
[2025-11-10 03:04:46,410] INFO: ✅ Processing action: LEFT
[2025-11-10 03:04:46,461] INFO: 🎮 Received INPUT from 2: LEFT (seq: 25)
[2025-11-10 03:04:46,462] INFO: ✅ Processing action: LEFT
[2025-11-10 03:04:46,526] INFO: 🎮 Received INPUT from 2: LEFT (seq: 26)
[2025-11-10 03:04:46,527] INFO: ✅ Processing action: LEFT
[2025-11-10 03:04:46,561] INFO: 🎮 Received INPUT from 2: DOWN (seq: 27)
[2025-11-10 03:04:46,561] INFO: ✅ Processing action: DOWN
[2025-11-10 03:04:46,578] INFO: 🎮 Received INPUT from 2: LEFT (seq: 28)
[2025-11-10 03:04:46,578] INFO: ✅ Processing action: LEFT
[2025-11-10 03:04:46,626] INFO: 🎮 Received INPUT from 2: DOWN (seq: 29)
[2025-11-10 03:04:46,626] INFO: ✅ Processing action: DOWN
[2025-11-10 03:04:46,643] INFO: 🎮 Received INPUT from 2: LEFT (seq: 30)
[2025-11-10 03:04:46,643] INFO: ✅ Processing action: LEFT
[2025-11-10 03:04:46,643] INFO: 🎮 Received INPUT from 2: RIGHT (seq: 31)
[2025-11-10 03:04:46,643] INFO: ✅ Processing action: RIGHT
[2025-11-10 03:04:46,676] INFO: 🎮 Received INPUT from 2: DOWN (seq: 32)
[2025-11-10 03:04:46,676] INFO: ✅ Processing action: DOWN
[2025-11-10 03:04:46,693] INFO: 🎮 Received INPUT from 2: LEFT (seq: 33)
[2025-11-10 03:04:46,693] INFO: ✅ Processing action: LEFT
[2025-11-10 03:04:46,693] INFO: 🎮 Received INPUT from 2: RIGHT (seq: 34)
[2025-11-10 03:04:46,693] INFO: ✅ Processing action: RIGHT
[2025-11-10 03:04:46,727] INFO: 🎮 Received INPUT from 2: DOWN (seq: 35)
[2025-11-10 03:04:46,727] INFO: ✅ Processing action: DOWN
[2025-11-10 03:04:46,745] INFO: 🎮 Received INPUT from 2: RIGHT (seq: 36)
[2025-11-10 03:04:46,745] INFO: ✅ Processing action: RIGHT
[2025-11-10 03:04:46,796] INFO: 🎮 Received INPUT from 2: RIGHT (seq: 37)
[2025-11-10 03:04:46,796] INFO: ✅ Processing action: RIGHT
[2025-11-10 03:04:46,847] INFO: 🎮 Received INPUT from 2: RIGHT (seq: 38)
[2025-11-10 03:04:46,847] INFO: ✅ Processing action: RIGHT
[2025-11-10 03:04:46,864] INFO: 🎮 Received INPUT from 2: DOWN (seq: 39)
[2025-11-10 03:04:46,864] INFO: ✅ Processing action: DOWN
[2025-11-10 03:04:46,897] INFO: 🎮 Received INPUT from 2: RIGHT (seq: 40)
[2025-11-10 03:04:46,897] INFO: ✅ Processing action: RIGHT
[2025-11-10 03:04:46,914] INFO: 🎮 Received INPUT from 2: DOWN (seq: 41)
[2025-11-10 03:04:46,914] INFO: ✅ Processing action: DOWN
[2025-11-10 03:04:46,948] INFO: 🎮 Received INPUT from 2: RIGHT (seq: 42)
[2025-11-10 03:04:46,949] INFO: ✅ Processing action: RIGHT
[2025-11-10 03:04:46,967] INFO: 🎮 Received INPUT from 2: LEFT (seq: 43)
[2025-11-10 03:04:46,967] INFO: ✅ Processing action: LEFT
[2025-11-10 03:04:46,967] INFO: 🎮 Received INPUT from 2: DOWN (seq: 44)
[2025-11-10 03:04:46,967] INFO: ✅ Processing action: DOWN
[2025-11-10 03:04:47,017] INFO: 🎮 Received INPUT from 2: LEFT (seq: 45)
[2025-11-10 03:04:47,017] INFO: ✅ Processing action: LEFT
[2025-11-10 03:04:47,018] INFO: 🎮 Received INPUT from 2: DOWN (seq: 46)
[2025-11-10 03:04:47,018] INFO: ✅ Processing action: DOWN
[2025-11-10 03:04:47,068] INFO: 🎮 Received INPUT from 2: LEFT (seq: 47)
[2025-11-10 03:04:47,068] INFO: ✅ Processing action: LEFT
[2025-11-10 03:04:47,069] INFO: 🎮 Received INPUT from 2: DOWN (seq: 48)
[2025-11-10 03:04:47,069] INFO: ✅ Processing action: DOWN
[2025-11-10 03:04:47,119] INFO: 🎮 Received INPUT from 2: LEFT (seq: 49)
[2025-11-10 03:04:47,120] INFO: ✅ Processing action: LEFT
[2025-11-10 03:04:47,171] INFO: 🎮 Received INPUT from 2: LEFT (seq: 50)
[2025-11-10 03:04:47,171] INFO: ✅ Processing action: LEFT
[2025-11-10 03:04:47,171] INFO: 🎮 Received INPUT from 2: RIGHT (seq: 51)
[2025-11-10 03:04:47,171] INFO: ✅ Processing action: RIGHT
[2025-11-10 03:04:47,239] INFO: 🎮 Received INPUT from 2: RIGHT (seq: 52)
[2025-11-10 03:04:47,239] INFO: ✅ Processing action: RIGHT
[2025-11-10 03:04:47,239] INFO: 🎮 Received INPUT from 2: DOWN (seq: 53)
[2025-11-10 03:04:47,239] INFO: ✅ Processing action: DOWN
[2025-11-10 03:04:47,290] INFO: 🎮 Received INPUT from 2: RIGHT (seq: 54)
[2025-11-10 03:04:47,290] INFO: ✅ Processing action: RIGHT
[2025-11-10 03:04:47,290] INFO: 🎮 Received INPUT from 2: DOWN (seq: 55)
[2025-11-10 03:04:47,290] INFO: ✅ Processing action: DOWN
[2025-11-10 03:04:47,340] INFO: 🎮 Received INPUT from 2: RIGHT (seq: 56)
[2025-11-10 03:04:47,340] INFO: ✅ Processing action: RIGHT
[2025-11-10 03:04:47,340] INFO: 🎮 Received INPUT from 2: DOWN (seq: 57)
[2025-11-10 03:04:47,341] INFO: ✅ Processing action: DOWN
[2025-11-10 03:04:47,359] INFO: 🎮 Received INPUT from 2: LEFT (seq: 58)
[2025-11-10 03:04:47,359] INFO: ✅ Processing action: LEFT
[2025-11-10 03:04:47,391] INFO: 🎮 Received INPUT from 2: DOWN (seq: 59)
[2025-11-10 03:04:47,392] INFO: ✅ Processing action: DOWN
[2025-11-10 03:04:47,425] INFO: 🎮 Received INPUT from 2: LEFT (seq: 60)
[2025-11-10 03:04:47,425] INFO: ✅ Processing action: LEFT
[2025-11-10 03:04:47,443] INFO: 🎮 Received INPUT from 2: DOWN (seq: 61)
[2025-11-10 03:04:47,443] INFO: ✅ Processing action: DOWN
[2025-11-10 03:04:47,476] INFO: 🎮 Received INPUT from 2: LEFT (seq: 62)
[2025-11-10 03:04:47,477] INFO: ✅ Processing action: LEFT
[2025-11-10 03:04:47,509] INFO: 🎮 Received INPUT from 2: DOWN (seq: 63)
[2025-11-10 03:04:47,510] INFO: ✅ Processing action: DOWN
[2025-11-10 03:04:47,542] INFO: 🎮 Received INPUT from 2: LEFT (seq: 64)
[2025-11-10 03:04:47,542] INFO: ✅ Processing action: LEFT
[2025-11-10 03:04:47,762] INFO: 🎮 Received INPUT from 2: DOWN (seq: 65)
[2025-11-10 03:04:47,762] INFO: ✅ Processing action: DOWN
[2025-11-10 03:04:47,812] INFO: 🎮 Received INPUT from 2: DOWN (seq: 66)
[2025-11-10 03:04:47,813] INFO: ✅ Processing action: DOWN
[2025-11-10 03:04:47,863] INFO: 🎮 Received INPUT from 2: DOWN (seq: 67)
[2025-11-10 03:04:47,864] INFO: ✅ Processing action: DOWN
[2025-11-10 03:04:47,930] INFO: 🎮 Received INPUT from 2: DOWN (seq: 68)
[2025-11-10 03:04:47,930] INFO: ✅ Processing action: DOWN
[2025-11-10 03:04:47,981] INFO: 🎮 Received INPUT from 2: DOWN (seq: 69)
[2025-11-10 03:04:47,981] INFO: ✅ Processing action: DOWN
[2025-11-10 03:04:48,031] INFO: 🎮 Received INPUT from 2: DOWN (seq: 70)
[2025-11-10 03:04:48,031] INFO: ✅ Processing action: DOWN
[2025-11-10 03:04:48,082] INFO: 🎮 Received INPUT from 2: DOWN (seq: 71)
[2025-11-10 03:04:48,082] INFO: ✅ Processing action: DOWN
[2025-11-10 03:04:48,134] INFO: 🎮 Received INPUT from 2: DOWN (seq: 72)
[2025-11-10 03:04:48,134] INFO: ✅ Processing action: DOWN
[2025-11-10 03:04:48,184] INFO: 🎮 Received INPUT from 2: DOWN (seq: 73)
[2025-11-10 03:04:48,184] INFO: ✅ Processing action: DOWN
[2025-11-10 03:04:48,235] INFO: 🎮 Received INPUT from 2: DOWN (seq: 74)
[2025-11-10 03:04:48,236] INFO: ✅ Processing action: DOWN
[2025-11-10 03:04:48,287] INFO: 🎮 Received INPUT from 2: DOWN (seq: 75)
[2025-11-10 03:04:48,287] INFO: ✅ Processing action: DOWN
[2025-11-10 03:04:48,337] INFO: 🎮 Received INPUT from 2: DOWN (seq: 76)
[2025-11-10 03:04:48,337] INFO: ✅ Processing action: DOWN
[2025-11-10 03:04:48,388] INFO: 🎮 Received INPUT from 2: DOWN (seq: 77)
[2025-11-10 03:04:48,388] INFO: ✅ Processing action: DOWN
[2025-11-10 03:04:48,439] INFO: 🎮 Received INPUT from 2: DOWN (seq: 78)
[2025-11-10 03:04:48,439] INFO: ✅ Processing action: DOWN
[2025-11-10 03:04:48,490] INFO: 🎮 Received INPUT from 2: DOWN (seq: 79)
[2025-11-10 03:04:48,490] INFO: ✅ Processing action: DOWN
[2025-11-10 03:04:48,541] INFO: 🎮 Received INPUT from 2: DOWN (seq: 80)
[2025-11-10 03:04:48,542] INFO: ✅ Processing action: DOWN
[2025-11-10 03:04:48,593] INFO: 🎮 Received INPUT from 2: DOWN (seq: 81)
[2025-11-10 03:04:48,593] INFO: ✅ Processing action: DOWN
[2025-11-10 03:04:48,644] INFO: 🎮 Received INPUT from 2: DOWN (seq: 82)
[2025-11-10 03:04:48,644] INFO: ✅ Processing action: DOWN
[2025-11-10 03:04:48,695] INFO: 🎮 Received INPUT from 2: DOWN (seq: 83)
[2025-11-10 03:04:48,695] INFO: ✅ Processing action: DOWN
[2025-11-10 03:04:48,746] INFO: 🎮 Received INPUT from 2: DOWN (seq: 84)
[2025-11-10 03:04:48,746] INFO: ✅ Processing action: DOWN
[2025-11-10 03:04:48,796] INFO: 🎮 Received INPUT from 2: DOWN (seq: 85)
[2025-11-10 03:04:48,796] INFO: ✅ Processing action: DOWN
[2025-11-10 03:04:48,847] INFO: 🎮 Received INPUT from 2: DOWN (seq: 86)
[2025-11-10 03:04:48,848] INFO: ✅ Processing action: DOWN
[2025-11-10 03:04:48,898] INFO: 🎮 Received INPUT from 2: DOWN (seq: 87)
[2025-11-10 03:04:48,898] INFO: ✅ Processing action: DOWN
[2025-11-10 03:04:48,949] INFO: 🎮 Received INPUT from 2: DOWN (seq: 88)
[2025-11-10 03:04:48,949] INFO: ✅ Processing action: DOWN
[2025-11-10 03:04:48,999] INFO: 🎮 Received INPUT from 2: DOWN (seq: 89)
[2025-11-10 03:04:48,999] INFO: ✅ Processing action: DOWN
[2025-11-10 03:04:49,051] INFO: 🎮 Received INPUT from 2: DOWN (seq: 90)
[2025-11-10 03:04:49,051] INFO: ✅ Processing action: DOWN
[2025-11-10 03:04:49,105] INFO: 🎮 Received INPUT from 2: DOWN (seq: 91)
[2025-11-10 03:04:49,105] INFO: ✅ Processing action: DOWN
[2025-11-10 03:04:49,171] INFO: 🎮 Received INPUT from 2: DOWN (seq: 92)
[2025-11-10 03:04:49,171] INFO: ✅ Processing action: DOWN
[2025-11-10 03:04:49,222] INFO: 🎮 Received INPUT from 2: DOWN (seq: 93)
[2025-11-10 03:04:49,222] INFO: ✅ Processing action: DOWN
[2025-11-10 03:04:49,273] INFO: 🎮 Received INPUT from 2: DOWN (seq: 94)
[2025-11-10 03:04:49,273] INFO: ✅ Processing action: DOWN
[2025-11-10 03:04:49,340] INFO: 🎮 Received INPUT from 2: DOWN (seq: 95)
[2025-11-10 03:04:49,340] INFO: ✅ Processing action: DOWN
[2025-11-10 03:04:49,390] INFO: 🎮 Received INPUT from 2: DOWN (seq: 96)
[2025-11-10 03:04:49,391] INFO: ✅ Processing action: DOWN
[2025-11-10 03:04:49,442] INFO: 🎮 Received INPUT from 2: DOWN (seq: 97)
[2025-11-10 03:04:49,442] INFO: ✅ Processing action: DOWN
[2025-11-10 03:04:49,508] INFO: 🎮 Received INPUT from 2: DOWN (seq: 98)
[2025-11-10 03:04:49,509] INFO: ✅ Processing action: DOWN
[2025-11-10 03:04:49,559] INFO: 🎮 Received INPUT from 2: DOWN (seq: 99)
[2025-11-10 03:04:49,559] INFO: ✅ Processing action: DOWN
[2025-11-10 03:04:49,610] INFO: 🎮 Received INPUT from 2: DOWN (seq: 100)
[2025-11-10 03:04:49,610] INFO: ✅ Processing action: DOWN
[2025-11-10 03:04:49,660] INFO: 🎮 Received INPUT from 2: DOWN (seq: 101)
[2025-11-10 03:04:49,661] INFO: ✅ Processing action: DOWN
[2025-11-10 03:04:49,727] INFO: 🎮 Received INPUT from 2: DOWN (seq: 102)
[2025-11-10 03:04:49,728] INFO: ✅ Processing action: DOWN
[2025-11-10 03:04:49,778] INFO: 🎮 Received INPUT from 2: DOWN (seq: 103)
[2025-11-10 03:04:49,779] INFO: ✅ Processing action: DOWN
[2025-11-10 03:04:49,846] INFO: 🎮 Received INPUT from 2: DOWN (seq: 104)
[2025-11-10 03:04:49,846] INFO: ✅ Processing action: DOWN
[2025-11-10 03:04:49,912] INFO: 🎮 Received INPUT from 2: DOWN (seq: 105)
[2025-11-10 03:04:49,913] INFO: ✅ Processing action: DOWN
[2025-11-10 03:04:49,963] INFO: 🎮 Received INPUT from 2: DOWN (seq: 106)
[2025-11-10 03:04:49,963] INFO: ✅ Processing action: DOWN
[2025-11-10 03:04:50,015] INFO: 🎮 Received INPUT from 2: DOWN (seq: 107)
[2025-11-10 03:04:50,015] INFO: ✅ Processing action: DOWN
[2025-11-10 03:04:50,065] INFO: 🎮 Received INPUT from 2: DOWN (seq: 108)
[2025-11-10 03:04:50,065] INFO: ✅ Processing action: DOWN
[2025-11-10 03:04:50,115] INFO: 🎮 Received INPUT from 2: DOWN (seq: 109)
[2025-11-10 03:04:50,116] INFO: ✅ Processing action: DOWN
[2025-11-10 03:04:50,166] INFO: 🎮 Received INPUT from 2: DOWN (seq: 110)
[2025-11-10 03:04:50,166] INFO: ✅ Processing action: DOWN
[2025-11-10 03:04:50,232] INFO: 🎮 Received INPUT from 2: DOWN (seq: 111)
[2025-11-10 03:04:50,233] INFO: ✅ Processing action: DOWN
[2025-11-10 03:04:50,283] INFO: 🎮 Received INPUT from 2: DOWN (seq: 112)
[2025-11-10 03:04:50,284] INFO: ✅ Processing action: DOWN
[2025-11-10 03:04:50,335] INFO: 🎮 Received INPUT from 2: DOWN (seq: 113)
[2025-11-10 03:04:50,335] INFO: ✅ Processing action: DOWN
[2025-11-10 03:04:50,385] INFO: 🎮 Received INPUT from 2: DOWN (seq: 114)
[2025-11-10 03:04:50,385] INFO: ✅ Processing action: DOWN
[2025-11-10 03:04:50,436] INFO: 🎮 Received INPUT from 2: DOWN (seq: 115)
[2025-11-10 03:04:50,437] INFO: ✅ Processing action: DOWN
[2025-11-10 03:04:50,503] INFO: 🎮 Received INPUT from 2: DOWN (seq: 116)
[2025-11-10 03:04:50,504] INFO: ✅ Processing action: DOWN
[2025-11-10 03:04:50,569] INFO: 🎮 Received INPUT from 2: DOWN (seq: 117)
[2025-11-10 03:04:50,570] INFO: ✅ Processing action: DOWN
[2025-11-10 03:04:50,620] INFO: 🎮 Received INPUT from 2: DOWN (seq: 118)
[2025-11-10 03:04:50,620] INFO: ✅ Processing action: DOWN
[2025-11-10 03:04:50,671] INFO: 🎮 Received INPUT from 2: DOWN (seq: 119)
[2025-11-10 03:04:50,672] INFO: ✅ Processing action: DOWN
[2025-11-10 03:04:50,723] INFO: 🎮 Received INPUT from 2: DOWN (seq: 120)
[2025-11-10 03:04:50,723] INFO: ✅ Processing action: DOWN
[2025-11-10 03:04:50,775] INFO: 🎮 Received INPUT from 2: DOWN (seq: 121)
[2025-11-10 03:04:50,775] INFO: ✅ Processing action: DOWN
[2025-11-10 03:04:50,861] INFO: 🎮 Received INPUT from 2: LEFT (seq: 122)
[2025-11-10 03:04:50,861] INFO: ✅ Processing action: LEFT
[2025-11-10 03:04:50,911] INFO: 🎮 Received INPUT from 2: LEFT (seq: 123)
[2025-11-10 03:04:50,912] INFO: ✅ Processing action: LEFT
[2025-11-10 03:04:50,963] INFO: 🎮 Received INPUT from 2: LEFT (seq: 124)
[2025-11-10 03:04:50,963] INFO: ✅ Processing action: LEFT
[2025-11-10 03:04:51,030] INFO: 🎮 Received INPUT from 2: LEFT (seq: 125)
[2025-11-10 03:04:51,030] INFO: ✅ Processing action: LEFT
[2025-11-10 03:04:51,081] INFO: 🎮 Received INPUT from 2: LEFT (seq: 126)
[2025-11-10 03:04:51,081] INFO: ✅ Processing action: LEFT
[2025-11-10 03:04:51,132] INFO: 🎮 Received INPUT from 2: LEFT (seq: 127)
[2025-11-10 03:04:51,133] INFO: ✅ Processing action: LEFT
[2025-11-10 03:04:51,183] INFO: 🎮 Received INPUT from 2: LEFT (seq: 128)
[2025-11-10 03:04:51,183] INFO: ✅ Processing action: LEFT
[2025-11-10 03:04:51,234] INFO: 🎮 Received INPUT from 2: LEFT (seq: 129)
[2025-11-10 03:04:51,234] INFO: ✅ Processing action: LEFT
[2025-11-10 03:04:51,284] INFO: 🎮 Received INPUT from 2: LEFT (seq: 130)
[2025-11-10 03:04:51,284] INFO: ✅ Processing action: LEFT
[2025-11-10 03:04:51,335] INFO: 🎮 Received INPUT from 2: LEFT (seq: 131)
[2025-11-10 03:04:51,336] INFO: ✅ Processing action: LEFT
[2025-11-10 03:04:51,403] INFO: 🎮 Received INPUT from 2: LEFT (seq: 132)
[2025-11-10 03:04:51,404] INFO: ✅ Processing action: LEFT
[2025-11-10 03:04:51,455] INFO: 🎮 Received INPUT from 2: LEFT (seq: 133)
[2025-11-10 03:04:51,455] INFO: ✅ Processing action: LEFT
[2025-11-10 03:04:51,472] INFO: 🎮 Received INPUT from 2: DOWN (seq: 134)
[2025-11-10 03:04:51,472] INFO: ✅ Processing action: DOWN
[2025-11-10 03:04:51,522] INFO: 🎮 Received INPUT from 2: DOWN (seq: 135)
[2025-11-10 03:04:51,523] INFO: ✅ Processing action: DOWN
[2025-11-10 03:04:51,573] INFO: 🎮 Received INPUT from 2: DOWN (seq: 136)
[2025-11-10 03:04:51,574] INFO: ✅ Processing action: DOWN
[2025-11-10 03:04:51,641] INFO: 🎮 Received INPUT from 2: DOWN (seq: 137)
[2025-11-10 03:04:51,641] INFO: ✅ Processing action: DOWN
[2025-11-10 03:04:51,691] INFO: 🎮 Received INPUT from 2: DOWN (seq: 138)
[2025-11-10 03:04:51,692] INFO: ✅ Processing action: DOWN
[2025-11-10 03:04:51,756] INFO: 🎮 Received INPUT from 2: DOWN (seq: 139)
[2025-11-10 03:04:51,756] INFO: ✅ Processing action: DOWN
[2025-11-10 03:04:51,807] INFO: 🎮 Received INPUT from 2: DOWN (seq: 140)
[2025-11-10 03:04:51,807] INFO: ✅ Processing action: DOWN
[2025-11-10 03:04:51,858] INFO: 🎮 Received INPUT from 2: DOWN (seq: 141)
[2025-11-10 03:04:51,858] INFO: ✅ Processing action: DOWN
[2025-11-10 03:04:51,909] INFO: 🎮 Received INPUT from 2: DOWN (seq: 142)
[2025-11-10 03:04:51,910] INFO: ✅ Processing action: DOWN
[2025-11-10 03:04:51,961] INFO: 🎮 Received INPUT from 2: DOWN (seq: 143)
[2025-11-10 03:04:51,961] INFO: ✅ Processing action: DOWN
[2025-11-10 03:04:52,011] INFO: 🎮 Received INPUT from 2: DOWN (seq: 144)
[2025-11-10 03:04:52,012] INFO: ✅ Processing action: DOWN
[2025-11-10 03:04:52,063] INFO: 🎮 Received INPUT from 2: DOWN (seq: 145)
[2025-11-10 03:04:52,063] INFO: ✅ Processing action: DOWN
[2025-11-10 03:04:52,113] INFO: 🎮 Received INPUT from 2: DOWN (seq: 146)
[2025-11-10 03:04:52,114] INFO: ✅ Processing action: DOWN
[2025-11-10 03:04:52,164] INFO: 🎮 Received INPUT from 2: DOWN (seq: 147)
[2025-11-10 03:04:52,165] INFO: ✅ Processing action: DOWN
[2025-11-10 03:04:52,216] INFO: 🎮 Received INPUT from 2: DOWN (seq: 148)
[2025-11-10 03:04:52,216] INFO: ✅ Processing action: DOWN
[2025-11-10 03:04:52,268] INFO: 🎮 Received INPUT from 2: DOWN (seq: 149)
[2025-11-10 03:04:52,268] INFO: ✅ Processing action: DOWN
[2025-11-10 03:04:52,319] INFO: 🎮 Received INPUT from 2: DOWN (seq: 150)
[2025-11-10 03:04:52,319] INFO: ✅ Processing action: DOWN
[2025-11-10 03:04:52,371] INFO: 🎮 Received INPUT from 2: DOWN (seq: 151)
[2025-11-10 03:04:52,371] INFO: ✅ Processing action: DOWN
[2025-11-10 03:04:52,389] INFO: 🎮 Received INPUT from 2: RIGHT (seq: 152)
[2025-11-10 03:04:52,389] INFO: ✅ Processing action: RIGHT
[2025-11-10 03:04:52,455] INFO: 🎮 Received INPUT from 2: RIGHT (seq: 153)
[2025-11-10 03:04:52,455] INFO: ✅ Processing action: RIGHT
[2025-11-10 03:04:52,505] INFO: 🎮 Received INPUT from 2: RIGHT (seq: 154)
[2025-11-10 03:04:52,505] INFO: ✅ Processing action: RIGHT
[2025-11-10 03:04:52,556] INFO: 🎮 Received INPUT from 2: RIGHT (seq: 155)
[2025-11-10 03:04:52,557] INFO: ✅ Processing action: RIGHT
[2025-11-10 03:04:52,607] INFO: 🎮 Received INPUT from 2: RIGHT (seq: 156)
[2025-11-10 03:04:52,607] INFO: ✅ Processing action: RIGHT
[2025-11-10 03:04:52,658] INFO: 🎮 Received INPUT from 2: RIGHT (seq: 157)
[2025-11-10 03:04:52,658] INFO: ✅ Processing action: RIGHT
[2025-11-10 03:04:52,710] INFO: 🎮 Received INPUT from 2: RIGHT (seq: 158)
[2025-11-10 03:04:52,710] INFO: ✅ Processing action: RIGHT
[2025-11-10 03:04:52,761] INFO: 🎮 Received INPUT from 2: RIGHT (seq: 159)
[2025-11-10 03:04:52,761] INFO: ✅ Processing action: RIGHT
[2025-11-10 03:04:52,811] INFO: 🎮 Received INPUT from 2: RIGHT (seq: 160)
[2025-11-10 03:04:52,812] INFO: ✅ Processing action: RIGHT
[2025-11-10 03:04:52,879] INFO: 🎮 Received INPUT from 2: RIGHT (seq: 161)
[2025-11-10 03:04:52,879] INFO: ✅ Processing action: RIGHT
[2025-11-10 03:04:52,930] INFO: 🎮 Received INPUT from 2: RIGHT (seq: 162)
[2025-11-10 03:04:52,930] INFO: ✅ Processing action: RIGHT
[2025-11-10 03:04:52,947] INFO: 🎮 Received INPUT from 2: DOWN (seq: 163)
[2025-11-10 03:04:52,947] INFO: ✅ Processing action: DOWN
[2025-11-10 03:04:52,980] INFO: 🎮 Received INPUT from 2: RIGHT (seq: 164)
[2025-11-10 03:04:52,980] INFO: ✅ Processing action: RIGHT
[2025-11-10 03:04:53,015] INFO: 🎮 Received INPUT from 2: DOWN (seq: 165)
[2025-11-10 03:04:53,015] INFO: ✅ Processing action: DOWN
[2025-11-10 03:04:53,065] INFO: 🎮 Received INPUT from 2: DOWN (seq: 166)
[2025-11-10 03:04:53,065] INFO: ✅ Processing action: DOWN
[2025-11-10 03:04:53,116] INFO: 🎮 Received INPUT from 2: DOWN (seq: 167)
[2025-11-10 03:04:53,116] INFO: ✅ Processing action: DOWN
[2025-11-10 03:04:53,167] INFO: 🎮 Received INPUT from 2: DOWN (seq: 168)
[2025-11-10 03:04:53,167] INFO: ✅ Processing action: DOWN
[2025-11-10 03:04:53,218] INFO: 🎮 Received INPUT from 2: DOWN (seq: 169)
[2025-11-10 03:04:53,218] INFO: ✅ Processing action: DOWN
[2025-11-10 03:04:53,268] INFO: 🎮 Received INPUT from 2: DOWN (seq: 170)
[2025-11-10 03:04:53,269] INFO: ✅ Processing action: DOWN
[2025-11-10 03:04:53,319] INFO: 🎮 Received INPUT from 2: DOWN (seq: 171)
[2025-11-10 03:04:53,320] INFO: ✅ Processing action: DOWN
[2025-11-10 03:04:53,370] INFO: 🎮 Received INPUT from 2: DOWN (seq: 172)
[2025-11-10 03:04:53,371] INFO: ✅ Processing action: DOWN
[2025-11-10 03:04:53,422] INFO: 🎮 Received INPUT from 2: DOWN (seq: 173)
[2025-11-10 03:04:53,422] INFO: ✅ Processing action: DOWN
[2025-11-10 03:04:53,472] INFO: 🎮 Received INPUT from 2: DOWN (seq: 174)
[2025-11-10 03:04:53,472] INFO: ✅ Processing action: DOWN
[2025-11-10 03:04:53,522] INFO: 🎮 Received INPUT from 2: DOWN (seq: 175)
[2025-11-10 03:04:53,522] INFO: ✅ Processing action: DOWN
[2025-11-10 03:04:53,573] INFO: 🎮 Received INPUT from 2: DOWN (seq: 176)
[2025-11-10 03:04:53,573] INFO: ✅ Processing action: DOWN
[2025-11-10 03:04:53,625] INFO: 🎮 Received INPUT from 2: DOWN (seq: 177)
[2025-11-10 03:04:53,626] INFO: ✅ Processing action: DOWN
[2025-11-10 03:04:53,692] INFO: 🎮 Received INPUT from 2: DOWN (seq: 178)
[2025-11-10 03:04:53,693] INFO: ✅ Processing action: DOWN
[2025-11-10 03:04:53,710] INFO: 🎮 Received INPUT from 2: RIGHT (seq: 179)
[2025-11-10 03:04:53,711] INFO: ✅ Processing action: RIGHT
[2025-11-10 03:04:53,744] INFO: 🎮 Received INPUT from 2: DOWN (seq: 180)
[2025-11-10 03:04:53,744] INFO: ✅ Processing action: DOWN
[2025-11-10 03:04:53,777] INFO: 🎮 Received INPUT from 2: RIGHT (seq: 181)
[2025-11-10 03:04:53,777] INFO: ✅ Processing action: RIGHT
[2025-11-10 03:04:53,795] INFO: 🎮 Received INPUT from 2: DOWN (seq: 182)
[2025-11-10 03:04:53,795] INFO: ✅ Processing action: DOWN
[2025-11-10 03:04:53,828] INFO: 🎮 Received INPUT from 2: RIGHT (seq: 183)
[2025-11-10 03:04:53,828] INFO: ✅ Processing action: RIGHT
[2025-11-10 03:04:53,879] INFO: 🎮 Received INPUT from 2: RIGHT (seq: 184)
[2025-11-10 03:04:53,879] INFO: ✅ Processing action: RIGHT
[2025-11-10 03:04:53,929] INFO: 🎮 Received INPUT from 2: RIGHT (seq: 185)
[2025-11-10 03:04:53,929] INFO: ✅ Processing action: RIGHT
[2025-11-10 03:04:53,980] INFO: 🎮 Received INPUT from 2: RIGHT (seq: 186)
[2025-11-10 03:04:53,981] INFO: ✅ Processing action: RIGHT
[2025-11-10 03:04:54,031] INFO: 🎮 Received INPUT from 2: RIGHT (seq: 187)
[2025-11-10 03:04:54,031] INFO: ✅ Processing action: RIGHT
[2025-11-10 03:04:54,081] INFO: 🎮 Received INPUT from 2: RIGHT (seq: 188)
[2025-11-10 03:04:54,082] INFO: ✅ Processing action: RIGHT
[2025-11-10 03:04:54,133] INFO: 🎮 Received INPUT from 2: RIGHT (seq: 189)
[2025-11-10 03:04:54,133] INFO: ✅ Processing action: RIGHT
[2025-11-10 03:04:54,133] INFO: 🎮 Received INPUT from 2: DOWN (seq: 190)
[2025-11-10 03:04:54,133] INFO: ✅ Processing action: DOWN
[2025-11-10 03:04:54,184] INFO: 🎮 Received INPUT from 2: RIGHT (seq: 191)
[2025-11-10 03:04:54,184] INFO: ✅ Processing action: RIGHT
[2025-11-10 03:04:54,184] INFO: 🎮 Received INPUT from 2: DOWN (seq: 192)
[2025-11-10 03:04:54,184] INFO: ✅ Processing action: DOWN
[2025-11-10 03:04:54,251] INFO: 🎮 Received INPUT from 2: DOWN (seq: 193)
[2025-11-10 03:04:54,251] INFO: ✅ Processing action: DOWN
[2025-11-10 03:04:54,317] INFO: 🎮 Received INPUT from 2: DOWN (seq: 194)
[2025-11-10 03:04:54,317] INFO: ✅ Processing action: DOWN
[2025-11-10 03:04:54,368] INFO: 🎮 Received INPUT from 2: DOWN (seq: 195)
[2025-11-10 03:04:54,368] INFO: ✅ Processing action: DOWN
[2025-11-10 03:04:54,419] INFO: 🎮 Received INPUT from 2: DOWN (seq: 196)
[2025-11-10 03:04:54,419] INFO: ✅ Processing action: DOWN
[2025-11-10 03:04:54,470] INFO: 🎮 Received INPUT from 2: DOWN (seq: 197)
[2025-11-10 03:04:54,471] INFO: ✅ Processing action: DOWN
[2025-11-10 03:04:54,537] INFO: 🎮 Received INPUT from 2: DOWN (seq: 198)
[2025-11-10 03:04:54,537] INFO: ✅ Processing action: DOWN
[2025-11-10 03:04:54,588] INFO: 🎮 Received INPUT from 2: DOWN (seq: 199)
[2025-11-10 03:04:54,589] INFO: ✅ Processing action: DOWN
[2025-11-10 03:04:54,640] INFO: 🎮 Received INPUT from 2: LEFT (seq: 200)
[2025-11-10 03:04:54,640] INFO: ✅ Processing action: LEFT
[2025-11-10 03:04:54,640] INFO: 🎮 Received INPUT from 2: DOWN (seq: 201)
[2025-11-10 03:04:54,640] INFO: ✅ Processing action: DOWN
[2025-11-10 03:04:54,690] INFO: 🎮 Received INPUT from 2: LEFT (seq: 202)
[2025-11-10 03:04:54,691] INFO: ✅ Processing action: LEFT
[2025-11-10 03:04:54,691] INFO: 🎮 Received INPUT from 2: DOWN (seq: 203)
[2025-11-10 03:04:54,691] INFO: ✅ Processing action: DOWN
[2025-11-10 03:04:54,741] INFO: 🎮 Received INPUT from 2: LEFT (seq: 204)
[2025-11-10 03:04:54,741] INFO: ✅ Processing action: LEFT
[2025-11-10 03:04:54,792] INFO: 🎮 Received INPUT from 2: LEFT (seq: 205)
[2025-11-10 03:04:54,792] INFO: ✅ Processing action: LEFT
[2025-11-10 03:04:54,843] INFO: 🎮 Received INPUT from 2: LEFT (seq: 206)
[2025-11-10 03:04:54,843] INFO: ✅ Processing action: LEFT
[2025-11-10 03:04:54,894] INFO: 🎮 Received INPUT from 2: LEFT (seq: 207)
[2025-11-10 03:04:54,895] INFO: ✅ Processing action: LEFT
[2025-11-10 03:04:54,946] INFO: 🎮 Received INPUT from 2: LEFT (seq: 208)
[2025-11-10 03:04:54,947] INFO: ✅ Processing action: LEFT
[2025-11-10 03:04:54,997] INFO: 🎮 Received INPUT from 2: LEFT (seq: 209)
[2025-11-10 03:04:54,997] INFO: ✅ Processing action: LEFT
[2025-11-10 03:04:55,031] INFO: 🎮 Received INPUT from 2: DOWN (seq: 210)
[2025-11-10 03:04:55,032] INFO: ✅ Processing action: DOWN
[2025-11-10 03:04:55,048] INFO: 🎮 Received INPUT from 2: LEFT (seq: 211)
[2025-11-10 03:04:55,048] INFO: ✅ Processing action: LEFT
[2025-11-10 03:04:55,082] INFO: 🎮 Received INPUT from 2: DOWN (seq: 212)
[2025-11-10 03:04:55,083] INFO: ✅ Processing action: DOWN
[2025-11-10 03:04:55,133] INFO: 🎮 Received INPUT from 2: DOWN (seq: 213)
[2025-11-10 03:04:55,133] INFO: ✅ Processing action: DOWN
[2025-11-10 03:04:55,183] INFO: 🎮 Received INPUT from 2: DOWN (seq: 214)
[2025-11-10 03:04:55,184] INFO: ✅ Processing action: DOWN
[2025-11-10 03:04:55,234] INFO: 🎮 Received INPUT from 2: DOWN (seq: 215)
[2025-11-10 03:04:55,235] INFO: ✅ Processing action: DOWN
[2025-11-10 03:04:55,285] INFO: 🎮 Received INPUT from 2: DOWN (seq: 216)
[2025-11-10 03:04:55,286] INFO: ✅ Processing action: DOWN
[2025-11-10 03:04:55,351] INFO: 🎮 Received INPUT from 2: DOWN (seq: 217)
[2025-11-10 03:04:55,351] INFO: ✅ Processing action: DOWN
[2025-11-10 03:04:55,401] INFO: 🎮 Received INPUT from 2: DOWN (seq: 218)
[2025-11-10 03:04:55,402] INFO: ✅ Processing action: DOWN
[2025-11-10 03:04:55,452] INFO: 🎮 Received INPUT from 2: DOWN (seq: 219)
[2025-11-10 03:04:55,452] INFO: ✅ Processing action: DOWN
[2025-11-10 03:04:55,504] INFO: 🎮 Received INPUT from 2: DOWN (seq: 220)
[2025-11-10 03:04:55,504] INFO: ✅ Processing action: DOWN
[2025-11-10 03:04:55,523] INFO: 🎮 Received INPUT from 2: RIGHT (seq: 221)
[2025-11-10 03:04:55,523] INFO: ✅ Processing action: RIGHT
[2025-11-10 03:04:55,570] INFO: 🎮 Received INPUT from 2: DOWN (seq: 222)
[2025-11-10 03:04:55,571] INFO: ✅ Processing action: DOWN
[2025-11-10 03:04:55,588] INFO: 🎮 Received INPUT from 2: RIGHT (seq: 223)
[2025-11-10 03:04:55,588] INFO: ✅ Processing action: RIGHT
[2025-11-10 03:04:55,639] INFO: 🎮 Received INPUT from 2: RIGHT (seq: 224)
[2025-11-10 03:04:55,639] INFO: ✅ Processing action: RIGHT
[2025-11-10 03:04:55,690] INFO: 🎮 Received INPUT from 2: RIGHT (seq: 225)
[2025-11-10 03:04:55,690] INFO: ✅ Processing action: RIGHT
[2025-11-10 03:04:55,741] INFO: 🎮 Received INPUT from 2: RIGHT (seq: 226)
[2025-11-10 03:04:55,741] INFO: ✅ Processing action: RIGHT
[2025-11-10 03:04:55,791] INFO: 🎮 Received INPUT from 2: RIGHT (seq: 227)
[2025-11-10 03:04:55,792] INFO: ✅ Processing action: RIGHT
[2025-11-10 03:04:55,843] INFO: 🎮 Received INPUT from 2: RIGHT (seq: 228)
[2025-11-10 03:04:55,843] INFO: ✅ Processing action: RIGHT
[2025-11-10 03:04:55,893] INFO: 🎮 Received INPUT from 2: RIGHT (seq: 229)
[2025-11-10 03:04:55,893] INFO: ✅ Processing action: RIGHT
[2025-11-10 03:04:55,943] INFO: 🎮 Received INPUT from 2: RIGHT (seq: 230)
[2025-11-10 03:04:55,943] INFO: ✅ Processing action: RIGHT
[2025-11-10 03:04:55,961] INFO: 🎮 Received INPUT from 2: DOWN (seq: 231)
[2025-11-10 03:04:55,962] INFO: ✅ Processing action: DOWN
[2025-11-10 03:04:55,995] INFO: 🎮 Received INPUT from 2: RIGHT (seq: 232)
[2025-11-10 03:04:55,995] INFO: ✅ Processing action: RIGHT
[2025-11-10 03:04:56,012] INFO: 🎮 Received INPUT from 2: DOWN (seq: 233)
[2025-11-10 03:04:56,012] INFO: ✅ Processing action: DOWN
[2025-11-10 03:04:56,063] INFO: 🎮 Received INPUT from 2: DOWN (seq: 234)
[2025-11-10 03:04:56,064] INFO: ✅ Processing action: DOWN
[2025-11-10 03:04:56,114] INFO: 🎮 Received INPUT from 2: DOWN (seq: 235)
[2025-11-10 03:04:56,114] INFO: ✅ Processing action: DOWN
[2025-11-10 03:04:56,181] INFO: 🎮 Received INPUT from 2: DOWN (seq: 236)
[2025-11-10 03:04:56,181] INFO: ✅ Processing action: DOWN
[2025-11-10 03:04:56,232] INFO: 🎮 Received INPUT from 2: DOWN (seq: 237)
[2025-11-10 03:04:56,233] INFO: ✅ Processing action: DOWN
[2025-11-10 03:04:56,283] INFO: 🎮 Received INPUT from 2: DOWN (seq: 238)
[2025-11-10 03:04:56,283] INFO: ✅ Processing action: DOWN
[2025-11-10 03:04:56,334] INFO: 🎮 Received INPUT from 2: DOWN (seq: 239)
[2025-11-10 03:04:56,334] INFO: ✅ Processing action: DOWN
[2025-11-10 03:04:56,386] INFO: 🎮 Received INPUT from 2: DOWN (seq: 240)
[2025-11-10 03:04:56,386] INFO: ✅ Processing action: DOWN
[2025-11-10 03:04:56,452] INFO: 🎮 Received INPUT from 2: DOWN (seq: 241)
[2025-11-10 03:04:56,453] INFO: ✅ Processing action: DOWN
[2025-11-10 03:04:56,504] INFO: 🎮 Received INPUT from 2: DOWN (seq: 242)
[2025-11-10 03:04:56,504] INFO: ✅ Processing action: DOWN
[2025-11-10 03:04:56,557] INFO: 🎮 Received INPUT from 2: LEFT (seq: 243)
[2025-11-10 03:04:56,557] INFO: ✅ Processing action: LEFT
[2025-11-10 03:04:56,557] INFO: 🎮 Received INPUT from 2: DOWN (seq: 244)
[2025-11-10 03:04:56,557] INFO: ✅ Processing action: DOWN
[2025-11-10 03:04:56,623] INFO: 🎮 Received INPUT from 2: LEFT (seq: 245)
[2025-11-10 03:04:56,623] INFO: ✅ Processing action: LEFT
[2025-11-10 03:04:56,689] INFO: 🎮 Received INPUT from 2: LEFT (seq: 246)
[2025-11-10 03:04:56,689] INFO: ✅ Processing action: LEFT
[2025-11-10 03:04:56,740] INFO: 🎮 Received INPUT from 2: LEFT (seq: 247)
[2025-11-10 03:04:56,740] INFO: ✅ Processing action: LEFT
[2025-11-10 03:04:56,808] INFO: 🎮 Received INPUT from 2: LEFT (seq: 248)
[2025-11-10 03:04:56,808] INFO: ✅ Processing action: LEFT
[2025-11-10 03:04:56,808] INFO: 🎮 Received INPUT from 2: DOWN (seq: 249)
[2025-11-10 03:04:56,808] INFO: ✅ Processing action: DOWN
[2025-11-10 03:04:56,859] INFO: 🎮 Received INPUT from 2: LEFT (seq: 250)
[2025-11-10 03:04:56,859] INFO: ✅ Processing action: LEFT
[2025-11-10 03:04:56,859] INFO: 🎮 Received INPUT from 2: DOWN (seq: 251)
[2025-11-10 03:04:56,859] INFO: ✅ Processing action: DOWN
[2025-11-10 03:04:56,910] INFO: 🎮 Received INPUT from 2: DOWN (seq: 252)
[2025-11-10 03:04:56,910] INFO: ✅ Processing action: DOWN
[2025-11-10 03:04:56,962] INFO: 🎮 Received INPUT from 2: DOWN (seq: 253)
[2025-11-10 03:04:56,962] INFO: ✅ Processing action: DOWN
[2025-11-10 03:04:57,012] INFO: 🎮 Received INPUT from 2: DOWN (seq: 254)
[2025-11-10 03:04:57,013] INFO: ✅ Processing action: DOWN
[2025-11-10 03:04:57,063] INFO: 🎮 Received INPUT from 2: DOWN (seq: 255)
[2025-11-10 03:04:57,063] INFO: ✅ Processing action: DOWN
[2025-11-10 03:04:57,113] INFO: 🎮 Received INPUT from 2: DOWN (seq: 256)
[2025-11-10 03:04:57,114] INFO: ✅ Processing action: DOWN
[2025-11-10 03:04:57,179] INFO: 🎮 Received INPUT from 2: DOWN (seq: 257)
[2025-11-10 03:04:57,179] INFO: ✅ Processing action: DOWN
[2025-11-10 03:04:57,230] INFO: 🎮 Received INPUT from 2: DOWN (seq: 258)
[2025-11-10 03:04:57,230] INFO: ✅ Processing action: DOWN
[2025-11-10 03:04:57,282] INFO: 🎮 Received INPUT from 2: DOWN (seq: 259)
[2025-11-10 03:04:57,282] INFO: ✅ Processing action: DOWN
[2025-11-10 03:04:57,332] INFO: 🎮 Received INPUT from 2: DOWN (seq: 260)
[2025-11-10 03:04:57,333] INFO: ✅ Processing action: DOWN
[2025-11-10 03:04:57,383] INFO: 🎮 Received INPUT from 2: DOWN (seq: 261)
[2025-11-10 03:04:57,383] INFO: ✅ Processing action: DOWN
[2025-11-10 03:04:57,434] INFO: 🎮 Received INPUT from 2: LEFT (seq: 262)
[2025-11-10 03:04:57,434] INFO: ✅ Processing action: LEFT
[2025-11-10 03:04:57,434] INFO: 🎮 Received INPUT from 2: DOWN (seq: 263)
[2025-11-10 03:04:57,434] INFO: ✅ Processing action: DOWN
[2025-11-10 03:04:57,485] INFO: 🎮 Received INPUT from 2: LEFT (seq: 264)
[2025-11-10 03:04:57,485] INFO: ✅ Processing action: LEFT
[2025-11-10 03:04:57,535] INFO: 🎮 Received INPUT from 2: LEFT (seq: 265)
[2025-11-10 03:04:57,535] INFO: ✅ Processing action: LEFT
[2025-11-10 03:04:57,585] INFO: 🎮 Received INPUT from 2: LEFT (seq: 266)
[2025-11-10 03:04:57,586] INFO: ✅ Processing action: LEFT
[2025-11-10 03:04:57,636] INFO: 🎮 Received INPUT from 2: LEFT (seq: 267)
[2025-11-10 03:04:57,636] INFO: ✅ Processing action: LEFT
[2025-11-10 03:04:57,688] INFO: 🎮 Received INPUT from 2: LEFT (seq: 268)
[2025-11-10 03:04:57,689] INFO: ✅ Processing action: LEFT
[2025-11-10 03:04:57,689] INFO: 🎮 Received INPUT from 2: DOWN (seq: 269)
[2025-11-10 03:04:57,689] INFO: ✅ Processing action: DOWN
[2025-11-10 03:04:57,755] INFO: 🎮 Received INPUT from 2: LEFT (seq: 270)
[2025-11-10 03:04:57,755] INFO: ✅ Processing action: LEFT
[2025-11-10 03:04:57,756] INFO: 🎮 Received INPUT from 2: DOWN (seq: 271)
[2025-11-10 03:04:57,756] INFO: ✅ Processing action: DOWN
[2025-11-10 03:04:57,807] INFO: 🎮 Received INPUT from 2: DOWN (seq: 272)
[2025-11-10 03:04:57,807] INFO: ✅ Processing action: DOWN
[2025-11-10 03:04:57,858] INFO: 🎮 Received INPUT from 2: DOWN (seq: 273)
[2025-11-10 03:04:57,858] INFO: ✅ Processing action: DOWN
[2025-11-10 03:04:57,908] INFO: 🎮 Received INPUT from 2: DOWN (seq: 274)
[2025-11-10 03:04:57,908] INFO: ✅ Processing action: DOWN
[2025-11-10 03:04:57,959] INFO: 🎮 Received INPUT from 2: DOWN (seq: 275)
[2025-11-10 03:04:57,959] INFO: ✅ Processing action: DOWN
[2025-11-10 03:04:58,010] INFO: 🎮 Received INPUT from 2: DOWN (seq: 276)
[2025-11-10 03:04:58,011] INFO: ✅ Processing action: DOWN
[2025-11-10 03:04:58,061] INFO: 🎮 Received INPUT from 2: DOWN (seq: 277)
[2025-11-10 03:04:58,061] INFO: ✅ Processing action: DOWN
[2025-11-10 03:04:58,094] INFO: 🎮 Received INPUT from 2: RIGHT (seq: 278)
[2025-11-10 03:04:58,094] INFO: ✅ Processing action: RIGHT
[2025-11-10 03:04:58,127] INFO: 🎮 Received INPUT from 2: DOWN (seq: 279)
[2025-11-10 03:04:58,127] INFO: ✅ Processing action: DOWN
[2025-11-10 03:04:58,145] INFO: 🎮 Received INPUT from 2: RIGHT (seq: 280)
[2025-11-10 03:04:58,146] INFO: ✅ Processing action: RIGHT
[2025-11-10 03:04:58,211] INFO: 🎮 Received INPUT from 2: RIGHT (seq: 281)
[2025-11-10 03:04:58,211] INFO: ✅ Processing action: RIGHT
[2025-11-10 03:04:58,262] INFO: 🎮 Received INPUT from 2: RIGHT (seq: 282)
[2025-11-10 03:04:58,263] INFO: ✅ Processing action: RIGHT
[2025-11-10 03:04:58,313] INFO: 🎮 Received INPUT from 2: RIGHT (seq: 283)
[2025-11-10 03:04:58,314] INFO: ✅ Processing action: RIGHT
[2025-11-10 03:04:58,364] INFO: 🎮 Received INPUT from 2: RIGHT (seq: 284)
[2025-11-10 03:04:58,364] INFO: ✅ Processing action: RIGHT
[2025-11-10 03:04:58,415] INFO: 🎮 Received INPUT from 2: RIGHT (seq: 285)
[2025-11-10 03:04:58,416] INFO: ✅ Processing action: RIGHT
[2025-11-10 03:04:58,466] INFO: 🎮 Received INPUT from 2: RIGHT (seq: 286)
[2025-11-10 03:04:58,467] INFO: ✅ Processing action: RIGHT
[2025-11-10 03:04:58,484] INFO: 🎮 Received INPUT from 2: DOWN (seq: 287)
[2025-11-10 03:04:58,484] INFO: ✅ Processing action: DOWN
[2025-11-10 03:04:58,533] INFO: 🎮 Received INPUT from 2: RIGHT (seq: 288)
[2025-11-10 03:04:58,534] INFO: ✅ Processing action: RIGHT
[2025-11-10 03:04:58,551] INFO: 🎮 Received INPUT from 2: DOWN (seq: 289)
[2025-11-10 03:04:58,551] INFO: ✅ Processing action: DOWN
[2025-11-10 03:04:58,585] INFO: 🎮 Received INPUT from 2: RIGHT (seq: 290)
[2025-11-10 03:04:58,585] INFO: ✅ Processing action: RIGHT
[2025-11-10 03:04:58,602] INFO: 🎮 Received INPUT from 2: DOWN (seq: 291)
[2025-11-10 03:04:58,602] INFO: ✅ Processing action: DOWN
[2025-11-10 03:04:58,652] INFO: 🎮 Received INPUT from 2: DOWN (seq: 292)
[2025-11-10 03:04:58,653] INFO: ✅ Processing action: DOWN
[2025-11-10 03:04:58,704] INFO: 🎮 Received INPUT from 2: DOWN (seq: 293)
[2025-11-10 03:04:58,704] INFO: ✅ Processing action: DOWN
[2025-11-10 03:04:58,770] INFO: 🎮 Received INPUT from 2: DOWN (seq: 294)
[2025-11-10 03:04:58,770] INFO: ✅ Processing action: DOWN
[2025-11-10 03:04:58,821] INFO: 🎮 Received INPUT from 2: DOWN (seq: 295)
[2025-11-10 03:04:58,821] INFO: ✅ Processing action: DOWN
[2025-11-10 03:04:58,872] INFO: 🎮 Received INPUT from 2: DOWN (seq: 296)
[2025-11-10 03:04:58,872] INFO: ✅ Processing action: DOWN
[2025-11-10 03:04:58,924] INFO: 🎮 Received INPUT from 2: DOWN (seq: 297)
[2025-11-10 03:04:58,924] INFO: ✅ Processing action: DOWN
[2025-11-10 03:04:58,975] INFO: 🎮 Received INPUT from 2: LEFT (seq: 298)
[2025-11-10 03:04:58,976] INFO: ✅ Processing action: LEFT
[2025-11-10 03:04:58,976] INFO: 🎮 Received INPUT from 2: DOWN (seq: 299)
[2025-11-10 03:04:58,976] INFO: ✅ Processing action: DOWN
[2025-11-10 03:04:59,041] INFO: 🎮 Received INPUT from 2: LEFT (seq: 300)
[2025-11-10 03:04:59,041] INFO: ✅ Processing action: LEFT
[2025-11-10 03:04:59,107] INFO: 🎮 Received INPUT from 2: LEFT (seq: 301)
[2025-11-10 03:04:59,108] INFO: ✅ Processing action: LEFT
[2025-11-10 03:04:59,158] INFO: 🎮 Received INPUT from 2: LEFT (seq: 302)
[2025-11-10 03:04:59,159] INFO: ✅ Processing action: LEFT
[2025-11-10 03:04:59,210] INFO: 🎮 Received INPUT from 2: LEFT (seq: 303)
[2025-11-10 03:04:59,211] INFO: ✅ Processing action: LEFT
[2025-11-10 03:04:59,261] INFO: 🎮 Received INPUT from 2: LEFT (seq: 304)
[2025-11-10 03:04:59,261] INFO: ✅ Processing action: LEFT
[2025-11-10 03:04:59,261] INFO: 🎮 Received INPUT from 2: DOWN (seq: 305)
[2025-11-10 03:04:59,261] INFO: ✅ Processing action: DOWN
[2025-11-10 03:04:59,312] INFO: 🎮 Received INPUT from 2: LEFT (seq: 306)
[2025-11-10 03:04:59,312] INFO: ✅ Processing action: LEFT
[2025-11-10 03:04:59,312] INFO: 🎮 Received INPUT from 2: DOWN (seq: 307)
[2025-11-10 03:04:59,312] INFO: ✅ Processing action: DOWN
[2025-11-10 03:04:59,362] INFO: 🎮 Received INPUT from 2: LEFT (seq: 308)
[2025-11-10 03:04:59,362] INFO: ✅ Processing action: LEFT
[2025-11-10 03:04:59,362] INFO: 🎮 Received INPUT from 2: DOWN (seq: 309)
[2025-11-10 03:04:59,362] INFO: ✅ Processing action: DOWN
[2025-11-10 03:04:59,413] INFO: 🎮 Received INPUT from 2: DOWN (seq: 310)
[2025-11-10 03:04:59,413] INFO: ✅ Processing action: DOWN
[2025-11-10 03:04:59,463] INFO: 🎮 Received INPUT from 2: DOWN (seq: 311)
[2025-11-10 03:04:59,463] INFO: ✅ Processing action: DOWN
[2025-11-10 03:04:59,514] INFO: 🎮 Received INPUT from 2: DOWN (seq: 312)
[2025-11-10 03:04:59,514] INFO: ✅ Processing action: DOWN
[2025-11-10 03:04:59,581] INFO: 🎮 Received INPUT from 2: DOWN (seq: 313)
[2025-11-10 03:04:59,581] INFO: ✅ Processing action: DOWN
[2025-11-10 03:04:59,631] INFO: 🎮 Received INPUT from 2: DOWN (seq: 314)
[2025-11-10 03:04:59,631] INFO: ✅ Processing action: DOWN
[2025-11-10 03:04:59,665] INFO: 🎮 Received INPUT from 2: RIGHT (seq: 315)
[2025-11-10 03:04:59,665] INFO: ✅ Processing action: RIGHT
[2025-11-10 03:04:59,682] INFO: 🎮 Received INPUT from 2: DOWN (seq: 316)
[2025-11-10 03:04:59,682] INFO: ✅ Processing action: DOWN
[2025-11-10 03:04:59,716] INFO: 🎮 Received INPUT from 2: RIGHT (seq: 317)
[2025-11-10 03:04:59,716] INFO: ✅ Processing action: RIGHT
[2025-11-10 03:04:59,781] INFO: 🎮 Received INPUT from 2: RIGHT (seq: 318)
[2025-11-10 03:04:59,782] INFO: ✅ Processing action: RIGHT
[2025-11-10 03:04:59,833] INFO: 🎮 Received INPUT from 2: RIGHT (seq: 319)
[2025-11-10 03:04:59,833] INFO: ✅ Processing action: RIGHT
[2025-11-10 03:04:59,883] INFO: 🎮 Received INPUT from 2: RIGHT (seq: 320)
[2025-11-10 03:04:59,883] INFO: ✅ Processing action: RIGHT
[2025-11-10 03:04:59,917] INFO: 🎮 Received INPUT from 2: DOWN (seq: 321)
[2025-11-10 03:04:59,917] INFO: ✅ Processing action: DOWN
[2025-11-10 03:04:59,933] INFO: 🎮 Received INPUT from 2: RIGHT (seq: 322)
[2025-11-10 03:04:59,933] INFO: ✅ Processing action: RIGHT
[2025-11-10 03:04:59,968] INFO: 🎮 Received INPUT from 2: DOWN (seq: 323)
[2025-11-10 03:04:59,969] INFO: ✅ Processing action: DOWN
[2025-11-10 03:04:59,985] INFO: 🎮 Received INPUT from 2: RIGHT (seq: 324)
[2025-11-10 03:04:59,985] INFO: ✅ Processing action: RIGHT
[2025-11-10 03:05:00,018] INFO: 🎮 Received INPUT from 2: DOWN (seq: 325)
[2025-11-10 03:05:00,019] INFO: ✅ Processing action: DOWN
[2025-11-10 03:05:00,035] INFO: 🎮 Received INPUT from 2: RIGHT (seq: 326)
[2025-11-10 03:05:00,035] INFO: ✅ Processing action: RIGHT
[2025-11-10 03:05:00,069] INFO: 🎮 Received INPUT from 2: DOWN (seq: 327)
[2025-11-10 03:05:00,069] INFO: ✅ Processing action: DOWN
[2025-11-10 03:05:00,120] INFO: 🎮 Received INPUT from 2: DOWN (seq: 328)
[2025-11-10 03:05:00,120] INFO: ✅ Processing action: DOWN
[2025-11-10 03:05:00,172] INFO: 🎮 Received INPUT from 2: DOWN (seq: 329)
[2025-11-10 03:05:00,173] INFO: ✅ Processing action: DOWN
[2025-11-10 03:05:00,189] INFO: 🎮 Received INPUT from 2: LEFT (seq: 330)
[2025-11-10 03:05:00,189] INFO: ✅ Processing action: LEFT
[2025-11-10 03:05:00,222] INFO: 🎮 Received INPUT from 2: DOWN (seq: 331)
[2025-11-10 03:05:00,223] INFO: ✅ Processing action: DOWN
[2025-11-10 03:05:00,240] INFO: 🎮 Received INPUT from 2: LEFT (seq: 332)
[2025-11-10 03:05:00,240] INFO: ✅ Processing action: LEFT
[2025-11-10 03:05:00,274] INFO: 🎮 Received INPUT from 2: DOWN (seq: 333)
[2025-11-10 03:05:00,274] INFO: ✅ Processing action: DOWN
[2025-11-10 03:05:00,307] INFO: 🎮 Received INPUT from 2: LEFT (seq: 334)
[2025-11-10 03:05:00,307] INFO: ✅ Processing action: LEFT
[2025-11-10 03:05:00,372] INFO: 🎮 Received INPUT from 2: LEFT (seq: 335)
[2025-11-10 03:05:00,373] INFO: ✅ Processing action: LEFT
[2025-11-10 03:05:00,423] INFO: 🎮 Received INPUT from 2: LEFT (seq: 336)
[2025-11-10 03:05:00,423] INFO: ✅ Processing action: LEFT
[2025-11-10 03:05:00,474] INFO: 🎮 Received INPUT from 2: LEFT (seq: 337)
[2025-11-10 03:05:00,474] INFO: ✅ Processing action: LEFT
[2025-11-10 03:05:00,525] INFO: 🎮 Received INPUT from 2: LEFT (seq: 338)
[2025-11-10 03:05:00,525] INFO: ✅ Processing action: LEFT
[2025-11-10 03:05:00,558] INFO: 🎮 Received INPUT from 2: DOWN (seq: 339)
[2025-11-10 03:05:00,559] INFO: ✅ Processing action: DOWN
[2025-11-10 03:05:00,575] INFO: 🎮 Received INPUT from 2: LEFT (seq: 340)
[2025-11-10 03:05:00,575] INFO: ✅ Processing action: LEFT
[2025-11-10 03:05:00,609] INFO: 🎮 Received INPUT from 2: DOWN (seq: 341)
[2025-11-10 03:05:00,609] INFO: ✅ Processing action: DOWN
[2025-11-10 03:05:00,626] INFO: 🎮 Received INPUT from 2: LEFT (seq: 342)
[2025-11-10 03:05:00,626] INFO: ✅ Processing action: LEFT
[2025-11-10 03:05:00,660] INFO: 🎮 Received INPUT from 2: DOWN (seq: 343)
[2025-11-10 03:05:00,660] INFO: ✅ Processing action: DOWN
[2025-11-10 03:05:00,711] INFO: 🎮 Received INPUT from 2: DOWN (seq: 344)
[2025-11-10 03:05:00,712] INFO: ✅ Processing action: DOWN
[2025-11-10 03:05:00,762] INFO: 🎮 Received INPUT from 2: DOWN (seq: 345)
[2025-11-10 03:05:00,763] INFO: ✅ Processing action: DOWN
[2025-11-10 03:05:00,814] INFO: 🎮 Received INPUT from 2: DOWN (seq: 346)
[2025-11-10 03:05:00,815] INFO: ✅ Processing action: DOWN
[2025-11-10 03:05:00,866] INFO: 🎮 Received INPUT from 2: DOWN (seq: 347)
[2025-11-10 03:05:00,866] INFO: ✅ Processing action: DOWN
[2025-11-10 03:05:00,883] INFO: 🎮 Received INPUT from 2: RIGHT (seq: 348)
[2025-11-10 03:05:00,883] INFO: ✅ Processing action: RIGHT
[2025-11-10 03:05:00,916] INFO: 🎮 Received INPUT from 2: DOWN (seq: 349)
[2025-11-10 03:05:00,916] INFO: ✅ Processing action: DOWN
[2025-11-10 03:05:00,934] INFO: 🎮 Received INPUT from 2: RIGHT (seq: 350)
[2025-11-10 03:05:00,934] INFO: ✅ Processing action: RIGHT
[2025-11-10 03:05:00,985] INFO: 🎮 Received INPUT from 2: RIGHT (seq: 351)
[2025-11-10 03:05:00,985] INFO: ✅ Processing action: RIGHT
[2025-11-10 03:05:01,052] INFO: 🎮 Received INPUT from 2: RIGHT (seq: 352)
[2025-11-10 03:05:01,052] INFO: ✅ Processing action: RIGHT
[2025-11-10 03:05:01,102] INFO: 🎮 Received INPUT from 2: RIGHT (seq: 353)
[2025-11-10 03:05:01,102] INFO: ✅ Processing action: RIGHT
[2025-11-10 03:05:01,153] INFO: 🎮 Received INPUT from 2: RIGHT (seq: 354)
[2025-11-10 03:05:01,154] INFO: ✅ Processing action: RIGHT
[2025-11-10 03:05:01,205] INFO: 🎮 Received INPUT from 2: RIGHT (seq: 355)
[2025-11-10 03:05:01,205] INFO: ✅ Processing action: RIGHT
[2025-11-10 03:05:01,223] INFO: 🎮 Received INPUT from 2: DOWN (seq: 356)
[2025-11-10 03:05:01,223] INFO: ✅ Processing action: DOWN
[2025-11-10 03:05:01,255] INFO: 🎮 Received INPUT from 2: RIGHT (seq: 357)
[2025-11-10 03:05:01,256] INFO: ✅ Processing action: RIGHT
[2025-11-10 03:05:01,291] INFO: 🎮 Received INPUT from 2: DOWN (seq: 358)
[2025-11-10 03:05:01,291] INFO: ✅ Processing action: DOWN
[2025-11-10 03:05:01,306] INFO: 🎮 Received INPUT from 2: RIGHT (seq: 359)
[2025-11-10 03:05:01,307] INFO: ✅ Processing action: RIGHT
[2025-11-10 03:05:01,340] INFO: 🎮 Received INPUT from 2: DOWN (seq: 360)
[2025-11-10 03:05:01,340] INFO: ✅ Processing action: DOWN
[2025-11-10 03:05:01,356] INFO: 🎮 Received INPUT from 2: RIGHT (seq: 361)
[2025-11-10 03:05:01,357] INFO: ✅ Processing action: RIGHT
[2025-11-10 03:05:01,390] INFO: 🎮 Received INPUT from 2: DOWN (seq: 362)
[2025-11-10 03:05:01,391] INFO: ✅ Processing action: DOWN
[2025-11-10 03:05:01,441] INFO: 🎮 Received INPUT from 2: DOWN (seq: 363)
[2025-11-10 03:05:01,441] INFO: ✅ Processing action: DOWN
[2025-11-10 03:05:01,493] INFO: 🎮 Received INPUT from 2: LEFT (seq: 364)
[2025-11-10 03:05:01,493] INFO: ✅ Processing action: LEFT
[2025-11-10 03:05:01,493] INFO: 🎮 Received INPUT from 2: DOWN (seq: 365)
[2025-11-10 03:05:01,493] INFO: ✅ Processing action: DOWN
[2025-11-10 03:05:01,560] INFO: 🎮 Received INPUT from 2: LEFT (seq: 366)
[2025-11-10 03:05:01,561] INFO: ✅ Processing action: LEFT
[2025-11-10 03:05:01,561] INFO: 🎮 Received INPUT from 2: DOWN (seq: 367)
[2025-11-10 03:05:01,561] INFO: ✅ Processing action: DOWN
[2025-11-10 03:05:01,612] INFO: 🎮 Received INPUT from 2: LEFT (seq: 368)
[2025-11-10 03:05:01,612] INFO: ✅ Processing action: LEFT
[2025-11-10 03:05:01,663] INFO: 🎮 Received INPUT from 2: LEFT (seq: 369)
[2025-11-10 03:05:01,663] INFO: ✅ Processing action: LEFT
[2025-11-10 03:05:01,729] INFO: 🎮 Received INPUT from 2: LEFT (seq: 370)
[2025-11-10 03:05:01,730] INFO: ✅ Processing action: LEFT
[2025-11-10 03:05:01,796] INFO: 🎮 Received INPUT from 2: LEFT (seq: 371)
[2025-11-10 03:05:01,796] INFO: ✅ Processing action: LEFT
[2025-11-10 03:05:01,814] INFO: 🎮 Received INPUT from 2: RIGHT (seq: 372)
[2025-11-10 03:05:01,814] INFO: ✅ Processing action: RIGHT
[2025-11-10 03:05:01,846] INFO: 🎮 Received INPUT from 2: LEFT (seq: 373)
[2025-11-10 03:05:01,847] INFO: ✅ Processing action: LEFT
[2025-11-10 03:05:01,881] INFO: 🎮 Received INPUT from 2: RIGHT (seq: 374)
[2025-11-10 03:05:01,881] INFO: ✅ Processing action: RIGHT
[2025-11-10 03:05:01,932] INFO: 🎮 Received INPUT from 2: RIGHT (seq: 375)
[2025-11-10 03:05:01,932] INFO: ✅ Processing action: RIGHT
[2025-11-10 03:05:01,997] INFO: 🎮 Received INPUT from 2: RIGHT (seq: 376)
[2025-11-10 03:05:01,997] INFO: ✅ Processing action: RIGHT
[2025-11-10 03:05:02,015] INFO: 🎮 Received INPUT from 2: DOWN (seq: 377)
[2025-11-10 03:05:02,016] INFO: ✅ Processing action: DOWN
[2025-11-10 03:05:02,048] INFO: 🎮 Received INPUT from 2: RIGHT (seq: 378)
[2025-11-10 03:05:02,048] INFO: ✅ Processing action: RIGHT
[2025-11-10 03:05:02,066] INFO: 🎮 Received INPUT from 2: DOWN (seq: 379)
[2025-11-10 03:05:02,066] INFO: ✅ Processing action: DOWN
[2025-11-10 03:05:02,099] INFO: 🎮 Received INPUT from 2: RIGHT (seq: 380)
[2025-11-10 03:05:02,099] INFO: ✅ Processing action: RIGHT
[2025-11-10 03:05:02,116] INFO: 🎮 Received INPUT from 2: DOWN (seq: 381)
[2025-11-10 03:05:02,117] INFO: ✅ Processing action: DOWN
[2025-11-10 03:05:02,169] INFO: 🎮 Received INPUT from 2: DOWN (seq: 382)
[2025-11-10 03:05:02,169] INFO: ✅ Processing action: DOWN
[2025-11-10 03:05:02,220] INFO: 🎮 Received INPUT from 2: LEFT (seq: 383)
[2025-11-10 03:05:02,221] INFO: ✅ Processing action: LEFT
[2025-11-10 03:05:02,221] INFO: 🎮 Received INPUT from 2: DOWN (seq: 384)
[2025-11-10 03:05:02,221] INFO: ✅ Processing action: DOWN
[2025-11-10 03:05:02,286] INFO: 🎮 Received INPUT from 2: LEFT (seq: 385)
[2025-11-10 03:05:02,286] INFO: ✅ Processing action: LEFT
[2025-11-10 03:05:02,287] INFO: 🎮 Received INPUT from 2: DOWN (seq: 386)
[2025-11-10 03:05:02,287] INFO: ✅ Processing action: DOWN
[2025-11-10 03:05:02,338] INFO: 🎮 Received INPUT from 2: LEFT (seq: 387)
[2025-11-10 03:05:02,338] INFO: ✅ Processing action: LEFT
[2025-11-10 03:05:02,404] INFO: 🎮 Received INPUT from 2: LEFT (seq: 388)
[2025-11-10 03:05:02,404] INFO: ✅ Processing action: LEFT
[2025-11-10 03:05:02,456] INFO: 🎮 Received INPUT from 2: LEFT (seq: 389)
[2025-11-10 03:05:02,456] INFO: ✅ Processing action: LEFT
[2025-11-10 03:05:02,506] INFO: 🎮 Received INPUT from 2: LEFT (seq: 390)
[2025-11-10 03:05:02,506] INFO: ✅ Processing action: LEFT
[2025-11-10 03:05:02,525] INFO: 🎮 Received INPUT from 2: RIGHT (seq: 391)
[2025-11-10 03:05:02,525] INFO: ✅ Processing action: RIGHT
[2025-11-10 03:05:02,557] INFO: 🎮 Received INPUT from 2: LEFT (seq: 392)
[2025-11-10 03:05:02,557] INFO: ✅ Processing action: LEFT
[2025-11-10 03:05:02,591] INFO: 🎮 Received INPUT from 2: RIGHT (seq: 393)
[2025-11-10 03:05:02,591] INFO: ✅ Processing action: RIGHT
[2025-11-10 03:05:02,608] INFO: 🎮 Received INPUT from 2: LEFT (seq: 394)
[2025-11-10 03:05:02,608] INFO: ✅ Processing action: LEFT
[2025-11-10 03:05:02,625] INFO: 🎮 Received INPUT from 2: DOWN (seq: 395)
[2025-11-10 03:05:02,626] INFO: ✅ Processing action: DOWN
[2025-11-10 03:05:02,642] INFO: 🎮 Received INPUT from 2: RIGHT (seq: 396)
[2025-11-10 03:05:02,642] INFO: ✅ Processing action: RIGHT
[2025-11-10 03:05:02,676] INFO: 🎮 Received INPUT from 2: DOWN (seq: 397)
[2025-11-10 03:05:02,676] INFO: ✅ Processing action: DOWN
[2025-11-10 03:05:02,693] INFO: 🎮 Received INPUT from 2: RIGHT (seq: 398)
[2025-11-10 03:05:02,693] INFO: ✅ Processing action: RIGHT
[2025-11-10 03:05:02,727] INFO: 🎮 Received INPUT from 2: DOWN (seq: 399)
[2025-11-10 03:05:02,727] INFO: ✅ Processing action: DOWN
[2025-11-10 03:05:02,744] INFO: 🎮 Received INPUT from 2: RIGHT (seq: 400)
[2025-11-10 03:05:02,744] INFO: ✅ Processing action: RIGHT
[2025-11-10 03:05:02,778] INFO: 🎮 Received INPUT from 2: DOWN (seq: 401)
[2025-11-10 03:05:02,778] INFO: ✅ Processing action: DOWN
[2025-11-10 03:05:02,795] INFO: 🎮 Received INPUT from 2: RIGHT (seq: 402)
[2025-11-10 03:05:02,795] INFO: ✅ Processing action: RIGHT
[2025-11-10 03:05:02,829] INFO: 🎮 Received INPUT from 2: DOWN (seq: 403)
[2025-11-10 03:05:02,829] INFO: ✅ Processing action: DOWN
[2025-11-10 03:05:02,864] INFO: 🎮 Received INPUT from 2: LEFT (seq: 404)
[2025-11-10 03:05:02,864] INFO: ✅ Processing action: LEFT
[2025-11-10 03:05:02,880] INFO: 🎮 Received INPUT from 2: DOWN (seq: 405)
[2025-11-10 03:05:02,881] INFO: ✅ Processing action: DOWN
[2025-11-10 03:05:02,929] INFO: 🎮 Received INPUT from 2: LEFT (seq: 406)
[2025-11-10 03:05:02,929] INFO: ✅ Processing action: LEFT
[2025-11-10 03:05:02,979] INFO: 🎮 Received INPUT from 2: LEFT (seq: 407)
[2025-11-10 03:05:02,979] INFO: ✅ Processing action: LEFT
[2025-11-10 03:05:03,047] INFO: 🎮 Received INPUT from 2: LEFT (seq: 408)
[2025-11-10 03:05:03,047] INFO: ✅ Processing action: LEFT
[2025-11-10 03:05:03,080] INFO: 🎮 Received INPUT from 2: RIGHT (seq: 409)
[2025-11-10 03:05:03,081] INFO: ✅ Processing action: RIGHT
[2025-11-10 03:05:03,113] INFO: 🎮 Received INPUT from 2: LEFT (seq: 410)
[2025-11-10 03:05:03,114] INFO: ✅ Processing action: LEFT
[2025-11-10 03:05:03,147] INFO: 🎮 Received INPUT from 2: RIGHT (seq: 411)
[2025-11-10 03:05:03,147] INFO: ✅ Processing action: RIGHT
[2025-11-10 03:05:03,199] INFO: 🎮 Received INPUT from 2: RIGHT (seq: 412)
[2025-11-10 03:05:03,199] INFO: ✅ Processing action: RIGHT
[2025-11-10 03:05:03,233] INFO: 🎮 Received INPUT from 2: DOWN (seq: 413)
[2025-11-10 03:05:03,234] INFO: ✅ Processing action: DOWN
[2025-11-10 03:05:03,249] INFO: 🎮 Received INPUT from 2: RIGHT (seq: 414)
[2025-11-10 03:05:03,249] INFO: ✅ Processing action: RIGHT
[2025-11-10 03:05:03,300] INFO: 🎮 Received INPUT from 2: RIGHT (seq: 415)
[2025-11-10 03:05:03,300] INFO: ✅ Processing action: RIGHT
[2025-11-10 03:05:03,300] INFO: 🎮 Received INPUT from 2: DOWN (seq: 416)
[2025-11-10 03:05:03,301] INFO: ✅ Processing action: DOWN
[2025-11-10 03:05:03,351] INFO: 🎮 Received INPUT from 2: RIGHT (seq: 417)
[2025-11-10 03:05:03,352] INFO: ✅ Processing action: RIGHT
[2025-11-10 03:05:03,352] INFO: 🎮 Received INPUT from 2: DOWN (seq: 418)
[2025-11-10 03:05:03,352] INFO: ✅ Processing action: DOWN
[2025-11-10 03:05:03,386] INFO: 🎮 Received INPUT from 2: LEFT (seq: 419)
[2025-11-10 03:05:03,386] INFO: ✅ Processing action: LEFT
[2025-11-10 03:05:03,402] INFO: 🎮 Received INPUT from 2: DOWN (seq: 420)
[2025-11-10 03:05:03,403] INFO: ✅ Processing action: DOWN
[2025-11-10 03:05:03,436] INFO: 🎮 Received INPUT from 2: LEFT (seq: 421)
[2025-11-10 03:05:03,437] INFO: ✅ Processing action: LEFT
[2025-11-10 03:05:03,453] INFO: 🎮 Received INPUT from 2: DOWN (seq: 422)
[2025-11-10 03:05:03,453] INFO: ✅ Processing action: DOWN
[2025-11-10 03:05:03,464] INFO: 🎮 Game Over! Winner: 1
[2025-11-10 03:05:03,476] INFO: ✅ Game result reported to Lobby Server
[2025-11-10 03:05:03,476] INFO: 📊 Final results: {'P2': {'user_id': 2, 'score': 0, 'lines_cleared': 0, 'max_combo': 0}, 'P1': {'user_id': 1, 'score': 0, 'lines_cleared': 0, 'max_combo': 0}}
[2025-11-10 03:05:03,838] INFO: 🔌 Player 1 input handler stopped
[2025-11-10 03:05:04,454] INFO: 🔌 Player 2 input handler stopped
[2025-11-10 03:05:05,478] INFO: 🛑 Shutting down Game Server...
[2025-11-10 03:05:05,478] INFO: ✅ Game Server shut down
[2025-11-10 03:05:05,478] INFO: 🛑 Shutting down Game Server...
[2025-11-10 03:05:05,478] INFO: ✅ Game Server shut down
