[2025-11-11 09:29:49,555] INFO: 🎮 Game Server started on port 10102
[2025-11-11 09:29:49,555] INFO:    Room: 14, Players: [1, 2]
[2025-11-11 09:29:49,555] INFO:    Seed: 1887998194
[2025-11-11 09:29:51,711] INFO: 📥 Player 1 connected from ('127.0.0.1', 55957)
[2025-11-11 09:29:51,713] INFO: [PROTOCOL] 準備發送 121 bytes
[2025-11-11 09:29:51,713] INFO: [PROTOCOL] 已發送 125/125 bytes
[2025-11-11 09:29:51,713] INFO: [PROTOCOL] ✅ 完整發送 125 bytes
[2025-11-11 09:29:51,713] INFO: ✅ Player 1 (P1) ready
[2025-11-11 09:29:51,713] INFO: 📥 Player 2 connected from ('127.0.0.1', 55956)
[2025-11-11 09:29:51,713] INFO: [PROTOCOL] 準備發送 121 bytes
[2025-11-11 09:29:51,713] INFO: [PROTOCOL] 已發送 125/125 bytes
[2025-11-11 09:29:51,713] INFO: [PROTOCOL] ✅ 完整發送 125 bytes
[2025-11-11 09:29:51,713] INFO: ✅ Player 2 (P2) ready
[2025-11-11 09:29:51,713] INFO: ✅ Both players connected, starting game...
[2025-11-11 09:29:51,714] INFO: 🎮 Starting input handler for player 1
[2025-11-11 09:29:51,714] INFO: 🎮 Starting input handler for player 2
[2025-11-11 09:29:51,816] INFO: [PROTOCOL] 準備發送 255 bytes
[2025-11-11 09:29:51,816] INFO: [PROTOCOL] 已發送 259/259 bytes
[2025-11-11 09:29:51,816] INFO: [PROTOCOL] ✅ 完整發送 259 bytes
[2025-11-11 09:29:51,816] INFO: [PROTOCOL] 準備發送 255 bytes
[2025-11-11 09:29:51,817] INFO: [PROTOCOL] 已發送 259/259 bytes
[2025-11-11 09:29:51,817] INFO: [PROTOCOL] ✅ 完整發送 259 bytes
[2025-11-11 09:29:51,817] INFO: [PROTOCOL] 準備發送 255 bytes
[2025-11-11 09:29:51,817] INFO: [PROTOCOL] 已發送 259/259 bytes
[2025-11-11 09:29:51,817] INFO: [PROTOCOL] ✅ 完整發送 259 bytes
[2025-11-11 09:29:51,817] INFO: [PROTOCOL] 準備發送 255 bytes
[2025-11-11 09:29:51,817] INFO: [PROTOCOL] 已發送 259/259 bytes
[2025-11-11 09:29:51,817] INFO: [PROTOCOL] ✅ 完整發送 259 bytes
[2025-11-11 09:29:51,919] INFO: [PROTOCOL] 準備發送 255 bytes
[2025-11-11 09:29:51,920] INFO: [PROTOCOL] 已發送 259/259 bytes
[2025-11-11 09:29:51,920] INFO: [PROTOCOL] ✅ 完整發送 259 bytes
[2025-11-11 09:29:51,920] INFO: [PROTOCOL] 準備發送 255 bytes
[2025-11-11 09:29:51,920] INFO: [PROTOCOL] 已發送 259/259 bytes
[2025-11-11 09:29:51,920] INFO: [PROTOCOL] ✅ 完整發送 259 bytes
[2025-11-11 09:29:51,920] INFO: [PROTOCOL] 準備發送 255 bytes
[2025-11-11 09:29:51,920] INFO: [PROTOCOL] 已發送 259/259 bytes
[2025-11-11 09:29:51,920] INFO: [PROTOCOL] ✅ 完整發送 259 bytes
[2025-11-11 09:29:51,920] INFO: [PROTOCOL] 準備發送 255 bytes
[2025-11-11 09:29:51,920] INFO: [PROTOCOL] 已發送 259/259 bytes
[2025-11-11 09:29:51,920] INFO: [PROTOCOL] ✅ 完整發送 259 bytes
[2025-11-11 09:29:52,024] INFO: [PROTOCOL] 準備發送 255 bytes
[2025-11-11 09:29:52,024] INFO: [PROTOCOL] 已發送 259/259 bytes
[2025-11-11 09:29:52,024] INFO: [PROTOCOL] ✅ 完整發送 259 bytes
[2025-11-11 09:29:52,024] INFO: [PROTOCOL] 準備發送 255 bytes
[2025-11-11 09:29:52,024] INFO: [PROTOCOL] 已發送 259/259 bytes
[2025-11-11 09:29:52,024] INFO: [PROTOCOL] ✅ 完整發送 259 bytes
[2025-11-11 09:29:52,024] INFO: [PROTOCOL] 準備發送 255 bytes
[2025-11-11 09:29:52,025] INFO: [PROTOCOL] 已發送 259/259 bytes
[2025-11-11 09:29:52,025] INFO: [PROTOCOL] ✅ 完整發送 259 bytes
[2025-11-11 09:29:52,025] INFO: [PROTOCOL] 準備發送 255 bytes
[2025-11-11 09:29:52,025] INFO: [PROTOCOL] 已發送 259/259 bytes
[2025-11-11 09:29:52,025] INFO: [PROTOCOL] ✅ 完整發送 259 bytes
[2025-11-11 09:29:52,129] INFO: [PROTOCOL] 準備發送 255 bytes
[2025-11-11 09:29:52,129] INFO: [PROTOCOL] 已發送 259/259 bytes
[2025-11-11 09:29:52,129] INFO: [PROTOCOL] ✅ 完整發送 259 bytes
[2025-11-11 09:29:52,129] INFO: [PROTOCOL] 準備發送 255 bytes
[2025-11-11 09:29:52,129] INFO: [PROTOCOL] 已發送 259/259 bytes
[2025-11-11 09:29:52,129] INFO: [PROTOCOL] ✅ 完整發送 259 bytes
[2025-11-11 09:29:52,129] INFO: [PROTOCOL] 準備發送 255 bytes
[2025-11-11 09:29:52,129] INFO: [PROTOCOL] 已發送 259/259 bytes
[2025-11-11 09:29:52,130] INFO: [PROTOCOL] ✅ 完整發送 259 bytes
[2025-11-11 09:29:52,130] INFO: [PROTOCOL] 準備發送 255 bytes
[2025-11-11 09:29:52,130] INFO: [PROTOCOL] 已發送 259/259 bytes
[2025-11-11 09:29:52,130] INFO: [PROTOCOL] ✅ 完整發送 259 bytes
[2025-11-11 09:29:52,239] INFO: [PROTOCOL] 準備發送 255 bytes
[2025-11-11 09:29:52,240] INFO: [PROTOCOL] 已發送 259/259 bytes
[2025-11-11 09:29:52,240] INFO: [PROTOCOL] ✅ 完整發送 259 bytes
[2025-11-11 09:29:52,240] INFO: [PROTOCOL] 準備發送 255 bytes
[2025-11-11 09:29:52,240] INFO: [PROTOCOL] 已發送 259/259 bytes
[2025-11-11 09:29:52,240] INFO: [PROTOCOL] ✅ 完整發送 259 bytes
[2025-11-11 09:29:52,240] INFO: [PROTOCOL] 準備發送 255 bytes
[2025-11-11 09:29:52,240] INFO: [PROTOCOL] 已發送 259/259 bytes
[2025-11-11 09:29:52,240] INFO: [PROTOCOL] ✅ 完整發送 259 bytes
[2025-11-11 09:29:52,240] INFO: [PROTOCOL] 準備發送 255 bytes
[2025-11-11 09:29:52,240] INFO: [PROTOCOL] 已發送 259/259 bytes
[2025-11-11 09:29:52,240] INFO: [PROTOCOL] ✅ 完整發送 259 bytes
[2025-11-11 09:29:52,345] INFO: [PROTOCOL] 準備發送 255 bytes
[2025-11-11 09:29:52,345] INFO: [PROTOCOL] 已發送 259/259 bytes
[2025-11-11 09:29:52,346] INFO: [PROTOCOL] ✅ 完整發送 259 bytes
[2025-11-11 09:29:52,346] INFO: [PROTOCOL] 準備發送 255 bytes
[2025-11-11 09:29:52,346] INFO: [PROTOCOL] 已發送 259/259 bytes
[2025-11-11 09:29:52,346] INFO: [PROTOCOL] ✅ 完整發送 259 bytes
[2025-11-11 09:29:52,346] INFO: [PROTOCOL] 準備發送 255 bytes
[2025-11-11 09:29:52,346] INFO: [PROTOCOL] 已發送 259/259 bytes
[2025-11-11 09:29:52,346] INFO: [PROTOCOL] ✅ 完整發送 259 bytes
[2025-11-11 09:29:52,346] INFO: [PROTOCOL] 準備發送 255 bytes
[2025-11-11 09:29:52,346] INFO: [PROTOCOL] 已發送 259/259 bytes
[2025-11-11 09:29:52,346] INFO: [PROTOCOL] ✅ 完整發送 259 bytes
[2025-11-11 09:29:52,451] INFO: [PROTOCOL] 準備發送 255 bytes
[2025-11-11 09:29:52,452] INFO: [PROTOCOL] 已發送 259/259 bytes
[2025-11-11 09:29:52,452] INFO: [PROTOCOL] ✅ 完整發送 259 bytes
[2025-11-11 09:29:52,452] INFO: [PROTOCOL] 準備發送 255 bytes
[2025-11-11 09:29:52,452] INFO: [PROTOCOL] 已發送 259/259 bytes
[2025-11-11 09:29:52,452] INFO: [PROTOCOL] ✅ 完整發送 259 bytes
[2025-11-11 09:29:52,452] INFO: [PROTOCOL] 準備發送 255 bytes
[2025-11-11 09:29:52,452] INFO: [PROTOCOL] 已發送 259/259 bytes
[2025-11-11 09:29:52,452] INFO: [PROTOCOL] ✅ 完整發送 259 bytes
[2025-11-11 09:29:52,452] INFO: [PROTOCOL] 準備發送 255 bytes
[2025-11-11 09:29:52,453] INFO: [PROTOCOL] 已發送 259/259 bytes
[2025-11-11 09:29:52,453] INFO: [PROTOCOL] ✅ 完整發送 259 bytes
[2025-11-11 09:29:52,557] INFO: [PROTOCOL] 準備發送 255 bytes
[2025-11-11 09:29:52,557] INFO: [PROTOCOL] 已發送 259/259 bytes
[2025-11-11 09:29:52,557] INFO: [PROTOCOL] ✅ 完整發送 259 bytes
[2025-11-11 09:29:52,557] INFO: [PROTOCOL] 準備發送 255 bytes
[2025-11-11 09:29:52,557] INFO: [PROTOCOL] 已發送 259/259 bytes
[2025-11-11 09:29:52,557] INFO: [PROTOCOL] ✅ 完整發送 259 bytes
[2025-11-11 09:29:52,557] INFO: [PROTOCOL] 準備發送 255 bytes
[2025-11-11 09:29:52,557] INFO: [PROTOCOL] 已發送 259/259 bytes
[2025-11-11 09:29:52,557] INFO: [PROTOCOL] ✅ 完整發送 259 bytes
[2025-11-11 09:29:52,557] INFO: [PROTOCOL] 準備發送 255 bytes
[2025-11-11 09:29:52,557] INFO: [PROTOCOL] 已發送 259/259 bytes
[2025-11-11 09:29:52,557] INFO: [PROTOCOL] ✅ 完整發送 259 bytes
[2025-11-11 09:29:52,662] INFO: [PROTOCOL] 準備發送 255 bytes
[2025-11-11 09:29:52,663] INFO: [PROTOCOL] 已發送 259/259 bytes
[2025-11-11 09:29:52,663] INFO: [PROTOCOL] ✅ 完整發送 259 bytes
[2025-11-11 09:29:52,663] INFO: [PROTOCOL] 準備發送 255 bytes
[2025-11-11 09:29:52,663] INFO: [PROTOCOL] 已發送 259/259 bytes
[2025-11-11 09:29:52,663] INFO: [PROTOCOL] ✅ 完整發送 259 bytes
[2025-11-11 09:29:52,663] INFO: [PROTOCOL] 準備發送 255 bytes
[2025-11-11 09:29:52,663] INFO: [PROTOCOL] 已發送 259/259 bytes
[2025-11-11 09:29:52,663] INFO: [PROTOCOL] ✅ 完整發送 259 bytes
[2025-11-11 09:29:52,663] INFO: [PROTOCOL] 準備發送 255 bytes
[2025-11-11 09:29:52,664] INFO: [PROTOCOL] 已發送 259/259 bytes
[2025-11-11 09:29:52,664] INFO: [PROTOCOL] ✅ 完整發送 259 bytes
[2025-11-11 09:29:52,765] INFO: [PROTOCOL] 準備發送 256 bytes
[2025-11-11 09:29:52,765] INFO: [PROTOCOL] 已發送 260/260 bytes
[2025-11-11 09:29:52,765] INFO: [PROTOCOL] ✅ 完整發送 260 bytes
[2025-11-11 09:29:52,765] INFO: [PROTOCOL] 準備發送 256 bytes
[2025-11-11 09:29:52,765] INFO: [PROTOCOL] 已發送 260/260 bytes
[2025-11-11 09:29:52,765] INFO: [PROTOCOL] ✅ 完整發送 260 bytes
[2025-11-11 09:29:52,766] INFO: [PROTOCOL] 準備發送 256 bytes
[2025-11-11 09:29:52,766] INFO: [PROTOCOL] 已發送 260/260 bytes
[2025-11-11 09:29:52,766] INFO: [PROTOCOL] ✅ 完整發送 260 bytes
[2025-11-11 09:29:52,766] INFO: [PROTOCOL] 準備發送 256 bytes
[2025-11-11 09:29:52,766] INFO: [PROTOCOL] 已發送 260/260 bytes
[2025-11-11 09:29:52,766] INFO: [PROTOCOL] ✅ 完整發送 260 bytes
[2025-11-11 09:29:52,867] INFO: [PROTOCOL] 準備發送 256 bytes
[2025-11-11 09:29:52,867] INFO: [PROTOCOL] 已發送 260/260 bytes
[2025-11-11 09:29:52,867] INFO: [PROTOCOL] ✅ 完整發送 260 bytes
[2025-11-11 09:29:52,867] INFO: [PROTOCOL] 準備發送 256 bytes
[2025-11-11 09:29:52,867] INFO: [PROTOCOL] 已發送 260/260 bytes
[2025-11-11 09:29:52,867] INFO: [PROTOCOL] ✅ 完整發送 260 bytes
[2025-11-11 09:29:52,867] INFO: [PROTOCOL] 準備發送 256 bytes
[2025-11-11 09:29:52,868] INFO: [PROTOCOL] 已發送 260/260 bytes
[2025-11-11 09:29:52,868] INFO: [PROTOCOL] ✅ 完整發送 260 bytes
[2025-11-11 09:29:52,868] INFO: [PROTOCOL] 準備發送 256 bytes
[2025-11-11 09:29:52,868] INFO: [PROTOCOL] 已發送 260/260 bytes
[2025-11-11 09:29:52,868] INFO: [PROTOCOL] ✅ 完整發送 260 bytes
[2025-11-11 09:29:52,973] INFO: [PROTOCOL] 準備發送 256 bytes
[2025-11-11 09:29:52,973] INFO: [PROTOCOL] 已發送 260/260 bytes
[2025-11-11 09:29:52,973] INFO: [PROTOCOL] ✅ 完整發送 260 bytes
[2025-11-11 09:29:52,973] INFO: [PROTOCOL] 準備發送 256 bytes
[2025-11-11 09:29:52,973] INFO: [PROTOCOL] 已發送 260/260 bytes
[2025-11-11 09:29:52,973] INFO: [PROTOCOL] ✅ 完整發送 260 bytes
[2025-11-11 09:29:52,973] INFO: [PROTOCOL] 準備發送 256 bytes
[2025-11-11 09:29:52,974] INFO: [PROTOCOL] 已發送 260/260 bytes
[2025-11-11 09:29:52,974] INFO: [PROTOCOL] ✅ 完整發送 260 bytes
[2025-11-11 09:29:52,974] INFO: [PROTOCOL] 準備發送 256 bytes
[2025-11-11 09:29:52,974] INFO: [PROTOCOL] 已發送 260/260 bytes
[2025-11-11 09:29:52,974] INFO: [PROTOCOL] ✅ 完整發送 260 bytes
[2025-11-11 09:29:53,076] INFO: [PROTOCOL] 準備發送 256 bytes
[2025-11-11 09:29:53,076] INFO: [PROTOCOL] 已發送 260/260 bytes
[2025-11-11 09:29:53,076] INFO: [PROTOCOL] ✅ 完整發送 260 bytes
[2025-11-11 09:29:53,076] INFO: [PROTOCOL] 準備發送 256 bytes
[2025-11-11 09:29:53,076] INFO: [PROTOCOL] 已發送 260/260 bytes
[2025-11-11 09:29:53,076] INFO: [PROTOCOL] ✅ 完整發送 260 bytes
[2025-11-11 09:29:53,076] INFO: [PROTOCOL] 準備發送 256 bytes
[2025-11-11 09:29:53,076] INFO: [PROTOCOL] 已發送 260/260 bytes
[2025-11-11 09:29:53,076] INFO: [PROTOCOL] ✅ 完整發送 260 bytes
[2025-11-11 09:29:53,076] INFO: [PROTOCOL] 準備發送 256 bytes
[2025-11-11 09:29:53,076] INFO: [PROTOCOL] 已發送 260/260 bytes
[2025-11-11 09:29:53,076] INFO: [PROTOCOL] ✅ 完整發送 260 bytes
[2025-11-11 09:29:53,181] INFO: [PROTOCOL] 準備發送 256 bytes
[2025-11-11 09:29:53,181] INFO: [PROTOCOL] 已發送 260/260 bytes
[2025-11-11 09:29:53,181] INFO: [PROTOCOL] ✅ 完整發送 260 bytes
[2025-11-11 09:29:53,182] INFO: [PROTOCOL] 準備發送 256 bytes
[2025-11-11 09:29:53,182] INFO: [PROTOCOL] 已發送 260/260 bytes
[2025-11-11 09:29:53,182] INFO: [PROTOCOL] ✅ 完整發送 260 bytes
[2025-11-11 09:29:53,182] INFO: [PROTOCOL] 準備發送 256 bytes
[2025-11-11 09:29:53,182] INFO: [PROTOCOL] 已發送 260/260 bytes
[2025-11-11 09:29:53,182] INFO: [PROTOCOL] ✅ 完整發送 260 bytes
[2025-11-11 09:29:53,182] INFO: [PROTOCOL] 準備發送 256 bytes
[2025-11-11 09:29:53,182] INFO: [PROTOCOL] 已發送 260/260 bytes
[2025-11-11 09:29:53,182] INFO: [PROTOCOL] ✅ 完整發送 260 bytes
[2025-11-11 09:29:53,288] INFO: [PROTOCOL] 準備發送 256 bytes
[2025-11-11 09:29:53,289] INFO: [PROTOCOL] 已發送 260/260 bytes
[2025-11-11 09:29:53,289] INFO: [PROTOCOL] ✅ 完整發送 260 bytes
[2025-11-11 09:29:53,289] INFO: [PROTOCOL] 準備發送 256 bytes
[2025-11-11 09:29:53,289] INFO: [PROTOCOL] 已發送 260/260 bytes
[2025-11-11 09:29:53,289] INFO: [PROTOCOL] ✅ 完整發送 260 bytes
[2025-11-11 09:29:53,289] INFO: [PROTOCOL] 準備發送 256 bytes
[2025-11-11 09:29:53,289] INFO: [PROTOCOL] 已發送 260/260 bytes
[2025-11-11 09:29:53,289] INFO: [PROTOCOL] ✅ 完整發送 260 bytes
[2025-11-11 09:29:53,289] INFO: [PROTOCOL] 準備發送 256 bytes
[2025-11-11 09:29:53,289] INFO: [PROTOCOL] 已發送 260/260 bytes
[2025-11-11 09:29:53,289] INFO: [PROTOCOL] ✅ 完整發送 260 bytes
[2025-11-11 09:29:53,391] INFO: [PROTOCOL] 準備發送 256 bytes
[2025-11-11 09:29:53,391] INFO: [PROTOCOL] 已發送 260/260 bytes
[2025-11-11 09:29:53,392] INFO: [PROTOCOL] ✅ 完整發送 260 bytes
[2025-11-11 09:29:53,392] INFO: [PROTOCOL] 準備發送 256 bytes
[2025-11-11 09:29:53,392] INFO: [PROTOCOL] 已發送 260/260 bytes
[2025-11-11 09:29:53,392] INFO: [PROTOCOL] ✅ 完整發送 260 bytes
[2025-11-11 09:29:53,392] INFO: [PROTOCOL] 準備發送 256 bytes
[2025-11-11 09:29:53,392] INFO: [PROTOCOL] 已發送 260/260 bytes
[2025-11-11 09:29:53,393] INFO: [PROTOCOL] ✅ 完整發送 260 bytes
[2025-11-11 09:29:53,393] INFO: [PROTOCOL] 準備發送 256 bytes
[2025-11-11 09:29:53,393] INFO: [PROTOCOL] 已發送 260/260 bytes
[2025-11-11 09:29:53,393] INFO: [PROTOCOL] ✅ 完整發送 260 bytes
[2025-11-11 09:29:53,496] INFO: [PROTOCOL] 準備發送 256 bytes
[2025-11-11 09:29:53,496] INFO: [PROTOCOL] 已發送 260/260 bytes
[2025-11-11 09:29:53,497] INFO: [PROTOCOL] ✅ 完整發送 260 bytes
[2025-11-11 09:29:53,497] INFO: [PROTOCOL] 準備發送 256 bytes
[2025-11-11 09:29:53,497] INFO: [PROTOCOL] 已發送 260/260 bytes
[2025-11-11 09:29:53,497] INFO: [PROTOCOL] ✅ 完整發送 260 bytes
[2025-11-11 09:29:53,497] INFO: [PROTOCOL] 準備發送 256 bytes
[2025-11-11 09:29:53,497] INFO: [PROTOCOL] 已發送 260/260 bytes
[2025-11-11 09:29:53,497] INFO: [PROTOCOL] ✅ 完整發送 260 bytes
[2025-11-11 09:29:53,497] INFO: [PROTOCOL] 準備發送 256 bytes
[2025-11-11 09:29:53,497] INFO: [PROTOCOL] 已發送 260/260 bytes
[2025-11-11 09:29:53,497] INFO: [PROTOCOL] ✅ 完整發送 260 bytes
[2025-11-11 09:29:53,600] INFO: [PROTOCOL] 準備發送 256 bytes
[2025-11-11 09:29:53,600] INFO: [PROTOCOL] 已發送 260/260 bytes
[2025-11-11 09:29:53,600] INFO: [PROTOCOL] ✅ 完整發送 260 bytes
[2025-11-11 09:29:53,601] INFO: [PROTOCOL] 準備發送 256 bytes
[2025-11-11 09:29:53,601] INFO: [PROTOCOL] 已發送 260/260 bytes
[2025-11-11 09:29:53,601] INFO: [PROTOCOL] ✅ 完整發送 260 bytes
[2025-11-11 09:29:53,601] INFO: [PROTOCOL] 準備發送 256 bytes
[2025-11-11 09:29:53,601] INFO: [PROTOCOL] 已發送 260/260 bytes
[2025-11-11 09:29:53,601] INFO: [PROTOCOL] ✅ 完整發送 260 bytes
[2025-11-11 09:29:53,601] INFO: [PROTOCOL] 準備發送 256 bytes
[2025-11-11 09:29:53,602] INFO: [PROTOCOL] 已發送 260/260 bytes
[2025-11-11 09:29:53,602] INFO: [PROTOCOL] ✅ 完整發送 260 bytes
[2025-11-11 09:29:53,707] INFO: [PROTOCOL] 準備發送 256 bytes
[2025-11-11 09:29:53,708] INFO: [PROTOCOL] 已發送 260/260 bytes
[2025-11-11 09:29:53,708] INFO: [PROTOCOL] ✅ 完整發送 260 bytes
[2025-11-11 09:29:53,708] INFO: [PROTOCOL] 準備發送 256 bytes
[2025-11-11 09:29:53,708] INFO: [PROTOCOL] 已發送 260/260 bytes
[2025-11-11 09:29:53,708] INFO: [PROTOCOL] ✅ 完整發送 260 bytes
[2025-11-11 09:29:53,708] INFO: [PROTOCOL] 準備發送 256 bytes
[2025-11-11 09:29:53,708] INFO: [PROTOCOL] 已發送 260/260 bytes
[2025-11-11 09:29:53,708] INFO: [PROTOCOL] ✅ 完整發送 260 bytes
[2025-11-11 09:29:53,708] INFO: [PROTOCOL] 準備發送 256 bytes
[2025-11-11 09:29:53,708] INFO: [PROTOCOL] 已發送 260/260 bytes
[2025-11-11 09:29:53,708] INFO: [PROTOCOL] ✅ 完整發送 260 bytes
[2025-11-11 09:29:53,814] INFO: [PROTOCOL] 準備發送 256 bytes
[2025-11-11 09:29:53,815] INFO: [PROTOCOL] 已發送 260/260 bytes
[2025-11-11 09:29:53,815] INFO: [PROTOCOL] ✅ 完整發送 260 bytes
[2025-11-11 09:29:53,815] INFO: [PROTOCOL] 準備發送 256 bytes
[2025-11-11 09:29:53,815] INFO: [PROTOCOL] 已發送 260/260 bytes
[2025-11-11 09:29:53,815] INFO: [PROTOCOL] ✅ 完整發送 260 bytes
[2025-11-11 09:29:53,815] INFO: [PROTOCOL] 準備發送 256 bytes
[2025-11-11 09:29:53,816] INFO: [PROTOCOL] 已發送 260/260 bytes
[2025-11-11 09:29:53,816] INFO: [PROTOCOL] ✅ 完整發送 260 bytes
[2025-11-11 09:29:53,816] INFO: [PROTOCOL] 準備發送 256 bytes
[2025-11-11 09:29:53,816] INFO: [PROTOCOL] 已發送 260/260 bytes
[2025-11-11 09:29:53,816] INFO: [PROTOCOL] ✅ 完整發送 260 bytes
[2025-11-11 09:29:53,920] INFO: [PROTOCOL] 準備發送 256 bytes
[2025-11-11 09:29:53,920] INFO: [PROTOCOL] 已發送 260/260 bytes
[2025-11-11 09:29:53,920] INFO: [PROTOCOL] ✅ 完整發送 260 bytes
[2025-11-11 09:29:53,920] INFO: [PROTOCOL] 準備發送 256 bytes
[2025-11-11 09:29:53,921] INFO: [PROTOCOL] 已發送 260/260 bytes
[2025-11-11 09:29:53,921] INFO: [PROTOCOL] ✅ 完整發送 260 bytes
[2025-11-11 09:29:53,921] INFO: [PROTOCOL] 準備發送 256 bytes
[2025-11-11 09:29:53,921] INFO: [PROTOCOL] 已發送 260/260 bytes
[2025-11-11 09:29:53,921] INFO: [PROTOCOL] ✅ 完整發送 260 bytes
[2025-11-11 09:29:53,921] INFO: [PROTOCOL] 準備發送 256 bytes
[2025-11-11 09:29:53,921] INFO: [PROTOCOL] 已發送 260/260 bytes
[2025-11-11 09:29:53,921] INFO: [PROTOCOL] ✅ 完整發送 260 bytes
[2025-11-11 09:29:54,026] INFO: [PROTOCOL] 準備發送 256 bytes
[2025-11-11 09:29:54,026] INFO: [PROTOCOL] 已發送 260/260 bytes
[2025-11-11 09:29:54,026] INFO: [PROTOCOL] ✅ 完整發送 260 bytes
[2025-11-11 09:29:54,026] INFO: [PROTOCOL] 準備發送 256 bytes
[2025-11-11 09:29:54,026] INFO: [PROTOCOL] 已發送 260/260 bytes
[2025-11-11 09:29:54,026] INFO: [PROTOCOL] ✅ 完整發送 260 bytes
[2025-11-11 09:29:54,026] INFO: [PROTOCOL] 準備發送 256 bytes
[2025-11-11 09:29:54,026] INFO: [PROTOCOL] 已發送 260/260 bytes
[2025-11-11 09:29:54,026] INFO: [PROTOCOL] ✅ 完整發送 260 bytes
[2025-11-11 09:29:54,026] INFO: [PROTOCOL] 準備發送 256 bytes
[2025-11-11 09:29:54,026] INFO: [PROTOCOL] 已發送 260/260 bytes
[2025-11-11 09:29:54,026] INFO: [PROTOCOL] ✅ 完整發送 260 bytes
[2025-11-11 09:29:54,126] INFO: 🎮 Received INPUT from 2: RIGHT (seq: 1)
[2025-11-11 09:29:54,126] INFO: ✅ Processing action: RIGHT
[2025-11-11 09:29:54,132] INFO: [PROTOCOL] 準備發送 256 bytes
[2025-11-11 09:29:54,132] INFO: [PROTOCOL] 已發送 260/260 bytes
[2025-11-11 09:29:54,132] INFO: [PROTOCOL] ✅ 完整發送 260 bytes
[2025-11-11 09:29:54,132] INFO: [PROTOCOL] 準備發送 256 bytes
[2025-11-11 09:29:54,132] INFO: [PROTOCOL] 已發送 260/260 bytes
[2025-11-11 09:29:54,132] INFO: [PROTOCOL] ✅ 完整發送 260 bytes
[2025-11-11 09:29:54,132] INFO: [PROTOCOL] 準備發送 256 bytes
[2025-11-11 09:29:54,132] INFO: [PROTOCOL] 已發送 260/260 bytes
[2025-11-11 09:29:54,132] INFO: [PROTOCOL] ✅ 完整發送 260 bytes
[2025-11-11 09:29:54,132] INFO: [PROTOCOL] 準備發送 256 bytes
[2025-11-11 09:29:54,132] INFO: [PROTOCOL] 已發送 260/260 bytes
[2025-11-11 09:29:54,132] INFO: [PROTOCOL] ✅ 完整發送 260 bytes
[2025-11-11 09:29:54,179] INFO: 🎮 Received INPUT from 2: RIGHT (seq: 2)
[2025-11-11 09:29:54,179] INFO: ✅ Processing action: RIGHT
[2025-11-11 09:29:54,230] INFO: 🎮 Received INPUT from 2: RIGHT (seq: 3)
[2025-11-11 09:29:54,230] INFO: ✅ Processing action: RIGHT
[2025-11-11 09:29:54,234] INFO: [PROTOCOL] 準備發送 256 bytes
[2025-11-11 09:29:54,234] INFO: [PROTOCOL] 已發送 260/260 bytes
[2025-11-11 09:29:54,234] INFO: [PROTOCOL] ✅ 完整發送 260 bytes
[2025-11-11 09:29:54,234] INFO: [PROTOCOL] 準備發送 256 bytes
[2025-11-11 09:29:54,234] INFO: [PROTOCOL] 已發送 260/260 bytes
[2025-11-11 09:29:54,234] INFO: [PROTOCOL] ✅ 完整發送 260 bytes
[2025-11-11 09:29:54,234] INFO: [PROTOCOL] 準備發送 256 bytes
[2025-11-11 09:29:54,234] INFO: [PROTOCOL] 已發送 260/260 bytes
[2025-11-11 09:29:54,234] INFO: [PROTOCOL] ✅ 完整發送 260 bytes
[2025-11-11 09:29:54,234] INFO: [PROTOCOL] 準備發送 256 bytes
[2025-11-11 09:29:54,234] INFO: [PROTOCOL] 已發送 260/260 bytes
[2025-11-11 09:29:54,234] INFO: [PROTOCOL] ✅ 完整發送 260 bytes
[2025-11-11 09:29:54,281] INFO: 🎮 Received INPUT from 2: RIGHT (seq: 4)
[2025-11-11 09:29:54,281] INFO: ✅ Processing action: RIGHT
[2025-11-11 09:29:54,332] INFO: 🎮 Received INPUT from 2: RIGHT (seq: 5)
[2025-11-11 09:29:54,332] INFO: ✅ Processing action: RIGHT
[2025-11-11 09:29:54,339] INFO: [PROTOCOL] 準備發送 256 bytes
[2025-11-11 09:29:54,339] INFO: [PROTOCOL] 已發送 260/260 bytes
[2025-11-11 09:29:54,339] INFO: [PROTOCOL] ✅ 完整發送 260 bytes
[2025-11-11 09:29:54,339] INFO: [PROTOCOL] 準備發送 256 bytes
[2025-11-11 09:29:54,339] INFO: [PROTOCOL] 已發送 260/260 bytes
[2025-11-11 09:29:54,339] INFO: [PROTOCOL] ✅ 完整發送 260 bytes
[2025-11-11 09:29:54,340] INFO: [PROTOCOL] 準備發送 256 bytes
[2025-11-11 09:29:54,340] INFO: [PROTOCOL] 已發送 260/260 bytes
[2025-11-11 09:29:54,340] INFO: [PROTOCOL] ✅ 完整發送 260 bytes
[2025-11-11 09:29:54,340] INFO: [PROTOCOL] 準備發送 256 bytes
[2025-11-11 09:29:54,340] INFO: [PROTOCOL] 已發送 260/260 bytes
[2025-11-11 09:29:54,340] INFO: [PROTOCOL] ✅ 完整發送 260 bytes
[2025-11-11 09:29:54,382] INFO: 🎮 Received INPUT from 2: RIGHT (seq: 6)
[2025-11-11 09:29:54,382] INFO: ✅ Processing action: RIGHT
[2025-11-11 09:29:54,435] INFO: 🎮 Received INPUT from 2: RIGHT (seq: 7)
[2025-11-11 09:29:54,435] INFO: ✅ Processing action: RIGHT
[2025-11-11 09:29:54,445] INFO: [PROTOCOL] 準備發送 256 bytes
[2025-11-11 09:29:54,445] INFO: [PROTOCOL] 已發送 260/260 bytes
[2025-11-11 09:29:54,445] INFO: [PROTOCOL] ✅ 完整發送 260 bytes
[2025-11-11 09:29:54,445] INFO: [PROTOCOL] 準備發送 256 bytes
[2025-11-11 09:29:54,445] INFO: [PROTOCOL] 已發送 260/260 bytes
[2025-11-11 09:29:54,445] INFO: [PROTOCOL] ✅ 完整發送 260 bytes
[2025-11-11 09:29:54,445] INFO: [PROTOCOL] 準備發送 256 bytes
[2025-11-11 09:29:54,445] INFO: [PROTOCOL] 已發送 260/260 bytes
[2025-11-11 09:29:54,445] INFO: [PROTOCOL] ✅ 完整發送 260 bytes
[2025-11-11 09:29:54,445] INFO: [PROTOCOL] 準備發送 256 bytes
[2025-11-11 09:29:54,445] INFO: [PROTOCOL] 已發送 260/260 bytes
[2025-11-11 09:29:54,445] INFO: [PROTOCOL] ✅ 完整發送 260 bytes
[2025-11-11 09:29:54,485] INFO: 🎮 Received INPUT from 2: RIGHT (seq: 8)
[2025-11-11 09:29:54,485] INFO: ✅ Processing action: RIGHT
[2025-11-11 09:29:54,536] INFO: 🎮 Received INPUT from 2: RIGHT (seq: 9)
[2025-11-11 09:29:54,536] INFO: ✅ Processing action: RIGHT
[2025-11-11 09:29:54,551] INFO: [PROTOCOL] 準備發送 256 bytes
[2025-11-11 09:29:54,551] INFO: [PROTOCOL] 已發送 260/260 bytes
[2025-11-11 09:29:54,551] INFO: [PROTOCOL] ✅ 完整發送 260 bytes
[2025-11-11 09:29:54,551] INFO: [PROTOCOL] 準備發送 256 bytes
[2025-11-11 09:29:54,551] INFO: [PROTOCOL] 已發送 260/260 bytes
[2025-11-11 09:29:54,551] INFO: [PROTOCOL] ✅ 完整發送 260 bytes
[2025-11-11 09:29:54,552] INFO: [PROTOCOL] 準備發送 256 bytes
[2025-11-11 09:29:54,552] INFO: [PROTOCOL] 已發送 260/260 bytes
[2025-11-11 09:29:54,552] INFO: [PROTOCOL] ✅ 完整發送 260 bytes
[2025-11-11 09:29:54,552] INFO: [PROTOCOL] 準備發送 256 bytes
[2025-11-11 09:29:54,552] INFO: [PROTOCOL] 已發送 260/260 bytes
[2025-11-11 09:29:54,552] INFO: [PROTOCOL] ✅ 完整發送 260 bytes
[2025-11-11 09:29:54,588] INFO: 🎮 Received INPUT from 2: RIGHT (seq: 10)
[2025-11-11 09:29:54,588] INFO: ✅ Processing action: RIGHT
[2025-11-11 09:29:54,656] INFO: [PROTOCOL] 準備發送 256 bytes
[2025-11-11 09:29:54,656] INFO: [PROTOCOL] 已發送 260/260 bytes
[2025-11-11 09:29:54,656] INFO: [PROTOCOL] ✅ 完整發送 260 bytes
[2025-11-11 09:29:54,656] INFO: [PROTOCOL] 準備發送 256 bytes
[2025-11-11 09:29:54,656] INFO: [PROTOCOL] 已發送 260/260 bytes
[2025-11-11 09:29:54,657] INFO: [PROTOCOL] ✅ 完整發送 260 bytes
[2025-11-11 09:29:54,657] INFO: [PROTOCOL] 準備發送 256 bytes
[2025-11-11 09:29:54,657] INFO: [PROTOCOL] 已發送 260/260 bytes
[2025-11-11 09:29:54,657] INFO: [PROTOCOL] ✅ 完整發送 260 bytes
[2025-11-11 09:29:54,657] INFO: [PROTOCOL] 準備發送 256 bytes
[2025-11-11 09:29:54,657] INFO: [PROTOCOL] 已發送 260/260 bytes
[2025-11-11 09:29:54,657] INFO: [PROTOCOL] ✅ 完整發送 260 bytes
[2025-11-11 09:29:54,692] INFO: 🎮 Received INPUT from 2: DOWN (seq: 11)
[2025-11-11 09:29:54,692] INFO: ✅ Processing action: DOWN
[2025-11-11 09:29:54,759] INFO: 🎮 Received INPUT from 2: DOWN (seq: 12)
[2025-11-11 09:29:54,760] INFO: ✅ Processing action: DOWN
[2025-11-11 09:29:54,763] INFO: [PROTOCOL] 準備發送 256 bytes
[2025-11-11 09:29:54,763] INFO: [PROTOCOL] 已發送 260/260 bytes
[2025-11-11 09:29:54,763] INFO: [PROTOCOL] ✅ 完整發送 260 bytes
[2025-11-11 09:29:54,763] INFO: [PROTOCOL] 準備發送 256 bytes
[2025-11-11 09:29:54,763] INFO: [PROTOCOL] 已發送 260/260 bytes
[2025-11-11 09:29:54,764] INFO: [PROTOCOL] ✅ 完整發送 260 bytes
[2025-11-11 09:29:54,764] INFO: [PROTOCOL] 準備發送 256 bytes
[2025-11-11 09:29:54,764] INFO: [PROTOCOL] 已發送 260/260 bytes
[2025-11-11 09:29:54,764] INFO: [PROTOCOL] ✅ 完整發送 260 bytes
[2025-11-11 09:29:54,764] INFO: [PROTOCOL] 準備發送 256 bytes
[2025-11-11 09:29:54,764] INFO: [PROTOCOL] 已發送 260/260 bytes
[2025-11-11 09:29:54,764] INFO: [PROTOCOL] ✅ 完整發送 260 bytes
[2025-11-11 09:29:54,810] INFO: 🎮 Received INPUT from 2: DOWN (seq: 13)
[2025-11-11 09:29:54,810] INFO: ✅ Processing action: DOWN
[2025-11-11 09:29:54,861] INFO: 🎮 Received INPUT from 2: DOWN (seq: 14)
[2025-11-11 09:29:54,862] INFO: ✅ Processing action: DOWN
[2025-11-11 09:29:54,870] INFO: [PROTOCOL] 準備發送 256 bytes
[2025-11-11 09:29:54,870] INFO: [PROTOCOL] 已發送 260/260 bytes
[2025-11-11 09:29:54,870] INFO: [PROTOCOL] ✅ 完整發送 260 bytes
[2025-11-11 09:29:54,870] INFO: [PROTOCOL] 準備發送 256 bytes
[2025-11-11 09:29:54,870] INFO: [PROTOCOL] 已發送 260/260 bytes
[2025-11-11 09:29:54,870] INFO: [PROTOCOL] ✅ 完整發送 260 bytes
[2025-11-11 09:29:54,870] INFO: [PROTOCOL] 準備發送 257 bytes
[2025-11-11 09:29:54,870] INFO: [PROTOCOL] 已發送 261/261 bytes
[2025-11-11 09:29:54,870] INFO: [PROTOCOL] ✅ 完整發送 261 bytes
[2025-11-11 09:29:54,870] INFO: [PROTOCOL] 準備發送 257 bytes
[2025-11-11 09:29:54,870] INFO: [PROTOCOL] 已發送 261/261 bytes
[2025-11-11 09:29:54,870] INFO: [PROTOCOL] ✅ 完整發送 261 bytes
[2025-11-11 09:29:54,913] INFO: 🎮 Received INPUT from 2: DOWN (seq: 15)
[2025-11-11 09:29:54,914] INFO: ✅ Processing action: DOWN
[2025-11-11 09:29:54,964] INFO: 🎮 Received INPUT from 2: DOWN (seq: 16)
[2025-11-11 09:29:54,964] INFO: ✅ Processing action: DOWN
[2025-11-11 09:29:54,974] INFO: [PROTOCOL] 準備發送 256 bytes
[2025-11-11 09:29:54,974] INFO: [PROTOCOL] 已發送 260/260 bytes
[2025-11-11 09:29:54,974] INFO: [PROTOCOL] ✅ 完整發送 260 bytes
[2025-11-11 09:29:54,974] INFO: [PROTOCOL] 準備發送 256 bytes
[2025-11-11 09:29:54,974] INFO: [PROTOCOL] 已發送 260/260 bytes
[2025-11-11 09:29:54,974] INFO: [PROTOCOL] ✅ 完整發送 260 bytes
[2025-11-11 09:29:54,974] INFO: [PROTOCOL] 準備發送 257 bytes
[2025-11-11 09:29:54,974] INFO: [PROTOCOL] 已發送 261/261 bytes
[2025-11-11 09:29:54,974] INFO: [PROTOCOL] ✅ 完整發送 261 bytes
[2025-11-11 09:29:54,975] INFO: [PROTOCOL] 準備發送 257 bytes
[2025-11-11 09:29:54,975] INFO: [PROTOCOL] 已發送 261/261 bytes
[2025-11-11 09:29:54,975] INFO: [PROTOCOL] ✅ 完整發送 261 bytes
[2025-11-11 09:29:55,015] INFO: 🎮 Received INPUT from 2: DOWN (seq: 17)
[2025-11-11 09:29:55,016] INFO: ✅ Processing action: DOWN
[2025-11-11 09:29:55,079] INFO: [PROTOCOL] 準備發送 256 bytes
[2025-11-11 09:29:55,079] INFO: [PROTOCOL] 已發送 260/260 bytes
[2025-11-11 09:29:55,079] INFO: [PROTOCOL] ✅ 完整發送 260 bytes
[2025-11-11 09:29:55,079] INFO: [PROTOCOL] 準備發送 256 bytes
[2025-11-11 09:29:55,079] INFO: [PROTOCOL] 已發送 260/260 bytes
[2025-11-11 09:29:55,079] INFO: [PROTOCOL] ✅ 完整發送 260 bytes
[2025-11-11 09:29:55,079] INFO: [PROTOCOL] 準備發送 257 bytes
[2025-11-11 09:29:55,080] INFO: [PROTOCOL] 已發送 261/261 bytes
[2025-11-11 09:29:55,080] INFO: [PROTOCOL] ✅ 完整發送 261 bytes
[2025-11-11 09:29:55,080] INFO: [PROTOCOL] 準備發送 257 bytes
[2025-11-11 09:29:55,080] INFO: [PROTOCOL] 已發送 261/261 bytes
[2025-11-11 09:29:55,080] INFO: [PROTOCOL] ✅ 完整發送 261 bytes
[2025-11-11 09:29:55,082] INFO: 🎮 Received INPUT from 2: DOWN (seq: 18)
[2025-11-11 09:29:55,082] INFO: ✅ Processing action: DOWN
[2025-11-11 09:29:55,133] INFO: 🎮 Received INPUT from 2: DOWN (seq: 19)
[2025-11-11 09:29:55,133] INFO: ✅ Processing action: DOWN
[2025-11-11 09:29:55,185] INFO: [PROTOCOL] 準備發送 256 bytes
[2025-11-11 09:29:55,185] INFO: [PROTOCOL] 已發送 260/260 bytes
[2025-11-11 09:29:55,185] INFO: [PROTOCOL] ✅ 完整發送 260 bytes
[2025-11-11 09:29:55,185] INFO: [PROTOCOL] 準備發送 256 bytes
[2025-11-11 09:29:55,185] INFO: [PROTOCOL] 已發送 260/260 bytes
[2025-11-11 09:29:55,185] INFO: [PROTOCOL] ✅ 完整發送 260 bytes
[2025-11-11 09:29:55,185] INFO: [PROTOCOL] 準備發送 257 bytes
[2025-11-11 09:29:55,185] INFO: [PROTOCOL] 已發送 261/261 bytes
[2025-11-11 09:29:55,186] INFO: [PROTOCOL] ✅ 完整發送 261 bytes
[2025-11-11 09:29:55,186] INFO: [PROTOCOL] 準備發送 257 bytes
[2025-11-11 09:29:55,186] INFO: [PROTOCOL] 已發送 261/261 bytes
[2025-11-11 09:29:55,186] INFO: [PROTOCOL] ✅ 完整發送 261 bytes
[2025-11-11 09:29:55,190] INFO: 🎮 Received INPUT from 2: DOWN (seq: 20)
[2025-11-11 09:29:55,190] INFO: ✅ Processing action: DOWN
[2025-11-11 09:29:55,288] INFO: [PROTOCOL] 準備發送 256 bytes
[2025-11-11 09:29:55,289] INFO: [PROTOCOL] 已發送 260/260 bytes
[2025-11-11 09:29:55,289] INFO: [PROTOCOL] ✅ 完整發送 260 bytes
[2025-11-11 09:29:55,289] INFO: [PROTOCOL] 準備發送 256 bytes
[2025-11-11 09:29:55,289] INFO: [PROTOCOL] 已發送 260/260 bytes
[2025-11-11 09:29:55,289] INFO: [PROTOCOL] ✅ 完整發送 260 bytes
[2025-11-11 09:29:55,289] INFO: [PROTOCOL] 準備發送 257 bytes
[2025-11-11 09:29:55,289] INFO: [PROTOCOL] 已發送 261/261 bytes
[2025-11-11 09:29:55,289] INFO: [PROTOCOL] ✅ 完整發送 261 bytes
[2025-11-11 09:29:55,290] INFO: [PROTOCOL] 準備發送 257 bytes
[2025-11-11 09:29:55,290] INFO: [PROTOCOL] 已發送 261/261 bytes
[2025-11-11 09:29:55,290] INFO: [PROTOCOL] ✅ 完整發送 261 bytes
[2025-11-11 09:29:55,395] INFO: [PROTOCOL] 準備發送 256 bytes
[2025-11-11 09:29:55,395] INFO: [PROTOCOL] 已發送 260/260 bytes
[2025-11-11 09:29:55,395] INFO: [PROTOCOL] ✅ 完整發送 260 bytes
[2025-11-11 09:29:55,395] INFO: [PROTOCOL] 準備發送 256 bytes
[2025-11-11 09:29:55,395] INFO: [PROTOCOL] 已發送 260/260 bytes
[2025-11-11 09:29:55,395] INFO: [PROTOCOL] ✅ 完整發送 260 bytes
[2025-11-11 09:29:55,396] INFO: [PROTOCOL] 準備發送 257 bytes
[2025-11-11 09:29:55,396] INFO: [PROTOCOL] 已發送 261/261 bytes
[2025-11-11 09:29:55,396] INFO: [PROTOCOL] ✅ 完整發送 261 bytes
[2025-11-11 09:29:55,396] INFO: [PROTOCOL] 準備發送 257 bytes
[2025-11-11 09:29:55,396] INFO: [PROTOCOL] 已發送 261/261 bytes
[2025-11-11 09:29:55,396] INFO: [PROTOCOL] ✅ 完整發送 261 bytes
[2025-11-11 09:29:55,453] INFO: 🎮 Received INPUT from 2: DOWN (seq: 21)
[2025-11-11 09:29:55,453] INFO: ✅ Processing action: DOWN
[2025-11-11 09:29:55,498] INFO: [PROTOCOL] 準備發送 256 bytes
[2025-11-11 09:29:55,499] INFO: [PROTOCOL] 已發送 260/260 bytes
[2025-11-11 09:29:55,499] INFO: [PROTOCOL] ✅ 完整發送 260 bytes
[2025-11-11 09:29:55,499] INFO: [PROTOCOL] 準備發送 256 bytes
[2025-11-11 09:29:55,499] INFO: [PROTOCOL] 已發送 260/260 bytes
[2025-11-11 09:29:55,499] INFO: [PROTOCOL] ✅ 完整發送 260 bytes
[2025-11-11 09:29:55,499] INFO: [PROTOCOL] 準備發送 252 bytes
[2025-11-11 09:29:55,499] INFO: [PROTOCOL] 已發送 256/256 bytes
[2025-11-11 09:29:55,499] INFO: [PROTOCOL] ✅ 完整發送 256 bytes
[2025-11-11 09:29:55,499] INFO: [PROTOCOL] 準備發送 252 bytes
[2025-11-11 09:29:55,499] INFO: [PROTOCOL] 已發送 256/256 bytes
[2025-11-11 09:29:55,499] INFO: [PROTOCOL] ✅ 完整發送 256 bytes
[2025-11-11 09:29:55,605] INFO: [PROTOCOL] 準備發送 256 bytes
[2025-11-11 09:29:55,605] INFO: [PROTOCOL] 已發送 260/260 bytes
[2025-11-11 09:29:55,606] INFO: [PROTOCOL] ✅ 完整發送 260 bytes
[2025-11-11 09:29:55,606] INFO: [PROTOCOL] 準備發送 256 bytes
[2025-11-11 09:29:55,606] INFO: [PROTOCOL] 已發送 260/260 bytes
[2025-11-11 09:29:55,606] INFO: [PROTOCOL] ✅ 完整發送 260 bytes
[2025-11-11 09:29:55,606] INFO: [PROTOCOL] 準備發送 252 bytes
[2025-11-11 09:29:55,606] INFO: [PROTOCOL] 已發送 256/256 bytes
[2025-11-11 09:29:55,606] INFO: [PROTOCOL] ✅ 完整發送 256 bytes
[2025-11-11 09:29:55,606] INFO: [PROTOCOL] 準備發送 252 bytes
[2025-11-11 09:29:55,606] INFO: [PROTOCOL] 已發送 256/256 bytes
[2025-11-11 09:29:55,606] INFO: [PROTOCOL] ✅ 完整發送 256 bytes
[2025-11-11 09:29:55,609] INFO: 🎮 Received INPUT from 2: DOWN (seq: 22)
[2025-11-11 09:29:55,609] INFO: ✅ Processing action: DOWN
[2025-11-11 09:29:55,713] INFO: [PROTOCOL] 準備發送 256 bytes
[2025-11-11 09:29:55,713] INFO: [PROTOCOL] 已發送 260/260 bytes
[2025-11-11 09:29:55,713] INFO: [PROTOCOL] ✅ 完整發送 260 bytes
[2025-11-11 09:29:55,713] INFO: [PROTOCOL] 準備發送 256 bytes
[2025-11-11 09:29:55,713] INFO: [PROTOCOL] 已發送 260/260 bytes
[2025-11-11 09:29:55,713] INFO: [PROTOCOL] ✅ 完整發送 260 bytes
[2025-11-11 09:29:55,714] INFO: [PROTOCOL] 準備發送 267 bytes
[2025-11-11 09:29:55,714] INFO: [PROTOCOL] 已發送 271/271 bytes
[2025-11-11 09:29:55,714] INFO: [PROTOCOL] ✅ 完整發送 271 bytes
[2025-11-11 09:29:55,714] INFO: [PROTOCOL] 準備發送 267 bytes
[2025-11-11 09:29:55,714] INFO: [PROTOCOL] 已發送 271/271 bytes
[2025-11-11 09:29:55,714] INFO: [PROTOCOL] ✅ 完整發送 271 bytes
[2025-11-11 09:29:55,745] INFO: 🎮 Received INPUT from 2: DOWN (seq: 23)
[2025-11-11 09:29:55,746] INFO: ✅ Processing action: DOWN
[2025-11-11 09:29:55,819] INFO: [PROTOCOL] 準備發送 256 bytes
[2025-11-11 09:29:55,819] INFO: [PROTOCOL] 已發送 260/260 bytes
[2025-11-11 09:29:55,819] INFO: [PROTOCOL] ✅ 完整發送 260 bytes
[2025-11-11 09:29:55,820] INFO: [PROTOCOL] 準備發送 256 bytes
[2025-11-11 09:29:55,820] INFO: [PROTOCOL] 已發送 260/260 bytes
[2025-11-11 09:29:55,820] INFO: [PROTOCOL] ✅ 完整發送 260 bytes
[2025-11-11 09:29:55,820] INFO: [PROTOCOL] 準備發送 268 bytes
[2025-11-11 09:29:55,820] INFO: [PROTOCOL] 已發送 272/272 bytes
[2025-11-11 09:29:55,820] INFO: [PROTOCOL] ✅ 完整發送 272 bytes
[2025-11-11 09:29:55,820] INFO: [PROTOCOL] 準備發送 268 bytes
[2025-11-11 09:29:55,821] INFO: [PROTOCOL] 已發送 272/272 bytes
[2025-11-11 09:29:55,821] INFO: [PROTOCOL] ✅ 完整發送 272 bytes
[2025-11-11 09:29:55,880] INFO: 🎮 Received INPUT from 2: CCW (seq: 24)
[2025-11-11 09:29:55,881] INFO: ✅ Processing action: CCW
[2025-11-11 09:29:55,927] INFO: [PROTOCOL] 準備發送 256 bytes
[2025-11-11 09:29:55,927] INFO: [PROTOCOL] 已發送 260/260 bytes
[2025-11-11 09:29:55,927] INFO: [PROTOCOL] ✅ 完整發送 260 bytes
[2025-11-11 09:29:55,927] INFO: [PROTOCOL] 準備發送 256 bytes
[2025-11-11 09:29:55,927] INFO: [PROTOCOL] 已發送 260/260 bytes
[2025-11-11 09:29:55,927] INFO: [PROTOCOL] ✅ 完整發送 260 bytes
[2025-11-11 09:29:55,927] INFO: [PROTOCOL] 準備發送 276 bytes
[2025-11-11 09:29:55,927] INFO: [PROTOCOL] 已發送 280/280 bytes
[2025-11-11 09:29:55,927] INFO: [PROTOCOL] ✅ 完整發送 280 bytes
[2025-11-11 09:29:55,927] INFO: [PROTOCOL] 準備發送 276 bytes
[2025-11-11 09:29:55,927] INFO: [PROTOCOL] 已發送 280/280 bytes
[2025-11-11 09:29:55,927] INFO: [PROTOCOL] ✅ 完整發送 280 bytes
[2025-11-11 09:29:55,947] INFO: 🎮 Received INPUT from 2: CCW (seq: 25)
[2025-11-11 09:29:55,947] INFO: ✅ Processing action: CCW
[2025-11-11 09:29:55,998] INFO: 🎮 Received INPUT from 2: CCW (seq: 26)
[2025-11-11 09:29:55,998] INFO: ✅ Processing action: CCW
[2025-11-11 09:29:56,032] INFO: [PROTOCOL] 準備發送 256 bytes
[2025-11-11 09:29:56,033] INFO: [PROTOCOL] 已發送 260/260 bytes
[2025-11-11 09:29:56,033] INFO: [PROTOCOL] ✅ 完整發送 260 bytes
[2025-11-11 09:29:56,033] INFO: [PROTOCOL] 準備發送 256 bytes
[2025-11-11 09:29:56,033] INFO: [PROTOCOL] 已發送 260/260 bytes
[2025-11-11 09:29:56,033] INFO: [PROTOCOL] ✅ 完整發送 260 bytes
[2025-11-11 09:29:56,035] INFO: [PROTOCOL] 準備發送 276 bytes
[2025-11-11 09:29:56,035] INFO: [PROTOCOL] 已發送 280/280 bytes
[2025-11-11 09:29:56,035] INFO: [PROTOCOL] ✅ 完整發送 280 bytes
[2025-11-11 09:29:56,035] INFO: [PROTOCOL] 準備發送 276 bytes
[2025-11-11 09:29:56,036] INFO: [PROTOCOL] 已發送 280/280 bytes
[2025-11-11 09:29:56,036] INFO: [PROTOCOL] ✅ 完整發送 280 bytes
[2025-11-11 09:29:56,138] INFO: [PROTOCOL] 準備發送 256 bytes
[2025-11-11 09:29:56,139] INFO: [PROTOCOL] 已發送 260/260 bytes
[2025-11-11 09:29:56,139] INFO: [PROTOCOL] ✅ 完整發送 260 bytes
[2025-11-11 09:29:56,139] INFO: [PROTOCOL] 準備發送 256 bytes
[2025-11-11 09:29:56,139] INFO: [PROTOCOL] 已發送 260/260 bytes
[2025-11-11 09:29:56,140] INFO: [PROTOCOL] ✅ 完整發送 260 bytes
[2025-11-11 09:29:56,140] INFO: [PROTOCOL] 準備發送 276 bytes
[2025-11-11 09:29:56,140] INFO: [PROTOCOL] 已發送 280/280 bytes
[2025-11-11 09:29:56,140] INFO: [PROTOCOL] ✅ 完整發送 280 bytes
[2025-11-11 09:29:56,140] INFO: [PROTOCOL] 準備發送 276 bytes
[2025-11-11 09:29:56,140] INFO: [PROTOCOL] 已發送 280/280 bytes
[2025-11-11 09:29:56,140] INFO: [PROTOCOL] ✅ 完整發送 280 bytes
[2025-11-11 09:29:56,154] INFO: 🎮 Received INPUT from 2: CCW (seq: 27)
[2025-11-11 09:29:56,154] INFO: ✅ Processing action: CCW
[2025-11-11 09:29:56,219] INFO: 🎮 Received INPUT from 2: CCW (seq: 28)
[2025-11-11 09:29:56,219] INFO: ✅ Processing action: CCW
[2025-11-11 09:29:56,245] INFO: [PROTOCOL] 準備發送 256 bytes
[2025-11-11 09:29:56,246] INFO: [PROTOCOL] 已發送 260/260 bytes
[2025-11-11 09:29:56,246] INFO: [PROTOCOL] ✅ 完整發送 260 bytes
[2025-11-11 09:29:56,246] INFO: [PROTOCOL] 準備發送 256 bytes
[2025-11-11 09:29:56,246] INFO: [PROTOCOL] 已發送 260/260 bytes
[2025-11-11 09:29:56,246] INFO: [PROTOCOL] ✅ 完整發送 260 bytes
[2025-11-11 09:29:56,247] INFO: [PROTOCOL] 準備發送 276 bytes
[2025-11-11 09:29:56,247] INFO: [PROTOCOL] 已發送 280/280 bytes
[2025-11-11 09:29:56,247] INFO: [PROTOCOL] ✅ 完整發送 280 bytes
[2025-11-11 09:29:56,247] INFO: [PROTOCOL] 準備發送 276 bytes
[2025-11-11 09:29:56,247] INFO: [PROTOCOL] 已發送 280/280 bytes
[2025-11-11 09:29:56,247] INFO: [PROTOCOL] ✅ 完整發送 280 bytes
[2025-11-11 09:29:56,354] INFO: [PROTOCOL] 準備發送 256 bytes
[2025-11-11 09:29:56,355] INFO: [PROTOCOL] 已發送 260/260 bytes
[2025-11-11 09:29:56,355] INFO: [PROTOCOL] ✅ 完整發送 260 bytes
[2025-11-11 09:29:56,355] INFO: [PROTOCOL] 準備發送 256 bytes
[2025-11-11 09:29:56,355] INFO: [PROTOCOL] 已發送 260/260 bytes
[2025-11-11 09:29:56,355] INFO: [PROTOCOL] ✅ 完整發送 260 bytes
[2025-11-11 09:29:56,355] INFO: [PROTOCOL] 準備發送 276 bytes
[2025-11-11 09:29:56,355] INFO: [PROTOCOL] 已發送 280/280 bytes
[2025-11-11 09:29:56,355] INFO: [PROTOCOL] ✅ 完整發送 280 bytes
[2025-11-11 09:29:56,355] INFO: [PROTOCOL] 準備發送 276 bytes
[2025-11-11 09:29:56,355] INFO: [PROTOCOL] 已發送 280/280 bytes
[2025-11-11 09:29:56,355] INFO: [PROTOCOL] ✅ 完整發送 280 bytes
[2025-11-11 09:29:56,357] INFO: 🎮 Received INPUT from 2: CCW (seq: 29)
[2025-11-11 09:29:56,357] INFO: ✅ Processing action: CCW
[2025-11-11 09:29:56,427] INFO: 🎮 Received INPUT from 2: CCW (seq: 30)
[2025-11-11 09:29:56,427] INFO: ✅ Processing action: CCW
[2025-11-11 09:29:56,458] INFO: [PROTOCOL] 準備發送 256 bytes
[2025-11-11 09:29:56,460] INFO: [PROTOCOL] 已發送 260/260 bytes
[2025-11-11 09:29:56,460] INFO: [PROTOCOL] ✅ 完整發送 260 bytes
[2025-11-11 09:29:56,460] INFO: [PROTOCOL] 準備發送 256 bytes
[2025-11-11 09:29:56,460] INFO: [PROTOCOL] 已發送 260/260 bytes
[2025-11-11 09:29:56,460] INFO: [PROTOCOL] ✅ 完整發送 260 bytes
[2025-11-11 09:29:56,460] INFO: [PROTOCOL] 準備發送 276 bytes
[2025-11-11 09:29:56,461] INFO: [PROTOCOL] 已發送 280/280 bytes
[2025-11-11 09:29:56,461] INFO: [PROTOCOL] ✅ 完整發送 280 bytes
[2025-11-11 09:29:56,461] INFO: [PROTOCOL] 準備發送 276 bytes
[2025-11-11 09:29:56,461] INFO: [PROTOCOL] 已發送 280/280 bytes
[2025-11-11 09:29:56,461] INFO: [PROTOCOL] ✅ 完整發送 280 bytes
[2025-11-11 09:29:56,558] INFO: 🎮 Received INPUT from 2: CCW (seq: 31)
[2025-11-11 09:29:56,558] INFO: ✅ Processing action: CCW
[2025-11-11 09:29:56,565] INFO: [PROTOCOL] 準備發送 256 bytes
[2025-11-11 09:29:56,565] INFO: [PROTOCOL] 已發送 260/260 bytes
[2025-11-11 09:29:56,565] INFO: [PROTOCOL] ✅ 完整發送 260 bytes
[2025-11-11 09:29:56,566] INFO: [PROTOCOL] 準備發送 256 bytes
[2025-11-11 09:29:56,566] INFO: [PROTOCOL] 已發送 260/260 bytes
[2025-11-11 09:29:56,566] INFO: [PROTOCOL] ✅ 完整發送 260 bytes
[2025-11-11 09:29:56,566] INFO: [PROTOCOL] 準備發送 268 bytes
[2025-11-11 09:29:56,566] INFO: [PROTOCOL] 已發送 272/272 bytes
[2025-11-11 09:29:56,566] INFO: [PROTOCOL] ✅ 完整發送 272 bytes
[2025-11-11 09:29:56,566] INFO: [PROTOCOL] 準備發送 268 bytes
[2025-11-11 09:29:56,566] INFO: [PROTOCOL] 已發送 272/272 bytes
[2025-11-11 09:29:56,566] INFO: [PROTOCOL] ✅ 完整發送 272 bytes
[2025-11-11 09:29:56,624] INFO: 🎮 Received INPUT from 2: CCW (seq: 32)
[2025-11-11 09:29:56,624] INFO: ✅ Processing action: CCW
[2025-11-11 09:29:56,672] INFO: [PROTOCOL] 準備發送 256 bytes
[2025-11-11 09:29:56,673] INFO: [PROTOCOL] 已發送 260/260 bytes
[2025-11-11 09:29:56,674] INFO: [PROTOCOL] ✅ 完整發送 260 bytes
[2025-11-11 09:29:56,674] INFO: [PROTOCOL] 準備發送 256 bytes
[2025-11-11 09:29:56,674] INFO: [PROTOCOL] 已發送 260/260 bytes
[2025-11-11 09:29:56,674] INFO: [PROTOCOL] ✅ 完整發送 260 bytes
[2025-11-11 09:29:56,674] INFO: [PROTOCOL] 準備發送 276 bytes
[2025-11-11 09:29:56,674] INFO: [PROTOCOL] 已發送 280/280 bytes
[2025-11-11 09:29:56,674] INFO: [PROTOCOL] ✅ 完整發送 280 bytes
[2025-11-11 09:29:56,674] INFO: [PROTOCOL] 準備發送 276 bytes
[2025-11-11 09:29:56,674] INFO: [PROTOCOL] 已發送 280/280 bytes
[2025-11-11 09:29:56,675] INFO: [PROTOCOL] ✅ 完整發送 280 bytes
[2025-11-11 09:29:56,729] INFO: 🎮 Received INPUT from 2: CCW (seq: 33)
[2025-11-11 09:29:56,730] INFO: ✅ Processing action: CCW
[2025-11-11 09:29:56,776] INFO: [PROTOCOL] 準備發送 257 bytes
[2025-11-11 09:29:56,776] INFO: [PROTOCOL] 已發送 261/261 bytes
[2025-11-11 09:29:56,776] INFO: [PROTOCOL] ✅ 完整發送 261 bytes
[2025-11-11 09:29:56,777] INFO: [PROTOCOL] 準備發送 257 bytes
[2025-11-11 09:29:56,777] INFO: [PROTOCOL] 已發送 261/261 bytes
[2025-11-11 09:29:56,777] INFO: [PROTOCOL] ✅ 完整發送 261 bytes
[2025-11-11 09:29:56,777] INFO: [PROTOCOL] 準備發送 268 bytes
[2025-11-11 09:29:56,777] INFO: [PROTOCOL] 已發送 272/272 bytes
[2025-11-11 09:29:56,777] INFO: [PROTOCOL] ✅ 完整發送 272 bytes
[2025-11-11 09:29:56,777] INFO: [PROTOCOL] 準備發送 268 bytes
[2025-11-11 09:29:56,778] INFO: [PROTOCOL] 已發送 272/272 bytes
[2025-11-11 09:29:56,778] INFO: [PROTOCOL] ✅ 完整發送 272 bytes
[2025-11-11 09:29:56,793] INFO: 🎮 Received INPUT from 2: CCW (seq: 34)
[2025-11-11 09:29:56,793] INFO: ✅ Processing action: CCW
[2025-11-11 09:29:56,881] INFO: [PROTOCOL] 準備發送 257 bytes
[2025-11-11 09:29:56,881] INFO: [PROTOCOL] 已發送 261/261 bytes
[2025-11-11 09:29:56,881] INFO: [PROTOCOL] ✅ 完整發送 261 bytes
[2025-11-11 09:29:56,881] INFO: [PROTOCOL] 準備發送 257 bytes
[2025-11-11 09:29:56,881] INFO: [PROTOCOL] 已發送 261/261 bytes
[2025-11-11 09:29:56,881] INFO: [PROTOCOL] ✅ 完整發送 261 bytes
[2025-11-11 09:29:56,881] INFO: [PROTOCOL] 準備發送 276 bytes
[2025-11-11 09:29:56,881] INFO: [PROTOCOL] 已發送 280/280 bytes
[2025-11-11 09:29:56,881] INFO: [PROTOCOL] ✅ 完整發送 280 bytes
[2025-11-11 09:29:56,881] INFO: [PROTOCOL] 準備發送 276 bytes
[2025-11-11 09:29:56,881] INFO: [PROTOCOL] 已發送 280/280 bytes
[2025-11-11 09:29:56,881] INFO: [PROTOCOL] ✅ 完整發送 280 bytes
[2025-11-11 09:29:56,986] INFO: [PROTOCOL] 準備發送 257 bytes
[2025-11-11 09:29:56,986] INFO: [PROTOCOL] 已發送 261/261 bytes
[2025-11-11 09:29:56,987] INFO: [PROTOCOL] ✅ 完整發送 261 bytes
[2025-11-11 09:29:56,987] INFO: [PROTOCOL] 準備發送 257 bytes
[2025-11-11 09:29:56,987] INFO: [PROTOCOL] 已發送 261/261 bytes
[2025-11-11 09:29:56,987] INFO: [PROTOCOL] ✅ 完整發送 261 bytes
[2025-11-11 09:29:56,987] INFO: [PROTOCOL] 準備發送 276 bytes
[2025-11-11 09:29:56,987] INFO: [PROTOCOL] 已發送 280/280 bytes
[2025-11-11 09:29:56,987] INFO: [PROTOCOL] ✅ 完整發送 280 bytes
[2025-11-11 09:29:56,987] INFO: [PROTOCOL] 準備發送 276 bytes
[2025-11-11 09:29:56,987] INFO: [PROTOCOL] 已發送 280/280 bytes
[2025-11-11 09:29:56,987] INFO: [PROTOCOL] ✅ 完整發送 280 bytes
[2025-11-11 09:29:57,092] INFO: [PROTOCOL] 準備發送 257 bytes
[2025-11-11 09:29:57,092] INFO: [PROTOCOL] 已發送 261/261 bytes
[2025-11-11 09:29:57,092] INFO: [PROTOCOL] ✅ 完整發送 261 bytes
[2025-11-11 09:29:57,092] INFO: [PROTOCOL] 準備發送 257 bytes
[2025-11-11 09:29:57,093] INFO: [PROTOCOL] 已發送 261/261 bytes
[2025-11-11 09:29:57,093] INFO: [PROTOCOL] ✅ 完整發送 261 bytes
[2025-11-11 09:29:57,093] INFO: [PROTOCOL] 準備發送 276 bytes
[2025-11-11 09:29:57,093] INFO: [PROTOCOL] 已發送 280/280 bytes
[2025-11-11 09:29:57,093] INFO: [PROTOCOL] ✅ 完整發送 280 bytes
[2025-11-11 09:29:57,093] INFO: [PROTOCOL] 準備發送 276 bytes
[2025-11-11 09:29:57,093] INFO: [PROTOCOL] 已發送 280/280 bytes
[2025-11-11 09:29:57,093] INFO: [PROTOCOL] ✅ 完整發送 280 bytes
[2025-11-11 09:29:57,194] INFO: [PROTOCOL] 準備發送 257 bytes
[2025-11-11 09:29:57,195] INFO: [PROTOCOL] 已發送 261/261 bytes
[2025-11-11 09:29:57,195] INFO: [PROTOCOL] ✅ 完整發送 261 bytes
[2025-11-11 09:29:57,195] INFO: [PROTOCOL] 準備發送 257 bytes
[2025-11-11 09:29:57,195] INFO: [PROTOCOL] 已發送 261/261 bytes
[2025-11-11 09:29:57,195] INFO: [PROTOCOL] ✅ 完整發送 261 bytes
[2025-11-11 09:29:57,195] INFO: [PROTOCOL] 準備發送 276 bytes
[2025-11-11 09:29:57,195] INFO: [PROTOCOL] 已發送 280/280 bytes
[2025-11-11 09:29:57,195] INFO: [PROTOCOL] ✅ 完整發送 280 bytes
[2025-11-11 09:29:57,195] INFO: [PROTOCOL] 準備發送 276 bytes
[2025-11-11 09:29:57,196] INFO: [PROTOCOL] 已發送 280/280 bytes
[2025-11-11 09:29:57,196] INFO: [PROTOCOL] ✅ 完整發送 280 bytes
[2025-11-11 09:29:57,301] INFO: [PROTOCOL] 準備發送 257 bytes
[2025-11-11 09:29:57,302] INFO: [PROTOCOL] 已發送 261/261 bytes
[2025-11-11 09:29:57,302] INFO: [PROTOCOL] ✅ 完整發送 261 bytes
[2025-11-11 09:29:57,302] INFO: [PROTOCOL] 準備發送 257 bytes
[2025-11-11 09:29:57,302] INFO: [PROTOCOL] 已發送 261/261 bytes
[2025-11-11 09:29:57,302] INFO: [PROTOCOL] ✅ 完整發送 261 bytes
[2025-11-11 09:29:57,302] INFO: [PROTOCOL] 準備發送 276 bytes
[2025-11-11 09:29:57,302] INFO: [PROTOCOL] 已發送 280/280 bytes
[2025-11-11 09:29:57,302] INFO: [PROTOCOL] ✅ 完整發送 280 bytes
[2025-11-11 09:29:57,303] INFO: [PROTOCOL] 準備發送 276 bytes
[2025-11-11 09:29:57,303] INFO: [PROTOCOL] 已發送 280/280 bytes
[2025-11-11 09:29:57,303] INFO: [PROTOCOL] ✅ 完整發送 280 bytes
[2025-11-11 09:29:57,408] INFO: [PROTOCOL] 準備發送 257 bytes
[2025-11-11 09:29:57,408] INFO: [PROTOCOL] 已發送 261/261 bytes
[2025-11-11 09:29:57,408] INFO: [PROTOCOL] ✅ 完整發送 261 bytes
[2025-11-11 09:29:57,408] INFO: [PROTOCOL] 準備發送 257 bytes
[2025-11-11 09:29:57,408] INFO: [PROTOCOL] 已發送 261/261 bytes
[2025-11-11 09:29:57,409] INFO: [PROTOCOL] ✅ 完整發送 261 bytes
[2025-11-11 09:29:57,409] INFO: [PROTOCOL] 準備發送 276 bytes
[2025-11-11 09:29:57,409] INFO: [PROTOCOL] 已發送 280/280 bytes
[2025-11-11 09:29:57,409] INFO: [PROTOCOL] ✅ 完整發送 280 bytes
[2025-11-11 09:29:57,409] INFO: [PROTOCOL] 準備發送 276 bytes
[2025-11-11 09:29:57,409] INFO: [PROTOCOL] 已發送 280/280 bytes
[2025-11-11 09:29:57,409] INFO: [PROTOCOL] ✅ 完整發送 280 bytes
[2025-11-11 09:29:57,514] INFO: [PROTOCOL] 準備發送 257 bytes
[2025-11-11 09:29:57,514] INFO: [PROTOCOL] 已發送 261/261 bytes
[2025-11-11 09:29:57,514] INFO: [PROTOCOL] ✅ 完整發送 261 bytes
[2025-11-11 09:29:57,514] INFO: [PROTOCOL] 準備發送 257 bytes
[2025-11-11 09:29:57,514] INFO: [PROTOCOL] 已發送 261/261 bytes
[2025-11-11 09:29:57,514] INFO: [PROTOCOL] ✅ 完整發送 261 bytes
[2025-11-11 09:29:57,514] INFO: [PROTOCOL] 準備發送 276 bytes
[2025-11-11 09:29:57,515] INFO: [PROTOCOL] 已發送 280/280 bytes
[2025-11-11 09:29:57,515] INFO: [PROTOCOL] ✅ 完整發送 280 bytes
[2025-11-11 09:29:57,515] INFO: [PROTOCOL] 準備發送 276 bytes
[2025-11-11 09:29:57,515] INFO: [PROTOCOL] 已發送 280/280 bytes
[2025-11-11 09:29:57,515] INFO: [PROTOCOL] ✅ 完整發送 280 bytes
[2025-11-11 09:29:57,620] INFO: [PROTOCOL] 準備發送 257 bytes
[2025-11-11 09:29:57,620] INFO: [PROTOCOL] 已發送 261/261 bytes
[2025-11-11 09:29:57,620] INFO: [PROTOCOL] ✅ 完整發送 261 bytes
[2025-11-11 09:29:57,620] INFO: [PROTOCOL] 準備發送 257 bytes
[2025-11-11 09:29:57,620] INFO: [PROTOCOL] 已發送 261/261 bytes
[2025-11-11 09:29:57,620] INFO: [PROTOCOL] ✅ 完整發送 261 bytes
[2025-11-11 09:29:57,620] INFO: [PROTOCOL] 準備發送 276 bytes
[2025-11-11 09:29:57,620] INFO: [PROTOCOL] 已發送 280/280 bytes
[2025-11-11 09:29:57,620] INFO: [PROTOCOL] ✅ 完整發送 280 bytes
[2025-11-11 09:29:57,620] INFO: [PROTOCOL] 準備發送 276 bytes
[2025-11-11 09:29:57,621] INFO: [PROTOCOL] 已發送 280/280 bytes
[2025-11-11 09:29:57,621] INFO: [PROTOCOL] ✅ 完整發送 280 bytes
[2025-11-11 09:29:57,723] INFO: [PROTOCOL] 準備發送 257 bytes
[2025-11-11 09:29:57,723] INFO: [PROTOCOL] 已發送 261/261 bytes
[2025-11-11 09:29:57,723] INFO: [PROTOCOL] ✅ 完整發送 261 bytes
[2025-11-11 09:29:57,723] INFO: [PROTOCOL] 準備發送 257 bytes
[2025-11-11 09:29:57,724] INFO: [PROTOCOL] 已發送 261/261 bytes
[2025-11-11 09:29:57,724] INFO: [PROTOCOL] ✅ 完整發送 261 bytes
[2025-11-11 09:29:57,724] INFO: [PROTOCOL] 準備發送 276 bytes
[2025-11-11 09:29:57,724] INFO: [PROTOCOL] 已發送 280/280 bytes
[2025-11-11 09:29:57,724] INFO: [PROTOCOL] ✅ 完整發送 280 bytes
[2025-11-11 09:29:57,724] INFO: [PROTOCOL] 準備發送 276 bytes
[2025-11-11 09:29:57,724] INFO: [PROTOCOL] 已發送 280/280 bytes
[2025-11-11 09:29:57,724] INFO: [PROTOCOL] ✅ 完整發送 280 bytes
[2025-11-11 09:29:57,829] INFO: [PROTOCOL] 準備發送 257 bytes
[2025-11-11 09:29:57,829] INFO: [PROTOCOL] 已發送 261/261 bytes
[2025-11-11 09:29:57,829] INFO: [PROTOCOL] ✅ 完整發送 261 bytes
[2025-11-11 09:29:57,830] INFO: [PROTOCOL] 準備發送 257 bytes
[2025-11-11 09:29:57,830] INFO: [PROTOCOL] 已發送 261/261 bytes
[2025-11-11 09:29:57,830] INFO: [PROTOCOL] ✅ 完整發送 261 bytes
[2025-11-11 09:29:57,830] INFO: [PROTOCOL] 準備發送 276 bytes
[2025-11-11 09:29:57,830] INFO: [PROTOCOL] 已發送 280/280 bytes
[2025-11-11 09:29:57,830] INFO: [PROTOCOL] ✅ 完整發送 280 bytes
[2025-11-11 09:29:57,830] INFO: [PROTOCOL] 準備發送 276 bytes
[2025-11-11 09:29:57,830] INFO: [PROTOCOL] 已發送 280/280 bytes
[2025-11-11 09:29:57,830] INFO: [PROTOCOL] ✅ 完整發送 280 bytes
[2025-11-11 09:29:57,934] INFO: [PROTOCOL] 準備發送 257 bytes
[2025-11-11 09:29:57,934] INFO: [PROTOCOL] 已發送 261/261 bytes
[2025-11-11 09:29:57,935] INFO: [PROTOCOL] ✅ 完整發送 261 bytes
[2025-11-11 09:29:57,935] INFO: [PROTOCOL] 準備發送 257 bytes
[2025-11-11 09:29:57,935] INFO: [PROTOCOL] 已發送 261/261 bytes
[2025-11-11 09:29:57,935] INFO: [PROTOCOL] ✅ 完整發送 261 bytes
[2025-11-11 09:29:57,935] INFO: [PROTOCOL] 準備發送 276 bytes
[2025-11-11 09:29:57,935] INFO: [PROTOCOL] 已發送 280/280 bytes
[2025-11-11 09:29:57,936] INFO: [PROTOCOL] ✅ 完整發送 280 bytes
[2025-11-11 09:29:57,936] INFO: [PROTOCOL] 準備發送 276 bytes
[2025-11-11 09:29:57,936] INFO: [PROTOCOL] 已發送 280/280 bytes
[2025-11-11 09:29:57,936] INFO: [PROTOCOL] ✅ 完整發送 280 bytes
[2025-11-11 09:29:58,038] INFO: [PROTOCOL] 準備發送 257 bytes
[2025-11-11 09:29:58,038] INFO: [PROTOCOL] 已發送 261/261 bytes
[2025-11-11 09:29:58,038] INFO: [PROTOCOL] ✅ 完整發送 261 bytes
[2025-11-11 09:29:58,038] INFO: [PROTOCOL] 準備發送 257 bytes
[2025-11-11 09:29:58,038] INFO: [PROTOCOL] 已發送 261/261 bytes
[2025-11-11 09:29:58,038] INFO: [PROTOCOL] ✅ 完整發送 261 bytes
[2025-11-11 09:29:58,038] INFO: [PROTOCOL] 準備發送 276 bytes
[2025-11-11 09:29:58,038] INFO: [PROTOCOL] 已發送 280/280 bytes
[2025-11-11 09:29:58,038] INFO: [PROTOCOL] ✅ 完整發送 280 bytes
[2025-11-11 09:29:58,038] INFO: [PROTOCOL] 準備發送 276 bytes
[2025-11-11 09:29:58,038] INFO: [PROTOCOL] 已發送 280/280 bytes
[2025-11-11 09:29:58,038] INFO: [PROTOCOL] ✅ 完整發送 280 bytes
[2025-11-11 09:29:58,144] INFO: [PROTOCOL] 準備發送 257 bytes
[2025-11-11 09:29:58,145] INFO: [PROTOCOL] 已發送 261/261 bytes
[2025-11-11 09:29:58,145] INFO: [PROTOCOL] ✅ 完整發送 261 bytes
[2025-11-11 09:29:58,145] INFO: [PROTOCOL] 準備發送 257 bytes
[2025-11-11 09:29:58,145] INFO: [PROTOCOL] 已發送 261/261 bytes
[2025-11-11 09:29:58,145] INFO: [PROTOCOL] ✅ 完整發送 261 bytes
[2025-11-11 09:29:58,145] INFO: [PROTOCOL] 準備發送 276 bytes
[2025-11-11 09:29:58,145] INFO: [PROTOCOL] 已發送 280/280 bytes
[2025-11-11 09:29:58,145] INFO: [PROTOCOL] ✅ 完整發送 280 bytes
[2025-11-11 09:29:58,145] INFO: [PROTOCOL] 準備發送 276 bytes
[2025-11-11 09:29:58,145] INFO: [PROTOCOL] 已發送 280/280 bytes
[2025-11-11 09:29:58,145] INFO: [PROTOCOL] ✅ 完整發送 280 bytes
[2025-11-11 09:29:58,250] INFO: [PROTOCOL] 準備發送 257 bytes
[2025-11-11 09:29:58,251] INFO: [PROTOCOL] 已發送 261/261 bytes
[2025-11-11 09:29:58,251] INFO: [PROTOCOL] ✅ 完整發送 261 bytes
[2025-11-11 09:29:58,251] INFO: [PROTOCOL] 準備發送 257 bytes
[2025-11-11 09:29:58,251] INFO: [PROTOCOL] 已發送 261/261 bytes
[2025-11-11 09:29:58,251] INFO: [PROTOCOL] ✅ 完整發送 261 bytes
[2025-11-11 09:29:58,251] INFO: [PROTOCOL] 準備發送 276 bytes
[2025-11-11 09:29:58,251] INFO: [PROTOCOL] 已發送 280/280 bytes
[2025-11-11 09:29:58,251] INFO: [PROTOCOL] ✅ 完整發送 280 bytes
[2025-11-11 09:29:58,251] INFO: [PROTOCOL] 準備發送 276 bytes
[2025-11-11 09:29:58,251] INFO: [PROTOCOL] 已發送 280/280 bytes
[2025-11-11 09:29:58,251] INFO: [PROTOCOL] ✅ 完整發送 280 bytes
[2025-11-11 09:29:58,356] INFO: [PROTOCOL] 準備發送 257 bytes
[2025-11-11 09:29:58,356] INFO: [PROTOCOL] 已發送 261/261 bytes
[2025-11-11 09:29:58,356] INFO: [PROTOCOL] ✅ 完整發送 261 bytes
[2025-11-11 09:29:58,356] INFO: [PROTOCOL] 準備發送 257 bytes
[2025-11-11 09:29:58,357] INFO: [PROTOCOL] 已發送 261/261 bytes
[2025-11-11 09:29:58,357] INFO: [PROTOCOL] ✅ 完整發送 261 bytes
[2025-11-11 09:29:58,357] INFO: [PROTOCOL] 準備發送 275 bytes
[2025-11-11 09:29:58,357] INFO: [PROTOCOL] 已發送 279/279 bytes
[2025-11-11 09:29:58,357] INFO: [PROTOCOL] ✅ 完整發送 279 bytes
[2025-11-11 09:29:58,357] INFO: [PROTOCOL] 準備發送 275 bytes
[2025-11-11 09:29:58,357] INFO: [PROTOCOL] 已發送 279/279 bytes
[2025-11-11 09:29:58,357] INFO: [PROTOCOL] ✅ 完整發送 279 bytes
[2025-11-11 09:29:58,462] INFO: [PROTOCOL] 準備發送 257 bytes
[2025-11-11 09:29:58,462] INFO: [PROTOCOL] 已發送 261/261 bytes
[2025-11-11 09:29:58,462] INFO: [PROTOCOL] ✅ 完整發送 261 bytes
[2025-11-11 09:29:58,462] INFO: [PROTOCOL] 準備發送 257 bytes
[2025-11-11 09:29:58,462] INFO: [PROTOCOL] 已發送 261/261 bytes
[2025-11-11 09:29:58,462] INFO: [PROTOCOL] ✅ 完整發送 261 bytes
[2025-11-11 09:29:58,462] INFO: [PROTOCOL] 準備發送 275 bytes
[2025-11-11 09:29:58,462] INFO: [PROTOCOL] 已發送 279/279 bytes
[2025-11-11 09:29:58,462] INFO: [PROTOCOL] ✅ 完整發送 279 bytes
[2025-11-11 09:29:58,462] INFO: [PROTOCOL] 準備發送 275 bytes
[2025-11-11 09:29:58,463] INFO: [PROTOCOL] 已發送 279/279 bytes
[2025-11-11 09:29:58,463] INFO: [PROTOCOL] ✅ 完整發送 279 bytes
[2025-11-11 09:29:58,568] INFO: [PROTOCOL] 準備發送 257 bytes
[2025-11-11 09:29:58,568] INFO: [PROTOCOL] 已發送 261/261 bytes
[2025-11-11 09:29:58,568] INFO: [PROTOCOL] ✅ 完整發送 261 bytes
[2025-11-11 09:29:58,568] INFO: [PROTOCOL] 準備發送 257 bytes
[2025-11-11 09:29:58,568] INFO: [PROTOCOL] 已發送 261/261 bytes
[2025-11-11 09:29:58,568] INFO: [PROTOCOL] ✅ 完整發送 261 bytes
[2025-11-11 09:29:58,568] INFO: [PROTOCOL] 準備發送 275 bytes
[2025-11-11 09:29:58,568] INFO: [PROTOCOL] 已發送 279/279 bytes
[2025-11-11 09:29:58,568] INFO: [PROTOCOL] ✅ 完整發送 279 bytes
[2025-11-11 09:29:58,568] INFO: [PROTOCOL] 準備發送 275 bytes
[2025-11-11 09:29:58,568] INFO: [PROTOCOL] 已發送 279/279 bytes
[2025-11-11 09:29:58,568] INFO: [PROTOCOL] ✅ 完整發送 279 bytes
[2025-11-11 09:29:58,672] INFO: [PROTOCOL] 準備發送 257 bytes
[2025-11-11 09:29:58,672] INFO: [PROTOCOL] 已發送 261/261 bytes
[2025-11-11 09:29:58,672] INFO: [PROTOCOL] ✅ 完整發送 261 bytes
[2025-11-11 09:29:58,672] INFO: [PROTOCOL] 準備發送 257 bytes
[2025-11-11 09:29:58,672] INFO: [PROTOCOL] 已發送 261/261 bytes
[2025-11-11 09:29:58,672] INFO: [PROTOCOL] ✅ 完整發送 261 bytes
[2025-11-11 09:29:58,672] INFO: [PROTOCOL] 準備發送 275 bytes
[2025-11-11 09:29:58,672] INFO: [PROTOCOL] 已發送 279/279 bytes
[2025-11-11 09:29:58,672] INFO: [PROTOCOL] ✅ 完整發送 279 bytes
[2025-11-11 09:29:58,672] INFO: [PROTOCOL] 準備發送 275 bytes
[2025-11-11 09:29:58,672] INFO: [PROTOCOL] 已發送 279/279 bytes
[2025-11-11 09:29:58,672] INFO: [PROTOCOL] ✅ 完整發送 279 bytes
[2025-11-11 09:29:58,774] INFO: [PROTOCOL] 準備發送 257 bytes
[2025-11-11 09:29:58,774] INFO: [PROTOCOL] 已發送 261/261 bytes
[2025-11-11 09:29:58,774] INFO: [PROTOCOL] ✅ 完整發送 261 bytes
[2025-11-11 09:29:58,774] INFO: [PROTOCOL] 準備發送 257 bytes
[2025-11-11 09:29:58,774] INFO: [PROTOCOL] 已發送 261/261 bytes
[2025-11-11 09:29:58,774] INFO: [PROTOCOL] ✅ 完整發送 261 bytes
[2025-11-11 09:29:58,775] INFO: [PROTOCOL] 準備發送 275 bytes
[2025-11-11 09:29:58,775] INFO: [PROTOCOL] 已發送 279/279 bytes
[2025-11-11 09:29:58,775] INFO: [PROTOCOL] ✅ 完整發送 279 bytes
[2025-11-11 09:29:58,775] INFO: [PROTOCOL] 準備發送 275 bytes
[2025-11-11 09:29:58,775] INFO: [PROTOCOL] 已發送 279/279 bytes
[2025-11-11 09:29:58,775] INFO: [PROTOCOL] ✅ 完整發送 279 bytes
[2025-11-11 09:29:58,880] INFO: [PROTOCOL] 準備發送 257 bytes
[2025-11-11 09:29:58,881] INFO: [PROTOCOL] 已發送 261/261 bytes
[2025-11-11 09:29:58,881] INFO: [PROTOCOL] ✅ 完整發送 261 bytes
[2025-11-11 09:29:58,881] INFO: [PROTOCOL] 準備發送 257 bytes
[2025-11-11 09:29:58,881] INFO: [PROTOCOL] 已發送 261/261 bytes
[2025-11-11 09:29:58,881] INFO: [PROTOCOL] ✅ 完整發送 261 bytes
[2025-11-11 09:29:58,881] INFO: [PROTOCOL] 準備發送 275 bytes
[2025-11-11 09:29:58,881] INFO: [PROTOCOL] 已發送 279/279 bytes
[2025-11-11 09:29:58,881] INFO: [PROTOCOL] ✅ 完整發送 279 bytes
[2025-11-11 09:29:58,881] INFO: [PROTOCOL] 準備發送 275 bytes
[2025-11-11 09:29:58,882] INFO: [PROTOCOL] 已發送 279/279 bytes
[2025-11-11 09:29:58,882] INFO: [PROTOCOL] ✅ 完整發送 279 bytes
[2025-11-11 09:29:58,987] INFO: [PROTOCOL] 準備發送 257 bytes
[2025-11-11 09:29:58,988] INFO: [PROTOCOL] 已發送 261/261 bytes
[2025-11-11 09:29:58,988] INFO: [PROTOCOL] ✅ 完整發送 261 bytes
[2025-11-11 09:29:58,988] INFO: [PROTOCOL] 準備發送 257 bytes
[2025-11-11 09:29:58,988] INFO: [PROTOCOL] 已發送 261/261 bytes
[2025-11-11 09:29:58,988] INFO: [PROTOCOL] ✅ 完整發送 261 bytes
[2025-11-11 09:29:58,988] INFO: [PROTOCOL] 準備發送 275 bytes
[2025-11-11 09:29:58,988] INFO: [PROTOCOL] 已發送 279/279 bytes
[2025-11-11 09:29:58,988] INFO: [PROTOCOL] ✅ 完整發送 279 bytes
[2025-11-11 09:29:58,989] INFO: [PROTOCOL] 準備發送 275 bytes
[2025-11-11 09:29:58,989] INFO: [PROTOCOL] 已發送 279/279 bytes
[2025-11-11 09:29:58,989] INFO: [PROTOCOL] ✅ 完整發送 279 bytes
[2025-11-11 09:29:59,094] INFO: [PROTOCOL] 準備發送 257 bytes
[2025-11-11 09:29:59,095] INFO: [PROTOCOL] 已發送 261/261 bytes
[2025-11-11 09:29:59,095] INFO: [PROTOCOL] ✅ 完整發送 261 bytes
[2025-11-11 09:29:59,095] INFO: [PROTOCOL] 準備發送 257 bytes
[2025-11-11 09:29:59,095] INFO: [PROTOCOL] 已發送 261/261 bytes
[2025-11-11 09:29:59,095] INFO: [PROTOCOL] ✅ 完整發送 261 bytes
[2025-11-11 09:29:59,095] INFO: [PROTOCOL] 準備發送 275 bytes
[2025-11-11 09:29:59,095] INFO: [PROTOCOL] 已發送 279/279 bytes
[2025-11-11 09:29:59,095] INFO: [PROTOCOL] ✅ 完整發送 279 bytes
[2025-11-11 09:29:59,095] INFO: [PROTOCOL] 準備發送 275 bytes
[2025-11-11 09:29:59,095] INFO: [PROTOCOL] 已發送 279/279 bytes
[2025-11-11 09:29:59,095] INFO: [PROTOCOL] ✅ 完整發送 279 bytes
[2025-11-11 09:29:59,200] INFO: [PROTOCOL] 準備發送 257 bytes
[2025-11-11 09:29:59,200] INFO: [PROTOCOL] 已發送 261/261 bytes
[2025-11-11 09:29:59,200] INFO: [PROTOCOL] ✅ 完整發送 261 bytes
[2025-11-11 09:29:59,200] INFO: [PROTOCOL] 準備發送 257 bytes
[2025-11-11 09:29:59,200] INFO: [PROTOCOL] 已發送 261/261 bytes
[2025-11-11 09:29:59,200] INFO: [PROTOCOL] ✅ 完整發送 261 bytes
[2025-11-11 09:29:59,200] INFO: [PROTOCOL] 準備發送 275 bytes
[2025-11-11 09:29:59,200] INFO: [PROTOCOL] 已發送 279/279 bytes
[2025-11-11 09:29:59,200] INFO: [PROTOCOL] ✅ 完整發送 279 bytes
[2025-11-11 09:29:59,200] INFO: [PROTOCOL] 準備發送 275 bytes
[2025-11-11 09:29:59,200] INFO: [PROTOCOL] 已發送 279/279 bytes
[2025-11-11 09:29:59,200] INFO: [PROTOCOL] ✅ 完整發送 279 bytes
[2025-11-11 09:29:59,306] INFO: [PROTOCOL] 準備發送 257 bytes
[2025-11-11 09:29:59,306] INFO: [PROTOCOL] 已發送 261/261 bytes
[2025-11-11 09:29:59,306] INFO: [PROTOCOL] ✅ 完整發送 261 bytes
[2025-11-11 09:29:59,306] INFO: [PROTOCOL] 準備發送 257 bytes
[2025-11-11 09:29:59,306] INFO: [PROTOCOL] 已發送 261/261 bytes
[2025-11-11 09:29:59,307] INFO: [PROTOCOL] ✅ 完整發送 261 bytes
[2025-11-11 09:29:59,307] INFO: [PROTOCOL] 準備發送 275 bytes
[2025-11-11 09:29:59,307] INFO: [PROTOCOL] 已發送 279/279 bytes
[2025-11-11 09:29:59,307] INFO: [PROTOCOL] ✅ 完整發送 279 bytes
[2025-11-11 09:29:59,307] INFO: [PROTOCOL] 準備發送 275 bytes
[2025-11-11 09:29:59,307] INFO: [PROTOCOL] 已發送 279/279 bytes
[2025-11-11 09:29:59,307] INFO: [PROTOCOL] ✅ 完整發送 279 bytes
[2025-11-11 09:29:59,409] INFO: [PROTOCOL] 準備發送 257 bytes
[2025-11-11 09:29:59,409] INFO: [PROTOCOL] 已發送 261/261 bytes
[2025-11-11 09:29:59,409] INFO: [PROTOCOL] ✅ 完整發送 261 bytes
[2025-11-11 09:29:59,409] INFO: [PROTOCOL] 準備發送 257 bytes
[2025-11-11 09:29:59,409] INFO: [PROTOCOL] 已發送 261/261 bytes
[2025-11-11 09:29:59,409] INFO: [PROTOCOL] ✅ 完整發送 261 bytes
[2025-11-11 09:29:59,409] INFO: [PROTOCOL] 準備發送 275 bytes
[2025-11-11 09:29:59,409] INFO: [PROTOCOL] 已發送 279/279 bytes
[2025-11-11 09:29:59,409] INFO: [PROTOCOL] ✅ 完整發送 279 bytes
[2025-11-11 09:29:59,409] INFO: [PROTOCOL] 準備發送 275 bytes
[2025-11-11 09:29:59,409] INFO: [PROTOCOL] 已發送 279/279 bytes
[2025-11-11 09:29:59,410] INFO: [PROTOCOL] ✅ 完整發送 279 bytes
[2025-11-11 09:29:59,511] INFO: [PROTOCOL] 準備發送 257 bytes
[2025-11-11 09:29:59,511] INFO: [PROTOCOL] 已發送 261/261 bytes
[2025-11-11 09:29:59,511] INFO: [PROTOCOL] ✅ 完整發送 261 bytes
[2025-11-11 09:29:59,511] INFO: [PROTOCOL] 準備發送 257 bytes
[2025-11-11 09:29:59,512] INFO: [PROTOCOL] 已發送 261/261 bytes
[2025-11-11 09:29:59,512] INFO: [PROTOCOL] ✅ 完整發送 261 bytes
[2025-11-11 09:29:59,512] INFO: [PROTOCOL] 準備發送 275 bytes
[2025-11-11 09:29:59,512] INFO: [PROTOCOL] 已發送 279/279 bytes
[2025-11-11 09:29:59,512] INFO: [PROTOCOL] ✅ 完整發送 279 bytes
[2025-11-11 09:29:59,512] INFO: [PROTOCOL] 準備發送 275 bytes
[2025-11-11 09:29:59,512] INFO: [PROTOCOL] 已發送 279/279 bytes
[2025-11-11 09:29:59,512] INFO: [PROTOCOL] ✅ 完整發送 279 bytes
[2025-11-11 09:29:59,616] INFO: [PROTOCOL] 準備發送 257 bytes
[2025-11-11 09:29:59,616] INFO: [PROTOCOL] 已發送 261/261 bytes
[2025-11-11 09:29:59,616] INFO: [PROTOCOL] ✅ 完整發送 261 bytes
[2025-11-11 09:29:59,616] INFO: [PROTOCOL] 準備發送 257 bytes
[2025-11-11 09:29:59,616] INFO: [PROTOCOL] 已發送 261/261 bytes
[2025-11-11 09:29:59,617] INFO: [PROTOCOL] ✅ 完整發送 261 bytes
[2025-11-11 09:29:59,617] INFO: [PROTOCOL] 準備發送 275 bytes
[2025-11-11 09:29:59,617] INFO: [PROTOCOL] 已發送 279/279 bytes
[2025-11-11 09:29:59,617] INFO: [PROTOCOL] ✅ 完整發送 279 bytes
[2025-11-11 09:29:59,617] INFO: [PROTOCOL] 準備發送 275 bytes
[2025-11-11 09:29:59,617] INFO: [PROTOCOL] 已發送 279/279 bytes
[2025-11-11 09:29:59,617] INFO: [PROTOCOL] ✅ 完整發送 279 bytes
[2025-11-11 09:29:59,722] INFO: [PROTOCOL] 準備發送 257 bytes
[2025-11-11 09:29:59,723] INFO: [PROTOCOL] 已發送 261/261 bytes
[2025-11-11 09:29:59,723] INFO: [PROTOCOL] ✅ 完整發送 261 bytes
[2025-11-11 09:29:59,724] INFO: [PROTOCOL] 準備發送 257 bytes
[2025-11-11 09:29:59,724] INFO: [PROTOCOL] 已發送 261/261 bytes
[2025-11-11 09:29:59,724] INFO: [PROTOCOL] ✅ 完整發送 261 bytes
[2025-11-11 09:29:59,724] INFO: [PROTOCOL] 準備發送 275 bytes
[2025-11-11 09:29:59,724] INFO: [PROTOCOL] 已發送 279/279 bytes
[2025-11-11 09:29:59,724] INFO: [PROTOCOL] ✅ 完整發送 279 bytes
[2025-11-11 09:29:59,724] INFO: [PROTOCOL] 準備發送 275 bytes
[2025-11-11 09:29:59,724] INFO: [PROTOCOL] 已發送 279/279 bytes
[2025-11-11 09:29:59,724] INFO: [PROTOCOL] ✅ 完整發送 279 bytes
[2025-11-11 09:29:59,830] INFO: [PROTOCOL] 準備發送 257 bytes
[2025-11-11 09:29:59,830] INFO: [PROTOCOL] 已發送 261/261 bytes
[2025-11-11 09:29:59,830] INFO: [PROTOCOL] ✅ 完整發送 261 bytes
[2025-11-11 09:29:59,830] INFO: [PROTOCOL] 準備發送 257 bytes
[2025-11-11 09:29:59,830] INFO: [PROTOCOL] 已發送 261/261 bytes
[2025-11-11 09:29:59,830] INFO: [PROTOCOL] ✅ 完整發送 261 bytes
[2025-11-11 09:29:59,830] INFO: [PROTOCOL] 準備發送 277 bytes
[2025-11-11 09:29:59,830] INFO: [PROTOCOL] 已發送 281/281 bytes
[2025-11-11 09:29:59,830] INFO: [PROTOCOL] ✅ 完整發送 281 bytes
[2025-11-11 09:29:59,830] INFO: [PROTOCOL] 準備發送 277 bytes
[2025-11-11 09:29:59,830] INFO: [PROTOCOL] 已發送 281/281 bytes
[2025-11-11 09:29:59,830] INFO: [PROTOCOL] ✅ 完整發送 281 bytes
[2025-11-11 09:29:59,936] INFO: [PROTOCOL] 準備發送 257 bytes
[2025-11-11 09:29:59,936] INFO: [PROTOCOL] 已發送 261/261 bytes
[2025-11-11 09:29:59,936] INFO: [PROTOCOL] ✅ 完整發送 261 bytes
[2025-11-11 09:29:59,937] INFO: [PROTOCOL] 準備發送 257 bytes
[2025-11-11 09:29:59,937] INFO: [PROTOCOL] 已發送 261/261 bytes
[2025-11-11 09:29:59,937] INFO: [PROTOCOL] ✅ 完整發送 261 bytes
[2025-11-11 09:29:59,937] INFO: [PROTOCOL] 準備發送 277 bytes
[2025-11-11 09:29:59,937] INFO: [PROTOCOL] 已發送 281/281 bytes
[2025-11-11 09:29:59,937] INFO: [PROTOCOL] ✅ 完整發送 281 bytes
[2025-11-11 09:29:59,937] INFO: [PROTOCOL] 準備發送 277 bytes
[2025-11-11 09:29:59,937] INFO: [PROTOCOL] 已發送 281/281 bytes
[2025-11-11 09:29:59,937] INFO: [PROTOCOL] ✅ 完整發送 281 bytes
[2025-11-11 09:30:00,042] INFO: [PROTOCOL] 準備發送 257 bytes
[2025-11-11 09:30:00,043] INFO: [PROTOCOL] 已發送 261/261 bytes
[2025-11-11 09:30:00,043] INFO: [PROTOCOL] ✅ 完整發送 261 bytes
[2025-11-11 09:30:00,043] INFO: [PROTOCOL] 準備發送 257 bytes
[2025-11-11 09:30:00,043] INFO: [PROTOCOL] 已發送 261/261 bytes
[2025-11-11 09:30:00,043] INFO: [PROTOCOL] ✅ 完整發送 261 bytes
[2025-11-11 09:30:00,043] INFO: [PROTOCOL] 準備發送 277 bytes
[2025-11-11 09:30:00,043] INFO: [PROTOCOL] 已發送 281/281 bytes
[2025-11-11 09:30:00,043] INFO: [PROTOCOL] ✅ 完整發送 281 bytes
[2025-11-11 09:30:00,043] INFO: [PROTOCOL] 準備發送 277 bytes
[2025-11-11 09:30:00,043] INFO: [PROTOCOL] 已發送 281/281 bytes
[2025-11-11 09:30:00,043] INFO: [PROTOCOL] ✅ 完整發送 281 bytes
[2025-11-11 09:30:00,149] INFO: [PROTOCOL] 準備發送 257 bytes
[2025-11-11 09:30:00,149] INFO: [PROTOCOL] 已發送 261/261 bytes
[2025-11-11 09:30:00,149] INFO: [PROTOCOL] ✅ 完整發送 261 bytes
[2025-11-11 09:30:00,149] INFO: [PROTOCOL] 準備發送 257 bytes
[2025-11-11 09:30:00,149] INFO: [PROTOCOL] 已發送 261/261 bytes
[2025-11-11 09:30:00,150] INFO: [PROTOCOL] ✅ 完整發送 261 bytes
[2025-11-11 09:30:00,150] INFO: [PROTOCOL] 準備發送 277 bytes
[2025-11-11 09:30:00,150] INFO: [PROTOCOL] 已發送 281/281 bytes
[2025-11-11 09:30:00,150] INFO: [PROTOCOL] ✅ 完整發送 281 bytes
[2025-11-11 09:30:00,150] INFO: [PROTOCOL] 準備發送 277 bytes
[2025-11-11 09:30:00,150] INFO: [PROTOCOL] 已發送 281/281 bytes
[2025-11-11 09:30:00,150] INFO: [PROTOCOL] ✅ 完整發送 281 bytes
[2025-11-11 09:30:00,255] INFO: [PROTOCOL] 準備發送 257 bytes
[2025-11-11 09:30:00,255] INFO: [PROTOCOL] 已發送 261/261 bytes
[2025-11-11 09:30:00,255] INFO: [PROTOCOL] ✅ 完整發送 261 bytes
[2025-11-11 09:30:00,256] INFO: [PROTOCOL] 準備發送 257 bytes
[2025-11-11 09:30:00,257] INFO: [PROTOCOL] 已發送 261/261 bytes
[2025-11-11 09:30:00,257] INFO: [PROTOCOL] ✅ 完整發送 261 bytes
[2025-11-11 09:30:00,257] INFO: [PROTOCOL] 準備發送 277 bytes
[2025-11-11 09:30:00,257] INFO: [PROTOCOL] 已發送 281/281 bytes
[2025-11-11 09:30:00,257] INFO: [PROTOCOL] ✅ 完整發送 281 bytes
[2025-11-11 09:30:00,257] INFO: [PROTOCOL] 準備發送 277 bytes
[2025-11-11 09:30:00,257] INFO: [PROTOCOL] 已發送 281/281 bytes
[2025-11-11 09:30:00,257] INFO: [PROTOCOL] ✅ 完整發送 281 bytes
[2025-11-11 09:30:00,359] INFO: [PROTOCOL] 準備發送 257 bytes
[2025-11-11 09:30:00,359] INFO: [PROTOCOL] 已發送 261/261 bytes
[2025-11-11 09:30:00,359] INFO: [PROTOCOL] ✅ 完整發送 261 bytes
[2025-11-11 09:30:00,359] INFO: [PROTOCOL] 準備發送 257 bytes
[2025-11-11 09:30:00,359] INFO: [PROTOCOL] 已發送 261/261 bytes
[2025-11-11 09:30:00,359] INFO: [PROTOCOL] ✅ 完整發送 261 bytes
[2025-11-11 09:30:00,359] INFO: [PROTOCOL] 準備發送 277 bytes
[2025-11-11 09:30:00,359] INFO: [PROTOCOL] 已發送 281/281 bytes
[2025-11-11 09:30:00,359] INFO: [PROTOCOL] ✅ 完整發送 281 bytes
[2025-11-11 09:30:00,359] INFO: [PROTOCOL] 準備發送 277 bytes
[2025-11-11 09:30:00,360] INFO: [PROTOCOL] 已發送 281/281 bytes
[2025-11-11 09:30:00,360] INFO: [PROTOCOL] ✅ 完整發送 281 bytes
[2025-11-11 09:30:00,463] INFO: [PROTOCOL] 準備發送 257 bytes
[2025-11-11 09:30:00,464] INFO: [PROTOCOL] 已發送 261/261 bytes
[2025-11-11 09:30:00,464] INFO: [PROTOCOL] ✅ 完整發送 261 bytes
[2025-11-11 09:30:00,464] INFO: [PROTOCOL] 準備發送 257 bytes
[2025-11-11 09:30:00,464] INFO: [PROTOCOL] 已發送 261/261 bytes
[2025-11-11 09:30:00,464] INFO: [PROTOCOL] ✅ 完整發送 261 bytes
[2025-11-11 09:30:00,464] INFO: [PROTOCOL] 準備發送 277 bytes
[2025-11-11 09:30:00,464] INFO: [PROTOCOL] 已發送 281/281 bytes
[2025-11-11 09:30:00,464] INFO: [PROTOCOL] ✅ 完整發送 281 bytes
[2025-11-11 09:30:00,464] INFO: [PROTOCOL] 準備發送 277 bytes
[2025-11-11 09:30:00,464] INFO: [PROTOCOL] 已發送 281/281 bytes
[2025-11-11 09:30:00,464] INFO: [PROTOCOL] ✅ 完整發送 281 bytes
[2025-11-11 09:30:00,565] INFO: [PROTOCOL] 準備發送 257 bytes
[2025-11-11 09:30:00,566] INFO: [PROTOCOL] 已發送 261/261 bytes
[2025-11-11 09:30:00,566] INFO: [PROTOCOL] ✅ 完整發送 261 bytes
[2025-11-11 09:30:00,566] INFO: [PROTOCOL] 準備發送 257 bytes
[2025-11-11 09:30:00,566] INFO: [PROTOCOL] 已發送 261/261 bytes
[2025-11-11 09:30:00,566] INFO: [PROTOCOL] ✅ 完整發送 261 bytes
[2025-11-11 09:30:00,566] INFO: [PROTOCOL] 準備發送 277 bytes
[2025-11-11 09:30:00,566] INFO: [PROTOCOL] 已發送 281/281 bytes
[2025-11-11 09:30:00,566] INFO: [PROTOCOL] ✅ 完整發送 281 bytes
[2025-11-11 09:30:00,566] INFO: [PROTOCOL] 準備發送 277 bytes
[2025-11-11 09:30:00,566] INFO: [PROTOCOL] 已發送 281/281 bytes
[2025-11-11 09:30:00,566] INFO: [PROTOCOL] ✅ 完整發送 281 bytes
[2025-11-11 09:30:00,676] INFO: [PROTOCOL] 準備發送 257 bytes
[2025-11-11 09:30:00,676] INFO: [PROTOCOL] 已發送 261/261 bytes
[2025-11-11 09:30:00,676] INFO: [PROTOCOL] ✅ 完整發送 261 bytes
[2025-11-11 09:30:00,676] INFO: [PROTOCOL] 準備發送 257 bytes
[2025-11-11 09:30:00,677] INFO: [PROTOCOL] 已發送 261/261 bytes
[2025-11-11 09:30:00,677] INFO: [PROTOCOL] ✅ 完整發送 261 bytes
[2025-11-11 09:30:00,677] INFO: [PROTOCOL] 準備發送 277 bytes
[2025-11-11 09:30:00,677] INFO: [PROTOCOL] 已發送 281/281 bytes
[2025-11-11 09:30:00,677] INFO: [PROTOCOL] ✅ 完整發送 281 bytes
[2025-11-11 09:30:00,677] INFO: [PROTOCOL] 準備發送 277 bytes
[2025-11-11 09:30:00,677] INFO: [PROTOCOL] 已發送 281/281 bytes
[2025-11-11 09:30:00,677] INFO: [PROTOCOL] ✅ 完整發送 281 bytes
[2025-11-11 09:30:00,778] INFO: [PROTOCOL] 準備發送 257 bytes
[2025-11-11 09:30:00,778] INFO: [PROTOCOL] 已發送 261/261 bytes
[2025-11-11 09:30:00,778] INFO: [PROTOCOL] ✅ 完整發送 261 bytes
[2025-11-11 09:30:00,778] INFO: [PROTOCOL] 準備發送 257 bytes
[2025-11-11 09:30:00,778] INFO: [PROTOCOL] 已發送 261/261 bytes
[2025-11-11 09:30:00,778] INFO: [PROTOCOL] ✅ 完整發送 261 bytes
[2025-11-11 09:30:00,778] INFO: [PROTOCOL] 準備發送 277 bytes
[2025-11-11 09:30:00,778] INFO: [PROTOCOL] 已發送 281/281 bytes
[2025-11-11 09:30:00,778] INFO: [PROTOCOL] ✅ 完整發送 281 bytes
[2025-11-11 09:30:00,778] INFO: [PROTOCOL] 準備發送 277 bytes
[2025-11-11 09:30:00,778] INFO: [PROTOCOL] 已發送 281/281 bytes
[2025-11-11 09:30:00,778] INFO: [PROTOCOL] ✅ 完整發送 281 bytes
[2025-11-11 09:30:00,884] INFO: [PROTOCOL] 準備發送 256 bytes
[2025-11-11 09:30:00,884] INFO: [PROTOCOL] 已發送 260/260 bytes
[2025-11-11 09:30:00,884] INFO: [PROTOCOL] ✅ 完整發送 260 bytes
[2025-11-11 09:30:00,884] INFO: [PROTOCOL] 準備發送 256 bytes
[2025-11-11 09:30:00,884] INFO: [PROTOCOL] 已發送 260/260 bytes
[2025-11-11 09:30:00,884] INFO: [PROTOCOL] ✅ 完整發送 260 bytes
[2025-11-11 09:30:00,884] INFO: [PROTOCOL] 準備發送 277 bytes
[2025-11-11 09:30:00,884] INFO: [PROTOCOL] 已發送 281/281 bytes
[2025-11-11 09:30:00,884] INFO: [PROTOCOL] ✅ 完整發送 281 bytes
[2025-11-11 09:30:00,884] INFO: [PROTOCOL] 準備發送 277 bytes
[2025-11-11 09:30:00,884] INFO: [PROTOCOL] 已發送 281/281 bytes
[2025-11-11 09:30:00,884] INFO: [PROTOCOL] ✅ 完整發送 281 bytes
[2025-11-11 09:30:00,990] INFO: [PROTOCOL] 準備發送 256 bytes
[2025-11-11 09:30:00,990] INFO: [PROTOCOL] 已發送 260/260 bytes
[2025-11-11 09:30:00,990] INFO: [PROTOCOL] ✅ 完整發送 260 bytes
[2025-11-11 09:30:00,990] INFO: [PROTOCOL] 準備發送 256 bytes
[2025-11-11 09:30:00,990] INFO: [PROTOCOL] 已發送 260/260 bytes
[2025-11-11 09:30:00,990] INFO: [PROTOCOL] ✅ 完整發送 260 bytes
[2025-11-11 09:30:00,991] INFO: [PROTOCOL] 準備發送 277 bytes
[2025-11-11 09:30:00,991] INFO: [PROTOCOL] 已發送 281/281 bytes
[2025-11-11 09:30:00,991] INFO: [PROTOCOL] ✅ 完整發送 281 bytes
[2025-11-11 09:30:00,991] INFO: [PROTOCOL] 準備發送 277 bytes
[2025-11-11 09:30:00,991] INFO: [PROTOCOL] 已發送 281/281 bytes
[2025-11-11 09:30:00,991] INFO: [PROTOCOL] ✅ 完整發送 281 bytes
[2025-11-11 09:30:01,097] INFO: [PROTOCOL] 準備發送 256 bytes
[2025-11-11 09:30:01,097] INFO: [PROTOCOL] 已發送 260/260 bytes
[2025-11-11 09:30:01,097] INFO: [PROTOCOL] ✅ 完整發送 260 bytes
[2025-11-11 09:30:01,098] INFO: [PROTOCOL] 準備發送 256 bytes
[2025-11-11 09:30:01,098] INFO: [PROTOCOL] 已發送 260/260 bytes
[2025-11-11 09:30:01,098] INFO: [PROTOCOL] ✅ 完整發送 260 bytes
[2025-11-11 09:30:01,098] INFO: [PROTOCOL] 準備發送 277 bytes
[2025-11-11 09:30:01,099] INFO: [PROTOCOL] 已發送 281/281 bytes
[2025-11-11 09:30:01,099] INFO: [PROTOCOL] ✅ 完整發送 281 bytes
[2025-11-11 09:30:01,099] INFO: [PROTOCOL] 準備發送 277 bytes
[2025-11-11 09:30:01,099] INFO: [PROTOCOL] 已發送 281/281 bytes
[2025-11-11 09:30:01,099] INFO: [PROTOCOL] ✅ 完整發送 281 bytes
[2025-11-11 09:30:01,205] INFO: [PROTOCOL] 準備發送 256 bytes
[2025-11-11 09:30:01,205] INFO: [PROTOCOL] 已發送 260/260 bytes
[2025-11-11 09:30:01,205] INFO: [PROTOCOL] ✅ 完整發送 260 bytes
[2025-11-11 09:30:01,205] INFO: [PROTOCOL] 準備發送 256 bytes
[2025-11-11 09:30:01,206] INFO: [PROTOCOL] 已發送 260/260 bytes
[2025-11-11 09:30:01,206] INFO: [PROTOCOL] ✅ 完整發送 260 bytes
[2025-11-11 09:30:01,206] INFO: [PROTOCOL] 準備發送 277 bytes
[2025-11-11 09:30:01,206] INFO: [PROTOCOL] 已發送 281/281 bytes
[2025-11-11 09:30:01,206] INFO: [PROTOCOL] ✅ 完整發送 281 bytes
[2025-11-11 09:30:01,206] INFO: [PROTOCOL] 準備發送 277 bytes
[2025-11-11 09:30:01,206] INFO: [PROTOCOL] 已發送 281/281 bytes
[2025-11-11 09:30:01,206] INFO: [PROTOCOL] ✅ 完整發送 281 bytes
[2025-11-11 09:30:01,310] INFO: [PROTOCOL] 準備發送 256 bytes
[2025-11-11 09:30:01,310] INFO: [PROTOCOL] 已發送 260/260 bytes
[2025-11-11 09:30:01,311] INFO: [PROTOCOL] ✅ 完整發送 260 bytes
[2025-11-11 09:30:01,311] INFO: [PROTOCOL] 準備發送 256 bytes
[2025-11-11 09:30:01,311] INFO: [PROTOCOL] 已發送 260/260 bytes
[2025-11-11 09:30:01,311] INFO: [PROTOCOL] ✅ 完整發送 260 bytes
[2025-11-11 09:30:01,311] INFO: [PROTOCOL] 準備發送 277 bytes
[2025-11-11 09:30:01,311] INFO: [PROTOCOL] 已發送 281/281 bytes
[2025-11-11 09:30:01,314] INFO: [PROTOCOL] ✅ 完整發送 281 bytes
[2025-11-11 09:30:01,314] INFO: [PROTOCOL] 準備發送 277 bytes
[2025-11-11 09:30:01,314] INFO: [PROTOCOL] 已發送 281/281 bytes
[2025-11-11 09:30:01,315] INFO: [PROTOCOL] ✅ 完整發送 281 bytes
[2025-11-11 09:30:01,416] INFO: [PROTOCOL] 準備發送 271 bytes
[2025-11-11 09:30:01,416] INFO: [PROTOCOL] 已發送 275/275 bytes
[2025-11-11 09:30:01,416] INFO: [PROTOCOL] ✅ 完整發送 275 bytes
[2025-11-11 09:30:01,416] INFO: [PROTOCOL] 準備發送 271 bytes
[2025-11-11 09:30:01,417] INFO: [PROTOCOL] 已發送 275/275 bytes
[2025-11-11 09:30:01,417] INFO: [PROTOCOL] ✅ 完整發送 275 bytes
[2025-11-11 09:30:01,417] INFO: [PROTOCOL] 準備發送 277 bytes
[2025-11-11 09:30:01,417] INFO: [PROTOCOL] 已發送 281/281 bytes
[2025-11-11 09:30:01,417] INFO: [PROTOCOL] ✅ 完整發送 281 bytes
[2025-11-11 09:30:01,417] INFO: [PROTOCOL] 準備發送 277 bytes
[2025-11-11 09:30:01,417] INFO: [PROTOCOL] 已發送 281/281 bytes
[2025-11-11 09:30:01,417] INFO: [PROTOCOL] ✅ 完整發送 281 bytes
[2025-11-11 09:30:01,522] INFO: [PROTOCOL] 準備發送 271 bytes
[2025-11-11 09:30:01,523] INFO: [PROTOCOL] 已發送 275/275 bytes
[2025-11-11 09:30:01,523] INFO: [PROTOCOL] ✅ 完整發送 275 bytes
[2025-11-11 09:30:01,523] INFO: [PROTOCOL] 準備發送 271 bytes
[2025-11-11 09:30:01,523] INFO: [PROTOCOL] 已發送 275/275 bytes
[2025-11-11 09:30:01,523] INFO: [PROTOCOL] ✅ 完整發送 275 bytes
[2025-11-11 09:30:01,523] INFO: [PROTOCOL] 準備發送 277 bytes
[2025-11-11 09:30:01,523] INFO: [PROTOCOL] 已發送 281/281 bytes
[2025-11-11 09:30:01,523] INFO: [PROTOCOL] ✅ 完整發送 281 bytes
[2025-11-11 09:30:01,524] INFO: [PROTOCOL] 準備發送 277 bytes
[2025-11-11 09:30:01,524] INFO: [PROTOCOL] 已發送 281/281 bytes
[2025-11-11 09:30:01,524] INFO: [PROTOCOL] ✅ 完整發送 281 bytes
[2025-11-11 09:30:01,629] INFO: [PROTOCOL] 準備發送 271 bytes
[2025-11-11 09:30:01,630] INFO: [PROTOCOL] 已發送 275/275 bytes
[2025-11-11 09:30:01,630] INFO: [PROTOCOL] ✅ 完整發送 275 bytes
[2025-11-11 09:30:01,630] INFO: [PROTOCOL] 準備發送 271 bytes
[2025-11-11 09:30:01,630] INFO: [PROTOCOL] 已發送 275/275 bytes
[2025-11-11 09:30:01,630] INFO: [PROTOCOL] ✅ 完整發送 275 bytes
[2025-11-11 09:30:01,630] INFO: [PROTOCOL] 準備發送 277 bytes
[2025-11-11 09:30:01,631] INFO: [PROTOCOL] 已發送 281/281 bytes
[2025-11-11 09:30:01,631] INFO: [PROTOCOL] ✅ 完整發送 281 bytes
[2025-11-11 09:30:01,631] INFO: [PROTOCOL] 準備發送 277 bytes
[2025-11-11 09:30:01,631] INFO: [PROTOCOL] 已發送 281/281 bytes
[2025-11-11 09:30:01,631] INFO: [PROTOCOL] ✅ 完整發送 281 bytes
[2025-11-11 09:30:01,732] INFO: [PROTOCOL] 準備發送 271 bytes
[2025-11-11 09:30:01,732] INFO: [PROTOCOL] 已發送 275/275 bytes
[2025-11-11 09:30:01,732] INFO: [PROTOCOL] ✅ 完整發送 275 bytes
[2025-11-11 09:30:01,732] INFO: [PROTOCOL] 準備發送 271 bytes
[2025-11-11 09:30:01,732] INFO: [PROTOCOL] 已發送 275/275 bytes
[2025-11-11 09:30:01,732] INFO: [PROTOCOL] ✅ 完整發送 275 bytes
[2025-11-11 09:30:01,733] INFO: [PROTOCOL] 準備發送 277 bytes
[2025-11-11 09:30:01,733] INFO: [PROTOCOL] 已發送 281/281 bytes
[2025-11-11 09:30:01,733] INFO: [PROTOCOL] ✅ 完整發送 281 bytes
[2025-11-11 09:30:01,733] INFO: [PROTOCOL] 準備發送 277 bytes
[2025-11-11 09:30:01,733] INFO: [PROTOCOL] 已發送 281/281 bytes
[2025-11-11 09:30:01,733] INFO: [PROTOCOL] ✅ 完整發送 281 bytes
[2025-11-11 09:30:01,757] ERROR: ❌ ProtocolError for 2: 接收失敗: [Errno 54] Connection reset by peer
[2025-11-11 09:30:01,757] WARNING: ⚠️ Player 2 disconnected during game!
[2025-11-11 09:30:01,757] INFO: [PROTOCOL] 準備發送 126 bytes
[2025-11-11 09:30:01,758] INFO: [PROTOCOL] 已發送 130/130 bytes
[2025-11-11 09:30:01,758] INFO: [PROTOCOL] ✅ 完整發送 130 bytes
[2025-11-11 09:30:01,758] INFO: [PROTOCOL] 準備發送 126 bytes
[2025-11-11 09:30:01,758] ERROR: [PROTOCOL] ❌ 發送訊息失敗: 發送失敗: [Errno 32] Broken pipe
[2025-11-11 09:30:01,758] INFO: 📊 Attempting to report game result to lobby: room=14, results={'P1': {'user_id': 1, 'score': 0, 'lines_cleared': 0}, 'P2': {'user_id': 2, 'score': 0, 'lines_cleared': 0}}
[2025-11-11 09:30:01,758] INFO: 📡 Connecting to lobby server at localhost:10002...
[2025-11-11 09:30:01,764] INFO: ✅ Connected to lobby server
[2025-11-11 09:30:01,765] INFO: 🏆 Winner: None
[2025-11-11 09:30:01,765] INFO: 📤 Sending report: {'action': 'report_game_result', 'data': {'room_id': 14, 'winner': None, 'results': {'P1': {'user_id': 1, 'score': 0, 'lines_cleared': 0}, 'P2': {'user_id': 2, 'score': 0, 'lines_cleared': 0}}}}
[2025-11-11 09:30:01,765] INFO: [PROTOCOL] 準備發送 194 bytes
[2025-11-11 09:30:01,765] INFO: [PROTOCOL] 已發送 198/198 bytes
[2025-11-11 09:30:01,765] INFO: [PROTOCOL] ✅ 完整發送 198 bytes
[2025-11-11 09:30:01,765] INFO: ✅ Report sent, waiting for response...
[2025-11-11 09:30:01,798] INFO: 🎮 Game Over! Winner: None
[2025-11-11 09:30:01,798] INFO: [PROTOCOL] 準備發送 158 bytes
[2025-11-11 09:30:01,798] INFO: [PROTOCOL] 已發送 162/162 bytes
[2025-11-11 09:30:01,798] INFO: [PROTOCOL] ✅ 完整發送 162 bytes
[2025-11-11 09:30:01,798] INFO: [PROTOCOL] 準備發送 158 bytes
[2025-11-11 09:30:01,798] ERROR: [PROTOCOL] ❌ 發送訊息失敗: 發送失敗: [Errno 32] Broken pipe
[2025-11-11 09:30:01,798] INFO: 📊 Attempting to report game result to lobby: room=14, results={'P1': {'user_id': 1, 'score': 0, 'lines_cleared': 0, 'max_combo': 0}, 'P2': {'user_id': 2, 'score': 0, 'lines_cleared': 0, 'max_combo': 0}}
[2025-11-11 09:30:01,798] INFO: 📡 Connecting to lobby server at localhost:10002...
[2025-11-11 09:30:01,807] INFO: ✅ Connected to lobby server
[2025-11-11 09:30:01,807] INFO: 🏆 Winner: None
[2025-11-11 09:30:01,807] INFO: 📤 Sending report: {'action': 'report_game_result', 'data': {'room_id': 14, 'winner': None, 'results': {'P1': {'user_id': 1, 'score': 0, 'lines_cleared': 0, 'max_combo': 0}, 'P2': {'user_id': 2, 'score': 0, 'lines_cleared': 0, 'max_combo': 0}}}}
[2025-11-11 09:30:01,807] INFO: [PROTOCOL] 準備發送 226 bytes
[2025-11-11 09:30:01,807] INFO: [PROTOCOL] 已發送 230/230 bytes
[2025-11-11 09:30:01,807] INFO: [PROTOCOL] ✅ 完整發送 230 bytes
[2025-11-11 09:30:01,807] INFO: ✅ Report sent, waiting for response...
[2025-11-11 09:30:02,724] INFO: 🔌 Player 1 input handler stopped
[2025-11-11 09:30:06,767] ERROR: ❌ Failed to report game result: 接收逾時
Traceback (most recent call last):
  File "/Users/ninachung/Documents/GitHub/Network_programming/game_server/../lobby_server/protocol.py", line 77, in recv_exact
    chunk = sock.recv(n - len(data))
            ^^^^^^^^^^^^^^^^^^^^^^^^
ConnectionResetError: [Errno 54] Connection reset by peer

During handling of the above exception, another exception occurred:

Traceback (most recent call last):
  File "/Users/ninachung/Documents/GitHub/Network_programming/game_server/game_server.py", line 316, in handle_player_input
    msg_str = recv_message(sock)
              ^^^^^^^^^^^^^^^^^^
  File "/Users/ninachung/Documents/GitHub/Network_programming/game_server/../lobby_server/protocol.py", line 103, in recv_message
    header = recv_exact(sock, 4)
             ^^^^^^^^^^^^^^^^^^^
  File "/Users/ninachung/Documents/GitHub/Network_programming/game_server/../lobby_server/protocol.py", line 84, in recv_exact
    raise ProtocolError(f"接收失敗: {e}")
lobby_server.protocol.ProtocolError: 接收失敗: [Errno 54] Connection reset by peer

During handling of the above exception, another exception occurred:

Traceback (most recent call last):
  File "/Users/ninachung/Documents/GitHub/Network_programming/game_server/../lobby_server/protocol.py", line 77, in recv_exact
    chunk = sock.recv(n - len(data))
            ^^^^^^^^^^^^^^^^^^^^^^^^
TimeoutError: timed out

During handling of the above exception, another exception occurred:

Traceback (most recent call last):
  File "/Users/ninachung/Documents/GitHub/Network_programming/game_server/game_server.py", line 607, in report_game_result
    response_str = recv_message(lobby_sock)
                   ^^^^^^^^^^^^^^^^^^^^^^^^
  File "/Users/ninachung/Documents/GitHub/Network_programming/game_server/../lobby_server/protocol.py", line 103, in recv_message
    header = recv_exact(sock, 4)
             ^^^^^^^^^^^^^^^^^^^
  File "/Users/ninachung/Documents/GitHub/Network_programming/game_server/../lobby_server/protocol.py", line 82, in recv_exact
    raise ProtocolError("接收逾時")
lobby_server.protocol.ProtocolError: 接收逾時
[2025-11-11 09:30:06,775] INFO: 🏁 Game ended due to player 2 disconnection
[2025-11-11 09:30:06,775] INFO: 🔌 Player 2 input handler stopped
[2025-11-11 09:30:06,808] ERROR: ❌ Failed to report game result: 接收逾時
Traceback (most recent call last):
  File "/Users/ninachung/Documents/GitHub/Network_programming/game_server/../lobby_server/protocol.py", line 77, in recv_exact
    chunk = sock.recv(n - len(data))
            ^^^^^^^^^^^^^^^^^^^^^^^^
TimeoutError: timed out

During handling of the above exception, another exception occurred:

Traceback (most recent call last):
  File "/Users/ninachung/Documents/GitHub/Network_programming/game_server/game_server.py", line 607, in report_game_result
    response_str = recv_message(lobby_sock)
                   ^^^^^^^^^^^^^^^^^^^^^^^^
  File "/Users/ninachung/Documents/GitHub/Network_programming/game_server/../lobby_server/protocol.py", line 103, in recv_message
    header = recv_exact(sock, 4)
             ^^^^^^^^^^^^^^^^^^^
  File "/Users/ninachung/Documents/GitHub/Network_programming/game_server/../lobby_server/protocol.py", line 82, in recv_exact
    raise ProtocolError("接收逾時")
lobby_server.protocol.ProtocolError: 接收逾時
[2025-11-11 09:30:06,809] INFO: 📊 Final results: {'P1': {'user_id': 1, 'score': 0, 'lines_cleared': 0, 'max_combo': 0}, 'P2': {'user_id': 2, 'score': 0, 'lines_cleared': 0, 'max_combo': 0}}
[2025-11-11 09:30:08,814] INFO: 🛑 Shutting down Game Server...
[2025-11-11 09:30:08,815] INFO: ✅ Game Server shut down
[2025-11-11 09:30:08,815] INFO: 🛑 Shutting down Game Server...
[2025-11-11 09:30:08,815] INFO: ✅ Game Server shut down
