[2025-11-11 09:38:39,282] INFO: 🎮 Game Server started on port 10102
[2025-11-11 09:38:39,282] INFO:    Room: 16, Players: [1, 2]
[2025-11-11 09:38:39,282] INFO:    Seed: 1888527922
[2025-11-11 09:38:41,535] INFO: 📥 Player 1 connected from ('127.0.0.1', 56302)
[2025-11-11 09:38:41,537] INFO: [PROTOCOL] 準備發送 121 bytes
[2025-11-11 09:38:41,537] INFO: [PROTOCOL] 已發送 125/125 bytes
[2025-11-11 09:38:41,537] INFO: [PROTOCOL] ✅ 完整發送 125 bytes
[2025-11-11 09:38:41,537] INFO: ✅ Player 1 (P1) ready
[2025-11-11 09:38:41,537] INFO: 📥 Player 2 connected from ('127.0.0.1', 56301)
[2025-11-11 09:38:41,537] INFO: [PROTOCOL] 準備發送 121 bytes
[2025-11-11 09:38:41,537] INFO: [PROTOCOL] 已發送 125/125 bytes
[2025-11-11 09:38:41,537] INFO: [PROTOCOL] ✅ 完整發送 125 bytes
[2025-11-11 09:38:41,537] INFO: ✅ Player 2 (P2) ready
[2025-11-11 09:38:41,537] INFO: ✅ Both players connected, starting game...
[2025-11-11 09:38:41,538] INFO: 🎮 Starting input handler for player 1
[2025-11-11 09:38:41,538] INFO: 🎮 Starting input handler for player 2
[2025-11-11 09:38:41,644] INFO: [PROTOCOL] 準備發送 262 bytes
[2025-11-11 09:38:41,644] INFO: [PROTOCOL] 已發送 266/266 bytes
[2025-11-11 09:38:41,644] INFO: [PROTOCOL] ✅ 完整發送 266 bytes
[2025-11-11 09:38:41,644] INFO: [PROTOCOL] 準備發送 262 bytes
[2025-11-11 09:38:41,644] INFO: [PROTOCOL] 已發送 266/266 bytes
[2025-11-11 09:38:41,644] INFO: [PROTOCOL] ✅ 完整發送 266 bytes
[2025-11-11 09:38:41,644] INFO: [PROTOCOL] 準備發送 262 bytes
[2025-11-11 09:38:41,644] INFO: [PROTOCOL] 已發送 266/266 bytes
[2025-11-11 09:38:41,644] INFO: [PROTOCOL] ✅ 完整發送 266 bytes
[2025-11-11 09:38:41,644] INFO: [PROTOCOL] 準備發送 262 bytes
[2025-11-11 09:38:41,644] INFO: [PROTOCOL] 已發送 266/266 bytes
[2025-11-11 09:38:41,644] INFO: [PROTOCOL] ✅ 完整發送 266 bytes
[2025-11-11 09:38:41,745] INFO: [PROTOCOL] 準備發送 262 bytes
[2025-11-11 09:38:41,745] INFO: [PROTOCOL] 已發送 266/266 bytes
[2025-11-11 09:38:41,745] INFO: [PROTOCOL] ✅ 完整發送 266 bytes
[2025-11-11 09:38:41,745] INFO: [PROTOCOL] 準備發送 262 bytes
[2025-11-11 09:38:41,745] INFO: [PROTOCOL] 已發送 266/266 bytes
[2025-11-11 09:38:41,745] INFO: [PROTOCOL] ✅ 完整發送 266 bytes
[2025-11-11 09:38:41,745] INFO: [PROTOCOL] 準備發送 262 bytes
[2025-11-11 09:38:41,745] INFO: [PROTOCOL] 已發送 266/266 bytes
[2025-11-11 09:38:41,745] INFO: [PROTOCOL] ✅ 完整發送 266 bytes
[2025-11-11 09:38:41,745] INFO: [PROTOCOL] 準備發送 262 bytes
[2025-11-11 09:38:41,745] INFO: [PROTOCOL] 已發送 266/266 bytes
[2025-11-11 09:38:41,745] INFO: [PROTOCOL] ✅ 完整發送 266 bytes
[2025-11-11 09:38:41,848] INFO: [PROTOCOL] 準備發送 262 bytes
[2025-11-11 09:38:41,849] INFO: [PROTOCOL] 已發送 266/266 bytes
[2025-11-11 09:38:41,849] INFO: [PROTOCOL] ✅ 完整發送 266 bytes
[2025-11-11 09:38:41,849] INFO: [PROTOCOL] 準備發送 262 bytes
[2025-11-11 09:38:41,849] INFO: [PROTOCOL] 已發送 266/266 bytes
[2025-11-11 09:38:41,849] INFO: [PROTOCOL] ✅ 完整發送 266 bytes
[2025-11-11 09:38:41,849] INFO: [PROTOCOL] 準備發送 262 bytes
[2025-11-11 09:38:41,849] INFO: [PROTOCOL] 已發送 266/266 bytes
[2025-11-11 09:38:41,849] INFO: [PROTOCOL] ✅ 完整發送 266 bytes
[2025-11-11 09:38:41,849] INFO: [PROTOCOL] 準備發送 262 bytes
[2025-11-11 09:38:41,849] INFO: [PROTOCOL] 已發送 266/266 bytes
[2025-11-11 09:38:41,849] INFO: [PROTOCOL] ✅ 完整發送 266 bytes
[2025-11-11 09:38:41,953] INFO: [PROTOCOL] 準備發送 262 bytes
[2025-11-11 09:38:41,953] INFO: [PROTOCOL] 已發送 266/266 bytes
[2025-11-11 09:38:41,953] INFO: [PROTOCOL] ✅ 完整發送 266 bytes
[2025-11-11 09:38:41,953] INFO: [PROTOCOL] 準備發送 262 bytes
[2025-11-11 09:38:41,953] INFO: [PROTOCOL] 已發送 266/266 bytes
[2025-11-11 09:38:41,953] INFO: [PROTOCOL] ✅ 完整發送 266 bytes
[2025-11-11 09:38:41,953] INFO: [PROTOCOL] 準備發送 262 bytes
[2025-11-11 09:38:41,953] INFO: [PROTOCOL] 已發送 266/266 bytes
[2025-11-11 09:38:41,953] INFO: [PROTOCOL] ✅ 完整發送 266 bytes
[2025-11-11 09:38:41,953] INFO: [PROTOCOL] 準備發送 262 bytes
[2025-11-11 09:38:41,953] INFO: [PROTOCOL] 已發送 266/266 bytes
[2025-11-11 09:38:41,953] INFO: [PROTOCOL] ✅ 完整發送 266 bytes
[2025-11-11 09:38:42,055] INFO: [PROTOCOL] 準備發送 263 bytes
[2025-11-11 09:38:42,055] INFO: [PROTOCOL] 已發送 267/267 bytes
[2025-11-11 09:38:42,055] INFO: [PROTOCOL] ✅ 完整發送 267 bytes
[2025-11-11 09:38:42,055] INFO: [PROTOCOL] 準備發送 263 bytes
[2025-11-11 09:38:42,055] INFO: [PROTOCOL] 已發送 267/267 bytes
[2025-11-11 09:38:42,055] INFO: [PROTOCOL] ✅ 完整發送 267 bytes
[2025-11-11 09:38:42,055] INFO: [PROTOCOL] 準備發送 263 bytes
[2025-11-11 09:38:42,055] INFO: [PROTOCOL] 已發送 267/267 bytes
[2025-11-11 09:38:42,055] INFO: [PROTOCOL] ✅ 完整發送 267 bytes
[2025-11-11 09:38:42,055] INFO: [PROTOCOL] 準備發送 263 bytes
[2025-11-11 09:38:42,055] INFO: [PROTOCOL] 已發送 267/267 bytes
[2025-11-11 09:38:42,055] INFO: [PROTOCOL] ✅ 完整發送 267 bytes
[2025-11-11 09:38:42,161] INFO: [PROTOCOL] 準備發送 263 bytes
[2025-11-11 09:38:42,161] INFO: [PROTOCOL] 已發送 267/267 bytes
[2025-11-11 09:38:42,162] INFO: [PROTOCOL] ✅ 完整發送 267 bytes
[2025-11-11 09:38:42,162] INFO: [PROTOCOL] 準備發送 263 bytes
[2025-11-11 09:38:42,162] INFO: [PROTOCOL] 已發送 267/267 bytes
[2025-11-11 09:38:42,162] INFO: [PROTOCOL] ✅ 完整發送 267 bytes
[2025-11-11 09:38:42,162] INFO: [PROTOCOL] 準備發送 263 bytes
[2025-11-11 09:38:42,163] INFO: [PROTOCOL] 已發送 267/267 bytes
[2025-11-11 09:38:42,163] INFO: [PROTOCOL] ✅ 完整發送 267 bytes
[2025-11-11 09:38:42,163] INFO: [PROTOCOL] 準備發送 263 bytes
[2025-11-11 09:38:42,163] INFO: [PROTOCOL] 已發送 267/267 bytes
[2025-11-11 09:38:42,163] INFO: [PROTOCOL] ✅ 完整發送 267 bytes
[2025-11-11 09:38:42,268] INFO: [PROTOCOL] 準備發送 263 bytes
[2025-11-11 09:38:42,269] INFO: [PROTOCOL] 已發送 267/267 bytes
[2025-11-11 09:38:42,269] INFO: [PROTOCOL] ✅ 完整發送 267 bytes
[2025-11-11 09:38:42,269] INFO: [PROTOCOL] 準備發送 263 bytes
[2025-11-11 09:38:42,269] INFO: [PROTOCOL] 已發送 267/267 bytes
[2025-11-11 09:38:42,269] INFO: [PROTOCOL] ✅ 完整發送 267 bytes
[2025-11-11 09:38:42,269] INFO: [PROTOCOL] 準備發送 263 bytes
[2025-11-11 09:38:42,269] INFO: [PROTOCOL] 已發送 267/267 bytes
[2025-11-11 09:38:42,269] INFO: [PROTOCOL] ✅ 完整發送 267 bytes
[2025-11-11 09:38:42,269] INFO: [PROTOCOL] 準備發送 263 bytes
[2025-11-11 09:38:42,269] INFO: [PROTOCOL] 已發送 267/267 bytes
[2025-11-11 09:38:42,269] INFO: [PROTOCOL] ✅ 完整發送 267 bytes
[2025-11-11 09:38:42,375] INFO: [PROTOCOL] 準備發送 263 bytes
[2025-11-11 09:38:42,375] INFO: [PROTOCOL] 已發送 267/267 bytes
[2025-11-11 09:38:42,375] INFO: [PROTOCOL] ✅ 完整發送 267 bytes
[2025-11-11 09:38:42,375] INFO: [PROTOCOL] 準備發送 263 bytes
[2025-11-11 09:38:42,375] INFO: [PROTOCOL] 已發送 267/267 bytes
[2025-11-11 09:38:42,375] INFO: [PROTOCOL] ✅ 完整發送 267 bytes
[2025-11-11 09:38:42,375] INFO: [PROTOCOL] 準備發送 263 bytes
[2025-11-11 09:38:42,375] INFO: [PROTOCOL] 已發送 267/267 bytes
[2025-11-11 09:38:42,375] INFO: [PROTOCOL] ✅ 完整發送 267 bytes
[2025-11-11 09:38:42,375] INFO: [PROTOCOL] 準備發送 263 bytes
[2025-11-11 09:38:42,375] INFO: [PROTOCOL] 已發送 267/267 bytes
[2025-11-11 09:38:42,375] INFO: [PROTOCOL] ✅ 完整發送 267 bytes
[2025-11-11 09:38:42,481] INFO: [PROTOCOL] 準備發送 263 bytes
[2025-11-11 09:38:42,481] INFO: [PROTOCOL] 已發送 267/267 bytes
[2025-11-11 09:38:42,481] INFO: [PROTOCOL] ✅ 完整發送 267 bytes
[2025-11-11 09:38:42,481] INFO: [PROTOCOL] 準備發送 263 bytes
[2025-11-11 09:38:42,481] INFO: [PROTOCOL] 已發送 267/267 bytes
[2025-11-11 09:38:42,481] INFO: [PROTOCOL] ✅ 完整發送 267 bytes
[2025-11-11 09:38:42,481] INFO: [PROTOCOL] 準備發送 263 bytes
[2025-11-11 09:38:42,481] INFO: [PROTOCOL] 已發送 267/267 bytes
[2025-11-11 09:38:42,481] INFO: [PROTOCOL] ✅ 完整發送 267 bytes
[2025-11-11 09:38:42,481] INFO: [PROTOCOL] 準備發送 263 bytes
[2025-11-11 09:38:42,481] INFO: [PROTOCOL] 已發送 267/267 bytes
[2025-11-11 09:38:42,481] INFO: [PROTOCOL] ✅ 完整發送 267 bytes
[2025-11-11 09:38:42,586] INFO: [PROTOCOL] 準備發送 264 bytes
[2025-11-11 09:38:42,586] INFO: [PROTOCOL] 已發送 268/268 bytes
[2025-11-11 09:38:42,586] INFO: [PROTOCOL] ✅ 完整發送 268 bytes
[2025-11-11 09:38:42,586] INFO: [PROTOCOL] 準備發送 264 bytes
[2025-11-11 09:38:42,586] INFO: [PROTOCOL] 已發送 268/268 bytes
[2025-11-11 09:38:42,587] INFO: [PROTOCOL] ✅ 完整發送 268 bytes
[2025-11-11 09:38:42,587] INFO: [PROTOCOL] 準備發送 264 bytes
[2025-11-11 09:38:42,587] INFO: [PROTOCOL] 已發送 268/268 bytes
[2025-11-11 09:38:42,587] INFO: [PROTOCOL] ✅ 完整發送 268 bytes
[2025-11-11 09:38:42,587] INFO: [PROTOCOL] 準備發送 264 bytes
[2025-11-11 09:38:42,587] INFO: [PROTOCOL] 已發送 268/268 bytes
[2025-11-11 09:38:42,587] INFO: [PROTOCOL] ✅ 完整發送 268 bytes
[2025-11-11 09:38:42,690] INFO: [PROTOCOL] 準備發送 264 bytes
[2025-11-11 09:38:42,690] INFO: [PROTOCOL] 已發送 268/268 bytes
[2025-11-11 09:38:42,690] INFO: [PROTOCOL] ✅ 完整發送 268 bytes
[2025-11-11 09:38:42,690] INFO: [PROTOCOL] 準備發送 264 bytes
[2025-11-11 09:38:42,690] INFO: [PROTOCOL] 已發送 268/268 bytes
[2025-11-11 09:38:42,690] INFO: [PROTOCOL] ✅ 完整發送 268 bytes
[2025-11-11 09:38:42,690] INFO: [PROTOCOL] 準備發送 264 bytes
[2025-11-11 09:38:42,690] INFO: [PROTOCOL] 已發送 268/268 bytes
[2025-11-11 09:38:42,690] INFO: [PROTOCOL] ✅ 完整發送 268 bytes
[2025-11-11 09:38:42,691] INFO: [PROTOCOL] 準備發送 264 bytes
[2025-11-11 09:38:42,691] INFO: [PROTOCOL] 已發送 268/268 bytes
[2025-11-11 09:38:42,691] INFO: [PROTOCOL] ✅ 完整發送 268 bytes
[2025-11-11 09:38:42,795] INFO: [PROTOCOL] 準備發送 264 bytes
[2025-11-11 09:38:42,795] INFO: [PROTOCOL] 已發送 268/268 bytes
[2025-11-11 09:38:42,795] INFO: [PROTOCOL] ✅ 完整發送 268 bytes
[2025-11-11 09:38:42,795] INFO: [PROTOCOL] 準備發送 264 bytes
[2025-11-11 09:38:42,795] INFO: [PROTOCOL] 已發送 268/268 bytes
[2025-11-11 09:38:42,795] INFO: [PROTOCOL] ✅ 完整發送 268 bytes
[2025-11-11 09:38:42,795] INFO: [PROTOCOL] 準備發送 264 bytes
[2025-11-11 09:38:42,795] INFO: [PROTOCOL] 已發送 268/268 bytes
[2025-11-11 09:38:42,795] INFO: [PROTOCOL] ✅ 完整發送 268 bytes
[2025-11-11 09:38:42,795] INFO: [PROTOCOL] 準備發送 264 bytes
[2025-11-11 09:38:42,795] INFO: [PROTOCOL] 已發送 268/268 bytes
[2025-11-11 09:38:42,796] INFO: [PROTOCOL] ✅ 完整發送 268 bytes
[2025-11-11 09:38:42,900] INFO: [PROTOCOL] 準備發送 264 bytes
[2025-11-11 09:38:42,900] INFO: [PROTOCOL] 已發送 268/268 bytes
[2025-11-11 09:38:42,901] INFO: [PROTOCOL] ✅ 完整發送 268 bytes
[2025-11-11 09:38:42,901] INFO: [PROTOCOL] 準備發送 264 bytes
[2025-11-11 09:38:42,901] INFO: [PROTOCOL] 已發送 268/268 bytes
[2025-11-11 09:38:42,901] INFO: [PROTOCOL] ✅ 完整發送 268 bytes
[2025-11-11 09:38:42,901] INFO: [PROTOCOL] 準備發送 264 bytes
[2025-11-11 09:38:42,901] INFO: [PROTOCOL] 已發送 268/268 bytes
[2025-11-11 09:38:42,901] INFO: [PROTOCOL] ✅ 完整發送 268 bytes
[2025-11-11 09:38:42,901] INFO: [PROTOCOL] 準備發送 264 bytes
[2025-11-11 09:38:42,901] INFO: [PROTOCOL] 已發送 268/268 bytes
[2025-11-11 09:38:42,901] INFO: [PROTOCOL] ✅ 完整發送 268 bytes
[2025-11-11 09:38:43,004] INFO: [PROTOCOL] 準備發送 264 bytes
[2025-11-11 09:38:43,005] INFO: [PROTOCOL] 已發送 268/268 bytes
[2025-11-11 09:38:43,005] INFO: [PROTOCOL] ✅ 完整發送 268 bytes
[2025-11-11 09:38:43,005] INFO: [PROTOCOL] 準備發送 264 bytes
[2025-11-11 09:38:43,005] INFO: [PROTOCOL] 已發送 268/268 bytes
[2025-11-11 09:38:43,005] INFO: [PROTOCOL] ✅ 完整發送 268 bytes
[2025-11-11 09:38:43,005] INFO: [PROTOCOL] 準備發送 264 bytes
[2025-11-11 09:38:43,005] INFO: [PROTOCOL] 已發送 268/268 bytes
[2025-11-11 09:38:43,005] INFO: [PROTOCOL] ✅ 完整發送 268 bytes
[2025-11-11 09:38:43,005] INFO: [PROTOCOL] 準備發送 264 bytes
[2025-11-11 09:38:43,005] INFO: [PROTOCOL] 已發送 268/268 bytes
[2025-11-11 09:38:43,005] INFO: [PROTOCOL] ✅ 完整發送 268 bytes
[2025-11-11 09:38:43,112] INFO: [PROTOCOL] 準備發送 264 bytes
[2025-11-11 09:38:43,112] INFO: [PROTOCOL] 已發送 268/268 bytes
[2025-11-11 09:38:43,112] INFO: [PROTOCOL] ✅ 完整發送 268 bytes
[2025-11-11 09:38:43,112] INFO: [PROTOCOL] 準備發送 264 bytes
[2025-11-11 09:38:43,112] INFO: [PROTOCOL] 已發送 268/268 bytes
[2025-11-11 09:38:43,113] INFO: [PROTOCOL] ✅ 完整發送 268 bytes
[2025-11-11 09:38:43,113] INFO: [PROTOCOL] 準備發送 264 bytes
[2025-11-11 09:38:43,113] INFO: [PROTOCOL] 已發送 268/268 bytes
[2025-11-11 09:38:43,113] INFO: [PROTOCOL] ✅ 完整發送 268 bytes
[2025-11-11 09:38:43,113] INFO: [PROTOCOL] 準備發送 264 bytes
[2025-11-11 09:38:43,113] INFO: [PROTOCOL] 已發送 268/268 bytes
[2025-11-11 09:38:43,113] INFO: [PROTOCOL] ✅ 完整發送 268 bytes
[2025-11-11 09:38:43,218] INFO: [PROTOCOL] 準備發送 264 bytes
[2025-11-11 09:38:43,218] INFO: [PROTOCOL] 已發送 268/268 bytes
[2025-11-11 09:38:43,218] INFO: [PROTOCOL] ✅ 完整發送 268 bytes
[2025-11-11 09:38:43,218] INFO: [PROTOCOL] 準備發送 264 bytes
[2025-11-11 09:38:43,218] INFO: [PROTOCOL] 已發送 268/268 bytes
[2025-11-11 09:38:43,218] INFO: [PROTOCOL] ✅ 完整發送 268 bytes
[2025-11-11 09:38:43,218] INFO: [PROTOCOL] 準備發送 264 bytes
[2025-11-11 09:38:43,219] INFO: [PROTOCOL] 已發送 268/268 bytes
[2025-11-11 09:38:43,219] INFO: [PROTOCOL] ✅ 完整發送 268 bytes
[2025-11-11 09:38:43,219] INFO: [PROTOCOL] 準備發送 264 bytes
[2025-11-11 09:38:43,219] INFO: [PROTOCOL] 已發送 268/268 bytes
[2025-11-11 09:38:43,219] INFO: [PROTOCOL] ✅ 完整發送 268 bytes
[2025-11-11 09:38:43,325] INFO: [PROTOCOL] 準備發送 264 bytes
[2025-11-11 09:38:43,325] INFO: [PROTOCOL] 已發送 268/268 bytes
[2025-11-11 09:38:43,325] INFO: [PROTOCOL] ✅ 完整發送 268 bytes
[2025-11-11 09:38:43,325] INFO: [PROTOCOL] 準備發送 264 bytes
[2025-11-11 09:38:43,325] INFO: [PROTOCOL] 已發送 268/268 bytes
[2025-11-11 09:38:43,325] INFO: [PROTOCOL] ✅ 完整發送 268 bytes
[2025-11-11 09:38:43,325] INFO: [PROTOCOL] 準備發送 264 bytes
[2025-11-11 09:38:43,325] INFO: [PROTOCOL] 已發送 268/268 bytes
[2025-11-11 09:38:43,326] INFO: [PROTOCOL] ✅ 完整發送 268 bytes
[2025-11-11 09:38:43,326] INFO: [PROTOCOL] 準備發送 264 bytes
[2025-11-11 09:38:43,326] INFO: [PROTOCOL] 已發送 268/268 bytes
[2025-11-11 09:38:43,326] INFO: [PROTOCOL] ✅ 完整發送 268 bytes
[2025-11-11 09:38:43,431] INFO: [PROTOCOL] 準備發送 264 bytes
[2025-11-11 09:38:43,431] INFO: [PROTOCOL] 已發送 268/268 bytes
[2025-11-11 09:38:43,431] INFO: [PROTOCOL] ✅ 完整發送 268 bytes
[2025-11-11 09:38:43,431] INFO: [PROTOCOL] 準備發送 264 bytes
[2025-11-11 09:38:43,431] INFO: [PROTOCOL] 已發送 268/268 bytes
[2025-11-11 09:38:43,431] INFO: [PROTOCOL] ✅ 完整發送 268 bytes
[2025-11-11 09:38:43,431] INFO: [PROTOCOL] 準備發送 264 bytes
[2025-11-11 09:38:43,431] INFO: [PROTOCOL] 已發送 268/268 bytes
[2025-11-11 09:38:43,431] INFO: [PROTOCOL] ✅ 完整發送 268 bytes
[2025-11-11 09:38:43,431] INFO: [PROTOCOL] 準備發送 264 bytes
[2025-11-11 09:38:43,431] INFO: [PROTOCOL] 已發送 268/268 bytes
[2025-11-11 09:38:43,431] INFO: [PROTOCOL] ✅ 完整發送 268 bytes
[2025-11-11 09:38:43,534] INFO: [PROTOCOL] 準備發送 264 bytes
[2025-11-11 09:38:43,535] INFO: [PROTOCOL] 已發送 268/268 bytes
[2025-11-11 09:38:43,535] INFO: [PROTOCOL] ✅ 完整發送 268 bytes
[2025-11-11 09:38:43,535] INFO: [PROTOCOL] 準備發送 264 bytes
[2025-11-11 09:38:43,535] INFO: [PROTOCOL] 已發送 268/268 bytes
[2025-11-11 09:38:43,535] INFO: [PROTOCOL] ✅ 完整發送 268 bytes
[2025-11-11 09:38:43,535] INFO: [PROTOCOL] 準備發送 264 bytes
[2025-11-11 09:38:43,535] INFO: [PROTOCOL] 已發送 268/268 bytes
[2025-11-11 09:38:43,535] INFO: [PROTOCOL] ✅ 完整發送 268 bytes
[2025-11-11 09:38:43,535] INFO: [PROTOCOL] 準備發送 264 bytes
[2025-11-11 09:38:43,535] INFO: [PROTOCOL] 已發送 268/268 bytes
[2025-11-11 09:38:43,535] INFO: [PROTOCOL] ✅ 完整發送 268 bytes
[2025-11-11 09:38:43,636] INFO: [PROTOCOL] 準備發送 264 bytes
[2025-11-11 09:38:43,637] INFO: [PROTOCOL] 已發送 268/268 bytes
[2025-11-11 09:38:43,637] INFO: [PROTOCOL] ✅ 完整發送 268 bytes
[2025-11-11 09:38:43,637] INFO: [PROTOCOL] 準備發送 264 bytes
[2025-11-11 09:38:43,637] INFO: [PROTOCOL] 已發送 268/268 bytes
[2025-11-11 09:38:43,637] INFO: [PROTOCOL] ✅ 完整發送 268 bytes
[2025-11-11 09:38:43,637] INFO: [PROTOCOL] 準備發送 264 bytes
[2025-11-11 09:38:43,637] INFO: [PROTOCOL] 已發送 268/268 bytes
[2025-11-11 09:38:43,637] INFO: [PROTOCOL] ✅ 完整發送 268 bytes
[2025-11-11 09:38:43,637] INFO: [PROTOCOL] 準備發送 264 bytes
[2025-11-11 09:38:43,637] INFO: [PROTOCOL] 已發送 268/268 bytes
[2025-11-11 09:38:43,637] INFO: [PROTOCOL] ✅ 完整發送 268 bytes
[2025-11-11 09:38:43,741] INFO: [PROTOCOL] 準備發送 264 bytes
[2025-11-11 09:38:43,742] INFO: [PROTOCOL] 已發送 268/268 bytes
[2025-11-11 09:38:43,742] INFO: [PROTOCOL] ✅ 完整發送 268 bytes
[2025-11-11 09:38:43,742] INFO: [PROTOCOL] 準備發送 264 bytes
[2025-11-11 09:38:43,742] INFO: [PROTOCOL] 已發送 268/268 bytes
[2025-11-11 09:38:43,742] INFO: [PROTOCOL] ✅ 完整發送 268 bytes
[2025-11-11 09:38:43,742] INFO: [PROTOCOL] 準備發送 264 bytes
[2025-11-11 09:38:43,742] INFO: [PROTOCOL] 已發送 268/268 bytes
[2025-11-11 09:38:43,742] INFO: [PROTOCOL] ✅ 完整發送 268 bytes
[2025-11-11 09:38:43,742] INFO: [PROTOCOL] 準備發送 264 bytes
[2025-11-11 09:38:43,742] INFO: [PROTOCOL] 已發送 268/268 bytes
[2025-11-11 09:38:43,742] INFO: [PROTOCOL] ✅ 完整發送 268 bytes
[2025-11-11 09:38:43,847] INFO: [PROTOCOL] 準備發送 264 bytes
[2025-11-11 09:38:43,847] INFO: [PROTOCOL] 已發送 268/268 bytes
[2025-11-11 09:38:43,847] INFO: [PROTOCOL] ✅ 完整發送 268 bytes
[2025-11-11 09:38:43,847] INFO: [PROTOCOL] 準備發送 264 bytes
[2025-11-11 09:38:43,847] INFO: [PROTOCOL] 已發送 268/268 bytes
[2025-11-11 09:38:43,847] INFO: [PROTOCOL] ✅ 完整發送 268 bytes
[2025-11-11 09:38:43,847] INFO: [PROTOCOL] 準備發送 264 bytes
[2025-11-11 09:38:43,847] INFO: [PROTOCOL] 已發送 268/268 bytes
[2025-11-11 09:38:43,847] INFO: [PROTOCOL] ✅ 完整發送 268 bytes
[2025-11-11 09:38:43,847] INFO: [PROTOCOL] 準備發送 264 bytes
[2025-11-11 09:38:43,847] INFO: [PROTOCOL] 已發送 268/268 bytes
[2025-11-11 09:38:43,848] INFO: [PROTOCOL] ✅ 完整發送 268 bytes
[2025-11-11 09:38:43,952] INFO: [PROTOCOL] 準備發送 264 bytes
[2025-11-11 09:38:43,953] INFO: [PROTOCOL] 已發送 268/268 bytes
[2025-11-11 09:38:43,953] INFO: [PROTOCOL] ✅ 完整發送 268 bytes
[2025-11-11 09:38:43,953] INFO: [PROTOCOL] 準備發送 264 bytes
[2025-11-11 09:38:43,953] INFO: [PROTOCOL] 已發送 268/268 bytes
[2025-11-11 09:38:43,953] INFO: [PROTOCOL] ✅ 完整發送 268 bytes
[2025-11-11 09:38:43,953] INFO: [PROTOCOL] 準備發送 264 bytes
[2025-11-11 09:38:43,953] INFO: [PROTOCOL] 已發送 268/268 bytes
[2025-11-11 09:38:43,953] INFO: [PROTOCOL] ✅ 完整發送 268 bytes
[2025-11-11 09:38:43,953] INFO: [PROTOCOL] 準備發送 264 bytes
[2025-11-11 09:38:43,953] INFO: [PROTOCOL] 已發送 268/268 bytes
[2025-11-11 09:38:43,953] INFO: [PROTOCOL] ✅ 完整發送 268 bytes
[2025-11-11 09:38:44,057] INFO: [PROTOCOL] 準備發送 264 bytes
[2025-11-11 09:38:44,058] INFO: [PROTOCOL] 已發送 268/268 bytes
[2025-11-11 09:38:44,058] INFO: [PROTOCOL] ✅ 完整發送 268 bytes
[2025-11-11 09:38:44,058] INFO: [PROTOCOL] 準備發送 264 bytes
[2025-11-11 09:38:44,058] INFO: [PROTOCOL] 已發送 268/268 bytes
[2025-11-11 09:38:44,058] INFO: [PROTOCOL] ✅ 完整發送 268 bytes
[2025-11-11 09:38:44,058] INFO: [PROTOCOL] 準備發送 264 bytes
[2025-11-11 09:38:44,058] INFO: [PROTOCOL] 已發送 268/268 bytes
[2025-11-11 09:38:44,058] INFO: [PROTOCOL] ✅ 完整發送 268 bytes
[2025-11-11 09:38:44,058] INFO: [PROTOCOL] 準備發送 264 bytes
[2025-11-11 09:38:44,058] INFO: [PROTOCOL] 已發送 268/268 bytes
[2025-11-11 09:38:44,058] INFO: [PROTOCOL] ✅ 完整發送 268 bytes
[2025-11-11 09:38:44,163] INFO: [PROTOCOL] 準備發送 264 bytes
[2025-11-11 09:38:44,163] INFO: [PROTOCOL] 已發送 268/268 bytes
[2025-11-11 09:38:44,163] INFO: [PROTOCOL] ✅ 完整發送 268 bytes
[2025-11-11 09:38:44,164] INFO: [PROTOCOL] 準備發送 264 bytes
[2025-11-11 09:38:44,164] INFO: [PROTOCOL] 已發送 268/268 bytes
[2025-11-11 09:38:44,164] INFO: [PROTOCOL] ✅ 完整發送 268 bytes
[2025-11-11 09:38:44,164] INFO: [PROTOCOL] 準備發送 264 bytes
[2025-11-11 09:38:44,164] INFO: [PROTOCOL] 已發送 268/268 bytes
[2025-11-11 09:38:44,164] INFO: [PROTOCOL] ✅ 完整發送 268 bytes
[2025-11-11 09:38:44,164] INFO: [PROTOCOL] 準備發送 264 bytes
[2025-11-11 09:38:44,164] INFO: [PROTOCOL] 已發送 268/268 bytes
[2025-11-11 09:38:44,164] INFO: [PROTOCOL] ✅ 完整發送 268 bytes
[2025-11-11 09:38:44,269] INFO: [PROTOCOL] 準備發送 264 bytes
[2025-11-11 09:38:44,269] INFO: [PROTOCOL] 已發送 268/268 bytes
[2025-11-11 09:38:44,269] INFO: [PROTOCOL] ✅ 完整發送 268 bytes
[2025-11-11 09:38:44,270] INFO: [PROTOCOL] 準備發送 264 bytes
[2025-11-11 09:38:44,270] INFO: [PROTOCOL] 已發送 268/268 bytes
[2025-11-11 09:38:44,270] INFO: [PROTOCOL] ✅ 完整發送 268 bytes
[2025-11-11 09:38:44,270] INFO: [PROTOCOL] 準備發送 264 bytes
[2025-11-11 09:38:44,270] INFO: [PROTOCOL] 已發送 268/268 bytes
[2025-11-11 09:38:44,270] INFO: [PROTOCOL] ✅ 完整發送 268 bytes
[2025-11-11 09:38:44,270] INFO: [PROTOCOL] 準備發送 264 bytes
[2025-11-11 09:38:44,270] INFO: [PROTOCOL] 已發送 268/268 bytes
[2025-11-11 09:38:44,270] INFO: [PROTOCOL] ✅ 完整發送 268 bytes
[2025-11-11 09:38:44,374] INFO: [PROTOCOL] 準備發送 264 bytes
[2025-11-11 09:38:44,374] INFO: [PROTOCOL] 已發送 268/268 bytes
[2025-11-11 09:38:44,374] INFO: [PROTOCOL] ✅ 完整發送 268 bytes
[2025-11-11 09:38:44,374] INFO: [PROTOCOL] 準備發送 264 bytes
[2025-11-11 09:38:44,374] INFO: [PROTOCOL] 已發送 268/268 bytes
[2025-11-11 09:38:44,374] INFO: [PROTOCOL] ✅ 完整發送 268 bytes
[2025-11-11 09:38:44,374] INFO: [PROTOCOL] 準備發送 264 bytes
[2025-11-11 09:38:44,374] INFO: [PROTOCOL] 已發送 268/268 bytes
[2025-11-11 09:38:44,374] INFO: [PROTOCOL] ✅ 完整發送 268 bytes
[2025-11-11 09:38:44,374] INFO: [PROTOCOL] 準備發送 264 bytes
[2025-11-11 09:38:44,374] INFO: [PROTOCOL] 已發送 268/268 bytes
[2025-11-11 09:38:44,374] INFO: [PROTOCOL] ✅ 完整發送 268 bytes
[2025-11-11 09:38:44,476] INFO: [PROTOCOL] 準備發送 264 bytes
[2025-11-11 09:38:44,476] INFO: [PROTOCOL] 已發送 268/268 bytes
[2025-11-11 09:38:44,476] INFO: [PROTOCOL] ✅ 完整發送 268 bytes
[2025-11-11 09:38:44,476] INFO: [PROTOCOL] 準備發送 264 bytes
[2025-11-11 09:38:44,476] INFO: [PROTOCOL] 已發送 268/268 bytes
[2025-11-11 09:38:44,476] INFO: [PROTOCOL] ✅ 完整發送 268 bytes
[2025-11-11 09:38:44,476] INFO: [PROTOCOL] 準備發送 264 bytes
[2025-11-11 09:38:44,476] INFO: [PROTOCOL] 已發送 268/268 bytes
[2025-11-11 09:38:44,477] INFO: [PROTOCOL] ✅ 完整發送 268 bytes
[2025-11-11 09:38:44,477] INFO: [PROTOCOL] 準備發送 264 bytes
[2025-11-11 09:38:44,477] INFO: [PROTOCOL] 已發送 268/268 bytes
[2025-11-11 09:38:44,477] INFO: [PROTOCOL] ✅ 完整發送 268 bytes
[2025-11-11 09:38:44,582] INFO: [PROTOCOL] 準備發送 264 bytes
[2025-11-11 09:38:44,582] INFO: [PROTOCOL] 已發送 268/268 bytes
[2025-11-11 09:38:44,583] INFO: [PROTOCOL] ✅ 完整發送 268 bytes
[2025-11-11 09:38:44,583] INFO: [PROTOCOL] 準備發送 264 bytes
[2025-11-11 09:38:44,583] INFO: [PROTOCOL] 已發送 268/268 bytes
[2025-11-11 09:38:44,583] INFO: [PROTOCOL] ✅ 完整發送 268 bytes
[2025-11-11 09:38:44,584] INFO: [PROTOCOL] 準備發送 264 bytes
[2025-11-11 09:38:44,584] INFO: [PROTOCOL] 已發送 268/268 bytes
[2025-11-11 09:38:44,584] INFO: [PROTOCOL] ✅ 完整發送 268 bytes
[2025-11-11 09:38:44,584] INFO: [PROTOCOL] 準備發送 264 bytes
[2025-11-11 09:38:44,584] INFO: [PROTOCOL] 已發送 268/268 bytes
[2025-11-11 09:38:44,584] INFO: [PROTOCOL] ✅ 完整發送 268 bytes
[2025-11-11 09:38:44,690] INFO: [PROTOCOL] 準備發送 264 bytes
[2025-11-11 09:38:44,690] INFO: [PROTOCOL] 已發送 268/268 bytes
[2025-11-11 09:38:44,690] INFO: [PROTOCOL] ✅ 完整發送 268 bytes
[2025-11-11 09:38:44,690] INFO: [PROTOCOL] 準備發送 264 bytes
[2025-11-11 09:38:44,690] INFO: [PROTOCOL] 已發送 268/268 bytes
[2025-11-11 09:38:44,690] INFO: [PROTOCOL] ✅ 完整發送 268 bytes
[2025-11-11 09:38:44,690] INFO: [PROTOCOL] 準備發送 264 bytes
[2025-11-11 09:38:44,690] INFO: [PROTOCOL] 已發送 268/268 bytes
[2025-11-11 09:38:44,690] INFO: [PROTOCOL] ✅ 完整發送 268 bytes
[2025-11-11 09:38:44,690] INFO: [PROTOCOL] 準備發送 264 bytes
[2025-11-11 09:38:44,690] INFO: [PROTOCOL] 已發送 268/268 bytes
[2025-11-11 09:38:44,690] INFO: [PROTOCOL] ✅ 完整發送 268 bytes
[2025-11-11 09:38:44,795] INFO: [PROTOCOL] 準備發送 264 bytes
[2025-11-11 09:38:44,795] INFO: [PROTOCOL] 已發送 268/268 bytes
[2025-11-11 09:38:44,795] INFO: [PROTOCOL] ✅ 完整發送 268 bytes
[2025-11-11 09:38:44,795] INFO: [PROTOCOL] 準備發送 264 bytes
[2025-11-11 09:38:44,796] INFO: [PROTOCOL] 已發送 268/268 bytes
[2025-11-11 09:38:44,796] INFO: [PROTOCOL] ✅ 完整發送 268 bytes
[2025-11-11 09:38:44,796] INFO: [PROTOCOL] 準備發送 264 bytes
[2025-11-11 09:38:44,796] INFO: [PROTOCOL] 已發送 268/268 bytes
[2025-11-11 09:38:44,796] INFO: [PROTOCOL] ✅ 完整發送 268 bytes
[2025-11-11 09:38:44,796] INFO: [PROTOCOL] 準備發送 264 bytes
[2025-11-11 09:38:44,796] INFO: [PROTOCOL] 已發送 268/268 bytes
[2025-11-11 09:38:44,796] INFO: [PROTOCOL] ✅ 完整發送 268 bytes
[2025-11-11 09:38:44,901] INFO: [PROTOCOL] 準備發送 264 bytes
[2025-11-11 09:38:44,903] INFO: [PROTOCOL] 已發送 268/268 bytes
[2025-11-11 09:38:44,903] INFO: [PROTOCOL] ✅ 完整發送 268 bytes
[2025-11-11 09:38:44,903] INFO: [PROTOCOL] 準備發送 264 bytes
[2025-11-11 09:38:44,903] INFO: [PROTOCOL] 已發送 268/268 bytes
[2025-11-11 09:38:44,903] INFO: [PROTOCOL] ✅ 完整發送 268 bytes
[2025-11-11 09:38:44,903] INFO: [PROTOCOL] 準備發送 264 bytes
[2025-11-11 09:38:44,903] INFO: [PROTOCOL] 已發送 268/268 bytes
[2025-11-11 09:38:44,903] INFO: [PROTOCOL] ✅ 完整發送 268 bytes
[2025-11-11 09:38:44,903] INFO: [PROTOCOL] 準備發送 264 bytes
[2025-11-11 09:38:44,903] INFO: [PROTOCOL] 已發送 268/268 bytes
[2025-11-11 09:38:44,903] INFO: [PROTOCOL] ✅ 完整發送 268 bytes
[2025-11-11 09:38:45,009] INFO: [PROTOCOL] 準備發送 264 bytes
[2025-11-11 09:38:45,009] INFO: [PROTOCOL] 已發送 268/268 bytes
[2025-11-11 09:38:45,009] INFO: [PROTOCOL] ✅ 完整發送 268 bytes
[2025-11-11 09:38:45,009] INFO: [PROTOCOL] 準備發送 264 bytes
[2025-11-11 09:38:45,009] INFO: [PROTOCOL] 已發送 268/268 bytes
[2025-11-11 09:38:45,009] INFO: [PROTOCOL] ✅ 完整發送 268 bytes
[2025-11-11 09:38:45,009] INFO: [PROTOCOL] 準備發送 264 bytes
[2025-11-11 09:38:45,009] INFO: [PROTOCOL] 已發送 268/268 bytes
[2025-11-11 09:38:45,009] INFO: [PROTOCOL] ✅ 完整發送 268 bytes
[2025-11-11 09:38:45,009] INFO: [PROTOCOL] 準備發送 264 bytes
[2025-11-11 09:38:45,009] INFO: [PROTOCOL] 已發送 268/268 bytes
[2025-11-11 09:38:45,009] INFO: [PROTOCOL] ✅ 完整發送 268 bytes
[2025-11-11 09:38:45,114] INFO: [PROTOCOL] 準備發送 264 bytes
[2025-11-11 09:38:45,116] INFO: [PROTOCOL] 已發送 268/268 bytes
[2025-11-11 09:38:45,116] INFO: [PROTOCOL] ✅ 完整發送 268 bytes
[2025-11-11 09:38:45,117] INFO: [PROTOCOL] 準備發送 264 bytes
[2025-11-11 09:38:45,117] INFO: [PROTOCOL] 已發送 268/268 bytes
[2025-11-11 09:38:45,117] INFO: [PROTOCOL] ✅ 完整發送 268 bytes
[2025-11-11 09:38:45,117] INFO: [PROTOCOL] 準備發送 264 bytes
[2025-11-11 09:38:45,117] INFO: [PROTOCOL] 已發送 268/268 bytes
[2025-11-11 09:38:45,117] INFO: [PROTOCOL] ✅ 完整發送 268 bytes
[2025-11-11 09:38:45,117] INFO: [PROTOCOL] 準備發送 264 bytes
[2025-11-11 09:38:45,117] INFO: [PROTOCOL] 已發送 268/268 bytes
[2025-11-11 09:38:45,117] INFO: [PROTOCOL] ✅ 完整發送 268 bytes
[2025-11-11 09:38:45,224] INFO: [PROTOCOL] 準備發送 264 bytes
[2025-11-11 09:38:45,224] INFO: [PROTOCOL] 已發送 268/268 bytes
[2025-11-11 09:38:45,224] INFO: [PROTOCOL] ✅ 完整發送 268 bytes
[2025-11-11 09:38:45,224] INFO: [PROTOCOL] 準備發送 264 bytes
[2025-11-11 09:38:45,224] INFO: [PROTOCOL] 已發送 268/268 bytes
[2025-11-11 09:38:45,224] INFO: [PROTOCOL] ✅ 完整發送 268 bytes
[2025-11-11 09:38:45,224] INFO: [PROTOCOL] 準備發送 264 bytes
[2025-11-11 09:38:45,224] INFO: [PROTOCOL] 已發送 268/268 bytes
[2025-11-11 09:38:45,224] INFO: [PROTOCOL] ✅ 完整發送 268 bytes
[2025-11-11 09:38:45,224] INFO: [PROTOCOL] 準備發送 264 bytes
[2025-11-11 09:38:45,224] INFO: [PROTOCOL] 已發送 268/268 bytes
[2025-11-11 09:38:45,225] INFO: [PROTOCOL] ✅ 完整發送 268 bytes
[2025-11-11 09:38:45,330] INFO: [PROTOCOL] 準備發送 264 bytes
[2025-11-11 09:38:45,330] INFO: [PROTOCOL] 已發送 268/268 bytes
[2025-11-11 09:38:45,330] INFO: [PROTOCOL] ✅ 完整發送 268 bytes
[2025-11-11 09:38:45,330] INFO: [PROTOCOL] 準備發送 264 bytes
[2025-11-11 09:38:45,330] INFO: [PROTOCOL] 已發送 268/268 bytes
[2025-11-11 09:38:45,330] INFO: [PROTOCOL] ✅ 完整發送 268 bytes
[2025-11-11 09:38:45,330] INFO: [PROTOCOL] 準備發送 264 bytes
[2025-11-11 09:38:45,330] INFO: [PROTOCOL] 已發送 268/268 bytes
[2025-11-11 09:38:45,330] INFO: [PROTOCOL] ✅ 完整發送 268 bytes
[2025-11-11 09:38:45,330] INFO: [PROTOCOL] 準備發送 264 bytes
[2025-11-11 09:38:45,330] INFO: [PROTOCOL] 已發送 268/268 bytes
[2025-11-11 09:38:45,330] INFO: [PROTOCOL] ✅ 完整發送 268 bytes
[2025-11-11 09:38:45,431] INFO: [PROTOCOL] 準備發送 264 bytes
[2025-11-11 09:38:45,432] INFO: [PROTOCOL] 已發送 268/268 bytes
[2025-11-11 09:38:45,432] INFO: [PROTOCOL] ✅ 完整發送 268 bytes
[2025-11-11 09:38:45,432] INFO: [PROTOCOL] 準備發送 264 bytes
[2025-11-11 09:38:45,432] INFO: [PROTOCOL] 已發送 268/268 bytes
[2025-11-11 09:38:45,432] INFO: [PROTOCOL] ✅ 完整發送 268 bytes
[2025-11-11 09:38:45,432] INFO: [PROTOCOL] 準備發送 264 bytes
[2025-11-11 09:38:45,432] INFO: [PROTOCOL] 已發送 268/268 bytes
[2025-11-11 09:38:45,432] INFO: [PROTOCOL] ✅ 完整發送 268 bytes
[2025-11-11 09:38:45,432] INFO: [PROTOCOL] 準備發送 264 bytes
[2025-11-11 09:38:45,432] INFO: [PROTOCOL] 已發送 268/268 bytes
[2025-11-11 09:38:45,432] INFO: [PROTOCOL] ✅ 完整發送 268 bytes
[2025-11-11 09:38:45,538] INFO: [PROTOCOL] 準備發送 264 bytes
[2025-11-11 09:38:45,538] INFO: [PROTOCOL] 已發送 268/268 bytes
[2025-11-11 09:38:45,538] INFO: [PROTOCOL] ✅ 完整發送 268 bytes
[2025-11-11 09:38:45,538] INFO: [PROTOCOL] 準備發送 264 bytes
[2025-11-11 09:38:45,538] INFO: [PROTOCOL] 已發送 268/268 bytes
[2025-11-11 09:38:45,538] INFO: [PROTOCOL] ✅ 完整發送 268 bytes
[2025-11-11 09:38:45,538] INFO: [PROTOCOL] 準備發送 264 bytes
[2025-11-11 09:38:45,538] INFO: [PROTOCOL] 已發送 268/268 bytes
[2025-11-11 09:38:45,538] INFO: [PROTOCOL] ✅ 完整發送 268 bytes
[2025-11-11 09:38:45,538] INFO: [PROTOCOL] 準備發送 264 bytes
[2025-11-11 09:38:45,538] INFO: [PROTOCOL] 已發送 268/268 bytes
[2025-11-11 09:38:45,538] INFO: [PROTOCOL] ✅ 完整發送 268 bytes
[2025-11-11 09:38:45,642] INFO: [PROTOCOL] 準備發送 264 bytes
[2025-11-11 09:38:45,642] INFO: [PROTOCOL] 已發送 268/268 bytes
[2025-11-11 09:38:45,642] INFO: [PROTOCOL] ✅ 完整發送 268 bytes
[2025-11-11 09:38:45,642] INFO: [PROTOCOL] 準備發送 264 bytes
[2025-11-11 09:38:45,642] INFO: [PROTOCOL] 已發送 268/268 bytes
[2025-11-11 09:38:45,642] INFO: [PROTOCOL] ✅ 完整發送 268 bytes
[2025-11-11 09:38:45,642] INFO: [PROTOCOL] 準備發送 264 bytes
[2025-11-11 09:38:45,643] INFO: [PROTOCOL] 已發送 268/268 bytes
[2025-11-11 09:38:45,643] INFO: [PROTOCOL] ✅ 完整發送 268 bytes
[2025-11-11 09:38:45,643] INFO: [PROTOCOL] 準備發送 264 bytes
[2025-11-11 09:38:45,643] INFO: [PROTOCOL] 已發送 268/268 bytes
[2025-11-11 09:38:45,643] INFO: [PROTOCOL] ✅ 完整發送 268 bytes
[2025-11-11 09:38:45,748] INFO: [PROTOCOL] 準備發送 264 bytes
[2025-11-11 09:38:45,749] INFO: [PROTOCOL] 已發送 268/268 bytes
[2025-11-11 09:38:45,749] INFO: [PROTOCOL] ✅ 完整發送 268 bytes
[2025-11-11 09:38:45,749] INFO: [PROTOCOL] 準備發送 264 bytes
[2025-11-11 09:38:45,749] INFO: [PROTOCOL] 已發送 268/268 bytes
[2025-11-11 09:38:45,749] INFO: [PROTOCOL] ✅ 完整發送 268 bytes
[2025-11-11 09:38:45,749] INFO: [PROTOCOL] 準備發送 264 bytes
[2025-11-11 09:38:45,749] INFO: [PROTOCOL] 已發送 268/268 bytes
[2025-11-11 09:38:45,749] INFO: [PROTOCOL] ✅ 完整發送 268 bytes
[2025-11-11 09:38:45,749] INFO: [PROTOCOL] 準備發送 264 bytes
[2025-11-11 09:38:45,749] INFO: [PROTOCOL] 已發送 268/268 bytes
[2025-11-11 09:38:45,749] INFO: [PROTOCOL] ✅ 完整發送 268 bytes
[2025-11-11 09:38:45,854] INFO: [PROTOCOL] 準備發送 264 bytes
[2025-11-11 09:38:45,854] INFO: [PROTOCOL] 已發送 268/268 bytes
[2025-11-11 09:38:45,854] INFO: [PROTOCOL] ✅ 完整發送 268 bytes
[2025-11-11 09:38:45,854] INFO: [PROTOCOL] 準備發送 264 bytes
[2025-11-11 09:38:45,854] INFO: [PROTOCOL] 已發送 268/268 bytes
[2025-11-11 09:38:45,854] INFO: [PROTOCOL] ✅ 完整發送 268 bytes
[2025-11-11 09:38:45,854] INFO: [PROTOCOL] 準備發送 264 bytes
[2025-11-11 09:38:45,854] INFO: [PROTOCOL] 已發送 268/268 bytes
[2025-11-11 09:38:45,854] INFO: [PROTOCOL] ✅ 完整發送 268 bytes
[2025-11-11 09:38:45,854] INFO: [PROTOCOL] 準備發送 264 bytes
[2025-11-11 09:38:45,854] INFO: [PROTOCOL] 已發送 268/268 bytes
[2025-11-11 09:38:45,854] INFO: [PROTOCOL] ✅ 完整發送 268 bytes
[2025-11-11 09:38:45,959] INFO: [PROTOCOL] 準備發送 264 bytes
[2025-11-11 09:38:45,960] INFO: [PROTOCOL] 已發送 268/268 bytes
[2025-11-11 09:38:45,960] INFO: [PROTOCOL] ✅ 完整發送 268 bytes
[2025-11-11 09:38:45,960] INFO: [PROTOCOL] 準備發送 264 bytes
[2025-11-11 09:38:45,960] INFO: [PROTOCOL] 已發送 268/268 bytes
[2025-11-11 09:38:45,960] INFO: [PROTOCOL] ✅ 完整發送 268 bytes
[2025-11-11 09:38:45,960] INFO: [PROTOCOL] 準備發送 264 bytes
[2025-11-11 09:38:45,960] INFO: [PROTOCOL] 已發送 268/268 bytes
[2025-11-11 09:38:45,960] INFO: [PROTOCOL] ✅ 完整發送 268 bytes
[2025-11-11 09:38:45,960] INFO: [PROTOCOL] 準備發送 264 bytes
[2025-11-11 09:38:45,960] INFO: [PROTOCOL] 已發送 268/268 bytes
[2025-11-11 09:38:45,960] INFO: [PROTOCOL] ✅ 完整發送 268 bytes
[2025-11-11 09:38:46,065] INFO: [PROTOCOL] 準備發送 264 bytes
[2025-11-11 09:38:46,065] INFO: [PROTOCOL] 已發送 268/268 bytes
[2025-11-11 09:38:46,065] INFO: [PROTOCOL] ✅ 完整發送 268 bytes
[2025-11-11 09:38:46,065] INFO: [PROTOCOL] 準備發送 264 bytes
[2025-11-11 09:38:46,066] INFO: [PROTOCOL] 已發送 268/268 bytes
[2025-11-11 09:38:46,066] INFO: [PROTOCOL] ✅ 完整發送 268 bytes
[2025-11-11 09:38:46,066] INFO: [PROTOCOL] 準備發送 264 bytes
[2025-11-11 09:38:46,066] INFO: [PROTOCOL] 已發送 268/268 bytes
[2025-11-11 09:38:46,066] INFO: [PROTOCOL] ✅ 完整發送 268 bytes
[2025-11-11 09:38:46,066] INFO: [PROTOCOL] 準備發送 264 bytes
[2025-11-11 09:38:46,066] INFO: [PROTOCOL] 已發送 268/268 bytes
[2025-11-11 09:38:46,066] INFO: [PROTOCOL] ✅ 完整發送 268 bytes
[2025-11-11 09:38:46,171] INFO: [PROTOCOL] 準備發送 263 bytes
[2025-11-11 09:38:46,171] INFO: [PROTOCOL] 已發送 267/267 bytes
[2025-11-11 09:38:46,171] INFO: [PROTOCOL] ✅ 完整發送 267 bytes
[2025-11-11 09:38:46,171] INFO: [PROTOCOL] 準備發送 263 bytes
[2025-11-11 09:38:46,171] INFO: [PROTOCOL] 已發送 267/267 bytes
[2025-11-11 09:38:46,171] INFO: [PROTOCOL] ✅ 完整發送 267 bytes
[2025-11-11 09:38:46,171] INFO: [PROTOCOL] 準備發送 263 bytes
[2025-11-11 09:38:46,171] INFO: [PROTOCOL] 已發送 267/267 bytes
[2025-11-11 09:38:46,171] INFO: [PROTOCOL] ✅ 完整發送 267 bytes
[2025-11-11 09:38:46,171] INFO: [PROTOCOL] 準備發送 263 bytes
[2025-11-11 09:38:46,171] INFO: [PROTOCOL] 已發送 267/267 bytes
[2025-11-11 09:38:46,171] INFO: [PROTOCOL] ✅ 完整發送 267 bytes
[2025-11-11 09:38:46,272] INFO: [PROTOCOL] 準備發送 263 bytes
[2025-11-11 09:38:46,272] INFO: [PROTOCOL] 已發送 267/267 bytes
[2025-11-11 09:38:46,273] INFO: [PROTOCOL] ✅ 完整發送 267 bytes
[2025-11-11 09:38:46,273] INFO: [PROTOCOL] 準備發送 263 bytes
[2025-11-11 09:38:46,273] INFO: [PROTOCOL] 已發送 267/267 bytes
[2025-11-11 09:38:46,273] INFO: [PROTOCOL] ✅ 完整發送 267 bytes
[2025-11-11 09:38:46,273] INFO: [PROTOCOL] 準備發送 263 bytes
[2025-11-11 09:38:46,273] INFO: [PROTOCOL] 已發送 267/267 bytes
[2025-11-11 09:38:46,273] INFO: [PROTOCOL] ✅ 完整發送 267 bytes
[2025-11-11 09:38:46,273] INFO: [PROTOCOL] 準備發送 263 bytes
[2025-11-11 09:38:46,273] INFO: [PROTOCOL] 已發送 267/267 bytes
[2025-11-11 09:38:46,273] INFO: [PROTOCOL] ✅ 完整發送 267 bytes
[2025-11-11 09:38:46,378] INFO: [PROTOCOL] 準備發送 263 bytes
[2025-11-11 09:38:46,378] INFO: [PROTOCOL] 已發送 267/267 bytes
[2025-11-11 09:38:46,379] INFO: [PROTOCOL] ✅ 完整發送 267 bytes
[2025-11-11 09:38:46,379] INFO: [PROTOCOL] 準備發送 263 bytes
[2025-11-11 09:38:46,379] INFO: [PROTOCOL] 已發送 267/267 bytes
[2025-11-11 09:38:46,379] INFO: [PROTOCOL] ✅ 完整發送 267 bytes
[2025-11-11 09:38:46,379] INFO: [PROTOCOL] 準備發送 263 bytes
[2025-11-11 09:38:46,379] INFO: [PROTOCOL] 已發送 267/267 bytes
[2025-11-11 09:38:46,379] INFO: [PROTOCOL] ✅ 完整發送 267 bytes
[2025-11-11 09:38:46,379] INFO: [PROTOCOL] 準備發送 263 bytes
[2025-11-11 09:38:46,379] INFO: [PROTOCOL] 已發送 267/267 bytes
[2025-11-11 09:38:46,379] INFO: [PROTOCOL] ✅ 完整發送 267 bytes
[2025-11-11 09:38:46,483] INFO: [PROTOCOL] 準備發送 263 bytes
[2025-11-11 09:38:46,483] INFO: [PROTOCOL] 已發送 267/267 bytes
[2025-11-11 09:38:46,483] INFO: [PROTOCOL] ✅ 完整發送 267 bytes
[2025-11-11 09:38:46,483] INFO: [PROTOCOL] 準備發送 263 bytes
[2025-11-11 09:38:46,483] INFO: [PROTOCOL] 已發送 267/267 bytes
[2025-11-11 09:38:46,483] INFO: [PROTOCOL] ✅ 完整發送 267 bytes
[2025-11-11 09:38:46,484] INFO: [PROTOCOL] 準備發送 263 bytes
[2025-11-11 09:38:46,484] INFO: [PROTOCOL] 已發送 267/267 bytes
[2025-11-11 09:38:46,484] INFO: [PROTOCOL] ✅ 完整發送 267 bytes
[2025-11-11 09:38:46,484] INFO: [PROTOCOL] 準備發送 263 bytes
[2025-11-11 09:38:46,484] INFO: [PROTOCOL] 已發送 267/267 bytes
[2025-11-11 09:38:46,484] INFO: [PROTOCOL] ✅ 完整發送 267 bytes
[2025-11-11 09:38:46,589] INFO: [PROTOCOL] 準備發送 263 bytes
[2025-11-11 09:38:46,589] INFO: [PROTOCOL] 已發送 267/267 bytes
[2025-11-11 09:38:46,590] INFO: [PROTOCOL] ✅ 完整發送 267 bytes
[2025-11-11 09:38:46,590] INFO: [PROTOCOL] 準備發送 263 bytes
[2025-11-11 09:38:46,590] INFO: [PROTOCOL] 已發送 267/267 bytes
[2025-11-11 09:38:46,590] INFO: [PROTOCOL] ✅ 完整發送 267 bytes
[2025-11-11 09:38:46,590] INFO: [PROTOCOL] 準備發送 263 bytes
[2025-11-11 09:38:46,590] INFO: [PROTOCOL] 已發送 267/267 bytes
[2025-11-11 09:38:46,590] INFO: [PROTOCOL] ✅ 完整發送 267 bytes
[2025-11-11 09:38:46,590] INFO: [PROTOCOL] 準備發送 263 bytes
[2025-11-11 09:38:46,590] INFO: [PROTOCOL] 已發送 267/267 bytes
[2025-11-11 09:38:46,590] INFO: [PROTOCOL] ✅ 完整發送 267 bytes
[2025-11-11 09:38:46,693] INFO: [PROTOCOL] 準備發送 265 bytes
[2025-11-11 09:38:46,693] INFO: [PROTOCOL] 已發送 269/269 bytes
[2025-11-11 09:38:46,693] INFO: [PROTOCOL] ✅ 完整發送 269 bytes
[2025-11-11 09:38:46,694] INFO: [PROTOCOL] 準備發送 265 bytes
[2025-11-11 09:38:46,694] INFO: [PROTOCOL] 已發送 269/269 bytes
[2025-11-11 09:38:46,694] INFO: [PROTOCOL] ✅ 完整發送 269 bytes
[2025-11-11 09:38:46,694] INFO: [PROTOCOL] 準備發送 265 bytes
[2025-11-11 09:38:46,694] INFO: [PROTOCOL] 已發送 269/269 bytes
[2025-11-11 09:38:46,694] INFO: [PROTOCOL] ✅ 完整發送 269 bytes
[2025-11-11 09:38:46,695] INFO: [PROTOCOL] 準備發送 265 bytes
[2025-11-11 09:38:46,695] INFO: [PROTOCOL] 已發送 269/269 bytes
[2025-11-11 09:38:46,695] INFO: [PROTOCOL] ✅ 完整發送 269 bytes
[2025-11-11 09:38:46,800] INFO: [PROTOCOL] 準備發送 265 bytes
[2025-11-11 09:38:46,800] INFO: [PROTOCOL] 已發送 269/269 bytes
[2025-11-11 09:38:46,801] INFO: [PROTOCOL] ✅ 完整發送 269 bytes
[2025-11-11 09:38:46,801] INFO: [PROTOCOL] 準備發送 265 bytes
[2025-11-11 09:38:46,801] INFO: [PROTOCOL] 已發送 269/269 bytes
[2025-11-11 09:38:46,801] INFO: [PROTOCOL] ✅ 完整發送 269 bytes
[2025-11-11 09:38:46,801] INFO: [PROTOCOL] 準備發送 265 bytes
[2025-11-11 09:38:46,801] INFO: [PROTOCOL] 已發送 269/269 bytes
[2025-11-11 09:38:46,801] INFO: [PROTOCOL] ✅ 完整發送 269 bytes
[2025-11-11 09:38:46,801] INFO: [PROTOCOL] 準備發送 265 bytes
[2025-11-11 09:38:46,802] INFO: [PROTOCOL] 已發送 269/269 bytes
[2025-11-11 09:38:46,802] INFO: [PROTOCOL] ✅ 完整發送 269 bytes
[2025-11-11 09:38:46,904] INFO: [PROTOCOL] 準備發送 265 bytes
[2025-11-11 09:38:46,904] INFO: [PROTOCOL] 已發送 269/269 bytes
[2025-11-11 09:38:46,904] INFO: [PROTOCOL] ✅ 完整發送 269 bytes
[2025-11-11 09:38:46,904] INFO: [PROTOCOL] 準備發送 265 bytes
[2025-11-11 09:38:46,904] INFO: [PROTOCOL] 已發送 269/269 bytes
[2025-11-11 09:38:46,904] INFO: [PROTOCOL] ✅ 完整發送 269 bytes
[2025-11-11 09:38:46,904] INFO: [PROTOCOL] 準備發送 265 bytes
[2025-11-11 09:38:46,905] INFO: [PROTOCOL] 已發送 269/269 bytes
[2025-11-11 09:38:46,905] INFO: [PROTOCOL] ✅ 完整發送 269 bytes
[2025-11-11 09:38:46,905] INFO: [PROTOCOL] 準備發送 265 bytes
[2025-11-11 09:38:46,905] INFO: [PROTOCOL] 已發送 269/269 bytes
[2025-11-11 09:38:46,905] INFO: [PROTOCOL] ✅ 完整發送 269 bytes
[2025-11-11 09:38:47,009] INFO: [PROTOCOL] 準備發送 265 bytes
[2025-11-11 09:38:47,010] INFO: [PROTOCOL] 已發送 269/269 bytes
[2025-11-11 09:38:47,010] INFO: [PROTOCOL] ✅ 完整發送 269 bytes
[2025-11-11 09:38:47,010] INFO: [PROTOCOL] 準備發送 265 bytes
[2025-11-11 09:38:47,010] INFO: [PROTOCOL] 已發送 269/269 bytes
[2025-11-11 09:38:47,010] INFO: [PROTOCOL] ✅ 完整發送 269 bytes
[2025-11-11 09:38:47,010] INFO: [PROTOCOL] 準備發送 265 bytes
[2025-11-11 09:38:47,010] INFO: [PROTOCOL] 已發送 269/269 bytes
[2025-11-11 09:38:47,010] INFO: [PROTOCOL] ✅ 完整發送 269 bytes
[2025-11-11 09:38:47,010] INFO: [PROTOCOL] 準備發送 265 bytes
[2025-11-11 09:38:47,010] INFO: [PROTOCOL] 已發送 269/269 bytes
[2025-11-11 09:38:47,010] INFO: [PROTOCOL] ✅ 完整發送 269 bytes
[2025-11-11 09:38:47,115] INFO: [PROTOCOL] 準備發送 265 bytes
[2025-11-11 09:38:47,116] INFO: [PROTOCOL] 已發送 269/269 bytes
[2025-11-11 09:38:47,116] INFO: [PROTOCOL] ✅ 完整發送 269 bytes
[2025-11-11 09:38:47,116] INFO: [PROTOCOL] 準備發送 265 bytes
[2025-11-11 09:38:47,116] INFO: [PROTOCOL] 已發送 269/269 bytes
[2025-11-11 09:38:47,116] INFO: [PROTOCOL] ✅ 完整發送 269 bytes
[2025-11-11 09:38:47,116] INFO: [PROTOCOL] 準備發送 265 bytes
[2025-11-11 09:38:47,116] INFO: [PROTOCOL] 已發送 269/269 bytes
[2025-11-11 09:38:47,116] INFO: [PROTOCOL] ✅ 完整發送 269 bytes
[2025-11-11 09:38:47,116] INFO: [PROTOCOL] 準備發送 265 bytes
[2025-11-11 09:38:47,116] INFO: [PROTOCOL] 已發送 269/269 bytes
[2025-11-11 09:38:47,116] INFO: [PROTOCOL] ✅ 完整發送 269 bytes
[2025-11-11 09:38:47,218] INFO: [PROTOCOL] 準備發送 265 bytes
[2025-11-11 09:38:47,218] INFO: [PROTOCOL] 已發送 269/269 bytes
[2025-11-11 09:38:47,218] INFO: [PROTOCOL] ✅ 完整發送 269 bytes
[2025-11-11 09:38:47,218] INFO: [PROTOCOL] 準備發送 265 bytes
[2025-11-11 09:38:47,218] INFO: [PROTOCOL] 已發送 269/269 bytes
[2025-11-11 09:38:47,219] INFO: [PROTOCOL] ✅ 完整發送 269 bytes
[2025-11-11 09:38:47,219] INFO: [PROTOCOL] 準備發送 265 bytes
[2025-11-11 09:38:47,219] INFO: [PROTOCOL] 已發送 269/269 bytes
[2025-11-11 09:38:47,219] INFO: [PROTOCOL] ✅ 完整發送 269 bytes
[2025-11-11 09:38:47,219] INFO: [PROTOCOL] 準備發送 265 bytes
[2025-11-11 09:38:47,219] INFO: [PROTOCOL] 已發送 269/269 bytes
[2025-11-11 09:38:47,219] INFO: [PROTOCOL] ✅ 完整發送 269 bytes
[2025-11-11 09:38:47,325] INFO: [PROTOCOL] 準備發送 265 bytes
[2025-11-11 09:38:47,325] INFO: [PROTOCOL] 已發送 269/269 bytes
[2025-11-11 09:38:47,326] INFO: [PROTOCOL] ✅ 完整發送 269 bytes
[2025-11-11 09:38:47,326] INFO: [PROTOCOL] 準備發送 265 bytes
[2025-11-11 09:38:47,326] INFO: [PROTOCOL] 已發送 269/269 bytes
[2025-11-11 09:38:47,326] INFO: [PROTOCOL] ✅ 完整發送 269 bytes
[2025-11-11 09:38:47,326] INFO: [PROTOCOL] 準備發送 265 bytes
[2025-11-11 09:38:47,326] INFO: [PROTOCOL] 已發送 269/269 bytes
[2025-11-11 09:38:47,326] INFO: [PROTOCOL] ✅ 完整發送 269 bytes
[2025-11-11 09:38:47,327] INFO: [PROTOCOL] 準備發送 265 bytes
[2025-11-11 09:38:47,327] INFO: [PROTOCOL] 已發送 269/269 bytes
[2025-11-11 09:38:47,327] INFO: [PROTOCOL] ✅ 完整發送 269 bytes
[2025-11-11 09:38:47,432] INFO: [PROTOCOL] 準備發送 265 bytes
[2025-11-11 09:38:47,434] INFO: [PROTOCOL] 已發送 269/269 bytes
[2025-11-11 09:38:47,434] INFO: [PROTOCOL] ✅ 完整發送 269 bytes
[2025-11-11 09:38:47,434] INFO: [PROTOCOL] 準備發送 265 bytes
[2025-11-11 09:38:47,434] INFO: [PROTOCOL] 已發送 269/269 bytes
[2025-11-11 09:38:47,434] INFO: [PROTOCOL] ✅ 完整發送 269 bytes
[2025-11-11 09:38:47,435] INFO: [PROTOCOL] 準備發送 265 bytes
[2025-11-11 09:38:47,435] INFO: [PROTOCOL] 已發送 269/269 bytes
[2025-11-11 09:38:47,435] INFO: [PROTOCOL] ✅ 完整發送 269 bytes
[2025-11-11 09:38:47,435] INFO: [PROTOCOL] 準備發送 265 bytes
[2025-11-11 09:38:47,435] INFO: [PROTOCOL] 已發送 269/269 bytes
[2025-11-11 09:38:47,435] INFO: [PROTOCOL] ✅ 完整發送 269 bytes
[2025-11-11 09:38:47,538] INFO: [PROTOCOL] 準備發送 265 bytes
[2025-11-11 09:38:47,538] INFO: [PROTOCOL] 已發送 269/269 bytes
[2025-11-11 09:38:47,538] INFO: [PROTOCOL] ✅ 完整發送 269 bytes
[2025-11-11 09:38:47,538] INFO: [PROTOCOL] 準備發送 265 bytes
[2025-11-11 09:38:47,538] INFO: [PROTOCOL] 已發送 269/269 bytes
[2025-11-11 09:38:47,538] INFO: [PROTOCOL] ✅ 完整發送 269 bytes
[2025-11-11 09:38:47,539] INFO: [PROTOCOL] 準備發送 265 bytes
[2025-11-11 09:38:47,539] INFO: [PROTOCOL] 已發送 269/269 bytes
[2025-11-11 09:38:47,539] INFO: [PROTOCOL] ✅ 完整發送 269 bytes
[2025-11-11 09:38:47,539] INFO: [PROTOCOL] 準備發送 265 bytes
[2025-11-11 09:38:47,539] INFO: [PROTOCOL] 已發送 269/269 bytes
[2025-11-11 09:38:47,539] INFO: [PROTOCOL] ✅ 完整發送 269 bytes
[2025-11-11 09:38:47,645] INFO: [PROTOCOL] 準備發送 265 bytes
[2025-11-11 09:38:47,645] INFO: [PROTOCOL] 已發送 269/269 bytes
[2025-11-11 09:38:47,646] INFO: [PROTOCOL] ✅ 完整發送 269 bytes
[2025-11-11 09:38:47,646] INFO: [PROTOCOL] 準備發送 265 bytes
[2025-11-11 09:38:47,646] INFO: [PROTOCOL] 已發送 269/269 bytes
[2025-11-11 09:38:47,646] INFO: [PROTOCOL] ✅ 完整發送 269 bytes
[2025-11-11 09:38:47,646] INFO: [PROTOCOL] 準備發送 265 bytes
[2025-11-11 09:38:47,647] INFO: [PROTOCOL] 已發送 269/269 bytes
[2025-11-11 09:38:47,647] INFO: [PROTOCOL] ✅ 完整發送 269 bytes
[2025-11-11 09:38:47,647] INFO: [PROTOCOL] 準備發送 265 bytes
[2025-11-11 09:38:47,647] INFO: [PROTOCOL] 已發送 269/269 bytes
[2025-11-11 09:38:47,647] INFO: [PROTOCOL] ✅ 完整發送 269 bytes
[2025-11-11 09:38:47,751] INFO: [PROTOCOL] 準備發送 265 bytes
[2025-11-11 09:38:47,753] INFO: [PROTOCOL] 已發送 269/269 bytes
[2025-11-11 09:38:47,754] INFO: [PROTOCOL] ✅ 完整發送 269 bytes
[2025-11-11 09:38:47,754] INFO: [PROTOCOL] 準備發送 265 bytes
[2025-11-11 09:38:47,755] INFO: [PROTOCOL] 已發送 269/269 bytes
[2025-11-11 09:38:47,755] INFO: [PROTOCOL] ✅ 完整發送 269 bytes
[2025-11-11 09:38:47,755] INFO: [PROTOCOL] 準備發送 265 bytes
[2025-11-11 09:38:47,755] INFO: [PROTOCOL] 已發送 269/269 bytes
[2025-11-11 09:38:47,755] INFO: [PROTOCOL] ✅ 完整發送 269 bytes
[2025-11-11 09:38:47,755] INFO: [PROTOCOL] 準備發送 265 bytes
[2025-11-11 09:38:47,755] INFO: [PROTOCOL] 已發送 269/269 bytes
[2025-11-11 09:38:47,755] INFO: [PROTOCOL] ✅ 完整發送 269 bytes
[2025-11-11 09:38:47,858] INFO: [PROTOCOL] 準備發送 265 bytes
[2025-11-11 09:38:47,858] INFO: [PROTOCOL] 已發送 269/269 bytes
[2025-11-11 09:38:47,858] INFO: [PROTOCOL] ✅ 完整發送 269 bytes
[2025-11-11 09:38:47,858] INFO: [PROTOCOL] 準備發送 265 bytes
[2025-11-11 09:38:47,859] INFO: [PROTOCOL] 已發送 269/269 bytes
[2025-11-11 09:38:47,859] INFO: [PROTOCOL] ✅ 完整發送 269 bytes
[2025-11-11 09:38:47,859] INFO: [PROTOCOL] 準備發送 265 bytes
[2025-11-11 09:38:47,859] INFO: [PROTOCOL] 已發送 269/269 bytes
[2025-11-11 09:38:47,859] INFO: [PROTOCOL] ✅ 完整發送 269 bytes
[2025-11-11 09:38:47,859] INFO: [PROTOCOL] 準備發送 265 bytes
[2025-11-11 09:38:47,859] INFO: [PROTOCOL] 已發送 269/269 bytes
[2025-11-11 09:38:47,859] INFO: [PROTOCOL] ✅ 完整發送 269 bytes
[2025-11-11 09:38:47,959] ERROR: ❌ ProtocolError for 2: 接收失敗: [Errno 54] Connection reset by peer
[2025-11-11 09:38:47,959] WARNING: ⚠️ Player 2 disconnected during game!
[2025-11-11 09:38:47,959] INFO: [PROTOCOL] 準備發送 126 bytes
[2025-11-11 09:38:47,960] INFO: [PROTOCOL] 已發送 130/130 bytes
[2025-11-11 09:38:47,960] INFO: [PROTOCOL] ✅ 完整發送 130 bytes
[2025-11-11 09:38:47,960] INFO: [PROTOCOL] 準備發送 126 bytes
[2025-11-11 09:38:47,960] ERROR: [PROTOCOL] ❌ 發送訊息失敗: 發送失敗: [Errno 32] Broken pipe
[2025-11-11 09:38:47,960] INFO: 📊 Attempting to report game result to lobby: room=16, results={'P1': {'user_id': 1, 'score': 0, 'lines_cleared': 0}, 'P2': {'user_id': 2, 'score': 0, 'lines_cleared': 0}}
[2025-11-11 09:38:47,960] INFO: 📡 Connecting to lobby server at localhost:10002...
[2025-11-11 09:38:47,965] INFO: ✅ Connected to lobby server
[2025-11-11 09:38:47,965] INFO: 🏆 Winner: None
[2025-11-11 09:38:47,965] INFO: 📤 Sending report: {'action': 'report_game_result', 'data': {'room_id': 16, 'winner': None, 'results': {'P1': {'user_id': 1, 'score': 0, 'lines_cleared': 0}, 'P2': {'user_id': 2, 'score': 0, 'lines_cleared': 0}}}}
[2025-11-11 09:38:47,966] INFO: [PROTOCOL] 準備發送 194 bytes
[2025-11-11 09:38:47,966] INFO: [PROTOCOL] 已發送 198/198 bytes
[2025-11-11 09:38:47,966] INFO: [PROTOCOL] ✅ 完整發送 198 bytes
[2025-11-11 09:38:47,966] INFO: ✅ Report sent, waiting for response...
[2025-11-11 09:38:47,995] INFO: 🎮 Game Over! Winner: None
[2025-11-11 09:38:47,996] INFO: [PROTOCOL] 準備發送 158 bytes
[2025-11-11 09:38:47,996] INFO: [PROTOCOL] 已發送 162/162 bytes
[2025-11-11 09:38:47,996] INFO: [PROTOCOL] ✅ 完整發送 162 bytes
[2025-11-11 09:38:47,996] INFO: [PROTOCOL] 準備發送 158 bytes
[2025-11-11 09:38:47,996] ERROR: [PROTOCOL] ❌ 發送訊息失敗: 發送失敗: [Errno 32] Broken pipe
[2025-11-11 09:38:47,996] INFO: 📊 Attempting to report game result to lobby: room=16, results={'P1': {'user_id': 1, 'score': 0, 'lines_cleared': 0, 'max_combo': 0}, 'P2': {'user_id': 2, 'score': 0, 'lines_cleared': 0, 'max_combo': 0}}
[2025-11-11 09:38:47,996] INFO: 📡 Connecting to lobby server at localhost:10002...
[2025-11-11 09:38:47,997] INFO: ✅ Connected to lobby server
[2025-11-11 09:38:47,997] INFO: 🏆 Winner: None
[2025-11-11 09:38:47,997] INFO: 📤 Sending report: {'action': 'report_game_result', 'data': {'room_id': 16, 'winner': None, 'results': {'P1': {'user_id': 1, 'score': 0, 'lines_cleared': 0, 'max_combo': 0}, 'P2': {'user_id': 2, 'score': 0, 'lines_cleared': 0, 'max_combo': 0}}}}
[2025-11-11 09:38:47,997] INFO: [PROTOCOL] 準備發送 226 bytes
[2025-11-11 09:38:47,997] INFO: [PROTOCOL] 已發送 230/230 bytes
[2025-11-11 09:38:47,997] INFO: [PROTOCOL] ✅ 完整發送 230 bytes
[2025-11-11 09:38:47,997] INFO: ✅ Report sent, waiting for response...
[2025-11-11 09:38:48,544] INFO: 🔌 Player 1 input handler stopped
[2025-11-11 09:38:52,967] ERROR: ❌ Failed to report game result: 接收逾時
Traceback (most recent call last):
  File "/Users/ninachung/Documents/GitHub/Network_programming/game_server/../lobby_server/protocol.py", line 77, in recv_exact
    chunk = sock.recv(n - len(data))
            ^^^^^^^^^^^^^^^^^^^^^^^^
ConnectionResetError: [Errno 54] Connection reset by peer

During handling of the above exception, another exception occurred:

Traceback (most recent call last):
  File "/Users/ninachung/Documents/GitHub/Network_programming/game_server/game_server.py", line 316, in handle_player_input
    msg_str = recv_message(sock)
              ^^^^^^^^^^^^^^^^^^
  File "/Users/ninachung/Documents/GitHub/Network_programming/game_server/../lobby_server/protocol.py", line 103, in recv_message
    header = recv_exact(sock, 4)
             ^^^^^^^^^^^^^^^^^^^
  File "/Users/ninachung/Documents/GitHub/Network_programming/game_server/../lobby_server/protocol.py", line 84, in recv_exact
    raise ProtocolError(f"接收失敗: {e}")
lobby_server.protocol.ProtocolError: 接收失敗: [Errno 54] Connection reset by peer

During handling of the above exception, another exception occurred:

Traceback (most recent call last):
  File "/Users/ninachung/Documents/GitHub/Network_programming/game_server/../lobby_server/protocol.py", line 77, in recv_exact
    chunk = sock.recv(n - len(data))
            ^^^^^^^^^^^^^^^^^^^^^^^^
TimeoutError: timed out

During handling of the above exception, another exception occurred:

Traceback (most recent call last):
  File "/Users/ninachung/Documents/GitHub/Network_programming/game_server/game_server.py", line 607, in report_game_result
    response_str = recv_message(lobby_sock)
                   ^^^^^^^^^^^^^^^^^^^^^^^^
  File "/Users/ninachung/Documents/GitHub/Network_programming/game_server/../lobby_server/protocol.py", line 103, in recv_message
    header = recv_exact(sock, 4)
             ^^^^^^^^^^^^^^^^^^^
  File "/Users/ninachung/Documents/GitHub/Network_programming/game_server/../lobby_server/protocol.py", line 82, in recv_exact
    raise ProtocolError("接收逾時")
lobby_server.protocol.ProtocolError: 接收逾時
[2025-11-11 09:38:52,975] INFO: 🏁 Game ended due to player 2 disconnection
[2025-11-11 09:38:52,975] INFO: 🔌 Player 2 input handler stopped
[2025-11-11 09:38:52,998] ERROR: ❌ Failed to report game result: 接收逾時
Traceback (most recent call last):
  File "/Users/ninachung/Documents/GitHub/Network_programming/game_server/../lobby_server/protocol.py", line 77, in recv_exact
    chunk = sock.recv(n - len(data))
            ^^^^^^^^^^^^^^^^^^^^^^^^
TimeoutError: timed out

During handling of the above exception, another exception occurred:

Traceback (most recent call last):
  File "/Users/ninachung/Documents/GitHub/Network_programming/game_server/game_server.py", line 607, in report_game_result
    response_str = recv_message(lobby_sock)
                   ^^^^^^^^^^^^^^^^^^^^^^^^
  File "/Users/ninachung/Documents/GitHub/Network_programming/game_server/../lobby_server/protocol.py", line 103, in recv_message
    header = recv_exact(sock, 4)
             ^^^^^^^^^^^^^^^^^^^
  File "/Users/ninachung/Documents/GitHub/Network_programming/game_server/../lobby_server/protocol.py", line 82, in recv_exact
    raise ProtocolError("接收逾時")
lobby_server.protocol.ProtocolError: 接收逾時
[2025-11-11 09:38:52,998] INFO: 📊 Final results: {'P1': {'user_id': 1, 'score': 0, 'lines_cleared': 0, 'max_combo': 0}, 'P2': {'user_id': 2, 'score': 0, 'lines_cleared': 0, 'max_combo': 0}}
[2025-11-11 09:38:55,004] INFO: 🛑 Shutting down Game Server...
[2025-11-11 09:38:55,004] INFO: ✅ Game Server shut down
[2025-11-11 09:38:55,004] INFO: 🛑 Shutting down Game Server...
[2025-11-11 09:38:55,004] INFO: ✅ Game Server shut down
