[2025-11-10 02:51:23,741] INFO: 🎮 Game Server started on port 10102
[2025-11-10 02:51:23,741] INFO:    Room: 10, Players: [1, 2]
[2025-11-10 02:51:23,741] INFO:    Seed: 1777692381
[2025-11-10 02:51:25,752] INFO: 📥 Player 1 connected from ('127.0.0.1', 64377)
[2025-11-10 02:51:25,754] INFO: ✅ Player 1 (P1) ready
[2025-11-10 02:51:25,754] INFO: 📥 Player 2 connected from ('127.0.0.1', 64378)
[2025-11-10 02:51:25,755] INFO: ✅ Player 2 (P2) ready
[2025-11-10 02:51:25,756] INFO: ✅ Both players connected, starting game...
[2025-11-10 02:51:25,756] INFO: 🎮 Starting input handler for player 1
[2025-11-10 02:51:25,756] INFO: 🎮 Starting input handler for player 2
[2025-11-10 02:51:28,831] INFO: 🎮 Received INPUT from 1: DOWN (seq: 1)
[2025-11-10 02:51:28,832] INFO: ✅ Processing action: DOWN
[2025-11-10 02:51:28,883] INFO: 🎮 Received INPUT from 1: DOWN (seq: 2)
[2025-11-10 02:51:28,883] INFO: ✅ Processing action: DOWN
[2025-11-10 02:51:28,934] INFO: 🎮 Received INPUT from 1: DOWN (seq: 3)
[2025-11-10 02:51:28,934] INFO: ✅ Processing action: DOWN
[2025-11-10 02:51:28,986] INFO: 🎮 Received INPUT from 1: DOWN (seq: 4)
[2025-11-10 02:51:28,986] INFO: ✅ Processing action: DOWN
[2025-11-10 02:51:29,037] INFO: 🎮 Received INPUT from 1: DOWN (seq: 5)
[2025-11-10 02:51:29,037] INFO: ✅ Processing action: DOWN
[2025-11-10 02:51:29,088] INFO: 🎮 Received INPUT from 1: DOWN (seq: 6)
[2025-11-10 02:51:29,088] INFO: ✅ Processing action: DOWN
[2025-11-10 02:51:29,138] INFO: 🎮 Received INPUT from 1: DOWN (seq: 7)
[2025-11-10 02:51:29,138] INFO: ✅ Processing action: DOWN
[2025-11-10 02:51:29,189] INFO: 🎮 Received INPUT from 1: DOWN (seq: 8)
[2025-11-10 02:51:29,190] INFO: ✅ Processing action: DOWN
[2025-11-10 02:51:29,240] INFO: 🎮 Received INPUT from 1: DOWN (seq: 9)
[2025-11-10 02:51:29,240] INFO: ✅ Processing action: DOWN
[2025-11-10 02:51:29,291] INFO: 🎮 Received INPUT from 1: DOWN (seq: 10)
[2025-11-10 02:51:29,291] INFO: ✅ Processing action: DOWN
[2025-11-10 02:51:29,342] INFO: 🎮 Received INPUT from 1: DOWN (seq: 11)
[2025-11-10 02:51:29,342] INFO: ✅ Processing action: DOWN
[2025-11-10 02:51:29,395] INFO: 🎮 Received INPUT from 1: DOWN (seq: 12)
[2025-11-10 02:51:29,395] INFO: ✅ Processing action: DOWN
[2025-11-10 02:51:29,461] INFO: 🎮 Received INPUT from 1: DOWN (seq: 13)
[2025-11-10 02:51:29,462] INFO: ✅ Processing action: DOWN
[2025-11-10 02:51:29,512] INFO: 🎮 Received INPUT from 1: DOWN (seq: 14)
[2025-11-10 02:51:29,512] INFO: ✅ Processing action: DOWN
[2025-11-10 02:51:29,563] INFO: 🎮 Received INPUT from 1: DOWN (seq: 15)
[2025-11-10 02:51:29,563] INFO: ✅ Processing action: DOWN
[2025-11-10 02:51:29,630] INFO: 🎮 Received INPUT from 1: DOWN (seq: 16)
[2025-11-10 02:51:29,630] INFO: ✅ Processing action: DOWN
[2025-11-10 02:51:29,681] INFO: 🎮 Received INPUT from 1: DOWN (seq: 17)
[2025-11-10 02:51:29,681] INFO: ✅ Processing action: DOWN
[2025-11-10 02:51:29,733] INFO: 🎮 Received INPUT from 1: DOWN (seq: 18)
[2025-11-10 02:51:29,733] INFO: ✅ Processing action: DOWN
[2025-11-10 02:51:29,798] INFO: 🎮 Received INPUT from 1: DOWN (seq: 19)
[2025-11-10 02:51:29,799] INFO: ✅ Processing action: DOWN
[2025-11-10 02:51:29,850] INFO: 🎮 Received INPUT from 1: DOWN (seq: 20)
[2025-11-10 02:51:29,850] INFO: ✅ Processing action: DOWN
[2025-11-10 02:51:29,901] INFO: 🎮 Received INPUT from 1: DOWN (seq: 21)
[2025-11-10 02:51:29,901] INFO: ✅ Processing action: DOWN
[2025-11-10 02:51:29,952] INFO: 🎮 Received INPUT from 1: DOWN (seq: 22)
[2025-11-10 02:51:29,952] INFO: ✅ Processing action: DOWN
[2025-11-10 02:51:30,002] INFO: 🎮 Received INPUT from 1: DOWN (seq: 23)
[2025-11-10 02:51:30,002] INFO: ✅ Processing action: DOWN
[2025-11-10 02:51:30,054] INFO: 🎮 Received INPUT from 1: DOWN (seq: 24)
[2025-11-10 02:51:30,054] INFO: ✅ Processing action: DOWN
[2025-11-10 02:51:30,105] INFO: 🎮 Received INPUT from 1: DOWN (seq: 25)
[2025-11-10 02:51:30,105] INFO: ✅ Processing action: DOWN
[2025-11-10 02:51:30,155] INFO: 🎮 Received INPUT from 1: DOWN (seq: 26)
[2025-11-10 02:51:30,156] INFO: ✅ Processing action: DOWN
[2025-11-10 02:51:30,206] INFO: 🎮 Received INPUT from 1: DOWN (seq: 27)
[2025-11-10 02:51:30,207] INFO: ✅ Processing action: DOWN
[2025-11-10 02:51:30,257] INFO: 🎮 Received INPUT from 1: DOWN (seq: 28)
[2025-11-10 02:51:30,258] INFO: ✅ Processing action: DOWN
[2025-11-10 02:51:30,309] INFO: 🎮 Received INPUT from 1: DOWN (seq: 29)
[2025-11-10 02:51:30,309] INFO: ✅ Processing action: DOWN
[2025-11-10 02:51:30,359] INFO: 🎮 Received INPUT from 1: DOWN (seq: 30)
[2025-11-10 02:51:30,359] INFO: ✅ Processing action: DOWN
[2025-11-10 02:51:30,426] INFO: 🎮 Received INPUT from 1: DOWN (seq: 31)
[2025-11-10 02:51:30,426] INFO: ✅ Processing action: DOWN
[2025-11-10 02:51:30,477] INFO: 🎮 Received INPUT from 1: DOWN (seq: 32)
[2025-11-10 02:51:30,477] INFO: ✅ Processing action: DOWN
[2025-11-10 02:51:30,543] INFO: 🎮 Received INPUT from 1: DOWN (seq: 33)
[2025-11-10 02:51:30,543] INFO: ✅ Processing action: DOWN
[2025-11-10 02:51:30,593] INFO: 🎮 Received INPUT from 1: DOWN (seq: 34)
[2025-11-10 02:51:30,594] INFO: ✅ Processing action: DOWN
[2025-11-10 02:51:30,645] INFO: 🎮 Received INPUT from 1: DOWN (seq: 35)
[2025-11-10 02:51:30,645] INFO: ✅ Processing action: DOWN
[2025-11-10 02:51:30,711] INFO: 🎮 Received INPUT from 1: DOWN (seq: 36)
[2025-11-10 02:51:30,712] INFO: ✅ Processing action: DOWN
[2025-11-10 02:51:30,761] INFO: 🎮 Received INPUT from 1: DOWN (seq: 37)
[2025-11-10 02:51:30,762] INFO: ✅ Processing action: DOWN
[2025-11-10 02:51:30,812] INFO: 🎮 Received INPUT from 1: DOWN (seq: 38)
[2025-11-10 02:51:30,813] INFO: ✅ Processing action: DOWN
[2025-11-10 02:51:30,878] INFO: 🎮 Received INPUT from 1: DOWN (seq: 39)
[2025-11-10 02:51:30,878] INFO: ✅ Processing action: DOWN
[2025-11-10 02:51:30,928] INFO: 🎮 Received INPUT from 1: DOWN (seq: 40)
[2025-11-10 02:51:30,929] INFO: ✅ Processing action: DOWN
[2025-11-10 02:51:30,981] INFO: 🎮 Received INPUT from 1: DOWN (seq: 41)
[2025-11-10 02:51:30,982] INFO: ✅ Processing action: DOWN
[2025-11-10 02:51:31,032] INFO: 🎮 Received INPUT from 1: DOWN (seq: 42)
[2025-11-10 02:51:31,032] INFO: ✅ Processing action: DOWN
[2025-11-10 02:51:31,083] INFO: 🎮 Received INPUT from 1: DOWN (seq: 43)
[2025-11-10 02:51:31,083] INFO: ✅ Processing action: DOWN
[2025-11-10 02:51:31,135] INFO: 🎮 Received INPUT from 1: DOWN (seq: 44)
[2025-11-10 02:51:31,135] INFO: ✅ Processing action: DOWN
[2025-11-10 02:51:31,185] INFO: 🎮 Received INPUT from 1: DOWN (seq: 45)
[2025-11-10 02:51:31,185] INFO: ✅ Processing action: DOWN
[2025-11-10 02:51:31,237] INFO: 🎮 Received INPUT from 1: DOWN (seq: 46)
[2025-11-10 02:51:31,237] INFO: ✅ Processing action: DOWN
[2025-11-10 02:51:31,288] INFO: 🎮 Received INPUT from 1: DOWN (seq: 47)
[2025-11-10 02:51:31,289] INFO: ✅ Processing action: DOWN
[2025-11-10 02:51:31,340] INFO: 🎮 Received INPUT from 1: DOWN (seq: 48)
[2025-11-10 02:51:31,340] INFO: ✅ Processing action: DOWN
[2025-11-10 02:51:31,391] INFO: 🎮 Received INPUT from 1: DOWN (seq: 49)
[2025-11-10 02:51:31,391] INFO: ✅ Processing action: DOWN
[2025-11-10 02:51:31,441] INFO: 🎮 Received INPUT from 1: DOWN (seq: 50)
[2025-11-10 02:51:31,442] INFO: ✅ Processing action: DOWN
[2025-11-10 02:51:31,492] INFO: 🎮 Received INPUT from 1: DOWN (seq: 51)
[2025-11-10 02:51:31,492] INFO: ✅ Processing action: DOWN
[2025-11-10 02:51:31,559] INFO: 🎮 Received INPUT from 1: DOWN (seq: 52)
[2025-11-10 02:51:31,559] INFO: ✅ Processing action: DOWN
[2025-11-10 02:51:31,610] INFO: 🎮 Received INPUT from 1: DOWN (seq: 53)
[2025-11-10 02:51:31,610] INFO: ✅ Processing action: DOWN
[2025-11-10 02:51:31,676] INFO: 🎮 Received INPUT from 1: DOWN (seq: 54)
[2025-11-10 02:51:31,677] INFO: ✅ Processing action: DOWN
[2025-11-10 02:51:31,729] INFO: 🎮 Received INPUT from 1: DOWN (seq: 55)
[2025-11-10 02:51:31,729] INFO: ✅ Processing action: DOWN
[2025-11-10 02:51:31,779] INFO: 🎮 Received INPUT from 1: DOWN (seq: 56)
[2025-11-10 02:51:31,779] INFO: ✅ Processing action: DOWN
[2025-11-10 02:51:31,830] INFO: 🎮 Received INPUT from 1: DOWN (seq: 57)
[2025-11-10 02:51:31,830] INFO: ✅ Processing action: DOWN
[2025-11-10 02:51:31,880] INFO: 🎮 Received INPUT from 1: DOWN (seq: 58)
[2025-11-10 02:51:31,881] INFO: ✅ Processing action: DOWN
[2025-11-10 02:51:31,948] INFO: 🎮 Received INPUT from 1: DOWN (seq: 59)
[2025-11-10 02:51:31,948] INFO: ✅ Processing action: DOWN
[2025-11-10 02:51:32,014] INFO: 🎮 Received INPUT from 1: DOWN (seq: 60)
[2025-11-10 02:51:32,014] INFO: ✅ Processing action: DOWN
[2025-11-10 02:51:32,067] INFO: 🎮 Received INPUT from 1: DOWN (seq: 61)
[2025-11-10 02:51:32,067] INFO: ✅ Processing action: DOWN
[2025-11-10 02:51:32,135] INFO: 🎮 Received INPUT from 1: DOWN (seq: 62)
[2025-11-10 02:51:32,135] INFO: ✅ Processing action: DOWN
[2025-11-10 02:51:32,202] INFO: 🎮 Received INPUT from 1: DOWN (seq: 63)
[2025-11-10 02:51:32,202] INFO: ✅ Processing action: DOWN
[2025-11-10 02:51:32,253] INFO: 🎮 Received INPUT from 1: DOWN (seq: 64)
[2025-11-10 02:51:32,253] INFO: ✅ Processing action: DOWN
[2025-11-10 02:51:32,303] INFO: 🎮 Received INPUT from 1: DOWN (seq: 65)
[2025-11-10 02:51:32,303] INFO: ✅ Processing action: DOWN
[2025-11-10 02:51:32,355] INFO: 🎮 Received INPUT from 1: DOWN (seq: 66)
[2025-11-10 02:51:32,355] INFO: ✅ Processing action: DOWN
[2025-11-10 02:51:32,405] INFO: 🎮 Received INPUT from 1: DOWN (seq: 67)
[2025-11-10 02:51:32,406] INFO: ✅ Processing action: DOWN
[2025-11-10 02:51:32,457] INFO: 🎮 Received INPUT from 1: DOWN (seq: 68)
[2025-11-10 02:51:32,457] INFO: ✅ Processing action: DOWN
[2025-11-10 02:51:32,507] INFO: 🎮 Received INPUT from 1: DOWN (seq: 69)
[2025-11-10 02:51:32,508] INFO: ✅ Processing action: DOWN
[2025-11-10 02:51:32,559] INFO: 🎮 Received INPUT from 1: DOWN (seq: 70)
[2025-11-10 02:51:32,560] INFO: ✅ Processing action: DOWN
[2025-11-10 02:51:32,625] INFO: 🎮 Received INPUT from 1: DOWN (seq: 71)
[2025-11-10 02:51:32,625] INFO: ✅ Processing action: DOWN
[2025-11-10 02:51:32,676] INFO: 🎮 Received INPUT from 1: DOWN (seq: 72)
[2025-11-10 02:51:32,677] INFO: ✅ Processing action: DOWN
[2025-11-10 02:51:32,729] INFO: 🎮 Received INPUT from 1: DOWN (seq: 73)
[2025-11-10 02:51:32,729] INFO: ✅ Processing action: DOWN
[2025-11-10 02:51:32,779] INFO: 🎮 Received INPUT from 1: DOWN (seq: 74)
[2025-11-10 02:51:32,779] INFO: ✅ Processing action: DOWN
[2025-11-10 02:51:32,830] INFO: 🎮 Received INPUT from 1: DOWN (seq: 75)
[2025-11-10 02:51:32,830] INFO: ✅ Processing action: DOWN
[2025-11-10 02:51:32,880] INFO: 🎮 Received INPUT from 1: DOWN (seq: 76)
[2025-11-10 02:51:32,880] INFO: ✅ Processing action: DOWN
[2025-11-10 02:51:32,930] INFO: 🎮 Received INPUT from 1: DOWN (seq: 77)
[2025-11-10 02:51:32,931] INFO: ✅ Processing action: DOWN
[2025-11-10 02:51:32,982] INFO: 🎮 Received INPUT from 1: DOWN (seq: 78)
[2025-11-10 02:51:32,982] INFO: ✅ Processing action: DOWN
[2025-11-10 02:51:33,049] INFO: 🎮 Received INPUT from 1: DOWN (seq: 79)
[2025-11-10 02:51:33,049] INFO: ✅ Processing action: DOWN
[2025-11-10 02:51:33,099] INFO: 🎮 Received INPUT from 1: DOWN (seq: 80)
[2025-11-10 02:51:33,100] INFO: ✅ Processing action: DOWN
[2025-11-10 02:51:33,152] INFO: 🎮 Received INPUT from 1: DOWN (seq: 81)
[2025-11-10 02:51:33,152] INFO: ✅ Processing action: DOWN
[2025-11-10 02:51:33,219] INFO: 🎮 Received INPUT from 1: DOWN (seq: 82)
[2025-11-10 02:51:33,219] INFO: ✅ Processing action: DOWN
[2025-11-10 02:51:33,287] INFO: 🎮 Received INPUT from 1: DOWN (seq: 83)
[2025-11-10 02:51:33,287] INFO: ✅ Processing action: DOWN
[2025-11-10 02:51:33,338] INFO: 🎮 Received INPUT from 1: DOWN (seq: 84)
[2025-11-10 02:51:33,338] INFO: ✅ Processing action: DOWN
[2025-11-10 02:51:33,389] INFO: 🎮 Received INPUT from 1: DOWN (seq: 85)
[2025-11-10 02:51:33,389] INFO: ✅ Processing action: DOWN
[2025-11-10 02:51:33,440] INFO: 🎮 Received INPUT from 1: DOWN (seq: 86)
[2025-11-10 02:51:33,440] INFO: ✅ Processing action: DOWN
[2025-11-10 02:51:33,491] INFO: 🎮 Received INPUT from 1: DOWN (seq: 87)
[2025-11-10 02:51:33,491] INFO: ✅ Processing action: DOWN
[2025-11-10 02:51:33,541] INFO: 🎮 Received INPUT from 1: DOWN (seq: 88)
[2025-11-10 02:51:33,542] INFO: ✅ Processing action: DOWN
[2025-11-10 02:51:33,593] INFO: 🎮 Received INPUT from 1: DOWN (seq: 89)
[2025-11-10 02:51:33,593] INFO: ✅ Processing action: DOWN
[2025-11-10 02:51:33,645] INFO: 🎮 Received INPUT from 1: DOWN (seq: 90)
[2025-11-10 02:51:33,645] INFO: ✅ Processing action: DOWN
[2025-11-10 02:51:33,711] INFO: 🎮 Received INPUT from 1: DOWN (seq: 91)
[2025-11-10 02:51:33,711] INFO: ✅ Processing action: DOWN
[2025-11-10 02:51:33,762] INFO: 🎮 Received INPUT from 1: DOWN (seq: 92)
[2025-11-10 02:51:33,763] INFO: ✅ Processing action: DOWN
[2025-11-10 02:51:33,814] INFO: 🎮 Received INPUT from 1: DOWN (seq: 93)
[2025-11-10 02:51:33,814] INFO: ✅ Processing action: DOWN
[2025-11-10 02:51:33,836] INFO: 🎮 Game Over! Winner: 2
[2025-11-10 02:51:33,847] INFO: ✅ Game result reported to Lobby Server
[2025-11-10 02:51:33,848] INFO: 📊 Final results: {'P1': {'user_id': 1, 'score': 0, 'lines_cleared': 0, 'max_combo': 0}, 'P2': {'user_id': 2, 'score': 0, 'lines_cleared': 0, 'max_combo': 0}}
[2025-11-10 02:51:33,882] INFO: 🎮 Received INPUT from 1: DOWN (seq: 94)
[2025-11-10 02:51:33,882] INFO: ✅ Processing action: DOWN
[2025-11-10 02:51:33,882] INFO: 🔌 Player 1 input handler stopped
[2025-11-10 02:51:34,766] INFO: 🔌 Player 2 input handler stopped
[2025-11-10 02:51:35,853] INFO: 🛑 Shutting down Game Server...
[2025-11-10 02:51:35,853] INFO: ✅ Game Server shut down
[2025-11-10 02:51:35,853] INFO: 🛑 Shutting down Game Server...
[2025-11-10 02:51:35,853] INFO: ✅ Game Server shut down
