[2025-11-10 02:20:37,884] INFO: 🎮 Game Server started on port 10102
[2025-11-10 02:20:37,885] INFO:    Room: 8, Players: [1, 2]
[2025-11-10 02:20:37,885] INFO:    Seed: 1775846524
[2025-11-10 02:20:41,872] INFO: 📥 Player 1 connected from ('127.0.0.1', 63836)
[2025-11-10 02:20:41,873] INFO: ✅ Player 2 (P2) ready
[2025-11-10 02:20:41,873] INFO: 📥 Player 2 connected from ('127.0.0.1', 63835)
[2025-11-10 02:20:41,873] INFO: ✅ Player 1 (P1) ready
[2025-11-10 02:20:41,873] INFO: ✅ Both players connected, starting game...
[2025-11-10 02:20:41,874] INFO: 🎮 Starting input handler for player 2
[2025-11-10 02:20:41,874] INFO: 🎮 Starting input handler for player 1
[2025-11-10 02:20:46,316] INFO: 🎮 Received INPUT from 1: DOWN (seq: 1)
[2025-11-10 02:20:46,316] INFO: ✅ Processing action: DOWN
[2025-11-10 02:20:46,370] INFO: 🎮 Received INPUT from 1: DOWN (seq: 2)
[2025-11-10 02:20:46,370] INFO: ✅ Processing action: DOWN
[2025-11-10 02:20:46,420] INFO: 🎮 Received INPUT from 1: DOWN (seq: 3)
[2025-11-10 02:20:46,420] INFO: ✅ Processing action: DOWN
[2025-11-10 02:20:46,471] INFO: 🎮 Received INPUT from 1: DOWN (seq: 4)
[2025-11-10 02:20:46,471] INFO: ✅ Processing action: DOWN
[2025-11-10 02:20:46,522] INFO: 🎮 Received INPUT from 1: DOWN (seq: 5)
[2025-11-10 02:20:46,522] INFO: ✅ Processing action: DOWN
[2025-11-10 02:20:46,574] INFO: 🎮 Received INPUT from 1: DOWN (seq: 6)
[2025-11-10 02:20:46,574] INFO: ✅ Processing action: DOWN
[2025-11-10 02:20:46,624] INFO: 🎮 Received INPUT from 1: DOWN (seq: 7)
[2025-11-10 02:20:46,625] INFO: ✅ Processing action: DOWN
[2025-11-10 02:20:46,675] INFO: 🎮 Received INPUT from 1: DOWN (seq: 8)
[2025-11-10 02:20:46,676] INFO: ✅ Processing action: DOWN
[2025-11-10 02:20:46,725] INFO: 🎮 Received INPUT from 1: DOWN (seq: 9)
[2025-11-10 02:20:46,726] INFO: ✅ Processing action: DOWN
[2025-11-10 02:20:46,776] INFO: 🎮 Received INPUT from 1: DOWN (seq: 10)
[2025-11-10 02:20:46,776] INFO: ✅ Processing action: DOWN
[2025-11-10 02:20:46,826] INFO: 🎮 Received INPUT from 1: DOWN (seq: 11)
[2025-11-10 02:20:46,826] INFO: ✅ Processing action: DOWN
[2025-11-10 02:20:46,879] INFO: 🎮 Received INPUT from 1: DOWN (seq: 12)
[2025-11-10 02:20:46,879] INFO: ✅ Processing action: DOWN
[2025-11-10 02:20:46,946] INFO: 🎮 Received INPUT from 1: DOWN (seq: 13)
[2025-11-10 02:20:46,946] INFO: ✅ Processing action: DOWN
[2025-11-10 02:20:46,998] INFO: 🎮 Received INPUT from 1: DOWN (seq: 14)
[2025-11-10 02:20:46,998] INFO: ✅ Processing action: DOWN
[2025-11-10 02:20:47,049] INFO: 🎮 Received INPUT from 1: DOWN (seq: 15)
[2025-11-10 02:20:47,049] INFO: ✅ Processing action: DOWN
[2025-11-10 02:20:47,114] INFO: 🎮 Received INPUT from 1: DOWN (seq: 16)
[2025-11-10 02:20:47,114] INFO: ✅ Processing action: DOWN
[2025-11-10 02:20:47,164] INFO: 🎮 Received INPUT from 1: DOWN (seq: 17)
[2025-11-10 02:20:47,164] INFO: ✅ Processing action: DOWN
[2025-11-10 02:20:47,217] INFO: 🎮 Received INPUT from 1: DOWN (seq: 18)
[2025-11-10 02:20:47,217] INFO: ✅ Processing action: DOWN
[2025-11-10 02:20:47,282] INFO: 🎮 Received INPUT from 1: DOWN (seq: 19)
[2025-11-10 02:20:47,282] INFO: ✅ Processing action: DOWN
[2025-11-10 02:20:47,333] INFO: 🎮 Received INPUT from 1: DOWN (seq: 20)
[2025-11-10 02:20:47,333] INFO: ✅ Processing action: DOWN
[2025-11-10 02:20:47,386] INFO: 🎮 Received INPUT from 1: DOWN (seq: 21)
[2025-11-10 02:20:47,386] INFO: ✅ Processing action: DOWN
[2025-11-10 02:20:47,452] INFO: 🎮 Received INPUT from 1: DOWN (seq: 22)
[2025-11-10 02:20:47,452] INFO: ✅ Processing action: DOWN
[2025-11-10 02:20:47,518] INFO: 🎮 Received INPUT from 1: DOWN (seq: 23)
[2025-11-10 02:20:47,518] INFO: ✅ Processing action: DOWN
[2025-11-10 02:20:47,569] INFO: 🎮 Received INPUT from 1: DOWN (seq: 24)
[2025-11-10 02:20:47,569] INFO: ✅ Processing action: DOWN
[2025-11-10 02:20:47,638] INFO: 🎮 Received INPUT from 1: DOWN (seq: 25)
[2025-11-10 02:20:47,639] INFO: ✅ Processing action: DOWN
[2025-11-10 02:20:47,703] INFO: 🎮 Received INPUT from 1: DOWN (seq: 26)
[2025-11-10 02:20:47,704] INFO: ✅ Processing action: DOWN
[2025-11-10 02:20:47,755] INFO: 🎮 Received INPUT from 1: DOWN (seq: 27)
[2025-11-10 02:20:47,756] INFO: ✅ Processing action: DOWN
[2025-11-10 02:20:47,808] INFO: 🎮 Received INPUT from 1: DOWN (seq: 28)
[2025-11-10 02:20:47,808] INFO: ✅ Processing action: DOWN
[2025-11-10 02:20:47,875] INFO: 🎮 Received INPUT from 1: DOWN (seq: 29)
[2025-11-10 02:20:47,875] INFO: ✅ Processing action: DOWN
[2025-11-10 02:20:47,940] INFO: 🎮 Received INPUT from 1: DOWN (seq: 30)
[2025-11-10 02:20:47,940] INFO: ✅ Processing action: DOWN
[2025-11-10 02:20:47,992] INFO: 🎮 Received INPUT from 1: DOWN (seq: 31)
[2025-11-10 02:20:47,992] INFO: ✅ Processing action: DOWN
[2025-11-10 02:20:48,045] INFO: 🎮 Received INPUT from 1: DOWN (seq: 32)
[2025-11-10 02:20:48,045] INFO: ✅ Processing action: DOWN
[2025-11-10 02:20:48,110] INFO: 🎮 Received INPUT from 1: DOWN (seq: 33)
[2025-11-10 02:20:48,110] INFO: ✅ Processing action: DOWN
[2025-11-10 02:20:48,161] INFO: 🎮 Received INPUT from 1: DOWN (seq: 34)
[2025-11-10 02:20:48,161] INFO: ✅ Processing action: DOWN
[2025-11-10 02:20:48,212] INFO: 🎮 Received INPUT from 1: DOWN (seq: 35)
[2025-11-10 02:20:48,212] INFO: ✅ Processing action: DOWN
[2025-11-10 02:20:48,277] INFO: 🎮 Received INPUT from 1: DOWN (seq: 36)
[2025-11-10 02:20:48,278] INFO: ✅ Processing action: DOWN
[2025-11-10 02:20:48,327] INFO: 🎮 Received INPUT from 1: DOWN (seq: 37)
[2025-11-10 02:20:48,327] INFO: ✅ Processing action: DOWN
[2025-11-10 02:20:48,379] INFO: 🎮 Received INPUT from 1: DOWN (seq: 38)
[2025-11-10 02:20:48,379] INFO: ✅ Processing action: DOWN
[2025-11-10 02:20:48,445] INFO: 🎮 Received INPUT from 1: DOWN (seq: 39)
[2025-11-10 02:20:48,446] INFO: ✅ Processing action: DOWN
[2025-11-10 02:20:48,496] INFO: 🎮 Received INPUT from 1: DOWN (seq: 40)
[2025-11-10 02:20:48,497] INFO: ✅ Processing action: DOWN
[2025-11-10 02:20:48,550] INFO: 🎮 Received INPUT from 1: DOWN (seq: 41)
[2025-11-10 02:20:48,551] INFO: ✅ Processing action: DOWN
[2025-11-10 02:20:48,615] INFO: 🎮 Received INPUT from 1: DOWN (seq: 42)
[2025-11-10 02:20:48,616] INFO: ✅ Processing action: DOWN
[2025-11-10 02:20:48,666] INFO: 🎮 Received INPUT from 1: DOWN (seq: 43)
[2025-11-10 02:20:48,666] INFO: ✅ Processing action: DOWN
[2025-11-10 02:20:48,718] INFO: 🎮 Received INPUT from 1: DOWN (seq: 44)
[2025-11-10 02:20:48,719] INFO: ✅ Processing action: DOWN
[2025-11-10 02:20:48,784] INFO: 🎮 Received INPUT from 1: DOWN (seq: 45)
[2025-11-10 02:20:48,784] INFO: ✅ Processing action: DOWN
[2025-11-10 02:20:48,834] INFO: 🎮 Received INPUT from 1: DOWN (seq: 46)
[2025-11-10 02:20:48,835] INFO: ✅ Processing action: DOWN
[2025-11-10 02:20:48,888] INFO: 🎮 Received INPUT from 1: DOWN (seq: 47)
[2025-11-10 02:20:48,888] INFO: ✅ Processing action: DOWN
[2025-11-10 02:20:48,952] INFO: 🎮 Received INPUT from 1: DOWN (seq: 48)
[2025-11-10 02:20:48,952] INFO: ✅ Processing action: DOWN
[2025-11-10 02:20:49,003] INFO: 🎮 Received INPUT from 1: DOWN (seq: 49)
[2025-11-10 02:20:49,004] INFO: ✅ Processing action: DOWN
[2025-11-10 02:20:49,056] INFO: 🎮 Received INPUT from 1: DOWN (seq: 50)
[2025-11-10 02:20:49,056] INFO: ✅ Processing action: DOWN
[2025-11-10 02:20:49,122] INFO: 🎮 Received INPUT from 1: DOWN (seq: 51)
[2025-11-10 02:20:49,122] INFO: ✅ Processing action: DOWN
[2025-11-10 02:20:49,172] INFO: 🎮 Received INPUT from 1: DOWN (seq: 52)
[2025-11-10 02:20:49,172] INFO: ✅ Processing action: DOWN
[2025-11-10 02:20:49,225] INFO: 🎮 Received INPUT from 1: DOWN (seq: 53)
[2025-11-10 02:20:49,225] INFO: ✅ Processing action: DOWN
[2025-11-10 02:20:49,276] INFO: 🎮 Received INPUT from 1: DOWN (seq: 54)
[2025-11-10 02:20:49,276] INFO: ✅ Processing action: DOWN
[2025-11-10 02:20:49,328] INFO: 🎮 Received INPUT from 1: DOWN (seq: 55)
[2025-11-10 02:20:49,328] INFO: ✅ Processing action: DOWN
[2025-11-10 02:20:49,381] INFO: 🎮 Received INPUT from 1: DOWN (seq: 56)
[2025-11-10 02:20:49,381] INFO: ✅ Processing action: DOWN
[2025-11-10 02:20:49,445] INFO: 🎮 Received INPUT from 1: DOWN (seq: 57)
[2025-11-10 02:20:49,445] INFO: ✅ Processing action: DOWN
[2025-11-10 02:20:49,495] INFO: 🎮 Received INPUT from 1: DOWN (seq: 58)
[2025-11-10 02:20:49,496] INFO: ✅ Processing action: DOWN
[2025-11-10 02:20:49,549] INFO: 🎮 Received INPUT from 1: DOWN (seq: 59)
[2025-11-10 02:20:49,549] INFO: ✅ Processing action: DOWN
[2025-11-10 02:20:49,614] INFO: 🎮 Received INPUT from 1: DOWN (seq: 60)
[2025-11-10 02:20:49,614] INFO: ✅ Processing action: DOWN
[2025-11-10 02:20:49,664] INFO: 🎮 Received INPUT from 1: DOWN (seq: 61)
[2025-11-10 02:20:49,664] INFO: ✅ Processing action: DOWN
[2025-11-10 02:20:49,716] INFO: 🎮 Received INPUT from 1: DOWN (seq: 62)
[2025-11-10 02:20:49,716] INFO: ✅ Processing action: DOWN
[2025-11-10 02:20:49,782] INFO: 🎮 Received INPUT from 1: DOWN (seq: 63)
[2025-11-10 02:20:49,782] INFO: ✅ Processing action: DOWN
[2025-11-10 02:20:49,834] INFO: 🎮 Received INPUT from 1: DOWN (seq: 64)
[2025-11-10 02:20:49,834] INFO: ✅ Processing action: DOWN
[2025-11-10 02:20:49,885] INFO: 🎮 Received INPUT from 1: DOWN (seq: 65)
[2025-11-10 02:20:49,885] INFO: ✅ Processing action: DOWN
[2025-11-10 02:20:49,949] INFO: 🎮 Received INPUT from 1: DOWN (seq: 66)
[2025-11-10 02:20:49,950] INFO: ✅ Processing action: DOWN
[2025-11-10 02:20:50,001] INFO: 🎮 Received INPUT from 1: DOWN (seq: 67)
[2025-11-10 02:20:50,001] INFO: ✅ Processing action: DOWN
[2025-11-10 02:20:50,054] INFO: 🎮 Received INPUT from 1: DOWN (seq: 68)
[2025-11-10 02:20:50,054] INFO: ✅ Processing action: DOWN
[2025-11-10 02:20:50,120] INFO: 🎮 Received INPUT from 1: DOWN (seq: 69)
[2025-11-10 02:20:50,120] INFO: ✅ Processing action: DOWN
[2025-11-10 02:20:50,171] INFO: 🎮 Received INPUT from 1: DOWN (seq: 70)
[2025-11-10 02:20:50,171] INFO: ✅ Processing action: DOWN
[2025-11-10 02:20:50,224] INFO: 🎮 Received INPUT from 1: DOWN (seq: 71)
[2025-11-10 02:20:50,224] INFO: ✅ Processing action: DOWN
[2025-11-10 02:20:50,290] INFO: 🎮 Received INPUT from 1: DOWN (seq: 72)
[2025-11-10 02:20:50,290] INFO: ✅ Processing action: DOWN
[2025-11-10 02:20:50,341] INFO: 🎮 Received INPUT from 1: DOWN (seq: 73)
[2025-11-10 02:20:50,341] INFO: ✅ Processing action: DOWN
[2025-11-10 02:20:50,394] INFO: 🎮 Received INPUT from 1: DOWN (seq: 74)
[2025-11-10 02:20:50,394] INFO: ✅ Processing action: DOWN
[2025-11-10 02:20:50,459] INFO: 🎮 Received INPUT from 1: DOWN (seq: 75)
[2025-11-10 02:20:50,460] INFO: ✅ Processing action: DOWN
[2025-11-10 02:20:50,511] INFO: 🎮 Received INPUT from 1: DOWN (seq: 76)
[2025-11-10 02:20:50,511] INFO: ✅ Processing action: DOWN
[2025-11-10 02:20:50,577] INFO: 🎮 Received INPUT from 1: DOWN (seq: 77)
[2025-11-10 02:20:50,578] INFO: ✅ Processing action: DOWN
[2025-11-10 02:20:50,630] INFO: 🎮 Received INPUT from 1: DOWN (seq: 78)
[2025-11-10 02:20:50,630] INFO: ✅ Processing action: DOWN
[2025-11-10 02:20:50,697] INFO: 🎮 Received INPUT from 1: DOWN (seq: 79)
[2025-11-10 02:20:50,697] INFO: ✅ Processing action: DOWN
[2025-11-10 02:20:50,748] INFO: 🎮 Received INPUT from 1: DOWN (seq: 80)
[2025-11-10 02:20:50,748] INFO: ✅ Processing action: DOWN
[2025-11-10 02:20:50,800] INFO: 🎮 Received INPUT from 1: DOWN (seq: 81)
[2025-11-10 02:20:50,801] INFO: ✅ Processing action: DOWN
[2025-11-10 02:20:50,865] INFO: 🎮 Received INPUT from 1: DOWN (seq: 82)
[2025-11-10 02:20:50,865] INFO: ✅ Processing action: DOWN
[2025-11-10 02:20:50,915] INFO: 🎮 Received INPUT from 1: DOWN (seq: 83)
[2025-11-10 02:20:50,916] INFO: ✅ Processing action: DOWN
[2025-11-10 02:20:50,968] INFO: 🎮 Received INPUT from 1: DOWN (seq: 84)
[2025-11-10 02:20:50,969] INFO: ✅ Processing action: DOWN
[2025-11-10 02:20:51,035] INFO: 🎮 Received INPUT from 1: DOWN (seq: 85)
[2025-11-10 02:20:51,035] INFO: ✅ Processing action: DOWN
[2025-11-10 02:20:51,086] INFO: 🎮 Received INPUT from 1: DOWN (seq: 86)
[2025-11-10 02:20:51,086] INFO: ✅ Processing action: DOWN
[2025-11-10 02:20:51,140] INFO: 🎮 Received INPUT from 1: DOWN (seq: 87)
[2025-11-10 02:20:51,140] INFO: ✅ Processing action: DOWN
[2025-11-10 02:20:51,182] INFO: 🎮 Game Over! Winner: 2
[2025-11-10 02:20:51,195] INFO: ✅ Game result reported to Lobby Server
[2025-11-10 02:20:51,195] INFO: 📊 Final results: {'P2': {'user_id': 2, 'score': 0, 'lines_cleared': 0, 'max_combo': 0}, 'P1': {'user_id': 1, 'score': 0, 'lines_cleared': 0, 'max_combo': 0}}
[2025-11-10 02:20:51,206] INFO: 🎮 Received INPUT from 1: DOWN (seq: 88)
[2025-11-10 02:20:51,206] INFO: ✅ Processing action: DOWN
[2025-11-10 02:20:51,206] INFO: 🔌 Player 1 input handler stopped
[2025-11-10 02:20:51,883] INFO: 🔌 Player 2 input handler stopped
[2025-11-10 02:20:53,199] INFO: 🛑 Shutting down Game Server...
[2025-11-10 02:20:53,200] INFO: ✅ Game Server shut down
[2025-11-10 02:20:53,200] INFO: 🛑 Shutting down Game Server...
[2025-11-10 02:20:53,200] INFO: ✅ Game Server shut down
